[  9%] Built target ros2_aruco_interfaces__rosidl_generator_c
[ 12%] Built target ros2_aruco_interfaces__cpp
[ 32%] Built target ros2_aruco_interfaces__rosidl_typesupport_c
[ 32%] Built target ros2_aruco_interfaces__rosidl_typesupport_introspection_cpp
[ 41%] Built target ros2_aruco_interfaces__rosidl_typesupport_introspection_c
[ 51%] Built target ros2_aruco_interfaces__rosidl_typesupport_cpp
[ 61%] Built target ros2_aruco_interfaces__rosidl_typesupport_fastrtps_cpp
[ 70%] Built target ros2_aruco_interfaces__rosidl_typesupport_fastrtps_c
[ 70%] Built target ros2_aruco_interfaces
[ 74%] Built target ros2_aruco_interfaces__py
[ 80%] Built target ros2_aruco_interfaces__python
[ 93%] Built target ros2_aruco_interfaces__rosidl_typesupport_introspection_c__pyext
[ 93%] Built target ros2_aruco_interfaces__rosidl_typesupport_fastrtps_c__pyext
[100%] Built target ros2_aruco_interfaces__rosidl_typesupport_c__pyext
-- Install configuration: ""
-- Installing: /root/dtello_MD/wrk_src/install/ros2_aruco_interfaces/share/ament_index/resource_index/rosidl_interfaces/ros2_aruco_interfaces
-- Installing: /root/dtello_MD/wrk_src/install/ros2_aruco_interfaces/include/ros2_aruco_interfaces
-- Installing: /root/dtello_MD/wrk_src/install/ros2_aruco_interfaces/include/ros2_aruco_interfaces/msg
-- Installing: /root/dtello_MD/wrk_src/install/ros2_aruco_interfaces/include/ros2_aruco_interfaces/msg/rosidl_generator_c__visibility_control.h
-- Installing: /root/dtello_MD/wrk_src/install/ros2_aruco_interfaces/include/ros2_aruco_interfaces/msg/aruco_markers.h
-- Installing: /root/dtello_MD/wrk_src/install/ros2_aruco_interfaces/include/ros2_aruco_interfaces/msg/detail
-- Installing: /root/dtello_MD/wrk_src/install/ros2_aruco_interfaces/include/ros2_aruco_interfaces/msg/detail/aruco_markers__functions.h
-- Installing: /root/dtello_MD/wrk_src/install/ros2_aruco_interfaces/include/ros2_aruco_interfaces/msg/detail/aruco_markers__struct.h
-- Installing: /root/dtello_MD/wrk_src/install/ros2_aruco_interfaces/include/ros2_aruco_interfaces/msg/detail/aruco_markers__functions.c
-- Installing: /root/dtello_MD/wrk_src/install/ros2_aruco_interfaces/include/ros2_aruco_interfaces/msg/detail/aruco_markers__type_support.h
-- Installing: /root/dtello_MD/wrk_src/install/ros2_aruco_interfaces/share/ros2_aruco_interfaces/environment/library_path.sh
-- Installing: /root/dtello_MD/wrk_src/install/ros2_aruco_interfaces/share/ros2_aruco_interfaces/environment/library_path.dsv
-- Installing: /root/dtello_MD/wrk_src/install/ros2_aruco_interfaces/lib/libros2_aruco_interfaces__rosidl_generator_c.so
-- Set runtime path of "/root/dtello_MD/wrk_src/install/ros2_aruco_interfaces/lib/libros2_aruco_interfaces__rosidl_generator_c.so" to ""
-- Up-to-date: /root/dtello_MD/wrk_src/install/ros2_aruco_interfaces/include/ros2_aruco_interfaces
-- Up-to-date: /root/dtello_MD/wrk_src/install/ros2_aruco_interfaces/include/ros2_aruco_interfaces/msg
-- Installing: /root/dtello_MD/wrk_src/install/ros2_aruco_interfaces/include/ros2_aruco_interfaces/msg/rosidl_typesupport_fastrtps_c__visibility_control.h
-- Up-to-date: /root/dtello_MD/wrk_src/install/ros2_aruco_interfaces/include/ros2_aruco_interfaces/msg/detail
-- Installing: /root/dtello_MD/wrk_src/install/ros2_aruco_interfaces/include/ros2_aruco_interfaces/msg/detail/aruco_markers__rosidl_typesupport_fastrtps_c.h
-- Installing: /root/dtello_MD/wrk_src/install/ros2_aruco_interfaces/lib/libros2_aruco_interfaces__rosidl_typesupport_fastrtps_c.so
-- Set runtime path of "/root/dtello_MD/wrk_src/install/ros2_aruco_interfaces/lib/libros2_aruco_interfaces__rosidl_typesupport_fastrtps_c.so" to ""
-- Up-to-date: /root/dtello_MD/wrk_src/install/ros2_aruco_interfaces/include/ros2_aruco_interfaces
-- Up-to-date: /root/dtello_MD/wrk_src/install/ros2_aruco_interfaces/include/ros2_aruco_interfaces/msg
-- Installing: /root/dtello_MD/wrk_src/install/ros2_aruco_interfaces/include/ros2_aruco_interfaces/msg/rosidl_typesupport_fastrtps_cpp__visibility_control.h
-- Up-to-date: /root/dtello_MD/wrk_src/install/ros2_aruco_interfaces/include/ros2_aruco_interfaces/msg/detail
-- Installing: /root/dtello_MD/wrk_src/install/ros2_aruco_interfaces/include/ros2_aruco_interfaces/msg/detail/dds_fastrtps
-- Installing: /root/dtello_MD/wrk_src/install/ros2_aruco_interfaces/include/ros2_aruco_interfaces/msg/detail/aruco_markers__rosidl_typesupport_fastrtps_cpp.hpp
-- Installing: /root/dtello_MD/wrk_src/install/ros2_aruco_interfaces/lib/libros2_aruco_interfaces__rosidl_typesupport_fastrtps_cpp.so
-- Set runtime path of "/root/dtello_MD/wrk_src/install/ros2_aruco_interfaces/lib/libros2_aruco_interfaces__rosidl_typesupport_fastrtps_cpp.so" to ""
-- Up-to-date: /root/dtello_MD/wrk_src/install/ros2_aruco_interfaces/include/ros2_aruco_interfaces
-- Up-to-date: /root/dtello_MD/wrk_src/install/ros2_aruco_interfaces/include/ros2_aruco_interfaces/msg
-- Installing: /root/dtello_MD/wrk_src/install/ros2_aruco_interfaces/include/ros2_aruco_interfaces/msg/rosidl_typesupport_introspection_c__visibility_control.h
-- Up-to-date: /root/dtello_MD/wrk_src/install/ros2_aruco_interfaces/include/ros2_aruco_interfaces/msg/detail
-- Installing: /root/dtello_MD/wrk_src/install/ros2_aruco_interfaces/include/ros2_aruco_interfaces/msg/detail/aruco_markers__type_support.c
-- Installing: /root/dtello_MD/wrk_src/install/ros2_aruco_interfaces/include/ros2_aruco_interfaces/msg/detail/aruco_markers__rosidl_typesupport_introspection_c.h
-- Installing: /root/dtello_MD/wrk_src/install/ros2_aruco_interfaces/lib/libros2_aruco_interfaces__rosidl_typesupport_introspection_c.so
-- Set runtime path of "/root/dtello_MD/wrk_src/install/ros2_aruco_interfaces/lib/libros2_aruco_interfaces__rosidl_typesupport_introspection_c.so" to ""
-- Installing: /root/dtello_MD/wrk_src/install/ros2_aruco_interfaces/lib/libros2_aruco_interfaces__rosidl_typesupport_c.so
-- Set runtime path of "/root/dtello_MD/wrk_src/install/ros2_aruco_interfaces/lib/libros2_aruco_interfaces__rosidl_typesupport_c.so" to ""
-- Up-to-date: /root/dtello_MD/wrk_src/install/ros2_aruco_interfaces/include/ros2_aruco_interfaces
-- Up-to-date: /root/dtello_MD/wrk_src/install/ros2_aruco_interfaces/include/ros2_aruco_interfaces/msg
-- Installing: /root/dtello_MD/wrk_src/install/ros2_aruco_interfaces/include/ros2_aruco_interfaces/msg/rosidl_generator_cpp__visibility_control.hpp
-- Installing: /root/dtello_MD/wrk_src/install/ros2_aruco_interfaces/include/ros2_aruco_interfaces/msg/aruco_markers.hpp
-- Up-to-date: /root/dtello_MD/wrk_src/install/ros2_aruco_interfaces/include/ros2_aruco_interfaces/msg/detail
-- Installing: /root/dtello_MD/wrk_src/install/ros2_aruco_interfaces/include/ros2_aruco_interfaces/msg/detail/aruco_markers__builder.hpp
-- Installing: /root/dtello_MD/wrk_src/install/ros2_aruco_interfaces/include/ros2_aruco_interfaces/msg/detail/aruco_markers__traits.hpp
-- Installing: /root/dtello_MD/wrk_src/install/ros2_aruco_interfaces/include/ros2_aruco_interfaces/msg/detail/aruco_markers__type_support.hpp
-- Installing: /root/dtello_MD/wrk_src/install/ros2_aruco_interfaces/include/ros2_aruco_interfaces/msg/detail/aruco_markers__struct.hpp
-- Up-to-date: /root/dtello_MD/wrk_src/install/ros2_aruco_interfaces/include/ros2_aruco_interfaces
-- Up-to-date: /root/dtello_MD/wrk_src/install/ros2_aruco_interfaces/include/ros2_aruco_interfaces/msg
-- Up-to-date: /root/dtello_MD/wrk_src/install/ros2_aruco_interfaces/include/ros2_aruco_interfaces/msg/detail
-- Installing: /root/dtello_MD/wrk_src/install/ros2_aruco_interfaces/include/ros2_aruco_interfaces/msg/detail/aruco_markers__rosidl_typesupport_introspection_cpp.hpp
-- Installing: /root/dtello_MD/wrk_src/install/ros2_aruco_interfaces/include/ros2_aruco_interfaces/msg/detail/aruco_markers__type_support.cpp
-- Installing: /root/dtello_MD/wrk_src/install/ros2_aruco_interfaces/lib/libros2_aruco_interfaces__rosidl_typesupport_introspection_cpp.so
-- Set runtime path of "/root/dtello_MD/wrk_src/install/ros2_aruco_interfaces/lib/libros2_aruco_interfaces__rosidl_typesupport_introspection_cpp.so" to ""
-- Installing: /root/dtello_MD/wrk_src/install/ros2_aruco_interfaces/lib/libros2_aruco_interfaces__rosidl_typesupport_cpp.so
-- Set runtime path of "/root/dtello_MD/wrk_src/install/ros2_aruco_interfaces/lib/libros2_aruco_interfaces__rosidl_typesupport_cpp.so" to ""
-- Installing: /root/dtello_MD/wrk_src/install/ros2_aruco_interfaces/share/ros2_aruco_interfaces/environment/pythonpath.sh
-- Installing: /root/dtello_MD/wrk_src/install/ros2_aruco_interfaces/share/ros2_aruco_interfaces/environment/pythonpath.dsv
-- Installing: /root/dtello_MD/wrk_src/install/ros2_aruco_interfaces/lib/python3.8/site-packages/ros2_aruco_interfaces/__init__.py
Compiling '/root/dtello_MD/wrk_src/install/ros2_aruco_interfaces/lib/python3.8/site-packages/ros2_aruco_interfaces/__init__.py'...
-- Installing: /root/dtello_MD/wrk_src/install/ros2_aruco_interfaces/lib/python3.8/site-packages/ros2_aruco_interfaces/msg
-- Installing: /root/dtello_MD/wrk_src/install/ros2_aruco_interfaces/lib/python3.8/site-packages/ros2_aruco_interfaces/msg/__init__.py
-- Installing: /root/dtello_MD/wrk_src/install/ros2_aruco_interfaces/lib/python3.8/site-packages/ros2_aruco_interfaces/msg/_aruco_markers_s.c
-- Installing: /root/dtello_MD/wrk_src/install/ros2_aruco_interfaces/lib/python3.8/site-packages/ros2_aruco_interfaces/msg/_aruco_markers.py
-- Installing: /root/dtello_MD/wrk_src/install/ros2_aruco_interfaces/lib/python3.8/site-packages/ros2_aruco_interfaces/ros2_aruco_interfaces_s__rosidl_typesupport_fastrtps_c.cpython-38-x86_64-linux-gnu.so
-- Set runtime path of "/root/dtello_MD/wrk_src/install/ros2_aruco_interfaces/lib/python3.8/site-packages/ros2_aruco_interfaces/ros2_aruco_interfaces_s__rosidl_typesupport_fastrtps_c.cpython-38-x86_64-linux-gnu.so" to ""
-- Installing: /root/dtello_MD/wrk_src/install/ros2_aruco_interfaces/lib/python3.8/site-packages/ros2_aruco_interfaces/ros2_aruco_interfaces_s__rosidl_typesupport_introspection_c.cpython-38-x86_64-linux-gnu.so
-- Set runtime path of "/root/dtello_MD/wrk_src/install/ros2_aruco_interfaces/lib/python3.8/site-packages/ros2_aruco_interfaces/ros2_aruco_interfaces_s__rosidl_typesupport_introspection_c.cpython-38-x86_64-linux-gnu.so" to ""
-- Installing: /root/dtello_MD/wrk_src/install/ros2_aruco_interfaces/lib/python3.8/site-packages/ros2_aruco_interfaces/ros2_aruco_interfaces_s__rosidl_typesupport_c.cpython-38-x86_64-linux-gnu.so
-- Set runtime path of "/root/dtello_MD/wrk_src/install/ros2_aruco_interfaces/lib/python3.8/site-packages/ros2_aruco_interfaces/ros2_aruco_interfaces_s__rosidl_typesupport_c.cpython-38-x86_64-linux-gnu.so" to ""
-- Installing: /root/dtello_MD/wrk_src/install/ros2_aruco_interfaces/lib/libros2_aruco_interfaces__python.so
-- Set runtime path of "/root/dtello_MD/wrk_src/install/ros2_aruco_interfaces/lib/libros2_aruco_interfaces__python.so" to ""
-- Installing: /root/dtello_MD/wrk_src/install/ros2_aruco_interfaces/share/ros2_aruco_interfaces/msg/ArucoMarkers.idl
-- Installing: /root/dtello_MD/wrk_src/install/ros2_aruco_interfaces/share/ros2_aruco_interfaces/msg/ArucoMarkers.msg
-- Installing: /root/dtello_MD/wrk_src/install/ros2_aruco_interfaces/share/ament_index/resource_index/package_run_dependencies/ros2_aruco_interfaces
-- Installing: /root/dtello_MD/wrk_src/install/ros2_aruco_interfaces/share/ament_index/resource_index/parent_prefix_path/ros2_aruco_interfaces
-- Installing: /root/dtello_MD/wrk_src/install/ros2_aruco_interfaces/share/ros2_aruco_interfaces/environment/ament_prefix_path.sh
-- Installing: /root/dtello_MD/wrk_src/install/ros2_aruco_interfaces/share/ros2_aruco_interfaces/environment/ament_prefix_path.dsv
-- Installing: /root/dtello_MD/wrk_src/install/ros2_aruco_interfaces/share/ros2_aruco_interfaces/environment/path.sh
-- Installing: /root/dtello_MD/wrk_src/install/ros2_aruco_interfaces/share/ros2_aruco_interfaces/environment/path.dsv
-- Installing: /root/dtello_MD/wrk_src/install/ros2_aruco_interfaces/share/ros2_aruco_interfaces/local_setup.bash
-- Installing: /root/dtello_MD/wrk_src/install/ros2_aruco_interfaces/share/ros2_aruco_interfaces/local_setup.sh
-- Installing: /root/dtello_MD/wrk_src/install/ros2_aruco_interfaces/share/ros2_aruco_interfaces/local_setup.zsh
-- Installing: /root/dtello_MD/wrk_src/install/ros2_aruco_interfaces/share/ros2_aruco_interfaces/local_setup.dsv
-- Installing: /root/dtello_MD/wrk_src/install/ros2_aruco_interfaces/share/ros2_aruco_interfaces/package.dsv
-- Installing: /root/dtello_MD/wrk_src/install/ros2_aruco_interfaces/share/ament_index/resource_index/packages/ros2_aruco_interfaces
-- Installing: /root/dtello_MD/wrk_src/install/ros2_aruco_interfaces/share/ros2_aruco_interfaces/cmake/ros2_aruco_interfaces__rosidl_generator_cExport.cmake
-- Installing: /root/dtello_MD/wrk_src/install/ros2_aruco_interfaces/share/ros2_aruco_interfaces/cmake/ros2_aruco_interfaces__rosidl_generator_cExport-noconfig.cmake
-- Installing: /root/dtello_MD/wrk_src/install/ros2_aruco_interfaces/share/ros2_aruco_interfaces/cmake/ros2_aruco_interfaces__rosidl_typesupport_introspection_cExport.cmake
-- Installing: /root/dtello_MD/wrk_src/install/ros2_aruco_interfaces/share/ros2_aruco_interfaces/cmake/ros2_aruco_interfaces__rosidl_typesupport_introspection_cExport-noconfig.cmake
-- Installing: /root/dtello_MD/wrk_src/install/ros2_aruco_interfaces/share/ros2_aruco_interfaces/cmake/ros2_aruco_interfaces__rosidl_typesupport_cExport.cmake
-- Installing: /root/dtello_MD/wrk_src/install/ros2_aruco_interfaces/share/ros2_aruco_interfaces/cmake/ros2_aruco_interfaces__rosidl_typesupport_cExport-noconfig.cmake
-- Installing: /root/dtello_MD/wrk_src/install/ros2_aruco_interfaces/share/ros2_aruco_interfaces/cmake/ros2_aruco_interfaces__rosidl_generator_cppExport.cmake
-- Installing: /root/dtello_MD/wrk_src/install/ros2_aruco_interfaces/share/ros2_aruco_interfaces/cmake/ros2_aruco_interfaces__rosidl_typesupport_introspection_cppExport.cmake
-- Installing: /root/dtello_MD/wrk_src/install/ros2_aruco_interfaces/share/ros2_aruco_interfaces/cmake/ros2_aruco_interfaces__rosidl_typesupport_introspection_cppExport-noconfig.cmake
-- Installing: /root/dtello_MD/wrk_src/install/ros2_aruco_interfaces/share/ros2_aruco_interfaces/cmake/ros2_aruco_interfaces__rosidl_typesupport_cppExport.cmake
-- Installing: /root/dtello_MD/wrk_src/install/ros2_aruco_interfaces/share/ros2_aruco_interfaces/cmake/ros2_aruco_interfaces__rosidl_typesupport_cppExport-noconfig.cmake
-- Installing: /root/dtello_MD/wrk_src/install/ros2_aruco_interfaces/share/ros2_aruco_interfaces/cmake/rosidl_cmake-extras.cmake
-- Installing: /root/dtello_MD/wrk_src/install/ros2_aruco_interfaces/share/ros2_aruco_interfaces/cmake/ament_cmake_export_dependencies-extras.cmake
-- Installing: /root/dtello_MD/wrk_src/install/ros2_aruco_interfaces/share/ros2_aruco_interfaces/cmake/ament_cmake_export_libraries-extras.cmake
-- Installing: /root/dtello_MD/wrk_src/install/ros2_aruco_interfaces/share/ros2_aruco_interfaces/cmake/ament_cmake_export_targets-extras.cmake
-- Installing: /root/dtello_MD/wrk_src/install/ros2_aruco_interfaces/share/ros2_aruco_interfaces/cmake/ament_cmake_export_include_directories-extras.cmake
-- Installing: /root/dtello_MD/wrk_src/install/ros2_aruco_interfaces/share/ros2_aruco_interfaces/cmake/rosidl_cmake_export_typesupport_libraries-extras.cmake
-- Installing: /root/dtello_MD/wrk_src/install/ros2_aruco_interfaces/share/ros2_aruco_interfaces/cmake/rosidl_cmake_export_typesupport_targets-extras.cmake
-- Installing: /root/dtello_MD/wrk_src/install/ros2_aruco_interfaces/share/ros2_aruco_interfaces/cmake/ros2_aruco_interfacesConfig.cmake
-- Installing: /root/dtello_MD/wrk_src/install/ros2_aruco_interfaces/share/ros2_aruco_interfaces/cmake/ros2_aruco_interfacesConfig-version.cmake
-- Installing: /root/dtello_MD/wrk_src/install/ros2_aruco_interfaces/share/ros2_aruco_interfaces/package.xml
