[0.041s] Invoking command in '/root/docker_tello_ros2/tello_ws/build/orbslam2': CMAKE_PREFIX_PATH=/opt/ros/foxy /usr/bin/cmake /root/docker_tello_ros2/tello_ws/tentone/tello-ros2/slam/src/orbslam2 -DCMAKE_INSTALL_PREFIX=/root/docker_tello_ros2/tello_ws/install/orbslam2
[0.060s] -- Found ament_cmake: 0.9.12 (/opt/ros/foxy/share/ament_cmake/cmake)
[0.113s] -- Using PYTHON_EXECUTABLE: /usr/bin/python3
[0.406s] -- Found rclcpp: 2.4.3 (/opt/ros/foxy/share/rclcpp/cmake)
[0.495s] -- Using all available rosidl_typesupport_c: rosidl_typesupport_fastrtps_c;rosidl_typesupport_introspection_c
[0.499s] -- Found rosidl_adapter: 1.3.1 (/opt/ros/foxy/share/rosidl_adapter/cmake)
[0.721s] -- Using all available rosidl_typesupport_cpp: rosidl_typesupport_fastrtps_cpp;rosidl_typesupport_introspection_cpp
[0.796s] -- Found rmw_implementation_cmake: 1.0.4 (/opt/ros/foxy/share/rmw_implementation_cmake/cmake)
[0.800s] -- Using RMW implementation 'rmw_fastrtps_cpp' as default
[1.075s] -- Found sensor_msgs: 2.0.5 (/opt/ros/foxy/share/sensor_msgs/cmake)
[1.270s] -- Found visualization_msgs: 2.0.5 (/opt/ros/foxy/share/visualization_msgs/cmake)
[1.353s] -- Found cv_bridge: 3.0.7 (/opt/ros/foxy/share/cv_bridge/cmake)
[1.384s] -- Found message_filters: 3.2.7 (/opt/ros/foxy/share/message_filters/cmake)
[1.408s] CMake Error at CMakeLists.txt:24 (find_package):
[1.409s]   Could not find a configuration file for package "OpenCV" that is compatible
[1.409s]   with requested version "3".
[1.409s] 
[1.409s]   The following configuration files were considered but not accepted:
[1.409s] 
[1.409s]     /usr/lib/x86_64-linux-gnu/cmake/opencv4/OpenCVConfig.cmake, version: 4.2.0
[1.409s]     /lib/x86_64-linux-gnu/cmake/opencv4/OpenCVConfig.cmake, version: 4.2.0
[1.409s] 
[1.409s] 
[1.409s] 
[1.411s] -- Configuring incomplete, errors occurred!
[1.411s] See also "/root/docker_tello_ros2/tello_ws/build/orbslam2/CMakeFiles/CMakeOutput.log".
[1.411s] See also "/root/docker_tello_ros2/tello_ws/build/orbslam2/CMakeFiles/CMakeError.log".
[1.419s] Invoked command in '/root/docker_tello_ros2/tello_ws/build/orbslam2' returned '1': CMAKE_PREFIX_PATH=/opt/ros/foxy /usr/bin/cmake /root/docker_tello_ros2/tello_ws/tentone/tello-ros2/slam/src/orbslam2 -DCMAKE_INSTALL_PREFIX=/root/docker_tello_ros2/tello_ws/install/orbslam2
