[0.604s] Invoking command in '/root/docker_tello_ros2/tello_ws/src/tello_pkg': PYTHONPATH=/root/docker_tello_ros2/tello_ws/build/tello_pkg/prefix_override:/root/docker_tello_ros2/tello_ws/install/tello_pkg/lib/python3.8/site-packages:${PYTHONPATH} /usr/bin/python3 -W ignore:setup.py install is deprecated setup.py egg_info --egg-base ../../build/tello_pkg build --build-base /root/docker_tello_ros2/tello_ws/build/tello_pkg/build install --record /root/docker_tello_ros2/tello_ws/build/tello_pkg/install.log --install-scripts $base/lib/tello_pkg --single-version-externally-managed install_data
[0.765s] running egg_info
[0.765s] writing ../../build/tello_pkg/tello_pkg.egg-info/PKG-INFO
[0.766s] writing dependency_links to ../../build/tello_pkg/tello_pkg.egg-info/dependency_links.txt
[0.766s] writing entry points to ../../build/tello_pkg/tello_pkg.egg-info/entry_points.txt
[0.766s] writing requirements to ../../build/tello_pkg/tello_pkg.egg-info/requires.txt
[0.766s] writing top-level names to ../../build/tello_pkg/tello_pkg.egg-info/top_level.txt
[0.798s] reading manifest file '../../build/tello_pkg/tello_pkg.egg-info/SOURCES.txt'
[0.798s] writing manifest file '../../build/tello_pkg/tello_pkg.egg-info/SOURCES.txt'
[0.798s] running build
[0.798s] running build_py
[0.799s] copying tello_pkg/frame_pub.py -> /root/docker_tello_ros2/tello_ws/build/tello_pkg/build/lib/tello_pkg
[0.799s] copying tello_pkg/detect_marker.py -> /root/docker_tello_ros2/tello_ws/build/tello_pkg/build/lib/tello_pkg
[0.799s] running install
[0.800s] running install_lib
[0.801s] copying /root/docker_tello_ros2/tello_ws/build/tello_pkg/build/lib/tello_pkg/frame_pub.py -> /root/docker_tello_ros2/tello_ws/install/tello_pkg/lib/python3.8/site-packages/tello_pkg
[0.801s] copying /root/docker_tello_ros2/tello_ws/build/tello_pkg/build/lib/tello_pkg/detect_marker.py -> /root/docker_tello_ros2/tello_ws/install/tello_pkg/lib/python3.8/site-packages/tello_pkg
[0.802s] byte-compiling /root/docker_tello_ros2/tello_ws/install/tello_pkg/lib/python3.8/site-packages/tello_pkg/frame_pub.py to frame_pub.cpython-38.pyc
[0.803s] byte-compiling /root/docker_tello_ros2/tello_ws/install/tello_pkg/lib/python3.8/site-packages/tello_pkg/detect_marker.py to detect_marker.cpython-38.pyc
[0.804s] running install_data
[0.804s] running install_egg_info
[0.806s] removing '/root/docker_tello_ros2/tello_ws/install/tello_pkg/lib/python3.8/site-packages/tello_pkg-0.0.0-py3.8.egg-info' (and everything under it)
[0.806s] Copying ../../build/tello_pkg/tello_pkg.egg-info to /root/docker_tello_ros2/tello_ws/install/tello_pkg/lib/python3.8/site-packages/tello_pkg-0.0.0-py3.8.egg-info
[0.810s] running install_scripts
[0.824s] Installing detect_marker script to /root/docker_tello_ros2/tello_ws/install/tello_pkg/lib/tello_pkg
[0.824s] Installing frame_pub script to /root/docker_tello_ros2/tello_ws/install/tello_pkg/lib/tello_pkg
[0.824s] writing list of installed files to '/root/docker_tello_ros2/tello_ws/build/tello_pkg/install.log'
[0.844s] Invoked command in '/root/docker_tello_ros2/tello_ws/src/tello_pkg' returned '0': PYTHONPATH=/root/docker_tello_ros2/tello_ws/build/tello_pkg/prefix_override:/root/docker_tello_ros2/tello_ws/install/tello_pkg/lib/python3.8/site-packages:${PYTHONPATH} /usr/bin/python3 -W ignore:setup.py install is deprecated setup.py egg_info --egg-base ../../build/tello_pkg build --build-base /root/docker_tello_ros2/tello_ws/build/tello_pkg/build install --record /root/docker_tello_ros2/tello_ws/build/tello_pkg/install.log --install-scripts $base/lib/tello_pkg --single-version-externally-managed install_data
