[1.832s] Invoking command in '/root/dtello_MD/wrk_src/ros2_aruco/ros2_aruco': PYTHONPATH=/root/dtello_MD/wrk_src/build/ros2_aruco/prefix_override:/usr/lib/python3/dist-packages/colcon_core/task/python/colcon_distutils_commands:/root/dtello_MD/wrk_src/install/ros2_aruco/lib/python3.8/site-packages:${PYTHONPATH} /usr/bin/python3 -W ignore:setup.py install is deprecated setup.py egg_info --egg-base ../../build/ros2_aruco build --build-base /root/dtello_MD/wrk_src/build/ros2_aruco/build install --record /root/dtello_MD/wrk_src/build/ros2_aruco/install.log --single-version-externally-managed install_data
[3.006s] running egg_info
[3.007s] writing ../../build/ros2_aruco/ros2_aruco.egg-info/PKG-INFO
[3.007s] writing dependency_links to ../../build/ros2_aruco/ros2_aruco.egg-info/dependency_links.txt
[3.007s] writing entry points to ../../build/ros2_aruco/ros2_aruco.egg-info/entry_points.txt
[3.007s] writing requirements to ../../build/ros2_aruco/ros2_aruco.egg-info/requires.txt
[3.007s] writing top-level names to ../../build/ros2_aruco/ros2_aruco.egg-info/top_level.txt
[3.232s] reading manifest file '../../build/ros2_aruco/ros2_aruco.egg-info/SOURCES.txt'
[3.233s] writing manifest file '../../build/ros2_aruco/ros2_aruco.egg-info/SOURCES.txt'
[3.234s] running build
[3.234s] running build_py
[3.234s] running install
[3.243s] running install_lib
[3.252s] running install_data
[3.252s] running install_egg_info
[3.263s] removing '/root/dtello_MD/wrk_src/install/ros2_aruco/lib/python3.8/site-packages/ros2_aruco-0.1.0-py3.8.egg-info' (and everything under it)
[3.263s] Copying ../../build/ros2_aruco/ros2_aruco.egg-info to /root/dtello_MD/wrk_src/install/ros2_aruco/lib/python3.8/site-packages/ros2_aruco-0.1.0-py3.8.egg-info
[3.273s] running install_scripts
[3.351s] Installing aruco_generate_marker script to /root/dtello_MD/wrk_src/install/ros2_aruco/lib/ros2_aruco
[3.354s] Installing aruco_node script to /root/dtello_MD/wrk_src/install/ros2_aruco/lib/ros2_aruco
[3.355s] writing list of installed files to '/root/dtello_MD/wrk_src/build/ros2_aruco/install.log'
