[0.042s] Invoking command in '/root/docker_tello_ros2/tello_ws/build/my_video_package': /usr/bin/cmake /root/docker_tello_ros2/tello_ws/src/tello_pkg -DCMAKE_INSTALL_PREFIX=/root/docker_tello_ros2/tello_ws/install/my_video_package
[0.057s] -- Found ament_cmake: 0.9.12 (/opt/ros/foxy/share/ament_cmake/cmake)
[0.082s] -- Using PYTHON_EXECUTABLE: /usr/bin/python3
[0.317s] -- Found rclpy: 1.0.13 (/opt/ros/foxy/share/rclpy/cmake)
[0.318s] -- Found sensor_msgs: 2.0.5 (/opt/ros/foxy/share/sensor_msgs/cmake)
[0.343s] -- Using all available rosidl_typesupport_c: rosidl_typesupport_fastrtps_c;rosidl_typesupport_introspection_c
[0.348s] -- Found rosidl_adapter: 1.3.1 (/opt/ros/foxy/share/rosidl_adapter/cmake)
[0.526s] -- Using all available rosidl_typesupport_cpp: rosidl_typesupport_fastrtps_cpp;rosidl_typesupport_introspection_cpp
[0.735s] -- Found cv_bridge: 3.0.7 (/opt/ros/foxy/share/cv_bridge/cmake)
[0.894s] Error parsing '/root/docker_tello_ros2/tello_ws/src/tello_pkg/package.xml':
[0.895s] Traceback (most recent call last):
[0.895s]   File "/opt/ros/foxy/share/ament_cmake_core/cmake/core/package_xml_2_cmake.py", line 143, in <module>
[0.895s]     main()
[0.895s]   File "/opt/ros/foxy/share/ament_cmake_core/cmake/core/package_xml_2_cmake.py", line 52, in main
[0.895s]     raise e
[0.896s]   File "/opt/ros/foxy/share/ament_cmake_core/cmake/core/package_xml_2_cmake.py", line 48, in main
[0.896s]     package = parse_package_string(
[0.896s]   File "/usr/local/lib/python3.8/dist-packages/catkin_pkg/package.py", line 786, in parse_package_string
[0.896s]     raise InvalidPackage('Error(s):%s' % (''.join(['\n- %s' % e for e in errors])), filename)
[0.896s] catkin_pkg.package.InvalidPackage: Error(s) in package '/root/docker_tello_ros2/tello_ws/src/tello_pkg/package.xml':
[0.897s] Error(s):
[0.897s] - The generic dependency on 'rclpy' is redundant with: exec_depend
[0.897s] - The generic dependency on 'sensor_msgs' is redundant with: exec_depend
[0.897s] - The generic dependency on 'cv_bridge' is redundant with: exec_depend
[0.905s] CMake Error at /opt/ros/foxy/share/ament_cmake_core/cmake/core/ament_package_xml.cmake:94 (message):
[0.905s]   execute_process(/usr/bin/python3
[0.905s]   /opt/ros/foxy/share/ament_cmake_core/cmake/core/package_xml_2_cmake.py
[0.905s]   /root/docker_tello_ros2/tello_ws/src/tello_pkg/package.xml
[0.905s]   /root/docker_tello_ros2/tello_ws/build/my_video_package/ament_cmake_core/package.cmake)
[0.906s]   returned error code 1
[0.906s] Call Stack (most recent call first):
[0.906s]   /opt/ros/foxy/share/ament_cmake_core/cmake/core/ament_package_xml.cmake:49 (_ament_package_xml)
[0.906s]   /opt/ros/foxy/share/ament_cmake_core/cmake/core/ament_package.cmake:63 (ament_package_xml)
[0.906s]   CMakeLists.txt:20 (ament_package)
[0.906s] 
[0.906s] 
[0.907s] -- Configuring incomplete, errors occurred!
[0.907s] See also "/root/docker_tello_ros2/tello_ws/build/my_video_package/CMakeFiles/CMakeOutput.log".
[0.918s] Invoked command in '/root/docker_tello_ros2/tello_ws/build/my_video_package' returned '1': /usr/bin/cmake /root/docker_tello_ros2/tello_ws/src/tello_pkg -DCMAKE_INSTALL_PREFIX=/root/docker_tello_ros2/tello_ws/install/my_video_package
