[0.250s] DEBUG:colcon:Command line arguments: ['/usr/bin/colcon', 'build', '--packages-select', 'tello_pkg']
[0.250s] DEBUG:colcon:Parsed command line arguments: Namespace(ament_cmake_args=None, base_paths=['.'], build_base='build', catkin_cmake_args=None, catkin_skip_building_tests=False, cmake_args=None, cmake_clean_cache=False, cmake_clean_first=False, cmake_force_configure=False, cmake_target=None, cmake_target_skip_unavailable=False, continue_on_error=False, event_handlers=None, executor='parallel', ignore_user_meta=False, install_base='install', log_base=None, log_level=None, main=<bound method BuildVerb.main of <colcon_core.verb.build.BuildVerb object at 0x709041195370>>, merge_install=False, metas=['./colcon.meta'], mixin=None, mixin_files=None, mixin_verb=('build',), packages_above=None, packages_above_and_dependencies=None, packages_above_depth=None, packages_end=None, packages_ignore=None, packages_ignore_regex=None, packages_select=['tello_pkg'], packages_select_build_failed=False, packages_select_by_dep=None, packages_select_regex=None, packages_select_test_failures=False, packages_skip=None, packages_skip_build_finished=False, packages_skip_by_dep=None, packages_skip_regex=None, packages_skip_test_passed=False, packages_skip_up_to=None, packages_start=None, packages_up_to=None, packages_up_to_regex=None, parallel_workers=8, paths=None, symlink_install=False, test_result_base=None, verb_extension=<colcon_core.verb.build.BuildVerb object at 0x709041195370>, verb_name='build', verb_parser=<colcon_mixin.mixin.mixin_argument.MixinArgumentDecorator object at 0x7090411959d0>)
[0.278s] Level 1:colcon.colcon_core.package_discovery:discover_packages(colcon_meta) check parameters
[0.279s] INFO:colcon.colcon_metadata.package_discovery.colcon_meta:Using configuration from '/root/.colcon/metadata/default/Gazebo.meta'
[0.279s] INFO:colcon.colcon_metadata.package_discovery.colcon_meta:Using configuration from '/root/.colcon/metadata/default/fastrtps.meta'
[0.279s] Level 1:colcon.colcon_core.package_discovery:discover_packages(recursive) check parameters
[0.279s] Level 1:colcon.colcon_core.package_discovery:discover_packages(ignore) check parameters
[0.279s] Level 1:colcon.colcon_core.package_discovery:discover_packages(path) check parameters
[0.279s] Level 1:colcon.colcon_core.package_discovery:discover_packages(colcon_meta) discover
[0.279s] Level 1:colcon.colcon_core.package_discovery:discover_packages(recursive) discover
[0.280s] INFO:colcon.colcon_core.package_discovery:Crawling recursively for packages in '/root/tello_MD/wrk_src'
[0.280s] Level 1:colcon.colcon_core.package_identification:_identify(.) by extensions ['ignore', 'ignore_ament_install']
[0.280s] Level 1:colcon.colcon_core.package_identification:_identify(.) by extension 'ignore'
[0.280s] Level 1:colcon.colcon_core.package_identification:_identify(.) by extension 'ignore_ament_install'
[0.280s] Level 1:colcon.colcon_core.package_identification:_identify(.) by extensions ['colcon_pkg']
[0.280s] Level 1:colcon.colcon_core.package_identification:_identify(.) by extension 'colcon_pkg'
[0.280s] Level 1:colcon.colcon_core.package_identification:_identify(.) by extensions ['colcon_meta']
[0.280s] Level 1:colcon.colcon_core.package_identification:_identify(.) by extension 'colcon_meta'
[0.280s] Level 1:colcon.colcon_core.package_identification:_identify(.) by extensions ['ros']
[0.280s] Level 1:colcon.colcon_core.package_identification:_identify(.) by extension 'ros'
[0.294s] Level 1:colcon.colcon_core.package_identification:_identify(.) by extensions ['cmake', 'python']
[0.294s] Level 1:colcon.colcon_core.package_identification:_identify(.) by extension 'cmake'
[0.294s] Level 1:colcon.colcon_core.package_identification:_identify(.) by extension 'python'
[0.294s] Level 1:colcon.colcon_core.package_identification:_identify(.) by extensions ['python_setup_py']
[0.294s] Level 1:colcon.colcon_core.package_identification:_identify(.) by extension 'python_setup_py'
[0.294s] Level 1:colcon.colcon_core.package_identification:_identify(build) by extensions ['ignore', 'ignore_ament_install']
[0.294s] Level 1:colcon.colcon_core.package_identification:_identify(build) by extension 'ignore'
[0.294s] Level 1:colcon.colcon_core.package_identification:_identify(build) ignored
[0.294s] Level 1:colcon.colcon_core.package_identification:_identify(docker_ws) by extensions ['ignore', 'ignore_ament_install']
[0.294s] Level 1:colcon.colcon_core.package_identification:_identify(docker_ws) by extension 'ignore'
[0.294s] Level 1:colcon.colcon_core.package_identification:_identify(docker_ws) by extension 'ignore_ament_install'
[0.294s] Level 1:colcon.colcon_core.package_identification:_identify(docker_ws) by extensions ['colcon_pkg']
[0.295s] Level 1:colcon.colcon_core.package_identification:_identify(docker_ws) by extension 'colcon_pkg'
[0.295s] Level 1:colcon.colcon_core.package_identification:_identify(docker_ws) by extensions ['colcon_meta']
[0.295s] Level 1:colcon.colcon_core.package_identification:_identify(docker_ws) by extension 'colcon_meta'
[0.295s] Level 1:colcon.colcon_core.package_identification:_identify(docker_ws) by extensions ['ros']
[0.295s] Level 1:colcon.colcon_core.package_identification:_identify(docker_ws) by extension 'ros'
[0.295s] Level 1:colcon.colcon_core.package_identification:_identify(docker_ws) by extensions ['cmake', 'python']
[0.295s] Level 1:colcon.colcon_core.package_identification:_identify(docker_ws) by extension 'cmake'
[0.295s] Level 1:colcon.colcon_core.package_identification:_identify(docker_ws) by extension 'python'
[0.295s] Level 1:colcon.colcon_core.package_identification:_identify(docker_ws) by extensions ['python_setup_py']
[0.295s] Level 1:colcon.colcon_core.package_identification:_identify(docker_ws) by extension 'python_setup_py'
[0.295s] Level 1:colcon.colcon_core.package_identification:_identify(install) by extensions ['ignore', 'ignore_ament_install']
[0.295s] Level 1:colcon.colcon_core.package_identification:_identify(install) by extension 'ignore'
[0.295s] Level 1:colcon.colcon_core.package_identification:_identify(install) ignored
[0.295s] Level 1:colcon.colcon_core.package_identification:_identify(log) by extensions ['ignore', 'ignore_ament_install']
[0.295s] Level 1:colcon.colcon_core.package_identification:_identify(log) by extension 'ignore'
[0.295s] Level 1:colcon.colcon_core.package_identification:_identify(log) ignored
[0.295s] Level 1:colcon.colcon_core.package_identification:_identify(ros2_aruco) by extensions ['ignore', 'ignore_ament_install']
[0.295s] Level 1:colcon.colcon_core.package_identification:_identify(ros2_aruco) by extension 'ignore'
[0.295s] Level 1:colcon.colcon_core.package_identification:_identify(ros2_aruco) by extension 'ignore_ament_install'
[0.295s] Level 1:colcon.colcon_core.package_identification:_identify(ros2_aruco) by extensions ['colcon_pkg']
[0.295s] Level 1:colcon.colcon_core.package_identification:_identify(ros2_aruco) by extension 'colcon_pkg'
[0.295s] Level 1:colcon.colcon_core.package_identification:_identify(ros2_aruco) by extensions ['colcon_meta']
[0.295s] Level 1:colcon.colcon_core.package_identification:_identify(ros2_aruco) by extension 'colcon_meta'
[0.295s] Level 1:colcon.colcon_core.package_identification:_identify(ros2_aruco) by extensions ['ros']
[0.295s] Level 1:colcon.colcon_core.package_identification:_identify(ros2_aruco) by extension 'ros'
[0.296s] Level 1:colcon.colcon_core.package_identification:_identify(ros2_aruco) by extensions ['cmake', 'python']
[0.296s] Level 1:colcon.colcon_core.package_identification:_identify(ros2_aruco) by extension 'cmake'
[0.296s] Level 1:colcon.colcon_core.package_identification:_identify(ros2_aruco) by extension 'python'
[0.296s] Level 1:colcon.colcon_core.package_identification:_identify(ros2_aruco) by extensions ['python_setup_py']
[0.296s] Level 1:colcon.colcon_core.package_identification:_identify(ros2_aruco) by extension 'python_setup_py'
[0.296s] Level 1:colcon.colcon_core.package_identification:_identify(ros2_aruco/ros2_aruco) by extensions ['ignore', 'ignore_ament_install']
[0.296s] Level 1:colcon.colcon_core.package_identification:_identify(ros2_aruco/ros2_aruco) by extension 'ignore'
[0.296s] Level 1:colcon.colcon_core.package_identification:_identify(ros2_aruco/ros2_aruco) by extension 'ignore_ament_install'
[0.296s] Level 1:colcon.colcon_core.package_identification:_identify(ros2_aruco/ros2_aruco) by extensions ['colcon_pkg']
[0.296s] Level 1:colcon.colcon_core.package_identification:_identify(ros2_aruco/ros2_aruco) by extension 'colcon_pkg'
[0.296s] Level 1:colcon.colcon_core.package_identification:_identify(ros2_aruco/ros2_aruco) by extensions ['colcon_meta']
[0.296s] Level 1:colcon.colcon_core.package_identification:_identify(ros2_aruco/ros2_aruco) by extension 'colcon_meta'
[0.296s] Level 1:colcon.colcon_core.package_identification:_identify(ros2_aruco/ros2_aruco) by extensions ['ros']
[0.296s] Level 1:colcon.colcon_core.package_identification:_identify(ros2_aruco/ros2_aruco) by extension 'ros'
[0.298s] DEBUG:colcon.colcon_core.package_identification:Package 'ros2_aruco/ros2_aruco' with type 'ros.ament_python' and name 'ros2_aruco'
[0.298s] Level 1:colcon.colcon_core.package_identification:_identify(ros2_aruco/ros2_aruco_interfaces) by extensions ['ignore', 'ignore_ament_install']
[0.298s] Level 1:colcon.colcon_core.package_identification:_identify(ros2_aruco/ros2_aruco_interfaces) by extension 'ignore'
[0.298s] Level 1:colcon.colcon_core.package_identification:_identify(ros2_aruco/ros2_aruco_interfaces) by extension 'ignore_ament_install'
[0.298s] Level 1:colcon.colcon_core.package_identification:_identify(ros2_aruco/ros2_aruco_interfaces) by extensions ['colcon_pkg']
[0.298s] Level 1:colcon.colcon_core.package_identification:_identify(ros2_aruco/ros2_aruco_interfaces) by extension 'colcon_pkg'
[0.298s] Level 1:colcon.colcon_core.package_identification:_identify(ros2_aruco/ros2_aruco_interfaces) by extensions ['colcon_meta']
[0.298s] Level 1:colcon.colcon_core.package_identification:_identify(ros2_aruco/ros2_aruco_interfaces) by extension 'colcon_meta'
[0.299s] Level 1:colcon.colcon_core.package_identification:_identify(ros2_aruco/ros2_aruco_interfaces) by extensions ['ros']
[0.299s] Level 1:colcon.colcon_core.package_identification:_identify(ros2_aruco/ros2_aruco_interfaces) by extension 'ros'
[0.299s] DEBUG:colcon.colcon_core.package_identification:Package 'ros2_aruco/ros2_aruco_interfaces' with type 'ros.ament_cmake' and name 'ros2_aruco_interfaces'
[0.299s] Level 1:colcon.colcon_core.package_identification:_identify(tello-ros2) by extensions ['ignore', 'ignore_ament_install']
[0.299s] Level 1:colcon.colcon_core.package_identification:_identify(tello-ros2) by extension 'ignore'
[0.299s] Level 1:colcon.colcon_core.package_identification:_identify(tello-ros2) by extension 'ignore_ament_install'
[0.299s] Level 1:colcon.colcon_core.package_identification:_identify(tello-ros2) by extensions ['colcon_pkg']
[0.299s] Level 1:colcon.colcon_core.package_identification:_identify(tello-ros2) by extension 'colcon_pkg'
[0.299s] Level 1:colcon.colcon_core.package_identification:_identify(tello-ros2) by extensions ['colcon_meta']
[0.299s] Level 1:colcon.colcon_core.package_identification:_identify(tello-ros2) by extension 'colcon_meta'
[0.299s] Level 1:colcon.colcon_core.package_identification:_identify(tello-ros2) by extensions ['ros']
[0.299s] Level 1:colcon.colcon_core.package_identification:_identify(tello-ros2) by extension 'ros'
[0.299s] Level 1:colcon.colcon_core.package_identification:_identify(tello-ros2) by extensions ['cmake', 'python']
[0.299s] Level 1:colcon.colcon_core.package_identification:_identify(tello-ros2) by extension 'cmake'
[0.299s] Level 1:colcon.colcon_core.package_identification:_identify(tello-ros2) by extension 'python'
[0.299s] Level 1:colcon.colcon_core.package_identification:_identify(tello-ros2) by extensions ['python_setup_py']
[0.299s] Level 1:colcon.colcon_core.package_identification:_identify(tello-ros2) by extension 'python_setup_py'
[0.300s] Level 1:colcon.colcon_core.package_identification:_identify(tello-ros2/readme) by extensions ['ignore', 'ignore_ament_install']
[0.300s] Level 1:colcon.colcon_core.package_identification:_identify(tello-ros2/readme) by extension 'ignore'
[0.300s] Level 1:colcon.colcon_core.package_identification:_identify(tello-ros2/readme) by extension 'ignore_ament_install'
[0.300s] Level 1:colcon.colcon_core.package_identification:_identify(tello-ros2/readme) by extensions ['colcon_pkg']
[0.300s] Level 1:colcon.colcon_core.package_identification:_identify(tello-ros2/readme) by extension 'colcon_pkg'
[0.300s] Level 1:colcon.colcon_core.package_identification:_identify(tello-ros2/readme) by extensions ['colcon_meta']
[0.300s] Level 1:colcon.colcon_core.package_identification:_identify(tello-ros2/readme) by extension 'colcon_meta'
[0.300s] Level 1:colcon.colcon_core.package_identification:_identify(tello-ros2/readme) by extensions ['ros']
[0.300s] Level 1:colcon.colcon_core.package_identification:_identify(tello-ros2/readme) by extension 'ros'
[0.300s] Level 1:colcon.colcon_core.package_identification:_identify(tello-ros2/readme) by extensions ['cmake', 'python']
[0.300s] Level 1:colcon.colcon_core.package_identification:_identify(tello-ros2/readme) by extension 'cmake'
[0.300s] Level 1:colcon.colcon_core.package_identification:_identify(tello-ros2/readme) by extension 'python'
[0.300s] Level 1:colcon.colcon_core.package_identification:_identify(tello-ros2/readme) by extensions ['python_setup_py']
[0.300s] Level 1:colcon.colcon_core.package_identification:_identify(tello-ros2/readme) by extension 'python_setup_py'
[0.300s] Level 1:colcon.colcon_core.package_identification:_identify(tello-ros2/scripts) by extensions ['ignore', 'ignore_ament_install']
[0.300s] Level 1:colcon.colcon_core.package_identification:_identify(tello-ros2/scripts) by extension 'ignore'
[0.300s] Level 1:colcon.colcon_core.package_identification:_identify(tello-ros2/scripts) by extension 'ignore_ament_install'
[0.300s] Level 1:colcon.colcon_core.package_identification:_identify(tello-ros2/scripts) by extensions ['colcon_pkg']
[0.300s] Level 1:colcon.colcon_core.package_identification:_identify(tello-ros2/scripts) by extension 'colcon_pkg'
[0.300s] Level 1:colcon.colcon_core.package_identification:_identify(tello-ros2/scripts) by extensions ['colcon_meta']
[0.300s] Level 1:colcon.colcon_core.package_identification:_identify(tello-ros2/scripts) by extension 'colcon_meta'
[0.300s] Level 1:colcon.colcon_core.package_identification:_identify(tello-ros2/scripts) by extensions ['ros']
[0.300s] Level 1:colcon.colcon_core.package_identification:_identify(tello-ros2/scripts) by extension 'ros'
[0.300s] Level 1:colcon.colcon_core.package_identification:_identify(tello-ros2/scripts) by extensions ['cmake', 'python']
[0.300s] Level 1:colcon.colcon_core.package_identification:_identify(tello-ros2/scripts) by extension 'cmake'
[0.300s] Level 1:colcon.colcon_core.package_identification:_identify(tello-ros2/scripts) by extension 'python'
[0.300s] Level 1:colcon.colcon_core.package_identification:_identify(tello-ros2/scripts) by extensions ['python_setup_py']
[0.300s] Level 1:colcon.colcon_core.package_identification:_identify(tello-ros2/scripts) by extension 'python_setup_py'
[0.301s] Level 1:colcon.colcon_core.package_identification:_identify(tello-ros2/slam) by extensions ['ignore', 'ignore_ament_install']
[0.301s] Level 1:colcon.colcon_core.package_identification:_identify(tello-ros2/slam) by extension 'ignore'
[0.301s] Level 1:colcon.colcon_core.package_identification:_identify(tello-ros2/slam) by extension 'ignore_ament_install'
[0.301s] Level 1:colcon.colcon_core.package_identification:_identify(tello-ros2/slam) by extensions ['colcon_pkg']
[0.301s] Level 1:colcon.colcon_core.package_identification:_identify(tello-ros2/slam) by extension 'colcon_pkg'
[0.301s] Level 1:colcon.colcon_core.package_identification:_identify(tello-ros2/slam) by extensions ['colcon_meta']
[0.301s] Level 1:colcon.colcon_core.package_identification:_identify(tello-ros2/slam) by extension 'colcon_meta'
[0.301s] Level 1:colcon.colcon_core.package_identification:_identify(tello-ros2/slam) by extensions ['ros']
[0.301s] Level 1:colcon.colcon_core.package_identification:_identify(tello-ros2/slam) by extension 'ros'
[0.301s] Level 1:colcon.colcon_core.package_identification:_identify(tello-ros2/slam) by extensions ['cmake', 'python']
[0.301s] Level 1:colcon.colcon_core.package_identification:_identify(tello-ros2/slam) by extension 'cmake'
[0.301s] Level 1:colcon.colcon_core.package_identification:_identify(tello-ros2/slam) by extension 'python'
[0.301s] Level 1:colcon.colcon_core.package_identification:_identify(tello-ros2/slam) by extensions ['python_setup_py']
[0.301s] Level 1:colcon.colcon_core.package_identification:_identify(tello-ros2/slam) by extension 'python_setup_py'
[0.301s] Level 1:colcon.colcon_core.package_identification:_identify(tello-ros2/slam/src) by extensions ['ignore', 'ignore_ament_install']
[0.301s] Level 1:colcon.colcon_core.package_identification:_identify(tello-ros2/slam/src) by extension 'ignore'
[0.301s] Level 1:colcon.colcon_core.package_identification:_identify(tello-ros2/slam/src) by extension 'ignore_ament_install'
[0.301s] Level 1:colcon.colcon_core.package_identification:_identify(tello-ros2/slam/src) by extensions ['colcon_pkg']
[0.301s] Level 1:colcon.colcon_core.package_identification:_identify(tello-ros2/slam/src) by extension 'colcon_pkg'
[0.301s] Level 1:colcon.colcon_core.package_identification:_identify(tello-ros2/slam/src) by extensions ['colcon_meta']
[0.301s] Level 1:colcon.colcon_core.package_identification:_identify(tello-ros2/slam/src) by extension 'colcon_meta'
[0.301s] Level 1:colcon.colcon_core.package_identification:_identify(tello-ros2/slam/src) by extensions ['ros']
[0.301s] Level 1:colcon.colcon_core.package_identification:_identify(tello-ros2/slam/src) by extension 'ros'
[0.301s] Level 1:colcon.colcon_core.package_identification:_identify(tello-ros2/slam/src) by extensions ['cmake', 'python']
[0.301s] Level 1:colcon.colcon_core.package_identification:_identify(tello-ros2/slam/src) by extension 'cmake'
[0.301s] Level 1:colcon.colcon_core.package_identification:_identify(tello-ros2/slam/src) by extension 'python'
[0.301s] Level 1:colcon.colcon_core.package_identification:_identify(tello-ros2/slam/src) by extensions ['python_setup_py']
[0.301s] Level 1:colcon.colcon_core.package_identification:_identify(tello-ros2/slam/src) by extension 'python_setup_py'
[0.301s] Level 1:colcon.colcon_core.package_identification:_identify(tello-ros2/slam/src/orbslam2) by extensions ['ignore', 'ignore_ament_install']
[0.302s] Level 1:colcon.colcon_core.package_identification:_identify(tello-ros2/slam/src/orbslam2) by extension 'ignore'
[0.302s] Level 1:colcon.colcon_core.package_identification:_identify(tello-ros2/slam/src/orbslam2) by extension 'ignore_ament_install'
[0.302s] Level 1:colcon.colcon_core.package_identification:_identify(tello-ros2/slam/src/orbslam2) by extensions ['colcon_pkg']
[0.302s] Level 1:colcon.colcon_core.package_identification:_identify(tello-ros2/slam/src/orbslam2) by extension 'colcon_pkg'
[0.302s] Level 1:colcon.colcon_core.package_identification:_identify(tello-ros2/slam/src/orbslam2) by extensions ['colcon_meta']
[0.302s] Level 1:colcon.colcon_core.package_identification:_identify(tello-ros2/slam/src/orbslam2) by extension 'colcon_meta'
[0.302s] Level 1:colcon.colcon_core.package_identification:_identify(tello-ros2/slam/src/orbslam2) by extensions ['ros']
[0.302s] Level 1:colcon.colcon_core.package_identification:_identify(tello-ros2/slam/src/orbslam2) by extension 'ros'
[0.302s] DEBUG:colcon.colcon_core.package_identification:Package 'tello-ros2/slam/src/orbslam2' with type 'ros.ament_cmake' and name 'orbslam2'
[0.302s] Level 1:colcon.colcon_core.package_identification:_identify(tello-ros2/workspace) by extensions ['ignore', 'ignore_ament_install']
[0.302s] Level 1:colcon.colcon_core.package_identification:_identify(tello-ros2/workspace) by extension 'ignore'
[0.302s] Level 1:colcon.colcon_core.package_identification:_identify(tello-ros2/workspace) by extension 'ignore_ament_install'
[0.302s] Level 1:colcon.colcon_core.package_identification:_identify(tello-ros2/workspace) by extensions ['colcon_pkg']
[0.302s] Level 1:colcon.colcon_core.package_identification:_identify(tello-ros2/workspace) by extension 'colcon_pkg'
[0.302s] Level 1:colcon.colcon_core.package_identification:_identify(tello-ros2/workspace) by extensions ['colcon_meta']
[0.302s] Level 1:colcon.colcon_core.package_identification:_identify(tello-ros2/workspace) by extension 'colcon_meta'
[0.302s] Level 1:colcon.colcon_core.package_identification:_identify(tello-ros2/workspace) by extensions ['ros']
[0.302s] Level 1:colcon.colcon_core.package_identification:_identify(tello-ros2/workspace) by extension 'ros'
[0.303s] Level 1:colcon.colcon_core.package_identification:_identify(tello-ros2/workspace) by extensions ['cmake', 'python']
[0.303s] Level 1:colcon.colcon_core.package_identification:_identify(tello-ros2/workspace) by extension 'cmake'
[0.303s] Level 1:colcon.colcon_core.package_identification:_identify(tello-ros2/workspace) by extension 'python'
[0.303s] Level 1:colcon.colcon_core.package_identification:_identify(tello-ros2/workspace) by extensions ['python_setup_py']
[0.303s] Level 1:colcon.colcon_core.package_identification:_identify(tello-ros2/workspace) by extension 'python_setup_py'
[0.303s] Level 1:colcon.colcon_core.package_identification:_identify(tello-ros2/workspace/src) by extensions ['ignore', 'ignore_ament_install']
[0.303s] Level 1:colcon.colcon_core.package_identification:_identify(tello-ros2/workspace/src) by extension 'ignore'
[0.303s] Level 1:colcon.colcon_core.package_identification:_identify(tello-ros2/workspace/src) by extension 'ignore_ament_install'
[0.303s] Level 1:colcon.colcon_core.package_identification:_identify(tello-ros2/workspace/src) by extensions ['colcon_pkg']
[0.303s] Level 1:colcon.colcon_core.package_identification:_identify(tello-ros2/workspace/src) by extension 'colcon_pkg'
[0.303s] Level 1:colcon.colcon_core.package_identification:_identify(tello-ros2/workspace/src) by extensions ['colcon_meta']
[0.303s] Level 1:colcon.colcon_core.package_identification:_identify(tello-ros2/workspace/src) by extension 'colcon_meta'
[0.303s] Level 1:colcon.colcon_core.package_identification:_identify(tello-ros2/workspace/src) by extensions ['ros']
[0.303s] Level 1:colcon.colcon_core.package_identification:_identify(tello-ros2/workspace/src) by extension 'ros'
[0.303s] Level 1:colcon.colcon_core.package_identification:_identify(tello-ros2/workspace/src) by extensions ['cmake', 'python']
[0.303s] Level 1:colcon.colcon_core.package_identification:_identify(tello-ros2/workspace/src) by extension 'cmake'
[0.303s] Level 1:colcon.colcon_core.package_identification:_identify(tello-ros2/workspace/src) by extension 'python'
[0.303s] Level 1:colcon.colcon_core.package_identification:_identify(tello-ros2/workspace/src) by extensions ['python_setup_py']
[0.303s] Level 1:colcon.colcon_core.package_identification:_identify(tello-ros2/workspace/src) by extension 'python_setup_py'
[0.303s] Level 1:colcon.colcon_core.package_identification:_identify(tello-ros2/workspace/src/tello) by extensions ['ignore', 'ignore_ament_install']
[0.303s] Level 1:colcon.colcon_core.package_identification:_identify(tello-ros2/workspace/src/tello) by extension 'ignore'
[0.303s] Level 1:colcon.colcon_core.package_identification:_identify(tello-ros2/workspace/src/tello) by extension 'ignore_ament_install'
[0.303s] Level 1:colcon.colcon_core.package_identification:_identify(tello-ros2/workspace/src/tello) by extensions ['colcon_pkg']
[0.303s] Level 1:colcon.colcon_core.package_identification:_identify(tello-ros2/workspace/src/tello) by extension 'colcon_pkg'
[0.303s] Level 1:colcon.colcon_core.package_identification:_identify(tello-ros2/workspace/src/tello) by extensions ['colcon_meta']
[0.303s] Level 1:colcon.colcon_core.package_identification:_identify(tello-ros2/workspace/src/tello) by extension 'colcon_meta'
[0.303s] Level 1:colcon.colcon_core.package_identification:_identify(tello-ros2/workspace/src/tello) by extensions ['ros']
[0.304s] Level 1:colcon.colcon_core.package_identification:_identify(tello-ros2/workspace/src/tello) by extension 'ros'
[0.304s] DEBUG:colcon.colcon_core.package_identification:Package 'tello-ros2/workspace/src/tello' with type 'ros.ament_python' and name 'tello'
[0.304s] Level 1:colcon.colcon_core.package_identification:_identify(tello-ros2/workspace/src/tello_control) by extensions ['ignore', 'ignore_ament_install']
[0.304s] Level 1:colcon.colcon_core.package_identification:_identify(tello-ros2/workspace/src/tello_control) by extension 'ignore'
[0.304s] Level 1:colcon.colcon_core.package_identification:_identify(tello-ros2/workspace/src/tello_control) by extension 'ignore_ament_install'
[0.304s] Level 1:colcon.colcon_core.package_identification:_identify(tello-ros2/workspace/src/tello_control) by extensions ['colcon_pkg']
[0.304s] Level 1:colcon.colcon_core.package_identification:_identify(tello-ros2/workspace/src/tello_control) by extension 'colcon_pkg'
[0.304s] Level 1:colcon.colcon_core.package_identification:_identify(tello-ros2/workspace/src/tello_control) by extensions ['colcon_meta']
[0.304s] Level 1:colcon.colcon_core.package_identification:_identify(tello-ros2/workspace/src/tello_control) by extension 'colcon_meta'
[0.305s] Level 1:colcon.colcon_core.package_identification:_identify(tello-ros2/workspace/src/tello_control) by extensions ['ros']
[0.305s] Level 1:colcon.colcon_core.package_identification:_identify(tello-ros2/workspace/src/tello_control) by extension 'ros'
[0.305s] DEBUG:colcon.colcon_core.package_identification:Package 'tello-ros2/workspace/src/tello_control' with type 'ros.ament_cmake' and name 'tello_control'
[0.305s] Level 1:colcon.colcon_core.package_identification:_identify(tello-ros2/workspace/src/tello_msg) by extensions ['ignore', 'ignore_ament_install']
[0.305s] Level 1:colcon.colcon_core.package_identification:_identify(tello-ros2/workspace/src/tello_msg) by extension 'ignore'
[0.305s] Level 1:colcon.colcon_core.package_identification:_identify(tello-ros2/workspace/src/tello_msg) by extension 'ignore_ament_install'
[0.305s] Level 1:colcon.colcon_core.package_identification:_identify(tello-ros2/workspace/src/tello_msg) by extensions ['colcon_pkg']
[0.305s] Level 1:colcon.colcon_core.package_identification:_identify(tello-ros2/workspace/src/tello_msg) by extension 'colcon_pkg'
[0.305s] Level 1:colcon.colcon_core.package_identification:_identify(tello-ros2/workspace/src/tello_msg) by extensions ['colcon_meta']
[0.305s] Level 1:colcon.colcon_core.package_identification:_identify(tello-ros2/workspace/src/tello_msg) by extension 'colcon_meta'
[0.306s] Level 1:colcon.colcon_core.package_identification:_identify(tello-ros2/workspace/src/tello_msg) by extensions ['ros']
[0.306s] Level 1:colcon.colcon_core.package_identification:_identify(tello-ros2/workspace/src/tello_msg) by extension 'ros'
[0.306s] DEBUG:colcon.colcon_core.package_identification:Package 'tello-ros2/workspace/src/tello_msg' with type 'ros.ament_cmake' and name 'tello_msg'
[0.306s] Level 1:colcon.colcon_core.package_identification:_identify(tello_ws) by extensions ['ignore', 'ignore_ament_install']
[0.306s] Level 1:colcon.colcon_core.package_identification:_identify(tello_ws) by extension 'ignore'
[0.306s] Level 1:colcon.colcon_core.package_identification:_identify(tello_ws) by extension 'ignore_ament_install'
[0.306s] Level 1:colcon.colcon_core.package_identification:_identify(tello_ws) by extensions ['colcon_pkg']
[0.306s] Level 1:colcon.colcon_core.package_identification:_identify(tello_ws) by extension 'colcon_pkg'
[0.306s] Level 1:colcon.colcon_core.package_identification:_identify(tello_ws) by extensions ['colcon_meta']
[0.306s] Level 1:colcon.colcon_core.package_identification:_identify(tello_ws) by extension 'colcon_meta'
[0.306s] Level 1:colcon.colcon_core.package_identification:_identify(tello_ws) by extensions ['ros']
[0.306s] Level 1:colcon.colcon_core.package_identification:_identify(tello_ws) by extension 'ros'
[0.306s] Level 1:colcon.colcon_core.package_identification:_identify(tello_ws) by extensions ['cmake', 'python']
[0.306s] Level 1:colcon.colcon_core.package_identification:_identify(tello_ws) by extension 'cmake'
[0.306s] Level 1:colcon.colcon_core.package_identification:_identify(tello_ws) by extension 'python'
[0.307s] Level 1:colcon.colcon_core.package_identification:_identify(tello_ws) by extensions ['python_setup_py']
[0.307s] Level 1:colcon.colcon_core.package_identification:_identify(tello_ws) by extension 'python_setup_py'
[0.307s] Level 1:colcon.colcon_core.package_identification:_identify(tello_ws/build) by extensions ['ignore', 'ignore_ament_install']
[0.307s] Level 1:colcon.colcon_core.package_identification:_identify(tello_ws/build) by extension 'ignore'
[0.307s] Level 1:colcon.colcon_core.package_identification:_identify(tello_ws/build) ignored
[0.307s] Level 1:colcon.colcon_core.package_identification:_identify(tello_ws/calibration) by extensions ['ignore', 'ignore_ament_install']
[0.307s] Level 1:colcon.colcon_core.package_identification:_identify(tello_ws/calibration) by extension 'ignore'
[0.307s] Level 1:colcon.colcon_core.package_identification:_identify(tello_ws/calibration) by extension 'ignore_ament_install'
[0.307s] Level 1:colcon.colcon_core.package_identification:_identify(tello_ws/calibration) by extensions ['colcon_pkg']
[0.307s] Level 1:colcon.colcon_core.package_identification:_identify(tello_ws/calibration) by extension 'colcon_pkg'
[0.307s] Level 1:colcon.colcon_core.package_identification:_identify(tello_ws/calibration) by extensions ['colcon_meta']
[0.307s] Level 1:colcon.colcon_core.package_identification:_identify(tello_ws/calibration) by extension 'colcon_meta'
[0.307s] Level 1:colcon.colcon_core.package_identification:_identify(tello_ws/calibration) by extensions ['ros']
[0.307s] Level 1:colcon.colcon_core.package_identification:_identify(tello_ws/calibration) by extension 'ros'
[0.307s] Level 1:colcon.colcon_core.package_identification:_identify(tello_ws/calibration) by extensions ['cmake', 'python']
[0.307s] Level 1:colcon.colcon_core.package_identification:_identify(tello_ws/calibration) by extension 'cmake'
[0.307s] Level 1:colcon.colcon_core.package_identification:_identify(tello_ws/calibration) by extension 'python'
[0.307s] Level 1:colcon.colcon_core.package_identification:_identify(tello_ws/calibration) by extensions ['python_setup_py']
[0.307s] Level 1:colcon.colcon_core.package_identification:_identify(tello_ws/calibration) by extension 'python_setup_py'
[0.307s] Level 1:colcon.colcon_core.package_identification:_identify(tello_ws/calibration_phone) by extensions ['ignore', 'ignore_ament_install']
[0.307s] Level 1:colcon.colcon_core.package_identification:_identify(tello_ws/calibration_phone) by extension 'ignore'
[0.307s] Level 1:colcon.colcon_core.package_identification:_identify(tello_ws/calibration_phone) by extension 'ignore_ament_install'
[0.307s] Level 1:colcon.colcon_core.package_identification:_identify(tello_ws/calibration_phone) by extensions ['colcon_pkg']
[0.307s] Level 1:colcon.colcon_core.package_identification:_identify(tello_ws/calibration_phone) by extension 'colcon_pkg'
[0.307s] Level 1:colcon.colcon_core.package_identification:_identify(tello_ws/calibration_phone) by extensions ['colcon_meta']
[0.307s] Level 1:colcon.colcon_core.package_identification:_identify(tello_ws/calibration_phone) by extension 'colcon_meta'
[0.307s] Level 1:colcon.colcon_core.package_identification:_identify(tello_ws/calibration_phone) by extensions ['ros']
[0.307s] Level 1:colcon.colcon_core.package_identification:_identify(tello_ws/calibration_phone) by extension 'ros'
[0.308s] Level 1:colcon.colcon_core.package_identification:_identify(tello_ws/calibration_phone) by extensions ['cmake', 'python']
[0.308s] Level 1:colcon.colcon_core.package_identification:_identify(tello_ws/calibration_phone) by extension 'cmake'
[0.308s] Level 1:colcon.colcon_core.package_identification:_identify(tello_ws/calibration_phone) by extension 'python'
[0.308s] Level 1:colcon.colcon_core.package_identification:_identify(tello_ws/calibration_phone) by extensions ['python_setup_py']
[0.308s] Level 1:colcon.colcon_core.package_identification:_identify(tello_ws/calibration_phone) by extension 'python_setup_py'
[0.308s] Level 1:colcon.colcon_core.package_identification:_identify(tello_ws/detect) by extensions ['ignore', 'ignore_ament_install']
[0.308s] Level 1:colcon.colcon_core.package_identification:_identify(tello_ws/detect) by extension 'ignore'
[0.308s] Level 1:colcon.colcon_core.package_identification:_identify(tello_ws/detect) by extension 'ignore_ament_install'
[0.308s] Level 1:colcon.colcon_core.package_identification:_identify(tello_ws/detect) by extensions ['colcon_pkg']
[0.308s] Level 1:colcon.colcon_core.package_identification:_identify(tello_ws/detect) by extension 'colcon_pkg'
[0.308s] Level 1:colcon.colcon_core.package_identification:_identify(tello_ws/detect) by extensions ['colcon_meta']
[0.308s] Level 1:colcon.colcon_core.package_identification:_identify(tello_ws/detect) by extension 'colcon_meta'
[0.308s] Level 1:colcon.colcon_core.package_identification:_identify(tello_ws/detect) by extensions ['ros']
[0.308s] Level 1:colcon.colcon_core.package_identification:_identify(tello_ws/detect) by extension 'ros'
[0.308s] Level 1:colcon.colcon_core.package_identification:_identify(tello_ws/detect) by extensions ['cmake', 'python']
[0.308s] Level 1:colcon.colcon_core.package_identification:_identify(tello_ws/detect) by extension 'cmake'
[0.308s] Level 1:colcon.colcon_core.package_identification:_identify(tello_ws/detect) by extension 'python'
[0.308s] Level 1:colcon.colcon_core.package_identification:_identify(tello_ws/detect) by extensions ['python_setup_py']
[0.308s] Level 1:colcon.colcon_core.package_identification:_identify(tello_ws/detect) by extension 'python_setup_py'
[0.308s] Level 1:colcon.colcon_core.package_identification:_identify(tello_ws/detect_phone) by extensions ['ignore', 'ignore_ament_install']
[0.308s] Level 1:colcon.colcon_core.package_identification:_identify(tello_ws/detect_phone) by extension 'ignore'
[0.308s] Level 1:colcon.colcon_core.package_identification:_identify(tello_ws/detect_phone) by extension 'ignore_ament_install'
[0.308s] Level 1:colcon.colcon_core.package_identification:_identify(tello_ws/detect_phone) by extensions ['colcon_pkg']
[0.308s] Level 1:colcon.colcon_core.package_identification:_identify(tello_ws/detect_phone) by extension 'colcon_pkg'
[0.308s] Level 1:colcon.colcon_core.package_identification:_identify(tello_ws/detect_phone) by extensions ['colcon_meta']
[0.308s] Level 1:colcon.colcon_core.package_identification:_identify(tello_ws/detect_phone) by extension 'colcon_meta'
[0.308s] Level 1:colcon.colcon_core.package_identification:_identify(tello_ws/detect_phone) by extensions ['ros']
[0.308s] Level 1:colcon.colcon_core.package_identification:_identify(tello_ws/detect_phone) by extension 'ros'
[0.308s] Level 1:colcon.colcon_core.package_identification:_identify(tello_ws/detect_phone) by extensions ['cmake', 'python']
[0.308s] Level 1:colcon.colcon_core.package_identification:_identify(tello_ws/detect_phone) by extension 'cmake'
[0.308s] Level 1:colcon.colcon_core.package_identification:_identify(tello_ws/detect_phone) by extension 'python'
[0.309s] Level 1:colcon.colcon_core.package_identification:_identify(tello_ws/detect_phone) by extensions ['python_setup_py']
[0.309s] Level 1:colcon.colcon_core.package_identification:_identify(tello_ws/detect_phone) by extension 'python_setup_py'
[0.309s] Level 1:colcon.colcon_core.package_identification:_identify(tello_ws/install) by extensions ['ignore', 'ignore_ament_install']
[0.309s] Level 1:colcon.colcon_core.package_identification:_identify(tello_ws/install) by extension 'ignore'
[0.309s] Level 1:colcon.colcon_core.package_identification:_identify(tello_ws/install) ignored
[0.309s] Level 1:colcon.colcon_core.package_identification:_identify(tello_ws/log) by extensions ['ignore', 'ignore_ament_install']
[0.309s] Level 1:colcon.colcon_core.package_identification:_identify(tello_ws/log) by extension 'ignore'
[0.309s] Level 1:colcon.colcon_core.package_identification:_identify(tello_ws/log) ignored
[0.309s] Level 1:colcon.colcon_core.package_identification:_identify(tello_ws/src) by extensions ['ignore', 'ignore_ament_install']
[0.309s] Level 1:colcon.colcon_core.package_identification:_identify(tello_ws/src) by extension 'ignore'
[0.309s] Level 1:colcon.colcon_core.package_identification:_identify(tello_ws/src) by extension 'ignore_ament_install'
[0.309s] Level 1:colcon.colcon_core.package_identification:_identify(tello_ws/src) by extensions ['colcon_pkg']
[0.309s] Level 1:colcon.colcon_core.package_identification:_identify(tello_ws/src) by extension 'colcon_pkg'
[0.309s] Level 1:colcon.colcon_core.package_identification:_identify(tello_ws/src) by extensions ['colcon_meta']
[0.309s] Level 1:colcon.colcon_core.package_identification:_identify(tello_ws/src) by extension 'colcon_meta'
[0.309s] Level 1:colcon.colcon_core.package_identification:_identify(tello_ws/src) by extensions ['ros']
[0.309s] Level 1:colcon.colcon_core.package_identification:_identify(tello_ws/src) by extension 'ros'
[0.309s] Level 1:colcon.colcon_core.package_identification:_identify(tello_ws/src) by extensions ['cmake', 'python']
[0.309s] Level 1:colcon.colcon_core.package_identification:_identify(tello_ws/src) by extension 'cmake'
[0.309s] Level 1:colcon.colcon_core.package_identification:_identify(tello_ws/src) by extension 'python'
[0.309s] Level 1:colcon.colcon_core.package_identification:_identify(tello_ws/src) by extensions ['python_setup_py']
[0.309s] Level 1:colcon.colcon_core.package_identification:_identify(tello_ws/src) by extension 'python_setup_py'
[0.309s] Level 1:colcon.colcon_core.package_identification:_identify(tello_ws/src/tello_pkg) by extensions ['ignore', 'ignore_ament_install']
[0.310s] Level 1:colcon.colcon_core.package_identification:_identify(tello_ws/src/tello_pkg) by extension 'ignore'
[0.310s] Level 1:colcon.colcon_core.package_identification:_identify(tello_ws/src/tello_pkg) by extension 'ignore_ament_install'
[0.310s] Level 1:colcon.colcon_core.package_identification:_identify(tello_ws/src/tello_pkg) by extensions ['colcon_pkg']
[0.310s] Level 1:colcon.colcon_core.package_identification:_identify(tello_ws/src/tello_pkg) by extension 'colcon_pkg'
[0.310s] Level 1:colcon.colcon_core.package_identification:_identify(tello_ws/src/tello_pkg) by extensions ['colcon_meta']
[0.310s] Level 1:colcon.colcon_core.package_identification:_identify(tello_ws/src/tello_pkg) by extension 'colcon_meta'
[0.310s] Level 1:colcon.colcon_core.package_identification:_identify(tello_ws/src/tello_pkg) by extensions ['ros']
[0.310s] Level 1:colcon.colcon_core.package_identification:_identify(tello_ws/src/tello_pkg) by extension 'ros'
[0.310s] DEBUG:colcon.colcon_core.package_identification:Package 'tello_ws/src/tello_pkg' with type 'ros.ament_python' and name 'tello_pkg'
[0.310s] Level 1:colcon.colcon_core.package_discovery:discover_packages(recursive) using defaults
[0.310s] Level 1:colcon.colcon_core.package_discovery:discover_packages(ignore) discover
[0.310s] Level 1:colcon.colcon_core.package_discovery:discover_packages(ignore) using defaults
[0.310s] Level 1:colcon.colcon_core.package_discovery:discover_packages(path) discover
[0.311s] Level 1:colcon.colcon_core.package_discovery:discover_packages(path) using defaults
[0.325s] INFO:colcon.colcon_core.package_selection:Skipping not selected package 'orbslam2' in 'tello-ros2/slam/src/orbslam2'
[0.325s] INFO:colcon.colcon_core.package_selection:Skipping not selected package 'ros2_aruco' in 'ros2_aruco/ros2_aruco'
[0.325s] INFO:colcon.colcon_core.package_selection:Skipping not selected package 'ros2_aruco_interfaces' in 'ros2_aruco/ros2_aruco_interfaces'
[0.325s] INFO:colcon.colcon_core.package_selection:Skipping not selected package 'tello_control' in 'tello-ros2/workspace/src/tello_control'
[0.325s] INFO:colcon.colcon_core.package_selection:Skipping not selected package 'tello_msg' in 'tello-ros2/workspace/src/tello_msg'
[0.325s] INFO:colcon.colcon_core.package_selection:Skipping not selected package 'tello' in 'tello-ros2/workspace/src/tello'
[0.326s] Level 5:colcon.colcon_core.verb:set package 'tello_pkg' build argument 'cmake_args' from command line to 'None'
[0.326s] Level 5:colcon.colcon_core.verb:set package 'tello_pkg' build argument 'cmake_target' from command line to 'None'
[0.326s] Level 5:colcon.colcon_core.verb:set package 'tello_pkg' build argument 'cmake_target_skip_unavailable' from command line to 'False'
[0.326s] Level 5:colcon.colcon_core.verb:set package 'tello_pkg' build argument 'cmake_clean_cache' from command line to 'False'
[0.326s] Level 5:colcon.colcon_core.verb:set package 'tello_pkg' build argument 'cmake_clean_first' from command line to 'False'
[0.326s] Level 5:colcon.colcon_core.verb:set package 'tello_pkg' build argument 'cmake_force_configure' from command line to 'False'
[0.326s] Level 5:colcon.colcon_core.verb:set package 'tello_pkg' build argument 'ament_cmake_args' from command line to 'None'
[0.326s] Level 5:colcon.colcon_core.verb:set package 'tello_pkg' build argument 'catkin_cmake_args' from command line to 'None'
[0.326s] Level 5:colcon.colcon_core.verb:set package 'tello_pkg' build argument 'catkin_skip_building_tests' from command line to 'False'
[0.326s] DEBUG:colcon.colcon_core.verb:Building package 'tello_pkg' with the following arguments: {'ament_cmake_args': None, 'build_base': '/root/tello_MD/wrk_src/build/tello_pkg', 'catkin_cmake_args': None, 'catkin_skip_building_tests': False, 'cmake_args': None, 'cmake_clean_cache': False, 'cmake_clean_first': False, 'cmake_force_configure': False, 'cmake_target': None, 'cmake_target_skip_unavailable': False, 'install_base': '/root/tello_MD/wrk_src/install/tello_pkg', 'merge_install': False, 'path': '/root/tello_MD/wrk_src/tello_ws/src/tello_pkg', 'symlink_install': False, 'test_result_base': None}
[0.327s] INFO:colcon.colcon_core.executor:Executing jobs using 'parallel' executor
[0.330s] DEBUG:colcon.colcon_parallel_executor.executor.parallel:run_until_complete
[0.330s] INFO:colcon.colcon_ros.task.ament_python.build:Building ROS package in '/root/tello_MD/wrk_src/tello_ws/src/tello_pkg' with build type 'ament_python'
[0.330s] Level 1:colcon.colcon_core.shell:create_environment_hook('tello_pkg', 'ament_prefix_path')
[0.339s] INFO:colcon.colcon_core.plugin_system:Skipping extension 'colcon_core.shell.bat': Not used on non-Windows systems
[0.340s] INFO:colcon.colcon_core.shell:Creating environment hook '/root/tello_MD/wrk_src/install/tello_pkg/share/tello_pkg/hook/ament_prefix_path.ps1'
[0.340s] INFO:colcon.colcon_core.shell:Creating environment descriptor '/root/tello_MD/wrk_src/install/tello_pkg/share/tello_pkg/hook/ament_prefix_path.dsv'
[0.340s] INFO:colcon.colcon_core.shell:Creating environment hook '/root/tello_MD/wrk_src/install/tello_pkg/share/tello_pkg/hook/ament_prefix_path.sh'
[0.342s] INFO:colcon.colcon_core.shell:Skip shell extension 'powershell' for command environment: Not usable outside of PowerShell
[0.342s] DEBUG:colcon.colcon_core.shell:Skip shell extension 'dsv' for command environment
[0.523s] INFO:colcon.colcon_core.task.python.build:Building Python package in '/root/tello_MD/wrk_src/tello_ws/src/tello_pkg'
[0.524s] INFO:colcon.colcon_core.shell:Skip shell extension 'powershell' for command environment: Not usable outside of PowerShell
[0.524s] DEBUG:colcon.colcon_core.shell:Skip shell extension 'dsv' for command environment
[0.839s] DEBUG:colcon.colcon_core.event_handler.log_command:Invoking command in '/root/tello_MD/wrk_src/tello_ws/src/tello_pkg': PYTHONPATH=/root/tello_MD/wrk_src/build/tello_pkg/prefix_override:/root/tello_MD/wrk_src/install/tello_pkg/lib/python3.8/site-packages:${PYTHONPATH} /usr/bin/python3 setup.py egg_info --egg-base ../../../build/tello_pkg build --build-base /root/tello_MD/wrk_src/build/tello_pkg/build install --record /root/tello_MD/wrk_src/build/tello_pkg/install.log --install-scripts $base/lib/tello_pkg --single-version-externally-managed
[1.076s] DEBUG:colcon.colcon_core.event_handler.log_command:Invoked command in '/root/tello_MD/wrk_src/tello_ws/src/tello_pkg' returned '0': PYTHONPATH=/root/tello_MD/wrk_src/build/tello_pkg/prefix_override:/root/tello_MD/wrk_src/install/tello_pkg/lib/python3.8/site-packages:${PYTHONPATH} /usr/bin/python3 setup.py egg_info --egg-base ../../../build/tello_pkg build --build-base /root/tello_MD/wrk_src/build/tello_pkg/build install --record /root/tello_MD/wrk_src/build/tello_pkg/install.log --install-scripts $base/lib/tello_pkg --single-version-externally-managed
[1.082s] Level 1:colcon.colcon_core.environment:checking '/root/tello_MD/wrk_src/install/tello_pkg' for CMake module files
[1.082s] Level 1:colcon.colcon_core.environment:checking '/root/tello_MD/wrk_src/install/tello_pkg' for CMake config files
[1.083s] Level 1:colcon.colcon_core.environment:checking '/root/tello_MD/wrk_src/install/tello_pkg/lib'
[1.083s] Level 1:colcon.colcon_core.environment:checking '/root/tello_MD/wrk_src/install/tello_pkg/bin'
[1.083s] Level 1:colcon.colcon_core.environment:checking '/root/tello_MD/wrk_src/install/tello_pkg/lib/pkgconfig/tello_pkg.pc'
[1.083s] Level 1:colcon.colcon_core.environment:checking '/root/tello_MD/wrk_src/install/tello_pkg/lib/python3.8/site-packages'
[1.083s] Level 1:colcon.colcon_core.shell:create_environment_hook('tello_pkg', 'pythonpath')
[1.084s] INFO:colcon.colcon_core.shell:Creating environment hook '/root/tello_MD/wrk_src/install/tello_pkg/share/tello_pkg/hook/pythonpath.ps1'
[1.085s] INFO:colcon.colcon_core.shell:Creating environment descriptor '/root/tello_MD/wrk_src/install/tello_pkg/share/tello_pkg/hook/pythonpath.dsv'
[1.085s] INFO:colcon.colcon_core.shell:Creating environment hook '/root/tello_MD/wrk_src/install/tello_pkg/share/tello_pkg/hook/pythonpath.sh'
[1.086s] Level 1:colcon.colcon_core.environment:checking '/root/tello_MD/wrk_src/install/tello_pkg/bin'
[1.086s] Level 1:colcon.colcon_core.environment:create_environment_scripts_only(tello_pkg)
[1.087s] INFO:colcon.colcon_core.shell:Creating package script '/root/tello_MD/wrk_src/install/tello_pkg/share/tello_pkg/package.ps1'
[1.088s] INFO:colcon.colcon_core.shell:Creating package descriptor '/root/tello_MD/wrk_src/install/tello_pkg/share/tello_pkg/package.dsv'
[1.088s] INFO:colcon.colcon_core.shell:Creating package script '/root/tello_MD/wrk_src/install/tello_pkg/share/tello_pkg/package.sh'
[1.089s] INFO:colcon.colcon_core.shell:Creating package script '/root/tello_MD/wrk_src/install/tello_pkg/share/tello_pkg/package.bash'
[1.089s] INFO:colcon.colcon_core.shell:Creating package script '/root/tello_MD/wrk_src/install/tello_pkg/share/tello_pkg/package.zsh'
[1.090s] Level 1:colcon.colcon_core.environment:create_file_with_runtime_dependencies(/root/tello_MD/wrk_src/install/tello_pkg/share/colcon-core/packages/tello_pkg)
[1.090s] DEBUG:colcon.colcon_parallel_executor.executor.parallel:closing loop
[1.090s] DEBUG:colcon.colcon_parallel_executor.executor.parallel:loop closed
[1.091s] DEBUG:colcon.colcon_parallel_executor.executor.parallel:run_until_complete finished with '0'
[1.091s] DEBUG:colcon.colcon_core.event_reactor:joining thread
[1.096s] INFO:colcon.colcon_core.plugin_system:Skipping extension 'colcon_notification.desktop_notification.notify_send': Could not find 'notify-send'
[1.096s] INFO:colcon.colcon_core.plugin_system:Skipping extension 'colcon_notification.desktop_notification.terminal_notifier': Not used on non-Darwin systems
[1.096s] INFO:colcon.colcon_core.plugin_system:Skipping extension 'colcon_notification.desktop_notification.win32': Not used on non-Windows systems
[1.096s] INFO:colcon.colcon_notification.desktop_notification:Sending desktop notification using 'notify2'
[1.099s] DEBUG:colcon.colcon_notification.desktop_notification.notify2:Failed to initialize notify2: org.freedesktop.DBus.Error.Spawn.ExecFailed: /usr/bin/dbus-launch terminated abnormally without any error message
[1.100s] DEBUG:colcon.colcon_core.event_reactor:joined thread
[1.102s] INFO:colcon.colcon_core.shell:Creating prefix script '/root/tello_MD/wrk_src/install/local_setup.ps1'
[1.103s] INFO:colcon.colcon_core.shell:Creating prefix util module '/root/tello_MD/wrk_src/install/_local_setup_util_ps1.py'
[1.104s] INFO:colcon.colcon_core.shell:Creating prefix chain script '/root/tello_MD/wrk_src/install/setup.ps1'
[1.106s] INFO:colcon.colcon_core.shell:Creating prefix script '/root/tello_MD/wrk_src/install/local_setup.sh'
[1.106s] INFO:colcon.colcon_core.shell:Creating prefix util module '/root/tello_MD/wrk_src/install/_local_setup_util_sh.py'
[1.107s] INFO:colcon.colcon_core.shell:Creating prefix chain script '/root/tello_MD/wrk_src/install/setup.sh'
[1.108s] INFO:colcon.colcon_core.shell:Creating prefix script '/root/tello_MD/wrk_src/install/local_setup.bash'
[1.108s] INFO:colcon.colcon_core.shell:Creating prefix chain script '/root/tello_MD/wrk_src/install/setup.bash'
[1.109s] INFO:colcon.colcon_core.shell:Creating prefix script '/root/tello_MD/wrk_src/install/local_setup.zsh'
[1.109s] INFO:colcon.colcon_core.shell:Creating prefix chain script '/root/tello_MD/wrk_src/install/setup.zsh'
