[0.322s] DEBUG:colcon:Command line arguments: ['/usr/bin/colcon', 'build', '--packages-select', 'tello_pkg']
[0.322s] DEBUG:colcon:Parsed command line arguments: Namespace(ament_cmake_args=None, base_paths=['.'], build_base='build', catkin_cmake_args=None, catkin_skip_building_tests=False, cmake_args=None, cmake_clean_cache=False, cmake_clean_first=False, cmake_force_configure=False, cmake_target=None, cmake_target_skip_unavailable=False, continue_on_error=False, event_handlers=None, executor='parallel', ignore_user_meta=False, install_base='install', log_base=None, log_level=None, main=<bound method BuildVerb.main of <colcon_core.verb.build.BuildVerb object at 0x7ff9cad9ea60>>, merge_install=False, metas=['./colcon.meta'], mixin=None, mixin_files=None, mixin_verb=('build',), packages_above=None, packages_above_and_dependencies=None, packages_above_depth=None, packages_end=None, packages_ignore=None, packages_ignore_regex=None, packages_select=['tello_pkg'], packages_select_build_failed=False, packages_select_by_dep=None, packages_select_regex=None, packages_select_test_failures=False, packages_skip=None, packages_skip_build_finished=False, packages_skip_by_dep=None, packages_skip_regex=None, packages_skip_test_passed=False, packages_skip_up_to=None, packages_start=None, packages_up_to=None, packages_up_to_regex=None, parallel_workers=8, paths=None, symlink_install=False, test_result_base=None, verb_extension=<colcon_core.verb.build.BuildVerb object at 0x7ff9cad9ea60>, verb_name='build', verb_parser=<colcon_mixin.mixin.mixin_argument.MixinArgumentDecorator object at 0x7ff9cadac370>)
[0.470s] Level 1:colcon.colcon_core.package_discovery:discover_packages(colcon_meta) check parameters
[0.471s] INFO:colcon.colcon_metadata.package_discovery.colcon_meta:Using configuration from '/root/.colcon/metadata/default/Gazebo.meta'
[0.474s] INFO:colcon.colcon_metadata.package_discovery.colcon_meta:Using configuration from '/root/.colcon/metadata/default/fastrtps.meta'
[0.474s] Level 1:colcon.colcon_core.package_discovery:discover_packages(recursive) check parameters
[0.474s] Level 1:colcon.colcon_core.package_discovery:discover_packages(ignore) check parameters
[0.474s] Level 1:colcon.colcon_core.package_discovery:discover_packages(path) check parameters
[0.474s] Level 1:colcon.colcon_core.package_discovery:discover_packages(colcon_meta) discover
[0.475s] Level 1:colcon.colcon_core.package_discovery:discover_packages(recursive) discover
[0.475s] INFO:colcon.colcon_core.package_discovery:Crawling recursively for packages in '/root/docker_tello_ros2/tello_ws'
[0.475s] Level 1:colcon.colcon_core.package_identification:_identify(.) by extensions ['ignore', 'ignore_ament_install']
[0.475s] Level 1:colcon.colcon_core.package_identification:_identify(.) by extension 'ignore'
[0.475s] Level 1:colcon.colcon_core.package_identification:_identify(.) by extension 'ignore_ament_install'
[0.475s] Level 1:colcon.colcon_core.package_identification:_identify(.) by extensions ['colcon_pkg']
[0.475s] Level 1:colcon.colcon_core.package_identification:_identify(.) by extension 'colcon_pkg'
[0.475s] Level 1:colcon.colcon_core.package_identification:_identify(.) by extensions ['colcon_meta']
[0.475s] Level 1:colcon.colcon_core.package_identification:_identify(.) by extension 'colcon_meta'
[0.475s] Level 1:colcon.colcon_core.package_identification:_identify(.) by extensions ['ros']
[0.475s] Level 1:colcon.colcon_core.package_identification:_identify(.) by extension 'ros'
[0.489s] Level 1:colcon.colcon_core.package_identification:_identify(.) by extensions ['cmake', 'python']
[0.489s] Level 1:colcon.colcon_core.package_identification:_identify(.) by extension 'cmake'
[0.490s] Level 1:colcon.colcon_core.package_identification:_identify(.) by extension 'python'
[0.490s] Level 1:colcon.colcon_core.package_identification:_identify(.) by extensions ['python_setup_py']
[0.490s] Level 1:colcon.colcon_core.package_identification:_identify(.) by extension 'python_setup_py'
[0.490s] Level 1:colcon.colcon_core.package_identification:_identify(build) by extensions ['ignore', 'ignore_ament_install']
[0.490s] Level 1:colcon.colcon_core.package_identification:_identify(build) by extension 'ignore'
[0.490s] Level 1:colcon.colcon_core.package_identification:_identify(build) ignored
[0.490s] Level 1:colcon.colcon_core.package_identification:_identify(calibration) by extensions ['ignore', 'ignore_ament_install']
[0.490s] Level 1:colcon.colcon_core.package_identification:_identify(calibration) by extension 'ignore'
[0.490s] Level 1:colcon.colcon_core.package_identification:_identify(calibration) by extension 'ignore_ament_install'
[0.490s] Level 1:colcon.colcon_core.package_identification:_identify(calibration) by extensions ['colcon_pkg']
[0.490s] Level 1:colcon.colcon_core.package_identification:_identify(calibration) by extension 'colcon_pkg'
[0.491s] Level 1:colcon.colcon_core.package_identification:_identify(calibration) by extensions ['colcon_meta']
[0.491s] Level 1:colcon.colcon_core.package_identification:_identify(calibration) by extension 'colcon_meta'
[0.491s] Level 1:colcon.colcon_core.package_identification:_identify(calibration) by extensions ['ros']
[0.491s] Level 1:colcon.colcon_core.package_identification:_identify(calibration) by extension 'ros'
[0.491s] Level 1:colcon.colcon_core.package_identification:_identify(calibration) by extensions ['cmake', 'python']
[0.491s] Level 1:colcon.colcon_core.package_identification:_identify(calibration) by extension 'cmake'
[0.491s] Level 1:colcon.colcon_core.package_identification:_identify(calibration) by extension 'python'
[0.491s] Level 1:colcon.colcon_core.package_identification:_identify(calibration) by extensions ['python_setup_py']
[0.491s] Level 1:colcon.colcon_core.package_identification:_identify(calibration) by extension 'python_setup_py'
[0.491s] Level 1:colcon.colcon_core.package_identification:_identify(calibration_phone) by extensions ['ignore', 'ignore_ament_install']
[0.491s] Level 1:colcon.colcon_core.package_identification:_identify(calibration_phone) by extension 'ignore'
[0.491s] Level 1:colcon.colcon_core.package_identification:_identify(calibration_phone) by extension 'ignore_ament_install'
[0.491s] Level 1:colcon.colcon_core.package_identification:_identify(calibration_phone) by extensions ['colcon_pkg']
[0.491s] Level 1:colcon.colcon_core.package_identification:_identify(calibration_phone) by extension 'colcon_pkg'
[0.491s] Level 1:colcon.colcon_core.package_identification:_identify(calibration_phone) by extensions ['colcon_meta']
[0.491s] Level 1:colcon.colcon_core.package_identification:_identify(calibration_phone) by extension 'colcon_meta'
[0.492s] Level 1:colcon.colcon_core.package_identification:_identify(calibration_phone) by extensions ['ros']
[0.492s] Level 1:colcon.colcon_core.package_identification:_identify(calibration_phone) by extension 'ros'
[0.492s] Level 1:colcon.colcon_core.package_identification:_identify(calibration_phone) by extensions ['cmake', 'python']
[0.492s] Level 1:colcon.colcon_core.package_identification:_identify(calibration_phone) by extension 'cmake'
[0.492s] Level 1:colcon.colcon_core.package_identification:_identify(calibration_phone) by extension 'python'
[0.492s] Level 1:colcon.colcon_core.package_identification:_identify(calibration_phone) by extensions ['python_setup_py']
[0.492s] Level 1:colcon.colcon_core.package_identification:_identify(calibration_phone) by extension 'python_setup_py'
[0.492s] Level 1:colcon.colcon_core.package_identification:_identify(detect) by extensions ['ignore', 'ignore_ament_install']
[0.492s] Level 1:colcon.colcon_core.package_identification:_identify(detect) by extension 'ignore'
[0.492s] Level 1:colcon.colcon_core.package_identification:_identify(detect) by extension 'ignore_ament_install'
[0.492s] Level 1:colcon.colcon_core.package_identification:_identify(detect) by extensions ['colcon_pkg']
[0.492s] Level 1:colcon.colcon_core.package_identification:_identify(detect) by extension 'colcon_pkg'
[0.492s] Level 1:colcon.colcon_core.package_identification:_identify(detect) by extensions ['colcon_meta']
[0.492s] Level 1:colcon.colcon_core.package_identification:_identify(detect) by extension 'colcon_meta'
[0.492s] Level 1:colcon.colcon_core.package_identification:_identify(detect) by extensions ['ros']
[0.493s] Level 1:colcon.colcon_core.package_identification:_identify(detect) by extension 'ros'
[0.493s] Level 1:colcon.colcon_core.package_identification:_identify(detect) by extensions ['cmake', 'python']
[0.493s] Level 1:colcon.colcon_core.package_identification:_identify(detect) by extension 'cmake'
[0.493s] Level 1:colcon.colcon_core.package_identification:_identify(detect) by extension 'python'
[0.493s] Level 1:colcon.colcon_core.package_identification:_identify(detect) by extensions ['python_setup_py']
[0.493s] Level 1:colcon.colcon_core.package_identification:_identify(detect) by extension 'python_setup_py'
[0.493s] Level 1:colcon.colcon_core.package_identification:_identify(detect_phone) by extensions ['ignore', 'ignore_ament_install']
[0.493s] Level 1:colcon.colcon_core.package_identification:_identify(detect_phone) by extension 'ignore'
[0.493s] Level 1:colcon.colcon_core.package_identification:_identify(detect_phone) by extension 'ignore_ament_install'
[0.493s] Level 1:colcon.colcon_core.package_identification:_identify(detect_phone) by extensions ['colcon_pkg']
[0.493s] Level 1:colcon.colcon_core.package_identification:_identify(detect_phone) by extension 'colcon_pkg'
[0.493s] Level 1:colcon.colcon_core.package_identification:_identify(detect_phone) by extensions ['colcon_meta']
[0.493s] Level 1:colcon.colcon_core.package_identification:_identify(detect_phone) by extension 'colcon_meta'
[0.493s] Level 1:colcon.colcon_core.package_identification:_identify(detect_phone) by extensions ['ros']
[0.493s] Level 1:colcon.colcon_core.package_identification:_identify(detect_phone) by extension 'ros'
[0.494s] Level 1:colcon.colcon_core.package_identification:_identify(detect_phone) by extensions ['cmake', 'python']
[0.494s] Level 1:colcon.colcon_core.package_identification:_identify(detect_phone) by extension 'cmake'
[0.494s] Level 1:colcon.colcon_core.package_identification:_identify(detect_phone) by extension 'python'
[0.494s] Level 1:colcon.colcon_core.package_identification:_identify(detect_phone) by extensions ['python_setup_py']
[0.494s] Level 1:colcon.colcon_core.package_identification:_identify(detect_phone) by extension 'python_setup_py'
[0.494s] Level 1:colcon.colcon_core.package_identification:_identify(install) by extensions ['ignore', 'ignore_ament_install']
[0.494s] Level 1:colcon.colcon_core.package_identification:_identify(install) by extension 'ignore'
[0.494s] Level 1:colcon.colcon_core.package_identification:_identify(install) ignored
[0.494s] Level 1:colcon.colcon_core.package_identification:_identify(log) by extensions ['ignore', 'ignore_ament_install']
[0.494s] Level 1:colcon.colcon_core.package_identification:_identify(log) by extension 'ignore'
[0.494s] Level 1:colcon.colcon_core.package_identification:_identify(log) ignored
[0.494s] Level 1:colcon.colcon_core.package_identification:_identify(src) by extensions ['ignore', 'ignore_ament_install']
[0.494s] Level 1:colcon.colcon_core.package_identification:_identify(src) by extension 'ignore'
[0.495s] Level 1:colcon.colcon_core.package_identification:_identify(src) by extension 'ignore_ament_install'
[0.495s] Level 1:colcon.colcon_core.package_identification:_identify(src) by extensions ['colcon_pkg']
[0.495s] Level 1:colcon.colcon_core.package_identification:_identify(src) by extension 'colcon_pkg'
[0.495s] Level 1:colcon.colcon_core.package_identification:_identify(src) by extensions ['colcon_meta']
[0.495s] Level 1:colcon.colcon_core.package_identification:_identify(src) by extension 'colcon_meta'
[0.495s] Level 1:colcon.colcon_core.package_identification:_identify(src) by extensions ['ros']
[0.495s] Level 1:colcon.colcon_core.package_identification:_identify(src) by extension 'ros'
[0.495s] Level 1:colcon.colcon_core.package_identification:_identify(src) by extensions ['cmake', 'python']
[0.495s] Level 1:colcon.colcon_core.package_identification:_identify(src) by extension 'cmake'
[0.495s] Level 1:colcon.colcon_core.package_identification:_identify(src) by extension 'python'
[0.495s] Level 1:colcon.colcon_core.package_identification:_identify(src) by extensions ['python_setup_py']
[0.495s] Level 1:colcon.colcon_core.package_identification:_identify(src) by extension 'python_setup_py'
[0.495s] Level 1:colcon.colcon_core.package_identification:_identify(src/tello_pkg) by extensions ['ignore', 'ignore_ament_install']
[0.495s] Level 1:colcon.colcon_core.package_identification:_identify(src/tello_pkg) by extension 'ignore'
[0.496s] Level 1:colcon.colcon_core.package_identification:_identify(src/tello_pkg) by extension 'ignore_ament_install'
[0.496s] Level 1:colcon.colcon_core.package_identification:_identify(src/tello_pkg) by extensions ['colcon_pkg']
[0.496s] Level 1:colcon.colcon_core.package_identification:_identify(src/tello_pkg) by extension 'colcon_pkg'
[0.496s] Level 1:colcon.colcon_core.package_identification:_identify(src/tello_pkg) by extensions ['colcon_meta']
[0.496s] Level 1:colcon.colcon_core.package_identification:_identify(src/tello_pkg) by extension 'colcon_meta'
[0.496s] Level 1:colcon.colcon_core.package_identification:_identify(src/tello_pkg) by extensions ['ros']
[0.496s] Level 1:colcon.colcon_core.package_identification:_identify(src/tello_pkg) by extension 'ros'
[0.501s] DEBUG:colcon.colcon_core.package_identification:Package 'src/tello_pkg' with type 'ros.ament_python' and name 'tello_pkg'
[0.501s] Level 1:colcon.colcon_core.package_identification:_identify(tentone) by extensions ['ignore', 'ignore_ament_install']
[0.502s] Level 1:colcon.colcon_core.package_identification:_identify(tentone) by extension 'ignore'
[0.502s] Level 1:colcon.colcon_core.package_identification:_identify(tentone) by extension 'ignore_ament_install'
[0.502s] Level 1:colcon.colcon_core.package_identification:_identify(tentone) by extensions ['colcon_pkg']
[0.502s] Level 1:colcon.colcon_core.package_identification:_identify(tentone) by extension 'colcon_pkg'
[0.502s] Level 1:colcon.colcon_core.package_identification:_identify(tentone) by extensions ['colcon_meta']
[0.502s] Level 1:colcon.colcon_core.package_identification:_identify(tentone) by extension 'colcon_meta'
[0.502s] Level 1:colcon.colcon_core.package_identification:_identify(tentone) by extensions ['ros']
[0.502s] Level 1:colcon.colcon_core.package_identification:_identify(tentone) by extension 'ros'
[0.502s] Level 1:colcon.colcon_core.package_identification:_identify(tentone) by extensions ['cmake', 'python']
[0.502s] Level 1:colcon.colcon_core.package_identification:_identify(tentone) by extension 'cmake'
[0.503s] Level 1:colcon.colcon_core.package_identification:_identify(tentone) by extension 'python'
[0.503s] Level 1:colcon.colcon_core.package_identification:_identify(tentone) by extensions ['python_setup_py']
[0.503s] Level 1:colcon.colcon_core.package_identification:_identify(tentone) by extension 'python_setup_py'
[0.503s] Level 1:colcon.colcon_core.package_identification:_identify(tentone/tello-ros2) by extensions ['ignore', 'ignore_ament_install']
[0.503s] Level 1:colcon.colcon_core.package_identification:_identify(tentone/tello-ros2) by extension 'ignore'
[0.503s] Level 1:colcon.colcon_core.package_identification:_identify(tentone/tello-ros2) by extension 'ignore_ament_install'
[0.503s] Level 1:colcon.colcon_core.package_identification:_identify(tentone/tello-ros2) by extensions ['colcon_pkg']
[0.503s] Level 1:colcon.colcon_core.package_identification:_identify(tentone/tello-ros2) by extension 'colcon_pkg'
[0.503s] Level 1:colcon.colcon_core.package_identification:_identify(tentone/tello-ros2) by extensions ['colcon_meta']
[0.503s] Level 1:colcon.colcon_core.package_identification:_identify(tentone/tello-ros2) by extension 'colcon_meta'
[0.503s] Level 1:colcon.colcon_core.package_identification:_identify(tentone/tello-ros2) by extensions ['ros']
[0.503s] Level 1:colcon.colcon_core.package_identification:_identify(tentone/tello-ros2) by extension 'ros'
[0.504s] Level 1:colcon.colcon_core.package_identification:_identify(tentone/tello-ros2) by extensions ['cmake', 'python']
[0.504s] Level 1:colcon.colcon_core.package_identification:_identify(tentone/tello-ros2) by extension 'cmake'
[0.504s] Level 1:colcon.colcon_core.package_identification:_identify(tentone/tello-ros2) by extension 'python'
[0.504s] Level 1:colcon.colcon_core.package_identification:_identify(tentone/tello-ros2) by extensions ['python_setup_py']
[0.504s] Level 1:colcon.colcon_core.package_identification:_identify(tentone/tello-ros2) by extension 'python_setup_py'
[0.504s] Level 1:colcon.colcon_core.package_identification:_identify(tentone/tello-ros2/readme) by extensions ['ignore', 'ignore_ament_install']
[0.504s] Level 1:colcon.colcon_core.package_identification:_identify(tentone/tello-ros2/readme) by extension 'ignore'
[0.504s] Level 1:colcon.colcon_core.package_identification:_identify(tentone/tello-ros2/readme) by extension 'ignore_ament_install'
[0.504s] Level 1:colcon.colcon_core.package_identification:_identify(tentone/tello-ros2/readme) by extensions ['colcon_pkg']
[0.504s] Level 1:colcon.colcon_core.package_identification:_identify(tentone/tello-ros2/readme) by extension 'colcon_pkg'
[0.504s] Level 1:colcon.colcon_core.package_identification:_identify(tentone/tello-ros2/readme) by extensions ['colcon_meta']
[0.504s] Level 1:colcon.colcon_core.package_identification:_identify(tentone/tello-ros2/readme) by extension 'colcon_meta'
[0.505s] Level 1:colcon.colcon_core.package_identification:_identify(tentone/tello-ros2/readme) by extensions ['ros']
[0.505s] Level 1:colcon.colcon_core.package_identification:_identify(tentone/tello-ros2/readme) by extension 'ros'
[0.505s] Level 1:colcon.colcon_core.package_identification:_identify(tentone/tello-ros2/readme) by extensions ['cmake', 'python']
[0.505s] Level 1:colcon.colcon_core.package_identification:_identify(tentone/tello-ros2/readme) by extension 'cmake'
[0.505s] Level 1:colcon.colcon_core.package_identification:_identify(tentone/tello-ros2/readme) by extension 'python'
[0.505s] Level 1:colcon.colcon_core.package_identification:_identify(tentone/tello-ros2/readme) by extensions ['python_setup_py']
[0.505s] Level 1:colcon.colcon_core.package_identification:_identify(tentone/tello-ros2/readme) by extension 'python_setup_py'
[0.505s] Level 1:colcon.colcon_core.package_identification:_identify(tentone/tello-ros2/scripts) by extensions ['ignore', 'ignore_ament_install']
[0.505s] Level 1:colcon.colcon_core.package_identification:_identify(tentone/tello-ros2/scripts) by extension 'ignore'
[0.506s] Level 1:colcon.colcon_core.package_identification:_identify(tentone/tello-ros2/scripts) by extension 'ignore_ament_install'
[0.506s] Level 1:colcon.colcon_core.package_identification:_identify(tentone/tello-ros2/scripts) by extensions ['colcon_pkg']
[0.506s] Level 1:colcon.colcon_core.package_identification:_identify(tentone/tello-ros2/scripts) by extension 'colcon_pkg'
[0.506s] Level 1:colcon.colcon_core.package_identification:_identify(tentone/tello-ros2/scripts) by extensions ['colcon_meta']
[0.506s] Level 1:colcon.colcon_core.package_identification:_identify(tentone/tello-ros2/scripts) by extension 'colcon_meta'
[0.506s] Level 1:colcon.colcon_core.package_identification:_identify(tentone/tello-ros2/scripts) by extensions ['ros']
[0.506s] Level 1:colcon.colcon_core.package_identification:_identify(tentone/tello-ros2/scripts) by extension 'ros'
[0.506s] Level 1:colcon.colcon_core.package_identification:_identify(tentone/tello-ros2/scripts) by extensions ['cmake', 'python']
[0.506s] Level 1:colcon.colcon_core.package_identification:_identify(tentone/tello-ros2/scripts) by extension 'cmake'
[0.506s] Level 1:colcon.colcon_core.package_identification:_identify(tentone/tello-ros2/scripts) by extension 'python'
[0.506s] Level 1:colcon.colcon_core.package_identification:_identify(tentone/tello-ros2/scripts) by extensions ['python_setup_py']
[0.507s] Level 1:colcon.colcon_core.package_identification:_identify(tentone/tello-ros2/scripts) by extension 'python_setup_py'
[0.507s] Level 1:colcon.colcon_core.package_identification:_identify(tentone/tello-ros2/slam) by extensions ['ignore', 'ignore_ament_install']
[0.507s] Level 1:colcon.colcon_core.package_identification:_identify(tentone/tello-ros2/slam) by extension 'ignore'
[0.507s] Level 1:colcon.colcon_core.package_identification:_identify(tentone/tello-ros2/slam) by extension 'ignore_ament_install'
[0.507s] Level 1:colcon.colcon_core.package_identification:_identify(tentone/tello-ros2/slam) by extensions ['colcon_pkg']
[0.507s] Level 1:colcon.colcon_core.package_identification:_identify(tentone/tello-ros2/slam) by extension 'colcon_pkg'
[0.507s] Level 1:colcon.colcon_core.package_identification:_identify(tentone/tello-ros2/slam) by extensions ['colcon_meta']
[0.507s] Level 1:colcon.colcon_core.package_identification:_identify(tentone/tello-ros2/slam) by extension 'colcon_meta'
[0.508s] Level 1:colcon.colcon_core.package_identification:_identify(tentone/tello-ros2/slam) by extensions ['ros']
[0.508s] Level 1:colcon.colcon_core.package_identification:_identify(tentone/tello-ros2/slam) by extension 'ros'
[0.508s] Level 1:colcon.colcon_core.package_identification:_identify(tentone/tello-ros2/slam) by extensions ['cmake', 'python']
[0.508s] Level 1:colcon.colcon_core.package_identification:_identify(tentone/tello-ros2/slam) by extension 'cmake'
[0.508s] Level 1:colcon.colcon_core.package_identification:_identify(tentone/tello-ros2/slam) by extension 'python'
[0.508s] Level 1:colcon.colcon_core.package_identification:_identify(tentone/tello-ros2/slam) by extensions ['python_setup_py']
[0.508s] Level 1:colcon.colcon_core.package_identification:_identify(tentone/tello-ros2/slam) by extension 'python_setup_py'
[0.508s] Level 1:colcon.colcon_core.package_identification:_identify(tentone/tello-ros2/slam/src) by extensions ['ignore', 'ignore_ament_install']
[0.508s] Level 1:colcon.colcon_core.package_identification:_identify(tentone/tello-ros2/slam/src) by extension 'ignore'
[0.508s] Level 1:colcon.colcon_core.package_identification:_identify(tentone/tello-ros2/slam/src) by extension 'ignore_ament_install'
[0.508s] Level 1:colcon.colcon_core.package_identification:_identify(tentone/tello-ros2/slam/src) by extensions ['colcon_pkg']
[0.508s] Level 1:colcon.colcon_core.package_identification:_identify(tentone/tello-ros2/slam/src) by extension 'colcon_pkg'
[0.508s] Level 1:colcon.colcon_core.package_identification:_identify(tentone/tello-ros2/slam/src) by extensions ['colcon_meta']
[0.509s] Level 1:colcon.colcon_core.package_identification:_identify(tentone/tello-ros2/slam/src) by extension 'colcon_meta'
[0.509s] Level 1:colcon.colcon_core.package_identification:_identify(tentone/tello-ros2/slam/src) by extensions ['ros']
[0.509s] Level 1:colcon.colcon_core.package_identification:_identify(tentone/tello-ros2/slam/src) by extension 'ros'
[0.509s] Level 1:colcon.colcon_core.package_identification:_identify(tentone/tello-ros2/slam/src) by extensions ['cmake', 'python']
[0.509s] Level 1:colcon.colcon_core.package_identification:_identify(tentone/tello-ros2/slam/src) by extension 'cmake'
[0.509s] Level 1:colcon.colcon_core.package_identification:_identify(tentone/tello-ros2/slam/src) by extension 'python'
[0.509s] Level 1:colcon.colcon_core.package_identification:_identify(tentone/tello-ros2/slam/src) by extensions ['python_setup_py']
[0.509s] Level 1:colcon.colcon_core.package_identification:_identify(tentone/tello-ros2/slam/src) by extension 'python_setup_py'
[0.509s] Level 1:colcon.colcon_core.package_identification:_identify(tentone/tello-ros2/slam/src/orbslam2) by extensions ['ignore', 'ignore_ament_install']
[0.510s] Level 1:colcon.colcon_core.package_identification:_identify(tentone/tello-ros2/slam/src/orbslam2) by extension 'ignore'
[0.510s] Level 1:colcon.colcon_core.package_identification:_identify(tentone/tello-ros2/slam/src/orbslam2) by extension 'ignore_ament_install'
[0.510s] Level 1:colcon.colcon_core.package_identification:_identify(tentone/tello-ros2/slam/src/orbslam2) by extensions ['colcon_pkg']
[0.510s] Level 1:colcon.colcon_core.package_identification:_identify(tentone/tello-ros2/slam/src/orbslam2) by extension 'colcon_pkg'
[0.510s] Level 1:colcon.colcon_core.package_identification:_identify(tentone/tello-ros2/slam/src/orbslam2) by extensions ['colcon_meta']
[0.510s] Level 1:colcon.colcon_core.package_identification:_identify(tentone/tello-ros2/slam/src/orbslam2) by extension 'colcon_meta'
[0.510s] Level 1:colcon.colcon_core.package_identification:_identify(tentone/tello-ros2/slam/src/orbslam2) by extensions ['ros']
[0.510s] Level 1:colcon.colcon_core.package_identification:_identify(tentone/tello-ros2/slam/src/orbslam2) by extension 'ros'
[0.511s] DEBUG:colcon.colcon_core.package_identification:Package 'tentone/tello-ros2/slam/src/orbslam2' with type 'ros.ament_cmake' and name 'orbslam2'
[0.511s] Level 1:colcon.colcon_core.package_identification:_identify(tentone/tello-ros2/workspace) by extensions ['ignore', 'ignore_ament_install']
[0.511s] Level 1:colcon.colcon_core.package_identification:_identify(tentone/tello-ros2/workspace) by extension 'ignore'
[0.511s] Level 1:colcon.colcon_core.package_identification:_identify(tentone/tello-ros2/workspace) by extension 'ignore_ament_install'
[0.511s] Level 1:colcon.colcon_core.package_identification:_identify(tentone/tello-ros2/workspace) by extensions ['colcon_pkg']
[0.511s] Level 1:colcon.colcon_core.package_identification:_identify(tentone/tello-ros2/workspace) by extension 'colcon_pkg'
[0.512s] Level 1:colcon.colcon_core.package_identification:_identify(tentone/tello-ros2/workspace) by extensions ['colcon_meta']
[0.512s] Level 1:colcon.colcon_core.package_identification:_identify(tentone/tello-ros2/workspace) by extension 'colcon_meta'
[0.512s] Level 1:colcon.colcon_core.package_identification:_identify(tentone/tello-ros2/workspace) by extensions ['ros']
[0.512s] Level 1:colcon.colcon_core.package_identification:_identify(tentone/tello-ros2/workspace) by extension 'ros'
[0.512s] Level 1:colcon.colcon_core.package_identification:_identify(tentone/tello-ros2/workspace) by extensions ['cmake', 'python']
[0.512s] Level 1:colcon.colcon_core.package_identification:_identify(tentone/tello-ros2/workspace) by extension 'cmake'
[0.512s] Level 1:colcon.colcon_core.package_identification:_identify(tentone/tello-ros2/workspace) by extension 'python'
[0.512s] Level 1:colcon.colcon_core.package_identification:_identify(tentone/tello-ros2/workspace) by extensions ['python_setup_py']
[0.512s] Level 1:colcon.colcon_core.package_identification:_identify(tentone/tello-ros2/workspace) by extension 'python_setup_py'
[0.512s] Level 1:colcon.colcon_core.package_identification:_identify(tentone/tello-ros2/workspace/src) by extensions ['ignore', 'ignore_ament_install']
[0.512s] Level 1:colcon.colcon_core.package_identification:_identify(tentone/tello-ros2/workspace/src) by extension 'ignore'
[0.513s] Level 1:colcon.colcon_core.package_identification:_identify(tentone/tello-ros2/workspace/src) by extension 'ignore_ament_install'
[0.513s] Level 1:colcon.colcon_core.package_identification:_identify(tentone/tello-ros2/workspace/src) by extensions ['colcon_pkg']
[0.513s] Level 1:colcon.colcon_core.package_identification:_identify(tentone/tello-ros2/workspace/src) by extension 'colcon_pkg'
[0.513s] Level 1:colcon.colcon_core.package_identification:_identify(tentone/tello-ros2/workspace/src) by extensions ['colcon_meta']
[0.513s] Level 1:colcon.colcon_core.package_identification:_identify(tentone/tello-ros2/workspace/src) by extension 'colcon_meta'
[0.513s] Level 1:colcon.colcon_core.package_identification:_identify(tentone/tello-ros2/workspace/src) by extensions ['ros']
[0.513s] Level 1:colcon.colcon_core.package_identification:_identify(tentone/tello-ros2/workspace/src) by extension 'ros'
[0.513s] Level 1:colcon.colcon_core.package_identification:_identify(tentone/tello-ros2/workspace/src) by extensions ['cmake', 'python']
[0.513s] Level 1:colcon.colcon_core.package_identification:_identify(tentone/tello-ros2/workspace/src) by extension 'cmake'
[0.513s] Level 1:colcon.colcon_core.package_identification:_identify(tentone/tello-ros2/workspace/src) by extension 'python'
[0.513s] Level 1:colcon.colcon_core.package_identification:_identify(tentone/tello-ros2/workspace/src) by extensions ['python_setup_py']
[0.513s] Level 1:colcon.colcon_core.package_identification:_identify(tentone/tello-ros2/workspace/src) by extension 'python_setup_py'
[0.514s] Level 1:colcon.colcon_core.package_identification:_identify(tentone/tello-ros2/workspace/src/tello) by extensions ['ignore', 'ignore_ament_install']
[0.514s] Level 1:colcon.colcon_core.package_identification:_identify(tentone/tello-ros2/workspace/src/tello) by extension 'ignore'
[0.514s] Level 1:colcon.colcon_core.package_identification:_identify(tentone/tello-ros2/workspace/src/tello) by extension 'ignore_ament_install'
[0.514s] Level 1:colcon.colcon_core.package_identification:_identify(tentone/tello-ros2/workspace/src/tello) by extensions ['colcon_pkg']
[0.514s] Level 1:colcon.colcon_core.package_identification:_identify(tentone/tello-ros2/workspace/src/tello) by extension 'colcon_pkg'
[0.514s] Level 1:colcon.colcon_core.package_identification:_identify(tentone/tello-ros2/workspace/src/tello) by extensions ['colcon_meta']
[0.514s] Level 1:colcon.colcon_core.package_identification:_identify(tentone/tello-ros2/workspace/src/tello) by extension 'colcon_meta'
[0.514s] Level 1:colcon.colcon_core.package_identification:_identify(tentone/tello-ros2/workspace/src/tello) by extensions ['ros']
[0.514s] Level 1:colcon.colcon_core.package_identification:_identify(tentone/tello-ros2/workspace/src/tello) by extension 'ros'
[0.515s] DEBUG:colcon.colcon_core.package_identification:Package 'tentone/tello-ros2/workspace/src/tello' with type 'ros.ament_python' and name 'tello'
[0.515s] Level 1:colcon.colcon_core.package_identification:_identify(tentone/tello-ros2/workspace/src/tello_control) by extensions ['ignore', 'ignore_ament_install']
[0.515s] Level 1:colcon.colcon_core.package_identification:_identify(tentone/tello-ros2/workspace/src/tello_control) by extension 'ignore'
[0.516s] Level 1:colcon.colcon_core.package_identification:_identify(tentone/tello-ros2/workspace/src/tello_control) by extension 'ignore_ament_install'
[0.516s] Level 1:colcon.colcon_core.package_identification:_identify(tentone/tello-ros2/workspace/src/tello_control) by extensions ['colcon_pkg']
[0.516s] Level 1:colcon.colcon_core.package_identification:_identify(tentone/tello-ros2/workspace/src/tello_control) by extension 'colcon_pkg'
[0.516s] Level 1:colcon.colcon_core.package_identification:_identify(tentone/tello-ros2/workspace/src/tello_control) by extensions ['colcon_meta']
[0.516s] Level 1:colcon.colcon_core.package_identification:_identify(tentone/tello-ros2/workspace/src/tello_control) by extension 'colcon_meta'
[0.516s] Level 1:colcon.colcon_core.package_identification:_identify(tentone/tello-ros2/workspace/src/tello_control) by extensions ['ros']
[0.516s] Level 1:colcon.colcon_core.package_identification:_identify(tentone/tello-ros2/workspace/src/tello_control) by extension 'ros'
[0.517s] DEBUG:colcon.colcon_core.package_identification:Package 'tentone/tello-ros2/workspace/src/tello_control' with type 'ros.ament_cmake' and name 'tello_control'
[0.517s] Level 1:colcon.colcon_core.package_identification:_identify(tentone/tello-ros2/workspace/src/tello_msg) by extensions ['ignore', 'ignore_ament_install']
[0.517s] Level 1:colcon.colcon_core.package_identification:_identify(tentone/tello-ros2/workspace/src/tello_msg) by extension 'ignore'
[0.517s] Level 1:colcon.colcon_core.package_identification:_identify(tentone/tello-ros2/workspace/src/tello_msg) by extension 'ignore_ament_install'
[0.517s] Level 1:colcon.colcon_core.package_identification:_identify(tentone/tello-ros2/workspace/src/tello_msg) by extensions ['colcon_pkg']
[0.518s] Level 1:colcon.colcon_core.package_identification:_identify(tentone/tello-ros2/workspace/src/tello_msg) by extension 'colcon_pkg'
[0.518s] Level 1:colcon.colcon_core.package_identification:_identify(tentone/tello-ros2/workspace/src/tello_msg) by extensions ['colcon_meta']
[0.518s] Level 1:colcon.colcon_core.package_identification:_identify(tentone/tello-ros2/workspace/src/tello_msg) by extension 'colcon_meta'
[0.518s] Level 1:colcon.colcon_core.package_identification:_identify(tentone/tello-ros2/workspace/src/tello_msg) by extensions ['ros']
[0.518s] Level 1:colcon.colcon_core.package_identification:_identify(tentone/tello-ros2/workspace/src/tello_msg) by extension 'ros'
[0.518s] DEBUG:colcon.colcon_core.package_identification:Package 'tentone/tello-ros2/workspace/src/tello_msg' with type 'ros.ament_cmake' and name 'tello_msg'
[0.518s] Level 1:colcon.colcon_core.package_discovery:discover_packages(recursive) using defaults
[0.519s] Level 1:colcon.colcon_core.package_discovery:discover_packages(ignore) discover
[0.519s] Level 1:colcon.colcon_core.package_discovery:discover_packages(ignore) using defaults
[0.519s] Level 1:colcon.colcon_core.package_discovery:discover_packages(path) discover
[0.519s] Level 1:colcon.colcon_core.package_discovery:discover_packages(path) using defaults
[0.539s] INFO:colcon.colcon_core.package_selection:Skipping not selected package 'orbslam2' in 'tentone/tello-ros2/slam/src/orbslam2'
[0.539s] INFO:colcon.colcon_core.package_selection:Skipping not selected package 'tello_control' in 'tentone/tello-ros2/workspace/src/tello_control'
[0.539s] INFO:colcon.colcon_core.package_selection:Skipping not selected package 'tello_msg' in 'tentone/tello-ros2/workspace/src/tello_msg'
[0.539s] INFO:colcon.colcon_core.package_selection:Skipping not selected package 'tello' in 'tentone/tello-ros2/workspace/src/tello'
[0.539s] Level 5:colcon.colcon_core.verb:set package 'tello_pkg' build argument 'cmake_args' from command line to 'None'
[0.539s] Level 5:colcon.colcon_core.verb:set package 'tello_pkg' build argument 'cmake_target' from command line to 'None'
[0.539s] Level 5:colcon.colcon_core.verb:set package 'tello_pkg' build argument 'cmake_target_skip_unavailable' from command line to 'False'
[0.539s] Level 5:colcon.colcon_core.verb:set package 'tello_pkg' build argument 'cmake_clean_cache' from command line to 'False'
[0.539s] Level 5:colcon.colcon_core.verb:set package 'tello_pkg' build argument 'cmake_clean_first' from command line to 'False'
[0.539s] Level 5:colcon.colcon_core.verb:set package 'tello_pkg' build argument 'cmake_force_configure' from command line to 'False'
[0.539s] Level 5:colcon.colcon_core.verb:set package 'tello_pkg' build argument 'ament_cmake_args' from command line to 'None'
[0.540s] Level 5:colcon.colcon_core.verb:set package 'tello_pkg' build argument 'catkin_cmake_args' from command line to 'None'
[0.540s] Level 5:colcon.colcon_core.verb:set package 'tello_pkg' build argument 'catkin_skip_building_tests' from command line to 'False'
[0.540s] DEBUG:colcon.colcon_core.verb:Building package 'tello_pkg' with the following arguments: {'ament_cmake_args': None, 'build_base': '/root/docker_tello_ros2/tello_ws/build/tello_pkg', 'catkin_cmake_args': None, 'catkin_skip_building_tests': False, 'cmake_args': None, 'cmake_clean_cache': False, 'cmake_clean_first': False, 'cmake_force_configure': False, 'cmake_target': None, 'cmake_target_skip_unavailable': False, 'install_base': '/root/docker_tello_ros2/tello_ws/install/tello_pkg', 'merge_install': False, 'path': '/root/docker_tello_ros2/tello_ws/src/tello_pkg', 'symlink_install': False, 'test_result_base': None}
[0.540s] INFO:colcon.colcon_core.executor:Executing jobs using 'parallel' executor
[0.541s] DEBUG:colcon.colcon_parallel_executor.executor.parallel:run_until_complete
[0.542s] INFO:colcon.colcon_ros.task.ament_python.build:Building ROS package in '/root/docker_tello_ros2/tello_ws/src/tello_pkg' with build type 'ament_python'
[0.542s] Level 1:colcon.colcon_core.shell:create_environment_hook('tello_pkg', 'ament_prefix_path')
[0.546s] INFO:colcon.colcon_core.plugin_system:Skipping extension 'colcon_core.shell.bat': Not used on non-Windows systems
[0.547s] INFO:colcon.colcon_core.shell:Creating environment hook '/root/docker_tello_ros2/tello_ws/install/tello_pkg/share/tello_pkg/hook/ament_prefix_path.ps1'
[0.548s] INFO:colcon.colcon_core.shell:Creating environment descriptor '/root/docker_tello_ros2/tello_ws/install/tello_pkg/share/tello_pkg/hook/ament_prefix_path.dsv'
[0.549s] INFO:colcon.colcon_core.shell:Creating environment hook '/root/docker_tello_ros2/tello_ws/install/tello_pkg/share/tello_pkg/hook/ament_prefix_path.sh'
[0.550s] INFO:colcon.colcon_core.shell:Skip shell extension 'powershell' for command environment: Not usable outside of PowerShell
[0.550s] DEBUG:colcon.colcon_core.shell:Skip shell extension 'dsv' for command environment
[0.882s] INFO:colcon.colcon_core.task.python.build:Building Python package in '/root/docker_tello_ros2/tello_ws/src/tello_pkg'
[0.883s] INFO:colcon.colcon_core.shell:Skip shell extension 'powershell' for command environment: Not usable outside of PowerShell
[0.883s] DEBUG:colcon.colcon_core.shell:Skip shell extension 'dsv' for command environment
[1.433s] DEBUG:colcon.colcon_core.event_handler.log_command:Invoking command in '/root/docker_tello_ros2/tello_ws/src/tello_pkg': PYTHONPATH=/root/docker_tello_ros2/tello_ws/build/tello_pkg/prefix_override:/root/docker_tello_ros2/tello_ws/install/tello_pkg/lib/python3.8/site-packages:${PYTHONPATH} /usr/bin/python3 -W ignore:setup.py install is deprecated setup.py egg_info --egg-base ../../build/tello_pkg build --build-base /root/docker_tello_ros2/tello_ws/build/tello_pkg/build install --record /root/docker_tello_ros2/tello_ws/build/tello_pkg/install.log --install-scripts $base/lib/tello_pkg --single-version-externally-managed install_data
[1.795s] DEBUG:colcon.colcon_core.event_handler.log_command:Invoked command in '/root/docker_tello_ros2/tello_ws/src/tello_pkg' returned '0': PYTHONPATH=/root/docker_tello_ros2/tello_ws/build/tello_pkg/prefix_override:/root/docker_tello_ros2/tello_ws/install/tello_pkg/lib/python3.8/site-packages:${PYTHONPATH} /usr/bin/python3 -W ignore:setup.py install is deprecated setup.py egg_info --egg-base ../../build/tello_pkg build --build-base /root/docker_tello_ros2/tello_ws/build/tello_pkg/build install --record /root/docker_tello_ros2/tello_ws/build/tello_pkg/install.log --install-scripts $base/lib/tello_pkg --single-version-externally-managed install_data
[1.801s] Level 1:colcon.colcon_core.environment:checking '/root/docker_tello_ros2/tello_ws/install/tello_pkg' for CMake module files
[1.803s] Level 1:colcon.colcon_core.environment:checking '/root/docker_tello_ros2/tello_ws/install/tello_pkg' for CMake config files
[1.805s] Level 1:colcon.colcon_core.environment:checking '/root/docker_tello_ros2/tello_ws/install/tello_pkg/lib'
[1.805s] Level 1:colcon.colcon_core.environment:checking '/root/docker_tello_ros2/tello_ws/install/tello_pkg/bin'
[1.805s] Level 1:colcon.colcon_core.environment:checking '/root/docker_tello_ros2/tello_ws/install/tello_pkg/lib/pkgconfig/tello_pkg.pc'
[1.806s] Level 1:colcon.colcon_core.environment:checking '/root/docker_tello_ros2/tello_ws/install/tello_pkg/lib/python3.8/site-packages'
[1.806s] Level 1:colcon.colcon_core.shell:create_environment_hook('tello_pkg', 'pythonpath')
[1.807s] INFO:colcon.colcon_core.shell:Creating environment hook '/root/docker_tello_ros2/tello_ws/install/tello_pkg/share/tello_pkg/hook/pythonpath.ps1'
[1.809s] INFO:colcon.colcon_core.shell:Creating environment descriptor '/root/docker_tello_ros2/tello_ws/install/tello_pkg/share/tello_pkg/hook/pythonpath.dsv'
[1.810s] INFO:colcon.colcon_core.shell:Creating environment hook '/root/docker_tello_ros2/tello_ws/install/tello_pkg/share/tello_pkg/hook/pythonpath.sh'
[1.811s] Level 1:colcon.colcon_core.environment:checking '/root/docker_tello_ros2/tello_ws/install/tello_pkg/bin'
[1.811s] Level 1:colcon.colcon_core.environment:create_environment_scripts_only(tello_pkg)
[1.812s] INFO:colcon.colcon_core.shell:Creating package script '/root/docker_tello_ros2/tello_ws/install/tello_pkg/share/tello_pkg/package.ps1'
[1.814s] INFO:colcon.colcon_core.shell:Creating package descriptor '/root/docker_tello_ros2/tello_ws/install/tello_pkg/share/tello_pkg/package.dsv'
[1.815s] INFO:colcon.colcon_core.shell:Creating package script '/root/docker_tello_ros2/tello_ws/install/tello_pkg/share/tello_pkg/package.sh'
[1.816s] INFO:colcon.colcon_core.shell:Creating package script '/root/docker_tello_ros2/tello_ws/install/tello_pkg/share/tello_pkg/package.bash'
[1.818s] INFO:colcon.colcon_core.shell:Creating package script '/root/docker_tello_ros2/tello_ws/install/tello_pkg/share/tello_pkg/package.zsh'
[1.819s] Level 1:colcon.colcon_core.environment:create_file_with_runtime_dependencies(/root/docker_tello_ros2/tello_ws/install/tello_pkg/share/colcon-core/packages/tello_pkg)
[1.820s] DEBUG:colcon.colcon_parallel_executor.executor.parallel:closing loop
[1.822s] DEBUG:colcon.colcon_parallel_executor.executor.parallel:loop closed
[1.822s] DEBUG:colcon.colcon_parallel_executor.executor.parallel:run_until_complete finished with '0'
[1.822s] DEBUG:colcon.colcon_core.event_reactor:joining thread
[1.833s] INFO:colcon.colcon_core.plugin_system:Skipping extension 'colcon_notification.desktop_notification.notify_send': Could not find 'notify-send'
[1.833s] INFO:colcon.colcon_core.plugin_system:Skipping extension 'colcon_notification.desktop_notification.terminal_notifier': Not used on non-Darwin systems
[1.833s] INFO:colcon.colcon_core.plugin_system:Skipping extension 'colcon_notification.desktop_notification.win32': Not used on non-Windows systems
[1.833s] INFO:colcon.colcon_notification.desktop_notification:Sending desktop notification using 'notify2'
[1.835s] DEBUG:colcon.colcon_notification.desktop_notification.notify2:Failed to initialize notify2: org.freedesktop.DBus.Error.Spawn.ExecFailed: /usr/bin/dbus-launch terminated abnormally without any error message
[1.836s] DEBUG:colcon.colcon_core.event_reactor:joined thread
[1.837s] INFO:colcon.colcon_core.shell:Creating prefix script '/root/docker_tello_ros2/tello_ws/install/local_setup.ps1'
[1.839s] INFO:colcon.colcon_core.shell:Creating prefix util module '/root/docker_tello_ros2/tello_ws/install/_local_setup_util_ps1.py'
[1.843s] INFO:colcon.colcon_core.shell:Creating prefix chain script '/root/docker_tello_ros2/tello_ws/install/setup.ps1'
[1.845s] INFO:colcon.colcon_core.shell:Creating prefix script '/root/docker_tello_ros2/tello_ws/install/local_setup.sh'
[1.846s] INFO:colcon.colcon_core.shell:Creating prefix util module '/root/docker_tello_ros2/tello_ws/install/_local_setup_util_sh.py'
[1.847s] INFO:colcon.colcon_core.shell:Creating prefix chain script '/root/docker_tello_ros2/tello_ws/install/setup.sh'
[1.849s] INFO:colcon.colcon_core.shell:Creating prefix script '/root/docker_tello_ros2/tello_ws/install/local_setup.bash'
[1.850s] INFO:colcon.colcon_core.shell:Creating prefix chain script '/root/docker_tello_ros2/tello_ws/install/setup.bash'
[1.851s] INFO:colcon.colcon_core.shell:Creating prefix script '/root/docker_tello_ros2/tello_ws/install/local_setup.zsh'
[1.852s] INFO:colcon.colcon_core.shell:Creating prefix chain script '/root/docker_tello_ros2/tello_ws/install/setup.zsh'
