[0.044s] Invoking command in '/root/docker_tello_ros2/tello_ws/build/tello_pkg': /usr/bin/cmake /root/docker_tello_ros2/tello_ws/src/tello_pkg -DCMAKE_INSTALL_PREFIX=/root/docker_tello_ros2/tello_ws/install/tello_pkg
[0.155s] -- The C compiler identification is GNU 9.4.0
[0.246s] -- The CXX compiler identification is GNU 9.4.0
[0.266s] -- Check for working C compiler: /usr/bin/cc
[0.357s] -- Check for working C compiler: /usr/bin/cc -- works
[0.367s] -- Detecting C compiler ABI info
[0.499s] -- Detecting C compiler ABI info - done
[0.515s] -- Detecting C compile features
[0.515s] -- Detecting C compile features - done
[0.520s] -- Check for working CXX compiler: /usr/bin/c++
[0.652s] -- Check for working CXX compiler: /usr/bin/c++ -- works
[0.654s] -- Detecting CXX compiler ABI info
[0.756s] -- Detecting CXX compiler ABI info - done
[0.770s] -- Detecting CXX compile features
[0.771s] -- Detecting CXX compile features - done
[0.774s] -- Found ament_cmake: 0.9.12 (/opt/ros/foxy/share/ament_cmake/cmake)
[0.807s] -- Found PythonInterp: /usr/bin/python3 (found suitable version "3.8.10", minimum required is "3") 
[0.807s] -- Using PYTHON_EXECUTABLE: /usr/bin/python3
[1.141s] -- Found rclpy: 1.0.13 (/opt/ros/foxy/share/rclpy/cmake)
[1.143s] -- Found sensor_msgs: 2.0.5 (/opt/ros/foxy/share/sensor_msgs/cmake)
[1.187s] -- Using all available rosidl_typesupport_c: rosidl_typesupport_fastrtps_c;rosidl_typesupport_introspection_c
[1.194s] -- Found rosidl_adapter: 1.3.1 (/opt/ros/foxy/share/rosidl_adapter/cmake)
[1.307s] -- Found OpenSSL: /usr/lib/x86_64-linux-gnu/libcrypto.so (found version "1.1.1f")  
[1.341s] -- Found FastRTPS: /opt/ros/foxy/include  
[1.438s] -- Using all available rosidl_typesupport_cpp: rosidl_typesupport_fastrtps_cpp;rosidl_typesupport_introspection_cpp
[1.604s] -- Found cv_bridge: 3.0.7 (/opt/ros/foxy/share/cv_bridge/cmake)
[1.689s] Error parsing '/root/docker_tello_ros2/tello_ws/src/tello_pkg/package.xml':
[1.690s] Traceback (most recent call last):
[1.690s]   File "/opt/ros/foxy/share/ament_cmake_core/cmake/core/package_xml_2_cmake.py", line 143, in <module>
[1.691s]     main()
[1.691s]   File "/opt/ros/foxy/share/ament_cmake_core/cmake/core/package_xml_2_cmake.py", line 52, in main
[1.691s]     raise e
[1.691s]   File "/opt/ros/foxy/share/ament_cmake_core/cmake/core/package_xml_2_cmake.py", line 48, in main
[1.691s]     package = parse_package_string(
[1.691s]   File "/usr/local/lib/python3.8/dist-packages/catkin_pkg/package.py", line 786, in parse_package_string
[1.691s]     raise InvalidPackage('Error(s):%s' % (''.join(['\n- %s' % e for e in errors])), filename)
[1.691s] catkin_pkg.package.InvalidPackage: Error(s) in package '/root/docker_tello_ros2/tello_ws/src/tello_pkg/package.xml':
[1.691s] Error(s):
[1.691s] - The generic dependency on 'rclpy' is redundant with: exec_depend
[1.691s] - The generic dependency on 'sensor_msgs' is redundant with: exec_depend
[1.691s] - The generic dependency on 'cv_bridge' is redundant with: exec_depend
[1.699s] CMake Error at /opt/ros/foxy/share/ament_cmake_core/cmake/core/ament_package_xml.cmake:94 (message):
[1.699s]   execute_process(/usr/bin/python3
[1.699s]   /opt/ros/foxy/share/ament_cmake_core/cmake/core/package_xml_2_cmake.py
[1.700s]   /root/docker_tello_ros2/tello_ws/src/tello_pkg/package.xml
[1.700s]   /root/docker_tello_ros2/tello_ws/build/tello_pkg/ament_cmake_core/package.cmake)
[1.700s]   returned error code 1
[1.700s] Call Stack (most recent call first):
[1.700s]   /opt/ros/foxy/share/ament_cmake_core/cmake/core/ament_package_xml.cmake:49 (_ament_package_xml)
[1.700s]   /opt/ros/foxy/share/ament_cmake_core/cmake/core/ament_package.cmake:63 (ament_package_xml)
[1.700s]   CMakeLists.txt:20 (ament_package)
[1.700s] 
[1.700s] 
[1.701s] -- Configuring incomplete, errors occurred!
[1.701s] See also "/root/docker_tello_ros2/tello_ws/build/tello_pkg/CMakeFiles/CMakeOutput.log".
