[0.281s] DEBUG:colcon:Command line arguments: ['/usr/bin/colcon', 'build']
[0.282s] DEBUG:colcon:Parsed command line arguments: Namespace(ament_cmake_args=None, base_paths=['.'], build_base='build', catkin_cmake_args=None, catkin_skip_building_tests=False, cmake_args=None, cmake_clean_cache=False, cmake_clean_first=False, cmake_force_configure=False, cmake_target=None, cmake_target_skip_unavailable=False, continue_on_error=False, event_handlers=None, executor='parallel', ignore_user_meta=False, install_base='install', log_base=None, log_level=None, main=<bound method BuildVerb.main of <colcon_core.verb.build.BuildVerb object at 0x7f05d83cb160>>, merge_install=False, metas=['./colcon.meta'], mixin=None, mixin_files=None, mixin_verb=('build',), packages_above=None, packages_above_and_dependencies=None, packages_above_depth=None, packages_end=None, packages_ignore=None, packages_ignore_regex=None, packages_select=None, packages_select_build_failed=False, packages_select_by_dep=None, packages_select_regex=None, packages_select_test_failures=False, packages_skip=None, packages_skip_build_finished=False, packages_skip_by_dep=None, packages_skip_regex=None, packages_skip_test_passed=False, packages_skip_up_to=None, packages_start=None, packages_up_to=None, packages_up_to_regex=None, parallel_workers=8, paths=None, symlink_install=False, test_result_base=None, verb_extension=<colcon_core.verb.build.BuildVerb object at 0x7f05d83cb160>, verb_name='build', verb_parser=<colcon_mixin.mixin.mixin_argument.MixinArgumentDecorator object at 0x7f05d83cbd00>)
[0.460s] Level 1:colcon.colcon_core.package_discovery:discover_packages(colcon_meta) check parameters
[0.461s] INFO:colcon.colcon_metadata.package_discovery.colcon_meta:Using configuration from '/root/.colcon/metadata/default/Gazebo.meta'
[0.462s] INFO:colcon.colcon_metadata.package_discovery.colcon_meta:Using configuration from '/root/.colcon/metadata/default/fastrtps.meta'
[0.462s] Level 1:colcon.colcon_core.package_discovery:discover_packages(recursive) check parameters
[0.462s] Level 1:colcon.colcon_core.package_discovery:discover_packages(ignore) check parameters
[0.462s] Level 1:colcon.colcon_core.package_discovery:discover_packages(path) check parameters
[0.462s] Level 1:colcon.colcon_core.package_discovery:discover_packages(colcon_meta) discover
[0.462s] Level 1:colcon.colcon_core.package_discovery:discover_packages(recursive) discover
[0.462s] INFO:colcon.colcon_core.package_discovery:Crawling recursively for packages in '/root/docker_tello_ros2/wrk_src'
[0.462s] Level 1:colcon.colcon_core.package_identification:_identify(.) by extensions ['ignore', 'ignore_ament_install']
[0.462s] Level 1:colcon.colcon_core.package_identification:_identify(.) by extension 'ignore'
[0.462s] Level 1:colcon.colcon_core.package_identification:_identify(.) by extension 'ignore_ament_install'
[0.463s] Level 1:colcon.colcon_core.package_identification:_identify(.) by extensions ['colcon_pkg']
[0.463s] Level 1:colcon.colcon_core.package_identification:_identify(.) by extension 'colcon_pkg'
[0.463s] Level 1:colcon.colcon_core.package_identification:_identify(.) by extensions ['colcon_meta']
[0.463s] Level 1:colcon.colcon_core.package_identification:_identify(.) by extension 'colcon_meta'
[0.463s] Level 1:colcon.colcon_core.package_identification:_identify(.) by extensions ['ros']
[0.463s] Level 1:colcon.colcon_core.package_identification:_identify(.) by extension 'ros'
[0.482s] Level 1:colcon.colcon_core.package_identification:_identify(.) by extensions ['cmake', 'python']
[0.482s] Level 1:colcon.colcon_core.package_identification:_identify(.) by extension 'cmake'
[0.482s] Level 1:colcon.colcon_core.package_identification:_identify(.) by extension 'python'
[0.482s] Level 1:colcon.colcon_core.package_identification:_identify(.) by extensions ['python_setup_py']
[0.482s] Level 1:colcon.colcon_core.package_identification:_identify(.) by extension 'python_setup_py'
[0.482s] Level 1:colcon.colcon_core.package_identification:_identify(build) by extensions ['ignore', 'ignore_ament_install']
[0.482s] Level 1:colcon.colcon_core.package_identification:_identify(build) by extension 'ignore'
[0.483s] Level 1:colcon.colcon_core.package_identification:_identify(build) ignored
[0.483s] Level 1:colcon.colcon_core.package_identification:_identify(calibration) by extensions ['ignore', 'ignore_ament_install']
[0.483s] Level 1:colcon.colcon_core.package_identification:_identify(calibration) by extension 'ignore'
[0.483s] Level 1:colcon.colcon_core.package_identification:_identify(calibration) by extension 'ignore_ament_install'
[0.483s] Level 1:colcon.colcon_core.package_identification:_identify(calibration) by extensions ['colcon_pkg']
[0.483s] Level 1:colcon.colcon_core.package_identification:_identify(calibration) by extension 'colcon_pkg'
[0.483s] Level 1:colcon.colcon_core.package_identification:_identify(calibration) by extensions ['colcon_meta']
[0.483s] Level 1:colcon.colcon_core.package_identification:_identify(calibration) by extension 'colcon_meta'
[0.483s] Level 1:colcon.colcon_core.package_identification:_identify(calibration) by extensions ['ros']
[0.483s] Level 1:colcon.colcon_core.package_identification:_identify(calibration) by extension 'ros'
[0.483s] Level 1:colcon.colcon_core.package_identification:_identify(calibration) by extensions ['cmake', 'python']
[0.483s] Level 1:colcon.colcon_core.package_identification:_identify(calibration) by extension 'cmake'
[0.483s] Level 1:colcon.colcon_core.package_identification:_identify(calibration) by extension 'python'
[0.483s] Level 1:colcon.colcon_core.package_identification:_identify(calibration) by extensions ['python_setup_py']
[0.484s] Level 1:colcon.colcon_core.package_identification:_identify(calibration) by extension 'python_setup_py'
[0.484s] Level 1:colcon.colcon_core.package_identification:_identify(calibration_phone) by extensions ['ignore', 'ignore_ament_install']
[0.484s] Level 1:colcon.colcon_core.package_identification:_identify(calibration_phone) by extension 'ignore'
[0.484s] Level 1:colcon.colcon_core.package_identification:_identify(calibration_phone) by extension 'ignore_ament_install'
[0.484s] Level 1:colcon.colcon_core.package_identification:_identify(calibration_phone) by extensions ['colcon_pkg']
[0.484s] Level 1:colcon.colcon_core.package_identification:_identify(calibration_phone) by extension 'colcon_pkg'
[0.484s] Level 1:colcon.colcon_core.package_identification:_identify(calibration_phone) by extensions ['colcon_meta']
[0.484s] Level 1:colcon.colcon_core.package_identification:_identify(calibration_phone) by extension 'colcon_meta'
[0.484s] Level 1:colcon.colcon_core.package_identification:_identify(calibration_phone) by extensions ['ros']
[0.484s] Level 1:colcon.colcon_core.package_identification:_identify(calibration_phone) by extension 'ros'
[0.484s] Level 1:colcon.colcon_core.package_identification:_identify(calibration_phone) by extensions ['cmake', 'python']
[0.484s] Level 1:colcon.colcon_core.package_identification:_identify(calibration_phone) by extension 'cmake'
[0.484s] Level 1:colcon.colcon_core.package_identification:_identify(calibration_phone) by extension 'python'
[0.485s] Level 1:colcon.colcon_core.package_identification:_identify(calibration_phone) by extensions ['python_setup_py']
[0.485s] Level 1:colcon.colcon_core.package_identification:_identify(calibration_phone) by extension 'python_setup_py'
[0.485s] Level 1:colcon.colcon_core.package_identification:_identify(detect) by extensions ['ignore', 'ignore_ament_install']
[0.485s] Level 1:colcon.colcon_core.package_identification:_identify(detect) by extension 'ignore'
[0.485s] Level 1:colcon.colcon_core.package_identification:_identify(detect) by extension 'ignore_ament_install'
[0.485s] Level 1:colcon.colcon_core.package_identification:_identify(detect) by extensions ['colcon_pkg']
[0.486s] Level 1:colcon.colcon_core.package_identification:_identify(detect) by extension 'colcon_pkg'
[0.486s] Level 1:colcon.colcon_core.package_identification:_identify(detect) by extensions ['colcon_meta']
[0.486s] Level 1:colcon.colcon_core.package_identification:_identify(detect) by extension 'colcon_meta'
[0.486s] Level 1:colcon.colcon_core.package_identification:_identify(detect) by extensions ['ros']
[0.486s] Level 1:colcon.colcon_core.package_identification:_identify(detect) by extension 'ros'
[0.486s] Level 1:colcon.colcon_core.package_identification:_identify(detect) by extensions ['cmake', 'python']
[0.486s] Level 1:colcon.colcon_core.package_identification:_identify(detect) by extension 'cmake'
[0.486s] Level 1:colcon.colcon_core.package_identification:_identify(detect) by extension 'python'
[0.486s] Level 1:colcon.colcon_core.package_identification:_identify(detect) by extensions ['python_setup_py']
[0.486s] Level 1:colcon.colcon_core.package_identification:_identify(detect) by extension 'python_setup_py'
[0.486s] Level 1:colcon.colcon_core.package_identification:_identify(detect_phone) by extensions ['ignore', 'ignore_ament_install']
[0.486s] Level 1:colcon.colcon_core.package_identification:_identify(detect_phone) by extension 'ignore'
[0.486s] Level 1:colcon.colcon_core.package_identification:_identify(detect_phone) by extension 'ignore_ament_install'
[0.486s] Level 1:colcon.colcon_core.package_identification:_identify(detect_phone) by extensions ['colcon_pkg']
[0.486s] Level 1:colcon.colcon_core.package_identification:_identify(detect_phone) by extension 'colcon_pkg'
[0.487s] Level 1:colcon.colcon_core.package_identification:_identify(detect_phone) by extensions ['colcon_meta']
[0.487s] Level 1:colcon.colcon_core.package_identification:_identify(detect_phone) by extension 'colcon_meta'
[0.487s] Level 1:colcon.colcon_core.package_identification:_identify(detect_phone) by extensions ['ros']
[0.487s] Level 1:colcon.colcon_core.package_identification:_identify(detect_phone) by extension 'ros'
[0.487s] Level 1:colcon.colcon_core.package_identification:_identify(detect_phone) by extensions ['cmake', 'python']
[0.487s] Level 1:colcon.colcon_core.package_identification:_identify(detect_phone) by extension 'cmake'
[0.487s] Level 1:colcon.colcon_core.package_identification:_identify(detect_phone) by extension 'python'
[0.487s] Level 1:colcon.colcon_core.package_identification:_identify(detect_phone) by extensions ['python_setup_py']
[0.487s] Level 1:colcon.colcon_core.package_identification:_identify(detect_phone) by extension 'python_setup_py'
[0.487s] Level 1:colcon.colcon_core.package_identification:_identify(install) by extensions ['ignore', 'ignore_ament_install']
[0.487s] Level 1:colcon.colcon_core.package_identification:_identify(install) by extension 'ignore'
[0.487s] Level 1:colcon.colcon_core.package_identification:_identify(install) ignored
[0.487s] Level 1:colcon.colcon_core.package_identification:_identify(log) by extensions ['ignore', 'ignore_ament_install']
[0.488s] Level 1:colcon.colcon_core.package_identification:_identify(log) by extension 'ignore'
[0.488s] Level 1:colcon.colcon_core.package_identification:_identify(log) ignored
[0.488s] Level 1:colcon.colcon_core.package_identification:_identify(src) by extensions ['ignore', 'ignore_ament_install']
[0.488s] Level 1:colcon.colcon_core.package_identification:_identify(src) by extension 'ignore'
[0.488s] Level 1:colcon.colcon_core.package_identification:_identify(src) by extension 'ignore_ament_install'
[0.488s] Level 1:colcon.colcon_core.package_identification:_identify(src) by extensions ['colcon_pkg']
[0.488s] Level 1:colcon.colcon_core.package_identification:_identify(src) by extension 'colcon_pkg'
[0.488s] Level 1:colcon.colcon_core.package_identification:_identify(src) by extensions ['colcon_meta']
[0.488s] Level 1:colcon.colcon_core.package_identification:_identify(src) by extension 'colcon_meta'
[0.488s] Level 1:colcon.colcon_core.package_identification:_identify(src) by extensions ['ros']
[0.488s] Level 1:colcon.colcon_core.package_identification:_identify(src) by extension 'ros'
[0.488s] Level 1:colcon.colcon_core.package_identification:_identify(src) by extensions ['cmake', 'python']
[0.488s] Level 1:colcon.colcon_core.package_identification:_identify(src) by extension 'cmake'
[0.488s] Level 1:colcon.colcon_core.package_identification:_identify(src) by extension 'python'
[0.488s] Level 1:colcon.colcon_core.package_identification:_identify(src) by extensions ['python_setup_py']
[0.488s] Level 1:colcon.colcon_core.package_identification:_identify(src) by extension 'python_setup_py'
[0.488s] Level 1:colcon.colcon_core.package_identification:_identify(src/ros2_aruco_interfaces) by extensions ['ignore', 'ignore_ament_install']
[0.489s] Level 1:colcon.colcon_core.package_identification:_identify(src/ros2_aruco_interfaces) by extension 'ignore'
[0.489s] Level 1:colcon.colcon_core.package_identification:_identify(src/ros2_aruco_interfaces) by extension 'ignore_ament_install'
[0.489s] Level 1:colcon.colcon_core.package_identification:_identify(src/ros2_aruco_interfaces) by extensions ['colcon_pkg']
[0.489s] Level 1:colcon.colcon_core.package_identification:_identify(src/ros2_aruco_interfaces) by extension 'colcon_pkg'
[0.489s] Level 1:colcon.colcon_core.package_identification:_identify(src/ros2_aruco_interfaces) by extensions ['colcon_meta']
[0.489s] Level 1:colcon.colcon_core.package_identification:_identify(src/ros2_aruco_interfaces) by extension 'colcon_meta'
[0.489s] Level 1:colcon.colcon_core.package_identification:_identify(src/ros2_aruco_interfaces) by extensions ['ros']
[0.489s] Level 1:colcon.colcon_core.package_identification:_identify(src/ros2_aruco_interfaces) by extension 'ros'
[0.493s] DEBUG:colcon.colcon_core.package_identification:Package 'src/ros2_aruco_interfaces' with type 'ros.ament_cmake' and name 'ros2_aruco_interfaces'
[0.493s] Level 1:colcon.colcon_core.package_identification:_identify(src/tello_pkg) by extensions ['ignore', 'ignore_ament_install']
[0.493s] Level 1:colcon.colcon_core.package_identification:_identify(src/tello_pkg) by extension 'ignore'
[0.493s] Level 1:colcon.colcon_core.package_identification:_identify(src/tello_pkg) by extension 'ignore_ament_install'
[0.493s] Level 1:colcon.colcon_core.package_identification:_identify(src/tello_pkg) by extensions ['colcon_pkg']
[0.493s] Level 1:colcon.colcon_core.package_identification:_identify(src/tello_pkg) by extension 'colcon_pkg'
[0.493s] Level 1:colcon.colcon_core.package_identification:_identify(src/tello_pkg) by extensions ['colcon_meta']
[0.493s] Level 1:colcon.colcon_core.package_identification:_identify(src/tello_pkg) by extension 'colcon_meta'
[0.493s] Level 1:colcon.colcon_core.package_identification:_identify(src/tello_pkg) by extensions ['ros']
[0.493s] Level 1:colcon.colcon_core.package_identification:_identify(src/tello_pkg) by extension 'ros'
[0.495s] DEBUG:colcon.colcon_core.package_identification:Package 'src/tello_pkg' with type 'ros.ament_python' and name 'tello_pkg'
[0.495s] Level 1:colcon.colcon_core.package_discovery:discover_packages(recursive) using defaults
[0.495s] Level 1:colcon.colcon_core.package_discovery:discover_packages(ignore) discover
[0.495s] Level 1:colcon.colcon_core.package_discovery:discover_packages(ignore) using defaults
[0.495s] Level 1:colcon.colcon_core.package_discovery:discover_packages(path) discover
[0.495s] Level 1:colcon.colcon_core.package_discovery:discover_packages(path) using defaults
[0.525s] Level 5:colcon.colcon_core.verb:set package 'ros2_aruco_interfaces' build argument 'cmake_args' from command line to 'None'
[0.525s] Level 5:colcon.colcon_core.verb:set package 'ros2_aruco_interfaces' build argument 'cmake_target' from command line to 'None'
[0.525s] Level 5:colcon.colcon_core.verb:set package 'ros2_aruco_interfaces' build argument 'cmake_target_skip_unavailable' from command line to 'False'
[0.525s] Level 5:colcon.colcon_core.verb:set package 'ros2_aruco_interfaces' build argument 'cmake_clean_cache' from command line to 'False'
[0.525s] Level 5:colcon.colcon_core.verb:set package 'ros2_aruco_interfaces' build argument 'cmake_clean_first' from command line to 'False'
[0.525s] Level 5:colcon.colcon_core.verb:set package 'ros2_aruco_interfaces' build argument 'cmake_force_configure' from command line to 'False'
[0.525s] Level 5:colcon.colcon_core.verb:set package 'ros2_aruco_interfaces' build argument 'ament_cmake_args' from command line to 'None'
[0.525s] Level 5:colcon.colcon_core.verb:set package 'ros2_aruco_interfaces' build argument 'catkin_cmake_args' from command line to 'None'
[0.525s] Level 5:colcon.colcon_core.verb:set package 'ros2_aruco_interfaces' build argument 'catkin_skip_building_tests' from command line to 'False'
[0.526s] DEBUG:colcon.colcon_core.verb:Building package 'ros2_aruco_interfaces' with the following arguments: {'ament_cmake_args': None, 'build_base': '/root/docker_tello_ros2/wrk_src/build/ros2_aruco_interfaces', 'catkin_cmake_args': None, 'catkin_skip_building_tests': False, 'cmake_args': None, 'cmake_clean_cache': False, 'cmake_clean_first': False, 'cmake_force_configure': False, 'cmake_target': None, 'cmake_target_skip_unavailable': False, 'install_base': '/root/docker_tello_ros2/wrk_src/install/ros2_aruco_interfaces', 'merge_install': False, 'path': '/root/docker_tello_ros2/wrk_src/src/ros2_aruco_interfaces', 'symlink_install': False, 'test_result_base': None}
[0.526s] Level 5:colcon.colcon_core.verb:set package 'tello_pkg' build argument 'cmake_args' from command line to 'None'
[0.526s] Level 5:colcon.colcon_core.verb:set package 'tello_pkg' build argument 'cmake_target' from command line to 'None'
[0.526s] Level 5:colcon.colcon_core.verb:set package 'tello_pkg' build argument 'cmake_target_skip_unavailable' from command line to 'False'
[0.526s] Level 5:colcon.colcon_core.verb:set package 'tello_pkg' build argument 'cmake_clean_cache' from command line to 'False'
[0.526s] Level 5:colcon.colcon_core.verb:set package 'tello_pkg' build argument 'cmake_clean_first' from command line to 'False'
[0.526s] Level 5:colcon.colcon_core.verb:set package 'tello_pkg' build argument 'cmake_force_configure' from command line to 'False'
[0.526s] Level 5:colcon.colcon_core.verb:set package 'tello_pkg' build argument 'ament_cmake_args' from command line to 'None'
[0.526s] Level 5:colcon.colcon_core.verb:set package 'tello_pkg' build argument 'catkin_cmake_args' from command line to 'None'
[0.526s] Level 5:colcon.colcon_core.verb:set package 'tello_pkg' build argument 'catkin_skip_building_tests' from command line to 'False'
[0.527s] DEBUG:colcon.colcon_core.verb:Building package 'tello_pkg' with the following arguments: {'ament_cmake_args': None, 'build_base': '/root/docker_tello_ros2/wrk_src/build/tello_pkg', 'catkin_cmake_args': None, 'catkin_skip_building_tests': False, 'cmake_args': None, 'cmake_clean_cache': False, 'cmake_clean_first': False, 'cmake_force_configure': False, 'cmake_target': None, 'cmake_target_skip_unavailable': False, 'install_base': '/root/docker_tello_ros2/wrk_src/install/tello_pkg', 'merge_install': False, 'path': '/root/docker_tello_ros2/wrk_src/src/tello_pkg', 'symlink_install': False, 'test_result_base': None}
[0.527s] INFO:colcon.colcon_core.executor:Executing jobs using 'parallel' executor
[0.529s] DEBUG:colcon.colcon_parallel_executor.executor.parallel:run_until_complete
[0.529s] INFO:colcon.colcon_ros.task.ament_cmake.build:Building ROS package in '/root/docker_tello_ros2/wrk_src/src/ros2_aruco_interfaces' with build type 'ament_cmake'
[0.530s] INFO:colcon.colcon_cmake.task.cmake.build:Building CMake package in '/root/docker_tello_ros2/wrk_src/src/ros2_aruco_interfaces'
[0.536s] INFO:colcon.colcon_core.plugin_system:Skipping extension 'colcon_core.shell.bat': Not used on non-Windows systems
[0.537s] INFO:colcon.colcon_core.shell:Skip shell extension 'powershell' for command environment: Not usable outside of PowerShell
[0.537s] DEBUG:colcon.colcon_core.shell:Skip shell extension 'dsv' for command environment
[0.549s] INFO:colcon.colcon_ros.task.ament_python.build:Building ROS package in '/root/docker_tello_ros2/wrk_src/src/tello_pkg' with build type 'ament_python'
[0.549s] Level 1:colcon.colcon_core.shell:create_environment_hook('tello_pkg', 'ament_prefix_path')
[0.550s] INFO:colcon.colcon_core.shell:Creating environment hook '/root/docker_tello_ros2/wrk_src/install/tello_pkg/share/tello_pkg/hook/ament_prefix_path.ps1'
[0.553s] INFO:colcon.colcon_core.shell:Creating environment descriptor '/root/docker_tello_ros2/wrk_src/install/tello_pkg/share/tello_pkg/hook/ament_prefix_path.dsv'
[0.554s] INFO:colcon.colcon_core.shell:Creating environment hook '/root/docker_tello_ros2/wrk_src/install/tello_pkg/share/tello_pkg/hook/ament_prefix_path.sh'
[0.555s] INFO:colcon.colcon_core.shell:Skip shell extension 'powershell' for command environment: Not usable outside of PowerShell
[0.555s] DEBUG:colcon.colcon_core.shell:Skip shell extension 'dsv' for command environment
[0.580s] DEBUG:colcon.colcon_core.event_handler.log_command:Invoking command in '/root/docker_tello_ros2/wrk_src/build/ros2_aruco_interfaces': CMAKE_PREFIX_PATH=${CMAKE_PREFIX_PATH}:/root/docker_tello_ros2/wrk_src/install/tello_pkg:/opt/ros/foxy /usr/bin/cmake --build /root/docker_tello_ros2/wrk_src/build/ros2_aruco_interfaces -- -j8 -l8
[0.895s] INFO:colcon.colcon_core.task.python.build:Building Python package in '/root/docker_tello_ros2/wrk_src/src/tello_pkg'
[0.897s] INFO:colcon.colcon_core.shell:Skip shell extension 'powershell' for command environment: Not usable outside of PowerShell
[0.897s] DEBUG:colcon.colcon_core.shell:Skip shell extension 'dsv' for command environment
[0.930s] DEBUG:colcon.colcon_core.event_handler.log_command:Invoked command in '/root/docker_tello_ros2/wrk_src/build/ros2_aruco_interfaces' returned '0': CMAKE_PREFIX_PATH=${CMAKE_PREFIX_PATH}:/root/docker_tello_ros2/wrk_src/install/tello_pkg:/opt/ros/foxy /usr/bin/cmake --build /root/docker_tello_ros2/wrk_src/build/ros2_aruco_interfaces -- -j8 -l8
[1.027s] DEBUG:colcon.colcon_core.event_handler.log_command:Invoking command in '/root/docker_tello_ros2/wrk_src/build/ros2_aruco_interfaces': CMAKE_PREFIX_PATH=${CMAKE_PREFIX_PATH}:/root/docker_tello_ros2/wrk_src/install/tello_pkg:/opt/ros/foxy /usr/bin/cmake --install /root/docker_tello_ros2/wrk_src/build/ros2_aruco_interfaces
[1.113s] Level 1:colcon.colcon_core.environment:create_environment_scripts_only(ros2_aruco_interfaces)
[1.114s] DEBUG:colcon.colcon_core.event_handler.log_command:Invoked command in '/root/docker_tello_ros2/wrk_src/build/ros2_aruco_interfaces' returned '0': CMAKE_PREFIX_PATH=${CMAKE_PREFIX_PATH}:/root/docker_tello_ros2/wrk_src/install/tello_pkg:/opt/ros/foxy /usr/bin/cmake --install /root/docker_tello_ros2/wrk_src/build/ros2_aruco_interfaces
[1.118s] Level 1:colcon.colcon_core.environment:checking '/root/docker_tello_ros2/wrk_src/install/ros2_aruco_interfaces' for CMake module files
[1.119s] Level 1:colcon.colcon_core.environment:checking '/root/docker_tello_ros2/wrk_src/install/ros2_aruco_interfaces' for CMake config files
[1.119s] Level 1:colcon.colcon_core.shell:create_environment_hook('ros2_aruco_interfaces', 'cmake_prefix_path')
[1.119s] INFO:colcon.colcon_core.shell:Creating environment hook '/root/docker_tello_ros2/wrk_src/install/ros2_aruco_interfaces/share/ros2_aruco_interfaces/hook/cmake_prefix_path.ps1'
[1.120s] INFO:colcon.colcon_core.shell:Creating environment descriptor '/root/docker_tello_ros2/wrk_src/install/ros2_aruco_interfaces/share/ros2_aruco_interfaces/hook/cmake_prefix_path.dsv'
[1.120s] INFO:colcon.colcon_core.shell:Creating environment hook '/root/docker_tello_ros2/wrk_src/install/ros2_aruco_interfaces/share/ros2_aruco_interfaces/hook/cmake_prefix_path.sh'
[1.121s] Level 1:colcon.colcon_core.environment:checking '/root/docker_tello_ros2/wrk_src/install/ros2_aruco_interfaces/lib'
[1.121s] Level 1:colcon.colcon_core.shell:create_environment_hook('ros2_aruco_interfaces', 'ld_library_path_lib')
[1.122s] INFO:colcon.colcon_core.shell:Creating environment hook '/root/docker_tello_ros2/wrk_src/install/ros2_aruco_interfaces/share/ros2_aruco_interfaces/hook/ld_library_path_lib.ps1'
[1.122s] INFO:colcon.colcon_core.shell:Creating environment descriptor '/root/docker_tello_ros2/wrk_src/install/ros2_aruco_interfaces/share/ros2_aruco_interfaces/hook/ld_library_path_lib.dsv'
[1.122s] INFO:colcon.colcon_core.shell:Creating environment hook '/root/docker_tello_ros2/wrk_src/install/ros2_aruco_interfaces/share/ros2_aruco_interfaces/hook/ld_library_path_lib.sh'
[1.123s] Level 1:colcon.colcon_core.environment:checking '/root/docker_tello_ros2/wrk_src/install/ros2_aruco_interfaces/bin'
[1.123s] Level 1:colcon.colcon_core.environment:checking '/root/docker_tello_ros2/wrk_src/install/ros2_aruco_interfaces/lib/pkgconfig/ros2_aruco_interfaces.pc'
[1.123s] Level 1:colcon.colcon_core.environment:checking '/root/docker_tello_ros2/wrk_src/install/ros2_aruco_interfaces/lib/python3.8/site-packages'
[1.123s] Level 1:colcon.colcon_core.shell:create_environment_hook('ros2_aruco_interfaces', 'pythonpath')
[1.124s] INFO:colcon.colcon_core.shell:Creating environment hook '/root/docker_tello_ros2/wrk_src/install/ros2_aruco_interfaces/share/ros2_aruco_interfaces/hook/pythonpath.ps1'
[1.124s] INFO:colcon.colcon_core.shell:Creating environment descriptor '/root/docker_tello_ros2/wrk_src/install/ros2_aruco_interfaces/share/ros2_aruco_interfaces/hook/pythonpath.dsv'
[1.124s] INFO:colcon.colcon_core.shell:Creating environment hook '/root/docker_tello_ros2/wrk_src/install/ros2_aruco_interfaces/share/ros2_aruco_interfaces/hook/pythonpath.sh'
[1.125s] Level 1:colcon.colcon_core.environment:checking '/root/docker_tello_ros2/wrk_src/install/ros2_aruco_interfaces/bin'
[1.125s] INFO:colcon.colcon_core.shell:Creating package script '/root/docker_tello_ros2/wrk_src/install/ros2_aruco_interfaces/share/ros2_aruco_interfaces/package.ps1'
[1.126s] INFO:colcon.colcon_core.shell:Creating package descriptor '/root/docker_tello_ros2/wrk_src/install/ros2_aruco_interfaces/share/ros2_aruco_interfaces/package.dsv'
[1.127s] INFO:colcon.colcon_core.shell:Creating package script '/root/docker_tello_ros2/wrk_src/install/ros2_aruco_interfaces/share/ros2_aruco_interfaces/package.sh'
[1.128s] INFO:colcon.colcon_core.shell:Creating package script '/root/docker_tello_ros2/wrk_src/install/ros2_aruco_interfaces/share/ros2_aruco_interfaces/package.bash'
[1.130s] INFO:colcon.colcon_core.shell:Creating package script '/root/docker_tello_ros2/wrk_src/install/ros2_aruco_interfaces/share/ros2_aruco_interfaces/package.zsh'
[1.131s] Level 1:colcon.colcon_core.environment:create_file_with_runtime_dependencies(/root/docker_tello_ros2/wrk_src/install/ros2_aruco_interfaces/share/colcon-core/packages/ros2_aruco_interfaces)
[1.206s] Level 1:colcon.colcon_core.environment:create_environment_scripts_only(ros2_aruco_interfaces)
[1.207s] Level 1:colcon.colcon_core.environment:checking '/root/docker_tello_ros2/wrk_src/install/ros2_aruco_interfaces' for CMake module files
[1.207s] Level 1:colcon.colcon_core.environment:checking '/root/docker_tello_ros2/wrk_src/install/ros2_aruco_interfaces' for CMake config files
[1.208s] Level 1:colcon.colcon_core.shell:create_environment_hook('ros2_aruco_interfaces', 'cmake_prefix_path')
[1.208s] INFO:colcon.colcon_core.shell:Creating environment hook '/root/docker_tello_ros2/wrk_src/install/ros2_aruco_interfaces/share/ros2_aruco_interfaces/hook/cmake_prefix_path.ps1'
[1.209s] INFO:colcon.colcon_core.shell:Creating environment descriptor '/root/docker_tello_ros2/wrk_src/install/ros2_aruco_interfaces/share/ros2_aruco_interfaces/hook/cmake_prefix_path.dsv'
[1.210s] INFO:colcon.colcon_core.shell:Creating environment hook '/root/docker_tello_ros2/wrk_src/install/ros2_aruco_interfaces/share/ros2_aruco_interfaces/hook/cmake_prefix_path.sh'
[1.210s] Level 1:colcon.colcon_core.environment:checking '/root/docker_tello_ros2/wrk_src/install/ros2_aruco_interfaces/lib'
[1.210s] Level 1:colcon.colcon_core.shell:create_environment_hook('ros2_aruco_interfaces', 'ld_library_path_lib')
[1.211s] INFO:colcon.colcon_core.shell:Creating environment hook '/root/docker_tello_ros2/wrk_src/install/ros2_aruco_interfaces/share/ros2_aruco_interfaces/hook/ld_library_path_lib.ps1'
[1.211s] INFO:colcon.colcon_core.shell:Creating environment descriptor '/root/docker_tello_ros2/wrk_src/install/ros2_aruco_interfaces/share/ros2_aruco_interfaces/hook/ld_library_path_lib.dsv'
[1.212s] INFO:colcon.colcon_core.shell:Creating environment hook '/root/docker_tello_ros2/wrk_src/install/ros2_aruco_interfaces/share/ros2_aruco_interfaces/hook/ld_library_path_lib.sh'
[1.212s] Level 1:colcon.colcon_core.environment:checking '/root/docker_tello_ros2/wrk_src/install/ros2_aruco_interfaces/bin'
[1.212s] Level 1:colcon.colcon_core.environment:checking '/root/docker_tello_ros2/wrk_src/install/ros2_aruco_interfaces/lib/pkgconfig/ros2_aruco_interfaces.pc'
[1.213s] Level 1:colcon.colcon_core.environment:checking '/root/docker_tello_ros2/wrk_src/install/ros2_aruco_interfaces/lib/python3.8/site-packages'
[1.213s] Level 1:colcon.colcon_core.shell:create_environment_hook('ros2_aruco_interfaces', 'pythonpath')
[1.213s] INFO:colcon.colcon_core.shell:Creating environment hook '/root/docker_tello_ros2/wrk_src/install/ros2_aruco_interfaces/share/ros2_aruco_interfaces/hook/pythonpath.ps1'
[1.215s] INFO:colcon.colcon_core.shell:Creating environment descriptor '/root/docker_tello_ros2/wrk_src/install/ros2_aruco_interfaces/share/ros2_aruco_interfaces/hook/pythonpath.dsv'
[1.215s] INFO:colcon.colcon_core.shell:Creating environment hook '/root/docker_tello_ros2/wrk_src/install/ros2_aruco_interfaces/share/ros2_aruco_interfaces/hook/pythonpath.sh'
[1.216s] Level 1:colcon.colcon_core.environment:checking '/root/docker_tello_ros2/wrk_src/install/ros2_aruco_interfaces/bin'
[1.217s] INFO:colcon.colcon_core.shell:Creating package script '/root/docker_tello_ros2/wrk_src/install/ros2_aruco_interfaces/share/ros2_aruco_interfaces/package.ps1'
[1.218s] INFO:colcon.colcon_core.shell:Creating package descriptor '/root/docker_tello_ros2/wrk_src/install/ros2_aruco_interfaces/share/ros2_aruco_interfaces/package.dsv'
[1.219s] INFO:colcon.colcon_core.shell:Creating package script '/root/docker_tello_ros2/wrk_src/install/ros2_aruco_interfaces/share/ros2_aruco_interfaces/package.sh'
[1.220s] INFO:colcon.colcon_core.shell:Creating package script '/root/docker_tello_ros2/wrk_src/install/ros2_aruco_interfaces/share/ros2_aruco_interfaces/package.bash'
[1.221s] INFO:colcon.colcon_core.shell:Creating package script '/root/docker_tello_ros2/wrk_src/install/ros2_aruco_interfaces/share/ros2_aruco_interfaces/package.zsh'
[1.221s] Level 1:colcon.colcon_core.environment:create_file_with_runtime_dependencies(/root/docker_tello_ros2/wrk_src/install/ros2_aruco_interfaces/share/colcon-core/packages/ros2_aruco_interfaces)
[1.460s] DEBUG:colcon.colcon_core.event_handler.log_command:Invoking command in '/root/docker_tello_ros2/wrk_src/src/tello_pkg': PYTHONPATH=/root/docker_tello_ros2/wrk_src/build/tello_pkg/prefix_override:/root/docker_tello_ros2/wrk_src/install/tello_pkg/lib/python3.8/site-packages:${PYTHONPATH} /usr/bin/python3 -W ignore:setup.py install is deprecated setup.py egg_info --egg-base ../../build/tello_pkg build --build-base /root/docker_tello_ros2/wrk_src/build/tello_pkg/build install --record /root/docker_tello_ros2/wrk_src/build/tello_pkg/install.log --install-scripts $base/lib/tello_pkg --single-version-externally-managed install_data
[1.903s] Level 1:colcon.colcon_core.environment:checking '/root/docker_tello_ros2/wrk_src/install/tello_pkg' for CMake module files
[1.905s] Level 1:colcon.colcon_core.environment:checking '/root/docker_tello_ros2/wrk_src/install/tello_pkg' for CMake config files
[1.906s] DEBUG:colcon.colcon_core.event_handler.log_command:Invoked command in '/root/docker_tello_ros2/wrk_src/src/tello_pkg' returned '0': PYTHONPATH=/root/docker_tello_ros2/wrk_src/build/tello_pkg/prefix_override:/root/docker_tello_ros2/wrk_src/install/tello_pkg/lib/python3.8/site-packages:${PYTHONPATH} /usr/bin/python3 -W ignore:setup.py install is deprecated setup.py egg_info --egg-base ../../build/tello_pkg build --build-base /root/docker_tello_ros2/wrk_src/build/tello_pkg/build install --record /root/docker_tello_ros2/wrk_src/build/tello_pkg/install.log --install-scripts $base/lib/tello_pkg --single-version-externally-managed install_data
[1.907s] Level 1:colcon.colcon_core.environment:checking '/root/docker_tello_ros2/wrk_src/install/tello_pkg/lib'
[1.907s] Level 1:colcon.colcon_core.environment:checking '/root/docker_tello_ros2/wrk_src/install/tello_pkg/bin'
[1.908s] Level 1:colcon.colcon_core.environment:checking '/root/docker_tello_ros2/wrk_src/install/tello_pkg/lib/pkgconfig/tello_pkg.pc'
[1.908s] Level 1:colcon.colcon_core.environment:checking '/root/docker_tello_ros2/wrk_src/install/tello_pkg/lib/python3.8/site-packages'
[1.908s] Level 1:colcon.colcon_core.shell:create_environment_hook('tello_pkg', 'pythonpath')
[1.909s] INFO:colcon.colcon_core.shell:Creating environment hook '/root/docker_tello_ros2/wrk_src/install/tello_pkg/share/tello_pkg/hook/pythonpath.ps1'
[1.909s] INFO:colcon.colcon_core.shell:Creating environment descriptor '/root/docker_tello_ros2/wrk_src/install/tello_pkg/share/tello_pkg/hook/pythonpath.dsv'
[1.910s] INFO:colcon.colcon_core.shell:Creating environment hook '/root/docker_tello_ros2/wrk_src/install/tello_pkg/share/tello_pkg/hook/pythonpath.sh'
[1.910s] Level 1:colcon.colcon_core.environment:checking '/root/docker_tello_ros2/wrk_src/install/tello_pkg/bin'
[1.911s] Level 1:colcon.colcon_core.environment:create_environment_scripts_only(tello_pkg)
[1.911s] INFO:colcon.colcon_core.shell:Creating package script '/root/docker_tello_ros2/wrk_src/install/tello_pkg/share/tello_pkg/package.ps1'
[1.912s] INFO:colcon.colcon_core.shell:Creating package descriptor '/root/docker_tello_ros2/wrk_src/install/tello_pkg/share/tello_pkg/package.dsv'
[1.912s] INFO:colcon.colcon_core.shell:Creating package script '/root/docker_tello_ros2/wrk_src/install/tello_pkg/share/tello_pkg/package.sh'
[1.912s] INFO:colcon.colcon_core.shell:Creating package script '/root/docker_tello_ros2/wrk_src/install/tello_pkg/share/tello_pkg/package.bash'
[1.913s] INFO:colcon.colcon_core.shell:Creating package script '/root/docker_tello_ros2/wrk_src/install/tello_pkg/share/tello_pkg/package.zsh'
[1.913s] Level 1:colcon.colcon_core.environment:create_file_with_runtime_dependencies(/root/docker_tello_ros2/wrk_src/install/tello_pkg/share/colcon-core/packages/tello_pkg)
[1.914s] DEBUG:colcon.colcon_parallel_executor.executor.parallel:closing loop
[1.914s] DEBUG:colcon.colcon_parallel_executor.executor.parallel:loop closed
[1.914s] DEBUG:colcon.colcon_parallel_executor.executor.parallel:run_until_complete finished with '0'
[1.914s] DEBUG:colcon.colcon_core.event_reactor:joining thread
[1.926s] INFO:colcon.colcon_core.plugin_system:Skipping extension 'colcon_notification.desktop_notification.notify_send': Could not find 'notify-send'
[1.927s] INFO:colcon.colcon_core.plugin_system:Skipping extension 'colcon_notification.desktop_notification.terminal_notifier': Not used on non-Darwin systems
[1.927s] INFO:colcon.colcon_core.plugin_system:Skipping extension 'colcon_notification.desktop_notification.win32': Not used on non-Windows systems
[1.927s] INFO:colcon.colcon_notification.desktop_notification:Sending desktop notification using 'notify2'
[1.930s] DEBUG:colcon.colcon_notification.desktop_notification.notify2:Failed to initialize notify2: org.freedesktop.DBus.Error.Spawn.ExecFailed: /usr/bin/dbus-launch terminated abnormally without any error message
[1.930s] DEBUG:colcon.colcon_core.event_reactor:joined thread
[1.931s] INFO:colcon.colcon_core.shell:Creating prefix script '/root/docker_tello_ros2/wrk_src/install/local_setup.ps1'
[1.932s] INFO:colcon.colcon_core.shell:Creating prefix util module '/root/docker_tello_ros2/wrk_src/install/_local_setup_util_ps1.py'
[1.934s] INFO:colcon.colcon_core.shell:Creating prefix chain script '/root/docker_tello_ros2/wrk_src/install/setup.ps1'
[1.936s] INFO:colcon.colcon_core.shell:Creating prefix script '/root/docker_tello_ros2/wrk_src/install/local_setup.sh'
[1.937s] INFO:colcon.colcon_core.shell:Creating prefix util module '/root/docker_tello_ros2/wrk_src/install/_local_setup_util_sh.py'
[1.938s] INFO:colcon.colcon_core.shell:Creating prefix chain script '/root/docker_tello_ros2/wrk_src/install/setup.sh'
[1.939s] INFO:colcon.colcon_core.shell:Creating prefix script '/root/docker_tello_ros2/wrk_src/install/local_setup.bash'
[1.940s] INFO:colcon.colcon_core.shell:Creating prefix chain script '/root/docker_tello_ros2/wrk_src/install/setup.bash'
[1.941s] INFO:colcon.colcon_core.shell:Creating prefix script '/root/docker_tello_ros2/wrk_src/install/local_setup.zsh'
[1.942s] INFO:colcon.colcon_core.shell:Creating prefix chain script '/root/docker_tello_ros2/wrk_src/install/setup.zsh'
