[0.039s] Invoking command in '/root/dtello_MD/wrk_src/build/orbslam2': CMAKE_PREFIX_PATH=/root/dtello_MD/wrk_src/install/tello_pkg:/root/dtello_MD/wrk_src/install/ros2_aruco:/opt/ros/foxy /usr/bin/cmake /root/dtello_MD/wrk_src/tello-ros2/slam/src/orbslam2 -DCMAKE_INSTALL_PREFIX=/root/dtello_MD/wrk_src/install/orbslam2
[0.250s] -- Found ament_cmake: 0.9.12 (/opt/ros/foxy/share/ament_cmake/cmake)
[0.250s] -- Using PYTHON_EXECUTABLE: /usr/bin/python3
[0.250s] -- Found rclcpp: 2.4.3 (/opt/ros/foxy/share/rclcpp/cmake)
[0.294s] -- Using all available rosidl_typesupport_c: rosidl_typesupport_fastrtps_c;rosidl_typesupport_introspection_c
[0.300s] -- Found rosidl_adapter: 1.3.1 (/opt/ros/foxy/share/rosidl_adapter/cmake)
[0.458s] -- Using all available rosidl_typesupport_cpp: rosidl_typesupport_fastrtps_cpp;rosidl_typesupport_introspection_cpp
[0.550s] -- Found rmw_implementation_cmake: 1.0.4 (/opt/ros/foxy/share/rmw_implementation_cmake/cmake)
[0.557s] -- Using RMW implementation 'rmw_fastrtps_cpp' as default
[0.810s] -- Found sensor_msgs: 2.0.5 (/opt/ros/foxy/share/sensor_msgs/cmake)
[0.964s] -- Found visualization_msgs: 2.0.5 (/opt/ros/foxy/share/visualization_msgs/cmake)
[1.029s] -- Found cv_bridge: 3.0.7 (/opt/ros/foxy/share/cv_bridge/cmake)
[1.059s] -- Found message_filters: 3.2.7 (/opt/ros/foxy/share/message_filters/cmake)
[1.082s] CMake Error at CMakeLists.txt:24 (find_package):
[1.082s]   Could not find a configuration file for package "OpenCV" that is compatible
[1.082s]   with requested version "3".
[1.082s] 
[1.082s]   The following configuration files were considered but not accepted:
[1.082s] 
[1.082s]     /usr/lib/x86_64-linux-gnu/cmake/opencv4/OpenCVConfig.cmake, version: 4.2.0
[1.082s]     /lib/x86_64-linux-gnu/cmake/opencv4/OpenCVConfig.cmake, version: 4.2.0
[1.082s] 
[1.082s] 
[1.082s] 
[1.084s] -- Configuring incomplete, errors occurred!
[1.084s] See also "/root/dtello_MD/wrk_src/build/orbslam2/CMakeFiles/CMakeOutput.log".
[1.084s] See also "/root/dtello_MD/wrk_src/build/orbslam2/CMakeFiles/CMakeError.log".
[1.091s] Invoked command in '/root/dtello_MD/wrk_src/build/orbslam2' returned '1': CMAKE_PREFIX_PATH=/root/dtello_MD/wrk_src/install/tello_pkg:/root/dtello_MD/wrk_src/install/ros2_aruco:/opt/ros/foxy /usr/bin/cmake /root/dtello_MD/wrk_src/tello-ros2/slam/src/orbslam2 -DCMAKE_INSTALL_PREFIX=/root/dtello_MD/wrk_src/install/orbslam2
