[0.620s] DEBUG:colcon:Command line arguments: ['/usr/bin/colcon', 'build', '--packages-select', 'tello_pkg']
[0.621s] DEBUG:colcon:Parsed command line arguments: Namespace(ament_cmake_args=None, base_paths=['.'], build_base='build', catkin_cmake_args=None, catkin_skip_building_tests=False, cmake_args=None, cmake_clean_cache=False, cmake_clean_first=False, cmake_force_configure=False, cmake_target=None, cmake_target_skip_unavailable=False, continue_on_error=False, event_handlers=None, executor='parallel', ignore_user_meta=False, install_base='install', log_base=None, log_level=None, main=<bound method BuildVerb.main of <colcon_core.verb.build.BuildVerb object at 0x7c3a0547a0d0>>, merge_install=False, metas=['./colcon.meta'], mixin=None, mixin_files=None, mixin_verb=('build',), packages_above=None, packages_above_and_dependencies=None, packages_above_depth=None, packages_end=None, packages_ignore=None, packages_ignore_regex=None, packages_select=['tello_pkg'], packages_select_build_failed=False, packages_select_by_dep=None, packages_select_regex=None, packages_select_test_failures=False, packages_skip=None, packages_skip_build_finished=False, packages_skip_by_dep=None, packages_skip_regex=None, packages_skip_test_passed=False, packages_skip_up_to=None, packages_start=None, packages_up_to=None, packages_up_to_regex=None, parallel_workers=8, paths=None, symlink_install=False, test_result_base=None, verb_extension=<colcon_core.verb.build.BuildVerb object at 0x7c3a0547a0d0>, verb_name='build', verb_parser=<colcon_mixin.mixin.mixin_argument.MixinArgumentDecorator object at 0x7c3a0547a730>)
[0.693s] Level 1:colcon.colcon_core.package_discovery:discover_packages(colcon_meta) check parameters
[0.694s] INFO:colcon.colcon_metadata.package_discovery.colcon_meta:Using configuration from '/root/.colcon/metadata/default/Gazebo.meta'
[0.695s] INFO:colcon.colcon_metadata.package_discovery.colcon_meta:Using configuration from '/root/.colcon/metadata/default/fastrtps.meta'
[0.696s] Level 1:colcon.colcon_core.package_discovery:discover_packages(recursive) check parameters
[0.696s] Level 1:colcon.colcon_core.package_discovery:discover_packages(ignore) check parameters
[0.696s] Level 1:colcon.colcon_core.package_discovery:discover_packages(path) check parameters
[0.696s] Level 1:colcon.colcon_core.package_discovery:discover_packages(colcon_meta) discover
[0.696s] Level 1:colcon.colcon_core.package_discovery:discover_packages(recursive) discover
[0.696s] INFO:colcon.colcon_core.package_discovery:Crawling recursively for packages in '/root/tello_MD/wrk_src'
[0.696s] Level 1:colcon.colcon_core.package_identification:_identify(.) by extensions ['ignore', 'ignore_ament_install']
[0.696s] Level 1:colcon.colcon_core.package_identification:_identify(.) by extension 'ignore'
[0.696s] Level 1:colcon.colcon_core.package_identification:_identify(.) by extension 'ignore_ament_install'
[0.697s] Level 1:colcon.colcon_core.package_identification:_identify(.) by extensions ['colcon_pkg']
[0.697s] Level 1:colcon.colcon_core.package_identification:_identify(.) by extension 'colcon_pkg'
[0.697s] Level 1:colcon.colcon_core.package_identification:_identify(.) by extensions ['colcon_meta']
[0.697s] Level 1:colcon.colcon_core.package_identification:_identify(.) by extension 'colcon_meta'
[0.697s] Level 1:colcon.colcon_core.package_identification:_identify(.) by extensions ['ros']
[0.697s] Level 1:colcon.colcon_core.package_identification:_identify(.) by extension 'ros'
[0.721s] Level 1:colcon.colcon_core.package_identification:_identify(.) by extensions ['cmake', 'python']
[0.722s] Level 1:colcon.colcon_core.package_identification:_identify(.) by extension 'cmake'
[0.722s] Level 1:colcon.colcon_core.package_identification:_identify(.) by extension 'python'
[0.722s] Level 1:colcon.colcon_core.package_identification:_identify(.) by extensions ['python_setup_py']
[0.722s] Level 1:colcon.colcon_core.package_identification:_identify(.) by extension 'python_setup_py'
[0.722s] Level 1:colcon.colcon_core.package_identification:_identify(build) by extensions ['ignore', 'ignore_ament_install']
[0.723s] Level 1:colcon.colcon_core.package_identification:_identify(build) by extension 'ignore'
[0.723s] Level 1:colcon.colcon_core.package_identification:_identify(build) ignored
[0.723s] Level 1:colcon.colcon_core.package_identification:_identify(docker_ws) by extensions ['ignore', 'ignore_ament_install']
[0.723s] Level 1:colcon.colcon_core.package_identification:_identify(docker_ws) by extension 'ignore'
[0.724s] Level 1:colcon.colcon_core.package_identification:_identify(docker_ws) by extension 'ignore_ament_install'
[0.724s] Level 1:colcon.colcon_core.package_identification:_identify(docker_ws) by extensions ['colcon_pkg']
[0.724s] Level 1:colcon.colcon_core.package_identification:_identify(docker_ws) by extension 'colcon_pkg'
[0.724s] Level 1:colcon.colcon_core.package_identification:_identify(docker_ws) by extensions ['colcon_meta']
[0.724s] Level 1:colcon.colcon_core.package_identification:_identify(docker_ws) by extension 'colcon_meta'
[0.724s] Level 1:colcon.colcon_core.package_identification:_identify(docker_ws) by extensions ['ros']
[0.724s] Level 1:colcon.colcon_core.package_identification:_identify(docker_ws) by extension 'ros'
[0.724s] Level 1:colcon.colcon_core.package_identification:_identify(docker_ws) by extensions ['cmake', 'python']
[0.724s] Level 1:colcon.colcon_core.package_identification:_identify(docker_ws) by extension 'cmake'
[0.725s] Level 1:colcon.colcon_core.package_identification:_identify(docker_ws) by extension 'python'
[0.725s] Level 1:colcon.colcon_core.package_identification:_identify(docker_ws) by extensions ['python_setup_py']
[0.725s] Level 1:colcon.colcon_core.package_identification:_identify(docker_ws) by extension 'python_setup_py'
[0.725s] Level 1:colcon.colcon_core.package_identification:_identify(install) by extensions ['ignore', 'ignore_ament_install']
[0.725s] Level 1:colcon.colcon_core.package_identification:_identify(install) by extension 'ignore'
[0.725s] Level 1:colcon.colcon_core.package_identification:_identify(install) ignored
[0.725s] Level 1:colcon.colcon_core.package_identification:_identify(log) by extensions ['ignore', 'ignore_ament_install']
[0.726s] Level 1:colcon.colcon_core.package_identification:_identify(log) by extension 'ignore'
[0.726s] Level 1:colcon.colcon_core.package_identification:_identify(log) ignored
[0.726s] Level 1:colcon.colcon_core.package_identification:_identify(ros2_aruco) by extensions ['ignore', 'ignore_ament_install']
[0.726s] Level 1:colcon.colcon_core.package_identification:_identify(ros2_aruco) by extension 'ignore'
[0.726s] Level 1:colcon.colcon_core.package_identification:_identify(ros2_aruco) by extension 'ignore_ament_install'
[0.726s] Level 1:colcon.colcon_core.package_identification:_identify(ros2_aruco) by extensions ['colcon_pkg']
[0.726s] Level 1:colcon.colcon_core.package_identification:_identify(ros2_aruco) by extension 'colcon_pkg'
[0.726s] Level 1:colcon.colcon_core.package_identification:_identify(ros2_aruco) by extensions ['colcon_meta']
[0.726s] Level 1:colcon.colcon_core.package_identification:_identify(ros2_aruco) by extension 'colcon_meta'
[0.727s] Level 1:colcon.colcon_core.package_identification:_identify(ros2_aruco) by extensions ['ros']
[0.727s] Level 1:colcon.colcon_core.package_identification:_identify(ros2_aruco) by extension 'ros'
[0.727s] Level 1:colcon.colcon_core.package_identification:_identify(ros2_aruco) by extensions ['cmake', 'python']
[0.727s] Level 1:colcon.colcon_core.package_identification:_identify(ros2_aruco) by extension 'cmake'
[0.727s] Level 1:colcon.colcon_core.package_identification:_identify(ros2_aruco) by extension 'python'
[0.727s] Level 1:colcon.colcon_core.package_identification:_identify(ros2_aruco) by extensions ['python_setup_py']
[0.727s] Level 1:colcon.colcon_core.package_identification:_identify(ros2_aruco) by extension 'python_setup_py'
[0.727s] Level 1:colcon.colcon_core.package_identification:_identify(ros2_aruco/ros2_aruco) by extensions ['ignore', 'ignore_ament_install']
[0.727s] Level 1:colcon.colcon_core.package_identification:_identify(ros2_aruco/ros2_aruco) by extension 'ignore'
[0.727s] Level 1:colcon.colcon_core.package_identification:_identify(ros2_aruco/ros2_aruco) by extension 'ignore_ament_install'
[0.728s] Level 1:colcon.colcon_core.package_identification:_identify(ros2_aruco/ros2_aruco) by extensions ['colcon_pkg']
[0.728s] Level 1:colcon.colcon_core.package_identification:_identify(ros2_aruco/ros2_aruco) by extension 'colcon_pkg'
[0.728s] Level 1:colcon.colcon_core.package_identification:_identify(ros2_aruco/ros2_aruco) by extensions ['colcon_meta']
[0.728s] Level 1:colcon.colcon_core.package_identification:_identify(ros2_aruco/ros2_aruco) by extension 'colcon_meta'
[0.728s] Level 1:colcon.colcon_core.package_identification:_identify(ros2_aruco/ros2_aruco) by extensions ['ros']
[0.728s] Level 1:colcon.colcon_core.package_identification:_identify(ros2_aruco/ros2_aruco) by extension 'ros'
[0.733s] DEBUG:colcon.colcon_core.package_identification:Package 'ros2_aruco/ros2_aruco' with type 'ros.ament_python' and name 'ros2_aruco'
[0.733s] Level 1:colcon.colcon_core.package_identification:_identify(ros2_aruco/ros2_aruco_interfaces) by extensions ['ignore', 'ignore_ament_install']
[0.733s] Level 1:colcon.colcon_core.package_identification:_identify(ros2_aruco/ros2_aruco_interfaces) by extension 'ignore'
[0.733s] Level 1:colcon.colcon_core.package_identification:_identify(ros2_aruco/ros2_aruco_interfaces) by extension 'ignore_ament_install'
[0.733s] Level 1:colcon.colcon_core.package_identification:_identify(ros2_aruco/ros2_aruco_interfaces) by extensions ['colcon_pkg']
[0.734s] Level 1:colcon.colcon_core.package_identification:_identify(ros2_aruco/ros2_aruco_interfaces) by extension 'colcon_pkg'
[0.734s] Level 1:colcon.colcon_core.package_identification:_identify(ros2_aruco/ros2_aruco_interfaces) by extensions ['colcon_meta']
[0.734s] Level 1:colcon.colcon_core.package_identification:_identify(ros2_aruco/ros2_aruco_interfaces) by extension 'colcon_meta'
[0.734s] Level 1:colcon.colcon_core.package_identification:_identify(ros2_aruco/ros2_aruco_interfaces) by extensions ['ros']
[0.734s] Level 1:colcon.colcon_core.package_identification:_identify(ros2_aruco/ros2_aruco_interfaces) by extension 'ros'
[0.735s] DEBUG:colcon.colcon_core.package_identification:Package 'ros2_aruco/ros2_aruco_interfaces' with type 'ros.ament_cmake' and name 'ros2_aruco_interfaces'
[0.735s] Level 1:colcon.colcon_core.package_identification:_identify(tello-ros2) by extensions ['ignore', 'ignore_ament_install']
[0.735s] Level 1:colcon.colcon_core.package_identification:_identify(tello-ros2) by extension 'ignore'
[0.736s] Level 1:colcon.colcon_core.package_identification:_identify(tello-ros2) by extension 'ignore_ament_install'
[0.736s] Level 1:colcon.colcon_core.package_identification:_identify(tello-ros2) by extensions ['colcon_pkg']
[0.736s] Level 1:colcon.colcon_core.package_identification:_identify(tello-ros2) by extension 'colcon_pkg'
[0.736s] Level 1:colcon.colcon_core.package_identification:_identify(tello-ros2) by extensions ['colcon_meta']
[0.736s] Level 1:colcon.colcon_core.package_identification:_identify(tello-ros2) by extension 'colcon_meta'
[0.736s] Level 1:colcon.colcon_core.package_identification:_identify(tello-ros2) by extensions ['ros']
[0.736s] Level 1:colcon.colcon_core.package_identification:_identify(tello-ros2) by extension 'ros'
[0.736s] Level 1:colcon.colcon_core.package_identification:_identify(tello-ros2) by extensions ['cmake', 'python']
[0.736s] Level 1:colcon.colcon_core.package_identification:_identify(tello-ros2) by extension 'cmake'
[0.736s] Level 1:colcon.colcon_core.package_identification:_identify(tello-ros2) by extension 'python'
[0.736s] Level 1:colcon.colcon_core.package_identification:_identify(tello-ros2) by extensions ['python_setup_py']
[0.736s] Level 1:colcon.colcon_core.package_identification:_identify(tello-ros2) by extension 'python_setup_py'
[0.737s] Level 1:colcon.colcon_core.package_identification:_identify(tello-ros2/readme) by extensions ['ignore', 'ignore_ament_install']
[0.737s] Level 1:colcon.colcon_core.package_identification:_identify(tello-ros2/readme) by extension 'ignore'
[0.737s] Level 1:colcon.colcon_core.package_identification:_identify(tello-ros2/readme) by extension 'ignore_ament_install'
[0.737s] Level 1:colcon.colcon_core.package_identification:_identify(tello-ros2/readme) by extensions ['colcon_pkg']
[0.737s] Level 1:colcon.colcon_core.package_identification:_identify(tello-ros2/readme) by extension 'colcon_pkg'
[0.737s] Level 1:colcon.colcon_core.package_identification:_identify(tello-ros2/readme) by extensions ['colcon_meta']
[0.737s] Level 1:colcon.colcon_core.package_identification:_identify(tello-ros2/readme) by extension 'colcon_meta'
[0.737s] Level 1:colcon.colcon_core.package_identification:_identify(tello-ros2/readme) by extensions ['ros']
[0.737s] Level 1:colcon.colcon_core.package_identification:_identify(tello-ros2/readme) by extension 'ros'
[0.737s] Level 1:colcon.colcon_core.package_identification:_identify(tello-ros2/readme) by extensions ['cmake', 'python']
[0.737s] Level 1:colcon.colcon_core.package_identification:_identify(tello-ros2/readme) by extension 'cmake'
[0.737s] Level 1:colcon.colcon_core.package_identification:_identify(tello-ros2/readme) by extension 'python'
[0.738s] Level 1:colcon.colcon_core.package_identification:_identify(tello-ros2/readme) by extensions ['python_setup_py']
[0.738s] Level 1:colcon.colcon_core.package_identification:_identify(tello-ros2/readme) by extension 'python_setup_py'
[0.738s] Level 1:colcon.colcon_core.package_identification:_identify(tello-ros2/scripts) by extensions ['ignore', 'ignore_ament_install']
[0.738s] Level 1:colcon.colcon_core.package_identification:_identify(tello-ros2/scripts) by extension 'ignore'
[0.738s] Level 1:colcon.colcon_core.package_identification:_identify(tello-ros2/scripts) by extension 'ignore_ament_install'
[0.738s] Level 1:colcon.colcon_core.package_identification:_identify(tello-ros2/scripts) by extensions ['colcon_pkg']
[0.738s] Level 1:colcon.colcon_core.package_identification:_identify(tello-ros2/scripts) by extension 'colcon_pkg'
[0.738s] Level 1:colcon.colcon_core.package_identification:_identify(tello-ros2/scripts) by extensions ['colcon_meta']
[0.738s] Level 1:colcon.colcon_core.package_identification:_identify(tello-ros2/scripts) by extension 'colcon_meta'
[0.738s] Level 1:colcon.colcon_core.package_identification:_identify(tello-ros2/scripts) by extensions ['ros']
[0.738s] Level 1:colcon.colcon_core.package_identification:_identify(tello-ros2/scripts) by extension 'ros'
[0.738s] Level 1:colcon.colcon_core.package_identification:_identify(tello-ros2/scripts) by extensions ['cmake', 'python']
[0.739s] Level 1:colcon.colcon_core.package_identification:_identify(tello-ros2/scripts) by extension 'cmake'
[0.739s] Level 1:colcon.colcon_core.package_identification:_identify(tello-ros2/scripts) by extension 'python'
[0.739s] Level 1:colcon.colcon_core.package_identification:_identify(tello-ros2/scripts) by extensions ['python_setup_py']
[0.739s] Level 1:colcon.colcon_core.package_identification:_identify(tello-ros2/scripts) by extension 'python_setup_py'
[0.739s] Level 1:colcon.colcon_core.package_identification:_identify(tello-ros2/slam) by extensions ['ignore', 'ignore_ament_install']
[0.739s] Level 1:colcon.colcon_core.package_identification:_identify(tello-ros2/slam) by extension 'ignore'
[0.739s] Level 1:colcon.colcon_core.package_identification:_identify(tello-ros2/slam) by extension 'ignore_ament_install'
[0.739s] Level 1:colcon.colcon_core.package_identification:_identify(tello-ros2/slam) by extensions ['colcon_pkg']
[0.739s] Level 1:colcon.colcon_core.package_identification:_identify(tello-ros2/slam) by extension 'colcon_pkg'
[0.739s] Level 1:colcon.colcon_core.package_identification:_identify(tello-ros2/slam) by extensions ['colcon_meta']
[0.739s] Level 1:colcon.colcon_core.package_identification:_identify(tello-ros2/slam) by extension 'colcon_meta'
[0.739s] Level 1:colcon.colcon_core.package_identification:_identify(tello-ros2/slam) by extensions ['ros']
[0.740s] Level 1:colcon.colcon_core.package_identification:_identify(tello-ros2/slam) by extension 'ros'
[0.740s] Level 1:colcon.colcon_core.package_identification:_identify(tello-ros2/slam) by extensions ['cmake', 'python']
[0.740s] Level 1:colcon.colcon_core.package_identification:_identify(tello-ros2/slam) by extension 'cmake'
[0.740s] Level 1:colcon.colcon_core.package_identification:_identify(tello-ros2/slam) by extension 'python'
[0.740s] Level 1:colcon.colcon_core.package_identification:_identify(tello-ros2/slam) by extensions ['python_setup_py']
[0.740s] Level 1:colcon.colcon_core.package_identification:_identify(tello-ros2/slam) by extension 'python_setup_py'
[0.740s] Level 1:colcon.colcon_core.package_identification:_identify(tello-ros2/slam/src) by extensions ['ignore', 'ignore_ament_install']
[0.740s] Level 1:colcon.colcon_core.package_identification:_identify(tello-ros2/slam/src) by extension 'ignore'
[0.740s] Level 1:colcon.colcon_core.package_identification:_identify(tello-ros2/slam/src) by extension 'ignore_ament_install'
[0.740s] Level 1:colcon.colcon_core.package_identification:_identify(tello-ros2/slam/src) by extensions ['colcon_pkg']
[0.740s] Level 1:colcon.colcon_core.package_identification:_identify(tello-ros2/slam/src) by extension 'colcon_pkg'
[0.741s] Level 1:colcon.colcon_core.package_identification:_identify(tello-ros2/slam/src) by extensions ['colcon_meta']
[0.741s] Level 1:colcon.colcon_core.package_identification:_identify(tello-ros2/slam/src) by extension 'colcon_meta'
[0.741s] Level 1:colcon.colcon_core.package_identification:_identify(tello-ros2/slam/src) by extensions ['ros']
[0.741s] Level 1:colcon.colcon_core.package_identification:_identify(tello-ros2/slam/src) by extension 'ros'
[0.741s] Level 1:colcon.colcon_core.package_identification:_identify(tello-ros2/slam/src) by extensions ['cmake', 'python']
[0.741s] Level 1:colcon.colcon_core.package_identification:_identify(tello-ros2/slam/src) by extension 'cmake'
[0.741s] Level 1:colcon.colcon_core.package_identification:_identify(tello-ros2/slam/src) by extension 'python'
[0.741s] Level 1:colcon.colcon_core.package_identification:_identify(tello-ros2/slam/src) by extensions ['python_setup_py']
[0.741s] Level 1:colcon.colcon_core.package_identification:_identify(tello-ros2/slam/src) by extension 'python_setup_py'
[0.741s] Level 1:colcon.colcon_core.package_identification:_identify(tello-ros2/slam/src/orbslam2) by extensions ['ignore', 'ignore_ament_install']
[0.741s] Level 1:colcon.colcon_core.package_identification:_identify(tello-ros2/slam/src/orbslam2) by extension 'ignore'
[0.741s] Level 1:colcon.colcon_core.package_identification:_identify(tello-ros2/slam/src/orbslam2) by extension 'ignore_ament_install'
[0.742s] Level 1:colcon.colcon_core.package_identification:_identify(tello-ros2/slam/src/orbslam2) by extensions ['colcon_pkg']
[0.742s] Level 1:colcon.colcon_core.package_identification:_identify(tello-ros2/slam/src/orbslam2) by extension 'colcon_pkg'
[0.742s] Level 1:colcon.colcon_core.package_identification:_identify(tello-ros2/slam/src/orbslam2) by extensions ['colcon_meta']
[0.742s] Level 1:colcon.colcon_core.package_identification:_identify(tello-ros2/slam/src/orbslam2) by extension 'colcon_meta'
[0.742s] Level 1:colcon.colcon_core.package_identification:_identify(tello-ros2/slam/src/orbslam2) by extensions ['ros']
[0.742s] Level 1:colcon.colcon_core.package_identification:_identify(tello-ros2/slam/src/orbslam2) by extension 'ros'
[0.743s] DEBUG:colcon.colcon_core.package_identification:Package 'tello-ros2/slam/src/orbslam2' with type 'ros.ament_cmake' and name 'orbslam2'
[0.743s] Level 1:colcon.colcon_core.package_identification:_identify(tello-ros2/workspace) by extensions ['ignore', 'ignore_ament_install']
[0.743s] Level 1:colcon.colcon_core.package_identification:_identify(tello-ros2/workspace) by extension 'ignore'
[0.743s] Level 1:colcon.colcon_core.package_identification:_identify(tello-ros2/workspace) by extension 'ignore_ament_install'
[0.743s] Level 1:colcon.colcon_core.package_identification:_identify(tello-ros2/workspace) by extensions ['colcon_pkg']
[0.743s] Level 1:colcon.colcon_core.package_identification:_identify(tello-ros2/workspace) by extension 'colcon_pkg'
[0.744s] Level 1:colcon.colcon_core.package_identification:_identify(tello-ros2/workspace) by extensions ['colcon_meta']
[0.744s] Level 1:colcon.colcon_core.package_identification:_identify(tello-ros2/workspace) by extension 'colcon_meta'
[0.744s] Level 1:colcon.colcon_core.package_identification:_identify(tello-ros2/workspace) by extensions ['ros']
[0.744s] Level 1:colcon.colcon_core.package_identification:_identify(tello-ros2/workspace) by extension 'ros'
[0.744s] Level 1:colcon.colcon_core.package_identification:_identify(tello-ros2/workspace) by extensions ['cmake', 'python']
[0.744s] Level 1:colcon.colcon_core.package_identification:_identify(tello-ros2/workspace) by extension 'cmake'
[0.744s] Level 1:colcon.colcon_core.package_identification:_identify(tello-ros2/workspace) by extension 'python'
[0.744s] Level 1:colcon.colcon_core.package_identification:_identify(tello-ros2/workspace) by extensions ['python_setup_py']
[0.744s] Level 1:colcon.colcon_core.package_identification:_identify(tello-ros2/workspace) by extension 'python_setup_py'
[0.744s] Level 1:colcon.colcon_core.package_identification:_identify(tello-ros2/workspace/src) by extensions ['ignore', 'ignore_ament_install']
[0.744s] Level 1:colcon.colcon_core.package_identification:_identify(tello-ros2/workspace/src) by extension 'ignore'
[0.744s] Level 1:colcon.colcon_core.package_identification:_identify(tello-ros2/workspace/src) by extension 'ignore_ament_install'
[0.745s] Level 1:colcon.colcon_core.package_identification:_identify(tello-ros2/workspace/src) by extensions ['colcon_pkg']
[0.745s] Level 1:colcon.colcon_core.package_identification:_identify(tello-ros2/workspace/src) by extension 'colcon_pkg'
[0.745s] Level 1:colcon.colcon_core.package_identification:_identify(tello-ros2/workspace/src) by extensions ['colcon_meta']
[0.745s] Level 1:colcon.colcon_core.package_identification:_identify(tello-ros2/workspace/src) by extension 'colcon_meta'
[0.745s] Level 1:colcon.colcon_core.package_identification:_identify(tello-ros2/workspace/src) by extensions ['ros']
[0.745s] Level 1:colcon.colcon_core.package_identification:_identify(tello-ros2/workspace/src) by extension 'ros'
[0.745s] Level 1:colcon.colcon_core.package_identification:_identify(tello-ros2/workspace/src) by extensions ['cmake', 'python']
[0.745s] Level 1:colcon.colcon_core.package_identification:_identify(tello-ros2/workspace/src) by extension 'cmake'
[0.745s] Level 1:colcon.colcon_core.package_identification:_identify(tello-ros2/workspace/src) by extension 'python'
[0.745s] Level 1:colcon.colcon_core.package_identification:_identify(tello-ros2/workspace/src) by extensions ['python_setup_py']
[0.745s] Level 1:colcon.colcon_core.package_identification:_identify(tello-ros2/workspace/src) by extension 'python_setup_py'
[0.746s] Level 1:colcon.colcon_core.package_identification:_identify(tello-ros2/workspace/src/tello) by extensions ['ignore', 'ignore_ament_install']
[0.746s] Level 1:colcon.colcon_core.package_identification:_identify(tello-ros2/workspace/src/tello) by extension 'ignore'
[0.746s] Level 1:colcon.colcon_core.package_identification:_identify(tello-ros2/workspace/src/tello) by extension 'ignore_ament_install'
[0.746s] Level 1:colcon.colcon_core.package_identification:_identify(tello-ros2/workspace/src/tello) by extensions ['colcon_pkg']
[0.746s] Level 1:colcon.colcon_core.package_identification:_identify(tello-ros2/workspace/src/tello) by extension 'colcon_pkg'
[0.746s] Level 1:colcon.colcon_core.package_identification:_identify(tello-ros2/workspace/src/tello) by extensions ['colcon_meta']
[0.746s] Level 1:colcon.colcon_core.package_identification:_identify(tello-ros2/workspace/src/tello) by extension 'colcon_meta'
[0.746s] Level 1:colcon.colcon_core.package_identification:_identify(tello-ros2/workspace/src/tello) by extensions ['ros']
[0.746s] Level 1:colcon.colcon_core.package_identification:_identify(tello-ros2/workspace/src/tello) by extension 'ros'
[0.748s] DEBUG:colcon.colcon_core.package_identification:Package 'tello-ros2/workspace/src/tello' with type 'ros.ament_python' and name 'tello'
[0.748s] Level 1:colcon.colcon_core.package_identification:_identify(tello-ros2/workspace/src/tello_control) by extensions ['ignore', 'ignore_ament_install']
[0.748s] Level 1:colcon.colcon_core.package_identification:_identify(tello-ros2/workspace/src/tello_control) by extension 'ignore'
[0.748s] Level 1:colcon.colcon_core.package_identification:_identify(tello-ros2/workspace/src/tello_control) by extension 'ignore_ament_install'
[0.748s] Level 1:colcon.colcon_core.package_identification:_identify(tello-ros2/workspace/src/tello_control) by extensions ['colcon_pkg']
[0.749s] Level 1:colcon.colcon_core.package_identification:_identify(tello-ros2/workspace/src/tello_control) by extension 'colcon_pkg'
[0.749s] Level 1:colcon.colcon_core.package_identification:_identify(tello-ros2/workspace/src/tello_control) by extensions ['colcon_meta']
[0.749s] Level 1:colcon.colcon_core.package_identification:_identify(tello-ros2/workspace/src/tello_control) by extension 'colcon_meta'
[0.749s] Level 1:colcon.colcon_core.package_identification:_identify(tello-ros2/workspace/src/tello_control) by extensions ['ros']
[0.749s] Level 1:colcon.colcon_core.package_identification:_identify(tello-ros2/workspace/src/tello_control) by extension 'ros'
[0.750s] DEBUG:colcon.colcon_core.package_identification:Package 'tello-ros2/workspace/src/tello_control' with type 'ros.ament_cmake' and name 'tello_control'
[0.750s] Level 1:colcon.colcon_core.package_identification:_identify(tello-ros2/workspace/src/tello_msg) by extensions ['ignore', 'ignore_ament_install']
[0.750s] Level 1:colcon.colcon_core.package_identification:_identify(tello-ros2/workspace/src/tello_msg) by extension 'ignore'
[0.750s] Level 1:colcon.colcon_core.package_identification:_identify(tello-ros2/workspace/src/tello_msg) by extension 'ignore_ament_install'
[0.750s] Level 1:colcon.colcon_core.package_identification:_identify(tello-ros2/workspace/src/tello_msg) by extensions ['colcon_pkg']
[0.751s] Level 1:colcon.colcon_core.package_identification:_identify(tello-ros2/workspace/src/tello_msg) by extension 'colcon_pkg'
[0.751s] Level 1:colcon.colcon_core.package_identification:_identify(tello-ros2/workspace/src/tello_msg) by extensions ['colcon_meta']
[0.751s] Level 1:colcon.colcon_core.package_identification:_identify(tello-ros2/workspace/src/tello_msg) by extension 'colcon_meta'
[0.751s] Level 1:colcon.colcon_core.package_identification:_identify(tello-ros2/workspace/src/tello_msg) by extensions ['ros']
[0.751s] Level 1:colcon.colcon_core.package_identification:_identify(tello-ros2/workspace/src/tello_msg) by extension 'ros'
[0.752s] DEBUG:colcon.colcon_core.package_identification:Package 'tello-ros2/workspace/src/tello_msg' with type 'ros.ament_cmake' and name 'tello_msg'
[0.753s] Level 1:colcon.colcon_core.package_identification:_identify(tello_ws) by extensions ['ignore', 'ignore_ament_install']
[0.753s] Level 1:colcon.colcon_core.package_identification:_identify(tello_ws) by extension 'ignore'
[0.753s] Level 1:colcon.colcon_core.package_identification:_identify(tello_ws) by extension 'ignore_ament_install'
[0.753s] Level 1:colcon.colcon_core.package_identification:_identify(tello_ws) by extensions ['colcon_pkg']
[0.753s] Level 1:colcon.colcon_core.package_identification:_identify(tello_ws) by extension 'colcon_pkg'
[0.753s] Level 1:colcon.colcon_core.package_identification:_identify(tello_ws) by extensions ['colcon_meta']
[0.753s] Level 1:colcon.colcon_core.package_identification:_identify(tello_ws) by extension 'colcon_meta'
[0.753s] Level 1:colcon.colcon_core.package_identification:_identify(tello_ws) by extensions ['ros']
[0.753s] Level 1:colcon.colcon_core.package_identification:_identify(tello_ws) by extension 'ros'
[0.753s] Level 1:colcon.colcon_core.package_identification:_identify(tello_ws) by extensions ['cmake', 'python']
[0.753s] Level 1:colcon.colcon_core.package_identification:_identify(tello_ws) by extension 'cmake'
[0.754s] Level 1:colcon.colcon_core.package_identification:_identify(tello_ws) by extension 'python'
[0.754s] Level 1:colcon.colcon_core.package_identification:_identify(tello_ws) by extensions ['python_setup_py']
[0.754s] Level 1:colcon.colcon_core.package_identification:_identify(tello_ws) by extension 'python_setup_py'
[0.754s] Level 1:colcon.colcon_core.package_identification:_identify(tello_ws/build) by extensions ['ignore', 'ignore_ament_install']
[0.754s] Level 1:colcon.colcon_core.package_identification:_identify(tello_ws/build) by extension 'ignore'
[0.754s] Level 1:colcon.colcon_core.package_identification:_identify(tello_ws/build) ignored
[0.755s] Level 1:colcon.colcon_core.package_identification:_identify(tello_ws/calibration) by extensions ['ignore', 'ignore_ament_install']
[0.755s] Level 1:colcon.colcon_core.package_identification:_identify(tello_ws/calibration) by extension 'ignore'
[0.755s] Level 1:colcon.colcon_core.package_identification:_identify(tello_ws/calibration) by extension 'ignore_ament_install'
[0.755s] Level 1:colcon.colcon_core.package_identification:_identify(tello_ws/calibration) by extensions ['colcon_pkg']
[0.755s] Level 1:colcon.colcon_core.package_identification:_identify(tello_ws/calibration) by extension 'colcon_pkg'
[0.755s] Level 1:colcon.colcon_core.package_identification:_identify(tello_ws/calibration) by extensions ['colcon_meta']
[0.755s] Level 1:colcon.colcon_core.package_identification:_identify(tello_ws/calibration) by extension 'colcon_meta'
[0.755s] Level 1:colcon.colcon_core.package_identification:_identify(tello_ws/calibration) by extensions ['ros']
[0.755s] Level 1:colcon.colcon_core.package_identification:_identify(tello_ws/calibration) by extension 'ros'
[0.756s] Level 1:colcon.colcon_core.package_identification:_identify(tello_ws/calibration) by extensions ['cmake', 'python']
[0.756s] Level 1:colcon.colcon_core.package_identification:_identify(tello_ws/calibration) by extension 'cmake'
[0.756s] Level 1:colcon.colcon_core.package_identification:_identify(tello_ws/calibration) by extension 'python'
[0.756s] Level 1:colcon.colcon_core.package_identification:_identify(tello_ws/calibration) by extensions ['python_setup_py']
[0.756s] Level 1:colcon.colcon_core.package_identification:_identify(tello_ws/calibration) by extension 'python_setup_py'
[0.756s] Level 1:colcon.colcon_core.package_identification:_identify(tello_ws/calibration_phone) by extensions ['ignore', 'ignore_ament_install']
[0.756s] Level 1:colcon.colcon_core.package_identification:_identify(tello_ws/calibration_phone) by extension 'ignore'
[0.756s] Level 1:colcon.colcon_core.package_identification:_identify(tello_ws/calibration_phone) by extension 'ignore_ament_install'
[0.757s] Level 1:colcon.colcon_core.package_identification:_identify(tello_ws/calibration_phone) by extensions ['colcon_pkg']
[0.757s] Level 1:colcon.colcon_core.package_identification:_identify(tello_ws/calibration_phone) by extension 'colcon_pkg'
[0.757s] Level 1:colcon.colcon_core.package_identification:_identify(tello_ws/calibration_phone) by extensions ['colcon_meta']
[0.757s] Level 1:colcon.colcon_core.package_identification:_identify(tello_ws/calibration_phone) by extension 'colcon_meta'
[0.757s] Level 1:colcon.colcon_core.package_identification:_identify(tello_ws/calibration_phone) by extensions ['ros']
[0.757s] Level 1:colcon.colcon_core.package_identification:_identify(tello_ws/calibration_phone) by extension 'ros'
[0.757s] Level 1:colcon.colcon_core.package_identification:_identify(tello_ws/calibration_phone) by extensions ['cmake', 'python']
[0.757s] Level 1:colcon.colcon_core.package_identification:_identify(tello_ws/calibration_phone) by extension 'cmake'
[0.757s] Level 1:colcon.colcon_core.package_identification:_identify(tello_ws/calibration_phone) by extension 'python'
[0.758s] Level 1:colcon.colcon_core.package_identification:_identify(tello_ws/calibration_phone) by extensions ['python_setup_py']
[0.758s] Level 1:colcon.colcon_core.package_identification:_identify(tello_ws/calibration_phone) by extension 'python_setup_py'
[0.758s] Level 1:colcon.colcon_core.package_identification:_identify(tello_ws/detect) by extensions ['ignore', 'ignore_ament_install']
[0.758s] Level 1:colcon.colcon_core.package_identification:_identify(tello_ws/detect) by extension 'ignore'
[0.758s] Level 1:colcon.colcon_core.package_identification:_identify(tello_ws/detect) by extension 'ignore_ament_install'
[0.758s] Level 1:colcon.colcon_core.package_identification:_identify(tello_ws/detect) by extensions ['colcon_pkg']
[0.758s] Level 1:colcon.colcon_core.package_identification:_identify(tello_ws/detect) by extension 'colcon_pkg'
[0.758s] Level 1:colcon.colcon_core.package_identification:_identify(tello_ws/detect) by extensions ['colcon_meta']
[0.758s] Level 1:colcon.colcon_core.package_identification:_identify(tello_ws/detect) by extension 'colcon_meta'
[0.759s] Level 1:colcon.colcon_core.package_identification:_identify(tello_ws/detect) by extensions ['ros']
[0.759s] Level 1:colcon.colcon_core.package_identification:_identify(tello_ws/detect) by extension 'ros'
[0.759s] Level 1:colcon.colcon_core.package_identification:_identify(tello_ws/detect) by extensions ['cmake', 'python']
[0.759s] Level 1:colcon.colcon_core.package_identification:_identify(tello_ws/detect) by extension 'cmake'
[0.759s] Level 1:colcon.colcon_core.package_identification:_identify(tello_ws/detect) by extension 'python'
[0.759s] Level 1:colcon.colcon_core.package_identification:_identify(tello_ws/detect) by extensions ['python_setup_py']
[0.759s] Level 1:colcon.colcon_core.package_identification:_identify(tello_ws/detect) by extension 'python_setup_py'
[0.759s] Level 1:colcon.colcon_core.package_identification:_identify(tello_ws/detect_phone) by extensions ['ignore', 'ignore_ament_install']
[0.759s] Level 1:colcon.colcon_core.package_identification:_identify(tello_ws/detect_phone) by extension 'ignore'
[0.760s] Level 1:colcon.colcon_core.package_identification:_identify(tello_ws/detect_phone) by extension 'ignore_ament_install'
[0.760s] Level 1:colcon.colcon_core.package_identification:_identify(tello_ws/detect_phone) by extensions ['colcon_pkg']
[0.760s] Level 1:colcon.colcon_core.package_identification:_identify(tello_ws/detect_phone) by extension 'colcon_pkg'
[0.760s] Level 1:colcon.colcon_core.package_identification:_identify(tello_ws/detect_phone) by extensions ['colcon_meta']
[0.760s] Level 1:colcon.colcon_core.package_identification:_identify(tello_ws/detect_phone) by extension 'colcon_meta'
[0.760s] Level 1:colcon.colcon_core.package_identification:_identify(tello_ws/detect_phone) by extensions ['ros']
[0.760s] Level 1:colcon.colcon_core.package_identification:_identify(tello_ws/detect_phone) by extension 'ros'
[0.760s] Level 1:colcon.colcon_core.package_identification:_identify(tello_ws/detect_phone) by extensions ['cmake', 'python']
[0.760s] Level 1:colcon.colcon_core.package_identification:_identify(tello_ws/detect_phone) by extension 'cmake'
[0.760s] Level 1:colcon.colcon_core.package_identification:_identify(tello_ws/detect_phone) by extension 'python'
[0.761s] Level 1:colcon.colcon_core.package_identification:_identify(tello_ws/detect_phone) by extensions ['python_setup_py']
[0.761s] Level 1:colcon.colcon_core.package_identification:_identify(tello_ws/detect_phone) by extension 'python_setup_py'
[0.761s] Level 1:colcon.colcon_core.package_identification:_identify(tello_ws/install) by extensions ['ignore', 'ignore_ament_install']
[0.761s] Level 1:colcon.colcon_core.package_identification:_identify(tello_ws/install) by extension 'ignore'
[0.761s] Level 1:colcon.colcon_core.package_identification:_identify(tello_ws/install) ignored
[0.762s] Level 1:colcon.colcon_core.package_identification:_identify(tello_ws/log) by extensions ['ignore', 'ignore_ament_install']
[0.762s] Level 1:colcon.colcon_core.package_identification:_identify(tello_ws/log) by extension 'ignore'
[0.762s] Level 1:colcon.colcon_core.package_identification:_identify(tello_ws/log) ignored
[0.762s] Level 1:colcon.colcon_core.package_identification:_identify(tello_ws/src) by extensions ['ignore', 'ignore_ament_install']
[0.762s] Level 1:colcon.colcon_core.package_identification:_identify(tello_ws/src) by extension 'ignore'
[0.762s] Level 1:colcon.colcon_core.package_identification:_identify(tello_ws/src) by extension 'ignore_ament_install'
[0.763s] Level 1:colcon.colcon_core.package_identification:_identify(tello_ws/src) by extensions ['colcon_pkg']
[0.763s] Level 1:colcon.colcon_core.package_identification:_identify(tello_ws/src) by extension 'colcon_pkg'
[0.763s] Level 1:colcon.colcon_core.package_identification:_identify(tello_ws/src) by extensions ['colcon_meta']
[0.763s] Level 1:colcon.colcon_core.package_identification:_identify(tello_ws/src) by extension 'colcon_meta'
[0.763s] Level 1:colcon.colcon_core.package_identification:_identify(tello_ws/src) by extensions ['ros']
[0.763s] Level 1:colcon.colcon_core.package_identification:_identify(tello_ws/src) by extension 'ros'
[0.763s] Level 1:colcon.colcon_core.package_identification:_identify(tello_ws/src) by extensions ['cmake', 'python']
[0.763s] Level 1:colcon.colcon_core.package_identification:_identify(tello_ws/src) by extension 'cmake'
[0.763s] Level 1:colcon.colcon_core.package_identification:_identify(tello_ws/src) by extension 'python'
[0.763s] Level 1:colcon.colcon_core.package_identification:_identify(tello_ws/src) by extensions ['python_setup_py']
[0.764s] Level 1:colcon.colcon_core.package_identification:_identify(tello_ws/src) by extension 'python_setup_py'
[0.764s] Level 1:colcon.colcon_core.package_identification:_identify(tello_ws/src/tello_pkg) by extensions ['ignore', 'ignore_ament_install']
[0.764s] Level 1:colcon.colcon_core.package_identification:_identify(tello_ws/src/tello_pkg) by extension 'ignore'
[0.764s] Level 1:colcon.colcon_core.package_identification:_identify(tello_ws/src/tello_pkg) by extension 'ignore_ament_install'
[0.764s] Level 1:colcon.colcon_core.package_identification:_identify(tello_ws/src/tello_pkg) by extensions ['colcon_pkg']
[0.764s] Level 1:colcon.colcon_core.package_identification:_identify(tello_ws/src/tello_pkg) by extension 'colcon_pkg'
[0.764s] Level 1:colcon.colcon_core.package_identification:_identify(tello_ws/src/tello_pkg) by extensions ['colcon_meta']
[0.764s] Level 1:colcon.colcon_core.package_identification:_identify(tello_ws/src/tello_pkg) by extension 'colcon_meta'
[0.765s] Level 1:colcon.colcon_core.package_identification:_identify(tello_ws/src/tello_pkg) by extensions ['ros']
[0.765s] Level 1:colcon.colcon_core.package_identification:_identify(tello_ws/src/tello_pkg) by extension 'ros'
[0.767s] DEBUG:colcon.colcon_core.package_identification:Package 'tello_ws/src/tello_pkg' with type 'ros.ament_python' and name 'tello_pkg'
[0.768s] Level 1:colcon.colcon_core.package_discovery:discover_packages(recursive) using defaults
[0.768s] Level 1:colcon.colcon_core.package_discovery:discover_packages(ignore) discover
[0.768s] Level 1:colcon.colcon_core.package_discovery:discover_packages(ignore) using defaults
[0.768s] Level 1:colcon.colcon_core.package_discovery:discover_packages(path) discover
[0.768s] Level 1:colcon.colcon_core.package_discovery:discover_packages(path) using defaults
[0.807s] INFO:colcon.colcon_core.package_selection:Skipping not selected package 'orbslam2' in 'tello-ros2/slam/src/orbslam2'
[0.807s] INFO:colcon.colcon_core.package_selection:Skipping not selected package 'ros2_aruco' in 'ros2_aruco/ros2_aruco'
[0.807s] INFO:colcon.colcon_core.package_selection:Skipping not selected package 'ros2_aruco_interfaces' in 'ros2_aruco/ros2_aruco_interfaces'
[0.807s] INFO:colcon.colcon_core.package_selection:Skipping not selected package 'tello_control' in 'tello-ros2/workspace/src/tello_control'
[0.807s] INFO:colcon.colcon_core.package_selection:Skipping not selected package 'tello_msg' in 'tello-ros2/workspace/src/tello_msg'
[0.807s] INFO:colcon.colcon_core.package_selection:Skipping not selected package 'tello' in 'tello-ros2/workspace/src/tello'
[0.810s] Level 5:colcon.colcon_core.verb:set package 'tello_pkg' build argument 'cmake_args' from command line to 'None'
[0.810s] Level 5:colcon.colcon_core.verb:set package 'tello_pkg' build argument 'cmake_target' from command line to 'None'
[0.810s] Level 5:colcon.colcon_core.verb:set package 'tello_pkg' build argument 'cmake_target_skip_unavailable' from command line to 'False'
[0.810s] Level 5:colcon.colcon_core.verb:set package 'tello_pkg' build argument 'cmake_clean_cache' from command line to 'False'
[0.810s] Level 5:colcon.colcon_core.verb:set package 'tello_pkg' build argument 'cmake_clean_first' from command line to 'False'
[0.810s] Level 5:colcon.colcon_core.verb:set package 'tello_pkg' build argument 'cmake_force_configure' from command line to 'False'
[0.810s] Level 5:colcon.colcon_core.verb:set package 'tello_pkg' build argument 'ament_cmake_args' from command line to 'None'
[0.810s] Level 5:colcon.colcon_core.verb:set package 'tello_pkg' build argument 'catkin_cmake_args' from command line to 'None'
[0.811s] Level 5:colcon.colcon_core.verb:set package 'tello_pkg' build argument 'catkin_skip_building_tests' from command line to 'False'
[0.811s] DEBUG:colcon.colcon_core.verb:Building package 'tello_pkg' with the following arguments: {'ament_cmake_args': None, 'build_base': '/root/tello_MD/wrk_src/build/tello_pkg', 'catkin_cmake_args': None, 'catkin_skip_building_tests': False, 'cmake_args': None, 'cmake_clean_cache': False, 'cmake_clean_first': False, 'cmake_force_configure': False, 'cmake_target': None, 'cmake_target_skip_unavailable': False, 'install_base': '/root/tello_MD/wrk_src/install/tello_pkg', 'merge_install': False, 'path': '/root/tello_MD/wrk_src/tello_ws/src/tello_pkg', 'symlink_install': False, 'test_result_base': None}
[0.813s] INFO:colcon.colcon_core.executor:Executing jobs using 'parallel' executor
[0.824s] DEBUG:colcon.colcon_parallel_executor.executor.parallel:run_until_complete
[0.825s] INFO:colcon.colcon_ros.task.ament_python.build:Building ROS package in '/root/tello_MD/wrk_src/tello_ws/src/tello_pkg' with build type 'ament_python'
[0.825s] Level 1:colcon.colcon_core.shell:create_environment_hook('tello_pkg', 'ament_prefix_path')
[0.847s] INFO:colcon.colcon_core.plugin_system:Skipping extension 'colcon_core.shell.bat': Not used on non-Windows systems
[0.847s] INFO:colcon.colcon_core.shell:Creating environment hook '/root/tello_MD/wrk_src/install/tello_pkg/share/tello_pkg/hook/ament_prefix_path.ps1'
[0.848s] INFO:colcon.colcon_core.shell:Creating environment descriptor '/root/tello_MD/wrk_src/install/tello_pkg/share/tello_pkg/hook/ament_prefix_path.dsv'
[0.849s] INFO:colcon.colcon_core.shell:Creating environment hook '/root/tello_MD/wrk_src/install/tello_pkg/share/tello_pkg/hook/ament_prefix_path.sh'
[0.853s] INFO:colcon.colcon_core.shell:Skip shell extension 'powershell' for command environment: Not usable outside of PowerShell
[0.853s] DEBUG:colcon.colcon_core.shell:Skip shell extension 'dsv' for command environment
[1.292s] INFO:colcon.colcon_core.task.python.build:Building Python package in '/root/tello_MD/wrk_src/tello_ws/src/tello_pkg'
[1.296s] INFO:colcon.colcon_core.shell:Skip shell extension 'powershell' for command environment: Not usable outside of PowerShell
[1.296s] DEBUG:colcon.colcon_core.shell:Skip shell extension 'dsv' for command environment
[2.102s] DEBUG:colcon.colcon_core.event_handler.log_command:Invoking command in '/root/tello_MD/wrk_src/tello_ws/src/tello_pkg': PYTHONPATH=/root/tello_MD/wrk_src/build/tello_pkg/prefix_override:/root/tello_MD/wrk_src/install/tello_pkg/lib/python3.8/site-packages:${PYTHONPATH} /usr/bin/python3 setup.py egg_info --egg-base ../../../build/tello_pkg build --build-base /root/tello_MD/wrk_src/build/tello_pkg/build install --record /root/tello_MD/wrk_src/build/tello_pkg/install.log --install-scripts $base/lib/tello_pkg --single-version-externally-managed
[2.669s] DEBUG:colcon.colcon_core.event_handler.log_command:Invoked command in '/root/tello_MD/wrk_src/tello_ws/src/tello_pkg' returned '0': PYTHONPATH=/root/tello_MD/wrk_src/build/tello_pkg/prefix_override:/root/tello_MD/wrk_src/install/tello_pkg/lib/python3.8/site-packages:${PYTHONPATH} /usr/bin/python3 setup.py egg_info --egg-base ../../../build/tello_pkg build --build-base /root/tello_MD/wrk_src/build/tello_pkg/build install --record /root/tello_MD/wrk_src/build/tello_pkg/install.log --install-scripts $base/lib/tello_pkg --single-version-externally-managed
[2.680s] Level 1:colcon.colcon_core.environment:checking '/root/tello_MD/wrk_src/install/tello_pkg' for CMake module files
[2.681s] Level 1:colcon.colcon_core.environment:checking '/root/tello_MD/wrk_src/install/tello_pkg' for CMake config files
[2.683s] Level 1:colcon.colcon_core.environment:checking '/root/tello_MD/wrk_src/install/tello_pkg/lib'
[2.683s] Level 1:colcon.colcon_core.environment:checking '/root/tello_MD/wrk_src/install/tello_pkg/bin'
[2.683s] Level 1:colcon.colcon_core.environment:checking '/root/tello_MD/wrk_src/install/tello_pkg/lib/pkgconfig/tello_pkg.pc'
[2.684s] Level 1:colcon.colcon_core.environment:checking '/root/tello_MD/wrk_src/install/tello_pkg/lib/python3.8/site-packages'
[2.684s] Level 1:colcon.colcon_core.shell:create_environment_hook('tello_pkg', 'pythonpath')
[2.687s] INFO:colcon.colcon_core.shell:Creating environment hook '/root/tello_MD/wrk_src/install/tello_pkg/share/tello_pkg/hook/pythonpath.ps1'
[2.688s] INFO:colcon.colcon_core.shell:Creating environment descriptor '/root/tello_MD/wrk_src/install/tello_pkg/share/tello_pkg/hook/pythonpath.dsv'
[2.688s] INFO:colcon.colcon_core.shell:Creating environment hook '/root/tello_MD/wrk_src/install/tello_pkg/share/tello_pkg/hook/pythonpath.sh'
[2.689s] Level 1:colcon.colcon_core.environment:checking '/root/tello_MD/wrk_src/install/tello_pkg/bin'
[2.689s] Level 1:colcon.colcon_core.environment:create_environment_scripts_only(tello_pkg)
[2.693s] INFO:colcon.colcon_core.shell:Creating package script '/root/tello_MD/wrk_src/install/tello_pkg/share/tello_pkg/package.ps1'
[2.695s] INFO:colcon.colcon_core.shell:Creating package descriptor '/root/tello_MD/wrk_src/install/tello_pkg/share/tello_pkg/package.dsv'
[2.696s] INFO:colcon.colcon_core.shell:Creating package script '/root/tello_MD/wrk_src/install/tello_pkg/share/tello_pkg/package.sh'
[2.698s] INFO:colcon.colcon_core.shell:Creating package script '/root/tello_MD/wrk_src/install/tello_pkg/share/tello_pkg/package.bash'
[2.700s] INFO:colcon.colcon_core.shell:Creating package script '/root/tello_MD/wrk_src/install/tello_pkg/share/tello_pkg/package.zsh'
[2.702s] Level 1:colcon.colcon_core.environment:create_file_with_runtime_dependencies(/root/tello_MD/wrk_src/install/tello_pkg/share/colcon-core/packages/tello_pkg)
[2.703s] DEBUG:colcon.colcon_parallel_executor.executor.parallel:closing loop
[2.704s] DEBUG:colcon.colcon_parallel_executor.executor.parallel:loop closed
[2.705s] DEBUG:colcon.colcon_parallel_executor.executor.parallel:run_until_complete finished with '0'
[2.705s] DEBUG:colcon.colcon_core.event_reactor:joining thread
[2.722s] INFO:colcon.colcon_core.plugin_system:Skipping extension 'colcon_notification.desktop_notification.notify_send': Could not find 'notify-send'
[2.723s] INFO:colcon.colcon_core.plugin_system:Skipping extension 'colcon_notification.desktop_notification.terminal_notifier': Not used on non-Darwin systems
[2.723s] INFO:colcon.colcon_core.plugin_system:Skipping extension 'colcon_notification.desktop_notification.win32': Not used on non-Windows systems
[2.723s] INFO:colcon.colcon_notification.desktop_notification:Sending desktop notification using 'notify2'
[2.727s] DEBUG:colcon.colcon_notification.desktop_notification.notify2:Failed to initialize notify2: org.freedesktop.DBus.Error.Spawn.ExecFailed: /usr/bin/dbus-launch terminated abnormally without any error message
[2.728s] DEBUG:colcon.colcon_core.event_reactor:joined thread
[2.732s] INFO:colcon.colcon_core.shell:Creating prefix script '/root/tello_MD/wrk_src/install/local_setup.ps1'
[2.735s] INFO:colcon.colcon_core.shell:Creating prefix util module '/root/tello_MD/wrk_src/install/_local_setup_util_ps1.py'
[2.737s] INFO:colcon.colcon_core.shell:Creating prefix chain script '/root/tello_MD/wrk_src/install/setup.ps1'
[2.740s] INFO:colcon.colcon_core.shell:Creating prefix script '/root/tello_MD/wrk_src/install/local_setup.sh'
[2.741s] INFO:colcon.colcon_core.shell:Creating prefix util module '/root/tello_MD/wrk_src/install/_local_setup_util_sh.py'
[2.742s] INFO:colcon.colcon_core.shell:Creating prefix chain script '/root/tello_MD/wrk_src/install/setup.sh'
[2.744s] INFO:colcon.colcon_core.shell:Creating prefix script '/root/tello_MD/wrk_src/install/local_setup.bash'
[2.745s] INFO:colcon.colcon_core.shell:Creating prefix chain script '/root/tello_MD/wrk_src/install/setup.bash'
[2.748s] INFO:colcon.colcon_core.shell:Creating prefix script '/root/tello_MD/wrk_src/install/local_setup.zsh'
[2.748s] INFO:colcon.colcon_core.shell:Creating prefix chain script '/root/tello_MD/wrk_src/install/setup.zsh'
