[0.042s] Invoking command in '/root/dtello_MD/wrk_src/build/orbslam2': CMAKE_PREFIX_PATH=/root/dtello_MD/wrk_src/install/tello_pkg:/root/dtello_MD/wrk_src/install/ros2_aruco:/opt/ros/foxy /usr/bin/cmake /root/dtello_MD/wrk_src/tello-ros2/slam/src/orbslam2 -DCMAKE_INSTALL_PREFIX=/root/dtello_MD/wrk_src/install/orbslam2
[0.261s] -- Found ament_cmake: 0.9.12 (/opt/ros/foxy/share/ament_cmake/cmake)
[0.262s] -- Using PYTHON_EXECUTABLE: /usr/bin/python3
[0.262s] -- Found rclcpp: 2.4.3 (/opt/ros/foxy/share/rclcpp/cmake)
[0.278s] -- Using all available rosidl_typesupport_c: rosidl_typesupport_fastrtps_c;rosidl_typesupport_introspection_c
[0.281s] -- Found rosidl_adapter: 1.3.1 (/opt/ros/foxy/share/rosidl_adapter/cmake)
[0.429s] -- Using all available rosidl_typesupport_cpp: rosidl_typesupport_fastrtps_cpp;rosidl_typesupport_introspection_cpp
[0.485s] -- Found rmw_implementation_cmake: 1.0.4 (/opt/ros/foxy/share/rmw_implementation_cmake/cmake)
[0.486s] -- Using RMW implementation 'rmw_fastrtps_cpp' as default
[0.646s] -- Found sensor_msgs: 2.0.5 (/opt/ros/foxy/share/sensor_msgs/cmake)
[0.773s] -- Found visualization_msgs: 2.0.5 (/opt/ros/foxy/share/visualization_msgs/cmake)
[0.848s] -- Found cv_bridge: 3.0.7 (/opt/ros/foxy/share/cv_bridge/cmake)
[0.871s] -- Found message_filters: 3.2.7 (/opt/ros/foxy/share/message_filters/cmake)
[0.896s] CMake Error at CMakeLists.txt:24 (find_package):
[0.896s]   Could not find a configuration file for package "OpenCV" that is compatible
[0.896s]   with requested version "3".
[0.896s] 
[0.896s]   The following configuration files were considered but not accepted:
[0.897s] 
[0.897s]     /usr/lib/x86_64-linux-gnu/cmake/opencv4/OpenCVConfig.cmake, version: 4.2.0
[0.897s]     /lib/x86_64-linux-gnu/cmake/opencv4/OpenCVConfig.cmake, version: 4.2.0
[0.897s] 
[0.897s] 
[0.897s] 
[0.899s] -- Configuring incomplete, errors occurred!
[0.899s] See also "/root/dtello_MD/wrk_src/build/orbslam2/CMakeFiles/CMakeOutput.log".
[0.900s] See also "/root/dtello_MD/wrk_src/build/orbslam2/CMakeFiles/CMakeError.log".
[0.968s] Invoked command in '/root/dtello_MD/wrk_src/build/orbslam2' returned '1': CMAKE_PREFIX_PATH=/root/dtello_MD/wrk_src/install/tello_pkg:/root/dtello_MD/wrk_src/install/ros2_aruco:/opt/ros/foxy /usr/bin/cmake /root/dtello_MD/wrk_src/tello-ros2/slam/src/orbslam2 -DCMAKE_INSTALL_PREFIX=/root/dtello_MD/wrk_src/install/orbslam2
