[0.125s] DEBUG:colcon:Command line arguments: ['/usr/bin/colcon', 'build']
[0.126s] DEBUG:colcon:Parsed command line arguments: Namespace(ament_cmake_args=None, base_paths=['.'], build_base='build', catkin_cmake_args=None, catkin_skip_building_tests=False, cmake_args=None, cmake_clean_cache=False, cmake_clean_first=False, cmake_force_configure=False, cmake_target=None, cmake_target_skip_unavailable=False, continue_on_error=False, event_handlers=None, executor='parallel', ignore_user_meta=False, install_base='install', log_base=None, log_level=None, main=<bound method BuildVerb.main of <colcon_core.verb.build.BuildVerb object at 0x78bacc4fd3d0>>, merge_install=False, metas=['./colcon.meta'], mixin=None, mixin_files=None, mixin_verb=('build',), packages_above=None, packages_above_and_dependencies=None, packages_above_depth=None, packages_end=None, packages_ignore=None, packages_ignore_regex=None, packages_select=None, packages_select_build_failed=False, packages_select_by_dep=None, packages_select_regex=None, packages_select_test_failures=False, packages_skip=None, packages_skip_build_finished=False, packages_skip_by_dep=None, packages_skip_regex=None, packages_skip_test_passed=False, packages_skip_up_to=None, packages_start=None, packages_up_to=None, packages_up_to_regex=None, parallel_workers=8, paths=None, symlink_install=False, test_result_base=None, verb_extension=<colcon_core.verb.build.BuildVerb object at 0x78bacc4fd3d0>, verb_name='build', verb_parser=<colcon_mixin.mixin.mixin_argument.MixinArgumentDecorator object at 0x78bacc348640>)
[0.207s] Level 1:colcon.colcon_core.package_discovery:discover_packages(colcon_meta) check parameters
[0.207s] INFO:colcon.colcon_metadata.package_discovery.colcon_meta:Using configuration from '/root/.colcon/metadata/default/Gazebo.meta'
[0.208s] INFO:colcon.colcon_metadata.package_discovery.colcon_meta:Using configuration from '/root/.colcon/metadata/default/fastrtps.meta'
[0.208s] Level 1:colcon.colcon_core.package_discovery:discover_packages(recursive) check parameters
[0.208s] Level 1:colcon.colcon_core.package_discovery:discover_packages(ignore) check parameters
[0.208s] Level 1:colcon.colcon_core.package_discovery:discover_packages(path) check parameters
[0.208s] Level 1:colcon.colcon_core.package_discovery:discover_packages(colcon_meta) discover
[0.208s] Level 1:colcon.colcon_core.package_discovery:discover_packages(recursive) discover
[0.208s] INFO:colcon.colcon_core.package_discovery:Crawling recursively for packages in '/root/dtello_MD/wrk_src'
[0.208s] Level 1:colcon.colcon_core.package_identification:_identify(.) by extensions ['ignore', 'ignore_ament_install']
[0.208s] Level 1:colcon.colcon_core.package_identification:_identify(.) by extension 'ignore'
[0.208s] Level 1:colcon.colcon_core.package_identification:_identify(.) by extension 'ignore_ament_install'
[0.208s] Level 1:colcon.colcon_core.package_identification:_identify(.) by extensions ['colcon_pkg']
[0.208s] Level 1:colcon.colcon_core.package_identification:_identify(.) by extension 'colcon_pkg'
[0.208s] Level 1:colcon.colcon_core.package_identification:_identify(.) by extensions ['colcon_meta']
[0.208s] Level 1:colcon.colcon_core.package_identification:_identify(.) by extension 'colcon_meta'
[0.208s] Level 1:colcon.colcon_core.package_identification:_identify(.) by extensions ['ros']
[0.208s] Level 1:colcon.colcon_core.package_identification:_identify(.) by extension 'ros'
[0.216s] Level 1:colcon.colcon_core.package_identification:_identify(.) by extensions ['cmake', 'python']
[0.216s] Level 1:colcon.colcon_core.package_identification:_identify(.) by extension 'cmake'
[0.216s] Level 1:colcon.colcon_core.package_identification:_identify(.) by extension 'python'
[0.217s] Level 1:colcon.colcon_core.package_identification:_identify(.) by extensions ['python_setup_py']
[0.217s] Level 1:colcon.colcon_core.package_identification:_identify(.) by extension 'python_setup_py'
[0.217s] Level 1:colcon.colcon_core.package_identification:_identify(build) by extensions ['ignore', 'ignore_ament_install']
[0.217s] Level 1:colcon.colcon_core.package_identification:_identify(build) by extension 'ignore'
[0.217s] Level 1:colcon.colcon_core.package_identification:_identify(build) ignored
[0.217s] Level 1:colcon.colcon_core.package_identification:_identify(docker_ws) by extensions ['ignore', 'ignore_ament_install']
[0.217s] Level 1:colcon.colcon_core.package_identification:_identify(docker_ws) by extension 'ignore'
[0.217s] Level 1:colcon.colcon_core.package_identification:_identify(docker_ws) by extension 'ignore_ament_install'
[0.217s] Level 1:colcon.colcon_core.package_identification:_identify(docker_ws) by extensions ['colcon_pkg']
[0.217s] Level 1:colcon.colcon_core.package_identification:_identify(docker_ws) by extension 'colcon_pkg'
[0.217s] Level 1:colcon.colcon_core.package_identification:_identify(docker_ws) by extensions ['colcon_meta']
[0.217s] Level 1:colcon.colcon_core.package_identification:_identify(docker_ws) by extension 'colcon_meta'
[0.217s] Level 1:colcon.colcon_core.package_identification:_identify(docker_ws) by extensions ['ros']
[0.217s] Level 1:colcon.colcon_core.package_identification:_identify(docker_ws) by extension 'ros'
[0.217s] Level 1:colcon.colcon_core.package_identification:_identify(docker_ws) by extensions ['cmake', 'python']
[0.217s] Level 1:colcon.colcon_core.package_identification:_identify(docker_ws) by extension 'cmake'
[0.217s] Level 1:colcon.colcon_core.package_identification:_identify(docker_ws) by extension 'python'
[0.217s] Level 1:colcon.colcon_core.package_identification:_identify(docker_ws) by extensions ['python_setup_py']
[0.217s] Level 1:colcon.colcon_core.package_identification:_identify(docker_ws) by extension 'python_setup_py'
[0.217s] Level 1:colcon.colcon_core.package_identification:_identify(install) by extensions ['ignore', 'ignore_ament_install']
[0.217s] Level 1:colcon.colcon_core.package_identification:_identify(install) by extension 'ignore'
[0.217s] Level 1:colcon.colcon_core.package_identification:_identify(install) ignored
[0.217s] Level 1:colcon.colcon_core.package_identification:_identify(log) by extensions ['ignore', 'ignore_ament_install']
[0.218s] Level 1:colcon.colcon_core.package_identification:_identify(log) by extension 'ignore'
[0.218s] Level 1:colcon.colcon_core.package_identification:_identify(log) ignored
[0.218s] Level 1:colcon.colcon_core.package_identification:_identify(ros2_aruco) by extensions ['ignore', 'ignore_ament_install']
[0.218s] Level 1:colcon.colcon_core.package_identification:_identify(ros2_aruco) by extension 'ignore'
[0.218s] Level 1:colcon.colcon_core.package_identification:_identify(ros2_aruco) by extension 'ignore_ament_install'
[0.218s] Level 1:colcon.colcon_core.package_identification:_identify(ros2_aruco) by extensions ['colcon_pkg']
[0.218s] Level 1:colcon.colcon_core.package_identification:_identify(ros2_aruco) by extension 'colcon_pkg'
[0.218s] Level 1:colcon.colcon_core.package_identification:_identify(ros2_aruco) by extensions ['colcon_meta']
[0.218s] Level 1:colcon.colcon_core.package_identification:_identify(ros2_aruco) by extension 'colcon_meta'
[0.218s] Level 1:colcon.colcon_core.package_identification:_identify(ros2_aruco) by extensions ['ros']
[0.218s] Level 1:colcon.colcon_core.package_identification:_identify(ros2_aruco) by extension 'ros'
[0.218s] Level 1:colcon.colcon_core.package_identification:_identify(ros2_aruco) by extensions ['cmake', 'python']
[0.218s] Level 1:colcon.colcon_core.package_identification:_identify(ros2_aruco) by extension 'cmake'
[0.218s] Level 1:colcon.colcon_core.package_identification:_identify(ros2_aruco) by extension 'python'
[0.218s] Level 1:colcon.colcon_core.package_identification:_identify(ros2_aruco) by extensions ['python_setup_py']
[0.218s] Level 1:colcon.colcon_core.package_identification:_identify(ros2_aruco) by extension 'python_setup_py'
[0.218s] Level 1:colcon.colcon_core.package_identification:_identify(ros2_aruco/ros2_aruco) by extensions ['ignore', 'ignore_ament_install']
[0.218s] Level 1:colcon.colcon_core.package_identification:_identify(ros2_aruco/ros2_aruco) by extension 'ignore'
[0.218s] Level 1:colcon.colcon_core.package_identification:_identify(ros2_aruco/ros2_aruco) by extension 'ignore_ament_install'
[0.218s] Level 1:colcon.colcon_core.package_identification:_identify(ros2_aruco/ros2_aruco) by extensions ['colcon_pkg']
[0.218s] Level 1:colcon.colcon_core.package_identification:_identify(ros2_aruco/ros2_aruco) by extension 'colcon_pkg'
[0.218s] Level 1:colcon.colcon_core.package_identification:_identify(ros2_aruco/ros2_aruco) by extensions ['colcon_meta']
[0.218s] Level 1:colcon.colcon_core.package_identification:_identify(ros2_aruco/ros2_aruco) by extension 'colcon_meta'
[0.218s] Level 1:colcon.colcon_core.package_identification:_identify(ros2_aruco/ros2_aruco) by extensions ['ros']
[0.218s] Level 1:colcon.colcon_core.package_identification:_identify(ros2_aruco/ros2_aruco) by extension 'ros'
[0.220s] DEBUG:colcon.colcon_core.package_identification:Package 'ros2_aruco/ros2_aruco' with type 'ros.ament_python' and name 'ros2_aruco'
[0.220s] Level 1:colcon.colcon_core.package_identification:_identify(ros2_aruco/ros2_aruco_interfaces) by extensions ['ignore', 'ignore_ament_install']
[0.220s] Level 1:colcon.colcon_core.package_identification:_identify(ros2_aruco/ros2_aruco_interfaces) by extension 'ignore'
[0.220s] Level 1:colcon.colcon_core.package_identification:_identify(ros2_aruco/ros2_aruco_interfaces) by extension 'ignore_ament_install'
[0.220s] Level 1:colcon.colcon_core.package_identification:_identify(ros2_aruco/ros2_aruco_interfaces) by extensions ['colcon_pkg']
[0.220s] Level 1:colcon.colcon_core.package_identification:_identify(ros2_aruco/ros2_aruco_interfaces) by extension 'colcon_pkg'
[0.220s] Level 1:colcon.colcon_core.package_identification:_identify(ros2_aruco/ros2_aruco_interfaces) by extensions ['colcon_meta']
[0.220s] Level 1:colcon.colcon_core.package_identification:_identify(ros2_aruco/ros2_aruco_interfaces) by extension 'colcon_meta'
[0.220s] Level 1:colcon.colcon_core.package_identification:_identify(ros2_aruco/ros2_aruco_interfaces) by extensions ['ros']
[0.220s] Level 1:colcon.colcon_core.package_identification:_identify(ros2_aruco/ros2_aruco_interfaces) by extension 'ros'
[0.221s] DEBUG:colcon.colcon_core.package_identification:Package 'ros2_aruco/ros2_aruco_interfaces' with type 'ros.ament_cmake' and name 'ros2_aruco_interfaces'
[0.221s] Level 1:colcon.colcon_core.package_identification:_identify(tello-ros2) by extensions ['ignore', 'ignore_ament_install']
[0.221s] Level 1:colcon.colcon_core.package_identification:_identify(tello-ros2) by extension 'ignore'
[0.221s] Level 1:colcon.colcon_core.package_identification:_identify(tello-ros2) by extension 'ignore_ament_install'
[0.221s] Level 1:colcon.colcon_core.package_identification:_identify(tello-ros2) by extensions ['colcon_pkg']
[0.221s] Level 1:colcon.colcon_core.package_identification:_identify(tello-ros2) by extension 'colcon_pkg'
[0.221s] Level 1:colcon.colcon_core.package_identification:_identify(tello-ros2) by extensions ['colcon_meta']
[0.221s] Level 1:colcon.colcon_core.package_identification:_identify(tello-ros2) by extension 'colcon_meta'
[0.221s] Level 1:colcon.colcon_core.package_identification:_identify(tello-ros2) by extensions ['ros']
[0.221s] Level 1:colcon.colcon_core.package_identification:_identify(tello-ros2) by extension 'ros'
[0.221s] Level 1:colcon.colcon_core.package_identification:_identify(tello-ros2) by extensions ['cmake', 'python']
[0.221s] Level 1:colcon.colcon_core.package_identification:_identify(tello-ros2) by extension 'cmake'
[0.221s] Level 1:colcon.colcon_core.package_identification:_identify(tello-ros2) by extension 'python'
[0.221s] Level 1:colcon.colcon_core.package_identification:_identify(tello-ros2) by extensions ['python_setup_py']
[0.221s] Level 1:colcon.colcon_core.package_identification:_identify(tello-ros2) by extension 'python_setup_py'
[0.222s] Level 1:colcon.colcon_core.package_identification:_identify(tello-ros2/readme) by extensions ['ignore', 'ignore_ament_install']
[0.222s] Level 1:colcon.colcon_core.package_identification:_identify(tello-ros2/readme) by extension 'ignore'
[0.222s] Level 1:colcon.colcon_core.package_identification:_identify(tello-ros2/readme) by extension 'ignore_ament_install'
[0.222s] Level 1:colcon.colcon_core.package_identification:_identify(tello-ros2/readme) by extensions ['colcon_pkg']
[0.222s] Level 1:colcon.colcon_core.package_identification:_identify(tello-ros2/readme) by extension 'colcon_pkg'
[0.222s] Level 1:colcon.colcon_core.package_identification:_identify(tello-ros2/readme) by extensions ['colcon_meta']
[0.222s] Level 1:colcon.colcon_core.package_identification:_identify(tello-ros2/readme) by extension 'colcon_meta'
[0.222s] Level 1:colcon.colcon_core.package_identification:_identify(tello-ros2/readme) by extensions ['ros']
[0.222s] Level 1:colcon.colcon_core.package_identification:_identify(tello-ros2/readme) by extension 'ros'
[0.222s] Level 1:colcon.colcon_core.package_identification:_identify(tello-ros2/readme) by extensions ['cmake', 'python']
[0.222s] Level 1:colcon.colcon_core.package_identification:_identify(tello-ros2/readme) by extension 'cmake'
[0.222s] Level 1:colcon.colcon_core.package_identification:_identify(tello-ros2/readme) by extension 'python'
[0.222s] Level 1:colcon.colcon_core.package_identification:_identify(tello-ros2/readme) by extensions ['python_setup_py']
[0.222s] Level 1:colcon.colcon_core.package_identification:_identify(tello-ros2/readme) by extension 'python_setup_py'
[0.222s] Level 1:colcon.colcon_core.package_identification:_identify(tello-ros2/scripts) by extensions ['ignore', 'ignore_ament_install']
[0.222s] Level 1:colcon.colcon_core.package_identification:_identify(tello-ros2/scripts) by extension 'ignore'
[0.222s] Level 1:colcon.colcon_core.package_identification:_identify(tello-ros2/scripts) by extension 'ignore_ament_install'
[0.222s] Level 1:colcon.colcon_core.package_identification:_identify(tello-ros2/scripts) by extensions ['colcon_pkg']
[0.222s] Level 1:colcon.colcon_core.package_identification:_identify(tello-ros2/scripts) by extension 'colcon_pkg'
[0.222s] Level 1:colcon.colcon_core.package_identification:_identify(tello-ros2/scripts) by extensions ['colcon_meta']
[0.222s] Level 1:colcon.colcon_core.package_identification:_identify(tello-ros2/scripts) by extension 'colcon_meta'
[0.222s] Level 1:colcon.colcon_core.package_identification:_identify(tello-ros2/scripts) by extensions ['ros']
[0.222s] Level 1:colcon.colcon_core.package_identification:_identify(tello-ros2/scripts) by extension 'ros'
[0.222s] Level 1:colcon.colcon_core.package_identification:_identify(tello-ros2/scripts) by extensions ['cmake', 'python']
[0.222s] Level 1:colcon.colcon_core.package_identification:_identify(tello-ros2/scripts) by extension 'cmake'
[0.222s] Level 1:colcon.colcon_core.package_identification:_identify(tello-ros2/scripts) by extension 'python'
[0.222s] Level 1:colcon.colcon_core.package_identification:_identify(tello-ros2/scripts) by extensions ['python_setup_py']
[0.222s] Level 1:colcon.colcon_core.package_identification:_identify(tello-ros2/scripts) by extension 'python_setup_py'
[0.222s] Level 1:colcon.colcon_core.package_identification:_identify(tello-ros2/slam) by extensions ['ignore', 'ignore_ament_install']
[0.222s] Level 1:colcon.colcon_core.package_identification:_identify(tello-ros2/slam) by extension 'ignore'
[0.222s] Level 1:colcon.colcon_core.package_identification:_identify(tello-ros2/slam) by extension 'ignore_ament_install'
[0.223s] Level 1:colcon.colcon_core.package_identification:_identify(tello-ros2/slam) by extensions ['colcon_pkg']
[0.223s] Level 1:colcon.colcon_core.package_identification:_identify(tello-ros2/slam) by extension 'colcon_pkg'
[0.223s] Level 1:colcon.colcon_core.package_identification:_identify(tello-ros2/slam) by extensions ['colcon_meta']
[0.223s] Level 1:colcon.colcon_core.package_identification:_identify(tello-ros2/slam) by extension 'colcon_meta'
[0.223s] Level 1:colcon.colcon_core.package_identification:_identify(tello-ros2/slam) by extensions ['ros']
[0.223s] Level 1:colcon.colcon_core.package_identification:_identify(tello-ros2/slam) by extension 'ros'
[0.223s] Level 1:colcon.colcon_core.package_identification:_identify(tello-ros2/slam) by extensions ['cmake', 'python']
[0.223s] Level 1:colcon.colcon_core.package_identification:_identify(tello-ros2/slam) by extension 'cmake'
[0.223s] Level 1:colcon.colcon_core.package_identification:_identify(tello-ros2/slam) by extension 'python'
[0.223s] Level 1:colcon.colcon_core.package_identification:_identify(tello-ros2/slam) by extensions ['python_setup_py']
[0.223s] Level 1:colcon.colcon_core.package_identification:_identify(tello-ros2/slam) by extension 'python_setup_py'
[0.223s] Level 1:colcon.colcon_core.package_identification:_identify(tello-ros2/slam/src) by extensions ['ignore', 'ignore_ament_install']
[0.223s] Level 1:colcon.colcon_core.package_identification:_identify(tello-ros2/slam/src) by extension 'ignore'
[0.223s] Level 1:colcon.colcon_core.package_identification:_identify(tello-ros2/slam/src) by extension 'ignore_ament_install'
[0.223s] Level 1:colcon.colcon_core.package_identification:_identify(tello-ros2/slam/src) by extensions ['colcon_pkg']
[0.223s] Level 1:colcon.colcon_core.package_identification:_identify(tello-ros2/slam/src) by extension 'colcon_pkg'
[0.223s] Level 1:colcon.colcon_core.package_identification:_identify(tello-ros2/slam/src) by extensions ['colcon_meta']
[0.223s] Level 1:colcon.colcon_core.package_identification:_identify(tello-ros2/slam/src) by extension 'colcon_meta'
[0.223s] Level 1:colcon.colcon_core.package_identification:_identify(tello-ros2/slam/src) by extensions ['ros']
[0.223s] Level 1:colcon.colcon_core.package_identification:_identify(tello-ros2/slam/src) by extension 'ros'
[0.223s] Level 1:colcon.colcon_core.package_identification:_identify(tello-ros2/slam/src) by extensions ['cmake', 'python']
[0.223s] Level 1:colcon.colcon_core.package_identification:_identify(tello-ros2/slam/src) by extension 'cmake'
[0.223s] Level 1:colcon.colcon_core.package_identification:_identify(tello-ros2/slam/src) by extension 'python'
[0.223s] Level 1:colcon.colcon_core.package_identification:_identify(tello-ros2/slam/src) by extensions ['python_setup_py']
[0.223s] Level 1:colcon.colcon_core.package_identification:_identify(tello-ros2/slam/src) by extension 'python_setup_py'
[0.223s] Level 1:colcon.colcon_core.package_identification:_identify(tello-ros2/slam/src/orbslam2) by extensions ['ignore', 'ignore_ament_install']
[0.223s] Level 1:colcon.colcon_core.package_identification:_identify(tello-ros2/slam/src/orbslam2) by extension 'ignore'
[0.223s] Level 1:colcon.colcon_core.package_identification:_identify(tello-ros2/slam/src/orbslam2) by extension 'ignore_ament_install'
[0.223s] Level 1:colcon.colcon_core.package_identification:_identify(tello-ros2/slam/src/orbslam2) by extensions ['colcon_pkg']
[0.223s] Level 1:colcon.colcon_core.package_identification:_identify(tello-ros2/slam/src/orbslam2) by extension 'colcon_pkg'
[0.224s] Level 1:colcon.colcon_core.package_identification:_identify(tello-ros2/slam/src/orbslam2) by extensions ['colcon_meta']
[0.224s] Level 1:colcon.colcon_core.package_identification:_identify(tello-ros2/slam/src/orbslam2) by extension 'colcon_meta'
[0.224s] Level 1:colcon.colcon_core.package_identification:_identify(tello-ros2/slam/src/orbslam2) by extensions ['ros']
[0.224s] Level 1:colcon.colcon_core.package_identification:_identify(tello-ros2/slam/src/orbslam2) by extension 'ros'
[0.224s] DEBUG:colcon.colcon_core.package_identification:Package 'tello-ros2/slam/src/orbslam2' with type 'ros.ament_cmake' and name 'orbslam2'
[0.224s] Level 1:colcon.colcon_core.package_identification:_identify(tello-ros2/workspace) by extensions ['ignore', 'ignore_ament_install']
[0.224s] Level 1:colcon.colcon_core.package_identification:_identify(tello-ros2/workspace) by extension 'ignore'
[0.224s] Level 1:colcon.colcon_core.package_identification:_identify(tello-ros2/workspace) by extension 'ignore_ament_install'
[0.224s] Level 1:colcon.colcon_core.package_identification:_identify(tello-ros2/workspace) by extensions ['colcon_pkg']
[0.224s] Level 1:colcon.colcon_core.package_identification:_identify(tello-ros2/workspace) by extension 'colcon_pkg'
[0.224s] Level 1:colcon.colcon_core.package_identification:_identify(tello-ros2/workspace) by extensions ['colcon_meta']
[0.224s] Level 1:colcon.colcon_core.package_identification:_identify(tello-ros2/workspace) by extension 'colcon_meta'
[0.224s] Level 1:colcon.colcon_core.package_identification:_identify(tello-ros2/workspace) by extensions ['ros']
[0.224s] Level 1:colcon.colcon_core.package_identification:_identify(tello-ros2/workspace) by extension 'ros'
[0.224s] Level 1:colcon.colcon_core.package_identification:_identify(tello-ros2/workspace) by extensions ['cmake', 'python']
[0.224s] Level 1:colcon.colcon_core.package_identification:_identify(tello-ros2/workspace) by extension 'cmake'
[0.224s] Level 1:colcon.colcon_core.package_identification:_identify(tello-ros2/workspace) by extension 'python'
[0.224s] Level 1:colcon.colcon_core.package_identification:_identify(tello-ros2/workspace) by extensions ['python_setup_py']
[0.225s] Level 1:colcon.colcon_core.package_identification:_identify(tello-ros2/workspace) by extension 'python_setup_py'
[0.225s] Level 1:colcon.colcon_core.package_identification:_identify(tello-ros2/workspace/src) by extensions ['ignore', 'ignore_ament_install']
[0.225s] Level 1:colcon.colcon_core.package_identification:_identify(tello-ros2/workspace/src) by extension 'ignore'
[0.225s] Level 1:colcon.colcon_core.package_identification:_identify(tello-ros2/workspace/src) by extension 'ignore_ament_install'
[0.225s] Level 1:colcon.colcon_core.package_identification:_identify(tello-ros2/workspace/src) by extensions ['colcon_pkg']
[0.225s] Level 1:colcon.colcon_core.package_identification:_identify(tello-ros2/workspace/src) by extension 'colcon_pkg'
[0.225s] Level 1:colcon.colcon_core.package_identification:_identify(tello-ros2/workspace/src) by extensions ['colcon_meta']
[0.225s] Level 1:colcon.colcon_core.package_identification:_identify(tello-ros2/workspace/src) by extension 'colcon_meta'
[0.225s] Level 1:colcon.colcon_core.package_identification:_identify(tello-ros2/workspace/src) by extensions ['ros']
[0.225s] Level 1:colcon.colcon_core.package_identification:_identify(tello-ros2/workspace/src) by extension 'ros'
[0.225s] Level 1:colcon.colcon_core.package_identification:_identify(tello-ros2/workspace/src) by extensions ['cmake', 'python']
[0.225s] Level 1:colcon.colcon_core.package_identification:_identify(tello-ros2/workspace/src) by extension 'cmake'
[0.225s] Level 1:colcon.colcon_core.package_identification:_identify(tello-ros2/workspace/src) by extension 'python'
[0.225s] Level 1:colcon.colcon_core.package_identification:_identify(tello-ros2/workspace/src) by extensions ['python_setup_py']
[0.225s] Level 1:colcon.colcon_core.package_identification:_identify(tello-ros2/workspace/src) by extension 'python_setup_py'
[0.225s] Level 1:colcon.colcon_core.package_identification:_identify(tello-ros2/workspace/src/tello) by extensions ['ignore', 'ignore_ament_install']
[0.225s] Level 1:colcon.colcon_core.package_identification:_identify(tello-ros2/workspace/src/tello) by extension 'ignore'
[0.225s] Level 1:colcon.colcon_core.package_identification:_identify(tello-ros2/workspace/src/tello) by extension 'ignore_ament_install'
[0.225s] Level 1:colcon.colcon_core.package_identification:_identify(tello-ros2/workspace/src/tello) by extensions ['colcon_pkg']
[0.225s] Level 1:colcon.colcon_core.package_identification:_identify(tello-ros2/workspace/src/tello) by extension 'colcon_pkg'
[0.225s] Level 1:colcon.colcon_core.package_identification:_identify(tello-ros2/workspace/src/tello) by extensions ['colcon_meta']
[0.225s] Level 1:colcon.colcon_core.package_identification:_identify(tello-ros2/workspace/src/tello) by extension 'colcon_meta'
[0.225s] Level 1:colcon.colcon_core.package_identification:_identify(tello-ros2/workspace/src/tello) by extensions ['ros']
[0.225s] Level 1:colcon.colcon_core.package_identification:_identify(tello-ros2/workspace/src/tello) by extension 'ros'
[0.226s] DEBUG:colcon.colcon_core.package_identification:Package 'tello-ros2/workspace/src/tello' with type 'ros.ament_python' and name 'tello'
[0.226s] Level 1:colcon.colcon_core.package_identification:_identify(tello-ros2/workspace/src/tello_control) by extensions ['ignore', 'ignore_ament_install']
[0.226s] Level 1:colcon.colcon_core.package_identification:_identify(tello-ros2/workspace/src/tello_control) by extension 'ignore'
[0.226s] Level 1:colcon.colcon_core.package_identification:_identify(tello-ros2/workspace/src/tello_control) by extension 'ignore_ament_install'
[0.226s] Level 1:colcon.colcon_core.package_identification:_identify(tello-ros2/workspace/src/tello_control) by extensions ['colcon_pkg']
[0.226s] Level 1:colcon.colcon_core.package_identification:_identify(tello-ros2/workspace/src/tello_control) by extension 'colcon_pkg'
[0.226s] Level 1:colcon.colcon_core.package_identification:_identify(tello-ros2/workspace/src/tello_control) by extensions ['colcon_meta']
[0.226s] Level 1:colcon.colcon_core.package_identification:_identify(tello-ros2/workspace/src/tello_control) by extension 'colcon_meta'
[0.226s] Level 1:colcon.colcon_core.package_identification:_identify(tello-ros2/workspace/src/tello_control) by extensions ['ros']
[0.226s] Level 1:colcon.colcon_core.package_identification:_identify(tello-ros2/workspace/src/tello_control) by extension 'ros'
[0.226s] DEBUG:colcon.colcon_core.package_identification:Package 'tello-ros2/workspace/src/tello_control' with type 'ros.ament_cmake' and name 'tello_control'
[0.227s] Level 1:colcon.colcon_core.package_identification:_identify(tello-ros2/workspace/src/tello_msg) by extensions ['ignore', 'ignore_ament_install']
[0.227s] Level 1:colcon.colcon_core.package_identification:_identify(tello-ros2/workspace/src/tello_msg) by extension 'ignore'
[0.227s] Level 1:colcon.colcon_core.package_identification:_identify(tello-ros2/workspace/src/tello_msg) by extension 'ignore_ament_install'
[0.227s] Level 1:colcon.colcon_core.package_identification:_identify(tello-ros2/workspace/src/tello_msg) by extensions ['colcon_pkg']
[0.227s] Level 1:colcon.colcon_core.package_identification:_identify(tello-ros2/workspace/src/tello_msg) by extension 'colcon_pkg'
[0.227s] Level 1:colcon.colcon_core.package_identification:_identify(tello-ros2/workspace/src/tello_msg) by extensions ['colcon_meta']
[0.227s] Level 1:colcon.colcon_core.package_identification:_identify(tello-ros2/workspace/src/tello_msg) by extension 'colcon_meta'
[0.227s] Level 1:colcon.colcon_core.package_identification:_identify(tello-ros2/workspace/src/tello_msg) by extensions ['ros']
[0.227s] Level 1:colcon.colcon_core.package_identification:_identify(tello-ros2/workspace/src/tello_msg) by extension 'ros'
[0.227s] DEBUG:colcon.colcon_core.package_identification:Package 'tello-ros2/workspace/src/tello_msg' with type 'ros.ament_cmake' and name 'tello_msg'
[0.227s] Level 1:colcon.colcon_core.package_identification:_identify(tello_ws) by extensions ['ignore', 'ignore_ament_install']
[0.227s] Level 1:colcon.colcon_core.package_identification:_identify(tello_ws) by extension 'ignore'
[0.227s] Level 1:colcon.colcon_core.package_identification:_identify(tello_ws) by extension 'ignore_ament_install'
[0.227s] Level 1:colcon.colcon_core.package_identification:_identify(tello_ws) by extensions ['colcon_pkg']
[0.227s] Level 1:colcon.colcon_core.package_identification:_identify(tello_ws) by extension 'colcon_pkg'
[0.227s] Level 1:colcon.colcon_core.package_identification:_identify(tello_ws) by extensions ['colcon_meta']
[0.227s] Level 1:colcon.colcon_core.package_identification:_identify(tello_ws) by extension 'colcon_meta'
[0.228s] Level 1:colcon.colcon_core.package_identification:_identify(tello_ws) by extensions ['ros']
[0.228s] Level 1:colcon.colcon_core.package_identification:_identify(tello_ws) by extension 'ros'
[0.228s] Level 1:colcon.colcon_core.package_identification:_identify(tello_ws) by extensions ['cmake', 'python']
[0.228s] Level 1:colcon.colcon_core.package_identification:_identify(tello_ws) by extension 'cmake'
[0.228s] Level 1:colcon.colcon_core.package_identification:_identify(tello_ws) by extension 'python'
[0.228s] Level 1:colcon.colcon_core.package_identification:_identify(tello_ws) by extensions ['python_setup_py']
[0.228s] Level 1:colcon.colcon_core.package_identification:_identify(tello_ws) by extension 'python_setup_py'
[0.228s] Level 1:colcon.colcon_core.package_identification:_identify(tello_ws/build) by extensions ['ignore', 'ignore_ament_install']
[0.228s] Level 1:colcon.colcon_core.package_identification:_identify(tello_ws/build) by extension 'ignore'
[0.228s] Level 1:colcon.colcon_core.package_identification:_identify(tello_ws/build) ignored
[0.228s] Level 1:colcon.colcon_core.package_identification:_identify(tello_ws/calibration) by extensions ['ignore', 'ignore_ament_install']
[0.228s] Level 1:colcon.colcon_core.package_identification:_identify(tello_ws/calibration) by extension 'ignore'
[0.228s] Level 1:colcon.colcon_core.package_identification:_identify(tello_ws/calibration) by extension 'ignore_ament_install'
[0.228s] Level 1:colcon.colcon_core.package_identification:_identify(tello_ws/calibration) by extensions ['colcon_pkg']
[0.228s] Level 1:colcon.colcon_core.package_identification:_identify(tello_ws/calibration) by extension 'colcon_pkg'
[0.228s] Level 1:colcon.colcon_core.package_identification:_identify(tello_ws/calibration) by extensions ['colcon_meta']
[0.228s] Level 1:colcon.colcon_core.package_identification:_identify(tello_ws/calibration) by extension 'colcon_meta'
[0.228s] Level 1:colcon.colcon_core.package_identification:_identify(tello_ws/calibration) by extensions ['ros']
[0.228s] Level 1:colcon.colcon_core.package_identification:_identify(tello_ws/calibration) by extension 'ros'
[0.228s] Level 1:colcon.colcon_core.package_identification:_identify(tello_ws/calibration) by extensions ['cmake', 'python']
[0.228s] Level 1:colcon.colcon_core.package_identification:_identify(tello_ws/calibration) by extension 'cmake'
[0.228s] Level 1:colcon.colcon_core.package_identification:_identify(tello_ws/calibration) by extension 'python'
[0.228s] Level 1:colcon.colcon_core.package_identification:_identify(tello_ws/calibration) by extensions ['python_setup_py']
[0.228s] Level 1:colcon.colcon_core.package_identification:_identify(tello_ws/calibration) by extension 'python_setup_py'
[0.228s] Level 1:colcon.colcon_core.package_identification:_identify(tello_ws/calibration_phone) by extensions ['ignore', 'ignore_ament_install']
[0.228s] Level 1:colcon.colcon_core.package_identification:_identify(tello_ws/calibration_phone) by extension 'ignore'
[0.228s] Level 1:colcon.colcon_core.package_identification:_identify(tello_ws/calibration_phone) by extension 'ignore_ament_install'
[0.229s] Level 1:colcon.colcon_core.package_identification:_identify(tello_ws/calibration_phone) by extensions ['colcon_pkg']
[0.229s] Level 1:colcon.colcon_core.package_identification:_identify(tello_ws/calibration_phone) by extension 'colcon_pkg'
[0.229s] Level 1:colcon.colcon_core.package_identification:_identify(tello_ws/calibration_phone) by extensions ['colcon_meta']
[0.229s] Level 1:colcon.colcon_core.package_identification:_identify(tello_ws/calibration_phone) by extension 'colcon_meta'
[0.229s] Level 1:colcon.colcon_core.package_identification:_identify(tello_ws/calibration_phone) by extensions ['ros']
[0.229s] Level 1:colcon.colcon_core.package_identification:_identify(tello_ws/calibration_phone) by extension 'ros'
[0.229s] Level 1:colcon.colcon_core.package_identification:_identify(tello_ws/calibration_phone) by extensions ['cmake', 'python']
[0.229s] Level 1:colcon.colcon_core.package_identification:_identify(tello_ws/calibration_phone) by extension 'cmake'
[0.229s] Level 1:colcon.colcon_core.package_identification:_identify(tello_ws/calibration_phone) by extension 'python'
[0.229s] Level 1:colcon.colcon_core.package_identification:_identify(tello_ws/calibration_phone) by extensions ['python_setup_py']
[0.229s] Level 1:colcon.colcon_core.package_identification:_identify(tello_ws/calibration_phone) by extension 'python_setup_py'
[0.229s] Level 1:colcon.colcon_core.package_identification:_identify(tello_ws/detect) by extensions ['ignore', 'ignore_ament_install']
[0.229s] Level 1:colcon.colcon_core.package_identification:_identify(tello_ws/detect) by extension 'ignore'
[0.229s] Level 1:colcon.colcon_core.package_identification:_identify(tello_ws/detect) by extension 'ignore_ament_install'
[0.229s] Level 1:colcon.colcon_core.package_identification:_identify(tello_ws/detect) by extensions ['colcon_pkg']
[0.229s] Level 1:colcon.colcon_core.package_identification:_identify(tello_ws/detect) by extension 'colcon_pkg'
[0.229s] Level 1:colcon.colcon_core.package_identification:_identify(tello_ws/detect) by extensions ['colcon_meta']
[0.229s] Level 1:colcon.colcon_core.package_identification:_identify(tello_ws/detect) by extension 'colcon_meta'
[0.229s] Level 1:colcon.colcon_core.package_identification:_identify(tello_ws/detect) by extensions ['ros']
[0.229s] Level 1:colcon.colcon_core.package_identification:_identify(tello_ws/detect) by extension 'ros'
[0.229s] Level 1:colcon.colcon_core.package_identification:_identify(tello_ws/detect) by extensions ['cmake', 'python']
[0.229s] Level 1:colcon.colcon_core.package_identification:_identify(tello_ws/detect) by extension 'cmake'
[0.229s] Level 1:colcon.colcon_core.package_identification:_identify(tello_ws/detect) by extension 'python'
[0.229s] Level 1:colcon.colcon_core.package_identification:_identify(tello_ws/detect) by extensions ['python_setup_py']
[0.229s] Level 1:colcon.colcon_core.package_identification:_identify(tello_ws/detect) by extension 'python_setup_py'
[0.229s] Level 1:colcon.colcon_core.package_identification:_identify(tello_ws/detect_phone) by extensions ['ignore', 'ignore_ament_install']
[0.229s] Level 1:colcon.colcon_core.package_identification:_identify(tello_ws/detect_phone) by extension 'ignore'
[0.229s] Level 1:colcon.colcon_core.package_identification:_identify(tello_ws/detect_phone) by extension 'ignore_ament_install'
[0.229s] Level 1:colcon.colcon_core.package_identification:_identify(tello_ws/detect_phone) by extensions ['colcon_pkg']
[0.229s] Level 1:colcon.colcon_core.package_identification:_identify(tello_ws/detect_phone) by extension 'colcon_pkg'
[0.229s] Level 1:colcon.colcon_core.package_identification:_identify(tello_ws/detect_phone) by extensions ['colcon_meta']
[0.230s] Level 1:colcon.colcon_core.package_identification:_identify(tello_ws/detect_phone) by extension 'colcon_meta'
[0.230s] Level 1:colcon.colcon_core.package_identification:_identify(tello_ws/detect_phone) by extensions ['ros']
[0.230s] Level 1:colcon.colcon_core.package_identification:_identify(tello_ws/detect_phone) by extension 'ros'
[0.230s] Level 1:colcon.colcon_core.package_identification:_identify(tello_ws/detect_phone) by extensions ['cmake', 'python']
[0.230s] Level 1:colcon.colcon_core.package_identification:_identify(tello_ws/detect_phone) by extension 'cmake'
[0.230s] Level 1:colcon.colcon_core.package_identification:_identify(tello_ws/detect_phone) by extension 'python'
[0.230s] Level 1:colcon.colcon_core.package_identification:_identify(tello_ws/detect_phone) by extensions ['python_setup_py']
[0.230s] Level 1:colcon.colcon_core.package_identification:_identify(tello_ws/detect_phone) by extension 'python_setup_py'
[0.230s] Level 1:colcon.colcon_core.package_identification:_identify(tello_ws/install) by extensions ['ignore', 'ignore_ament_install']
[0.230s] Level 1:colcon.colcon_core.package_identification:_identify(tello_ws/install) by extension 'ignore'
[0.230s] Level 1:colcon.colcon_core.package_identification:_identify(tello_ws/install) ignored
[0.230s] Level 1:colcon.colcon_core.package_identification:_identify(tello_ws/log) by extensions ['ignore', 'ignore_ament_install']
[0.230s] Level 1:colcon.colcon_core.package_identification:_identify(tello_ws/log) by extension 'ignore'
[0.230s] Level 1:colcon.colcon_core.package_identification:_identify(tello_ws/log) ignored
[0.230s] Level 1:colcon.colcon_core.package_identification:_identify(tello_ws/src) by extensions ['ignore', 'ignore_ament_install']
[0.230s] Level 1:colcon.colcon_core.package_identification:_identify(tello_ws/src) by extension 'ignore'
[0.230s] Level 1:colcon.colcon_core.package_identification:_identify(tello_ws/src) by extension 'ignore_ament_install'
[0.230s] Level 1:colcon.colcon_core.package_identification:_identify(tello_ws/src) by extensions ['colcon_pkg']
[0.230s] Level 1:colcon.colcon_core.package_identification:_identify(tello_ws/src) by extension 'colcon_pkg'
[0.230s] Level 1:colcon.colcon_core.package_identification:_identify(tello_ws/src) by extensions ['colcon_meta']
[0.230s] Level 1:colcon.colcon_core.package_identification:_identify(tello_ws/src) by extension 'colcon_meta'
[0.230s] Level 1:colcon.colcon_core.package_identification:_identify(tello_ws/src) by extensions ['ros']
[0.230s] Level 1:colcon.colcon_core.package_identification:_identify(tello_ws/src) by extension 'ros'
[0.231s] Level 1:colcon.colcon_core.package_identification:_identify(tello_ws/src) by extensions ['cmake', 'python']
[0.231s] Level 1:colcon.colcon_core.package_identification:_identify(tello_ws/src) by extension 'cmake'
[0.231s] Level 1:colcon.colcon_core.package_identification:_identify(tello_ws/src) by extension 'python'
[0.231s] Level 1:colcon.colcon_core.package_identification:_identify(tello_ws/src) by extensions ['python_setup_py']
[0.231s] Level 1:colcon.colcon_core.package_identification:_identify(tello_ws/src) by extension 'python_setup_py'
[0.231s] Level 1:colcon.colcon_core.package_identification:_identify(tello_ws/src/tello_pkg) by extensions ['ignore', 'ignore_ament_install']
[0.231s] Level 1:colcon.colcon_core.package_identification:_identify(tello_ws/src/tello_pkg) by extension 'ignore'
[0.231s] Level 1:colcon.colcon_core.package_identification:_identify(tello_ws/src/tello_pkg) by extension 'ignore_ament_install'
[0.231s] Level 1:colcon.colcon_core.package_identification:_identify(tello_ws/src/tello_pkg) by extensions ['colcon_pkg']
[0.231s] Level 1:colcon.colcon_core.package_identification:_identify(tello_ws/src/tello_pkg) by extension 'colcon_pkg'
[0.231s] Level 1:colcon.colcon_core.package_identification:_identify(tello_ws/src/tello_pkg) by extensions ['colcon_meta']
[0.231s] Level 1:colcon.colcon_core.package_identification:_identify(tello_ws/src/tello_pkg) by extension 'colcon_meta'
[0.231s] Level 1:colcon.colcon_core.package_identification:_identify(tello_ws/src/tello_pkg) by extensions ['ros']
[0.231s] Level 1:colcon.colcon_core.package_identification:_identify(tello_ws/src/tello_pkg) by extension 'ros'
[0.232s] DEBUG:colcon.colcon_core.package_identification:Package 'tello_ws/src/tello_pkg' with type 'ros.ament_python' and name 'tello_pkg'
[0.232s] Level 1:colcon.colcon_core.package_discovery:discover_packages(recursive) using defaults
[0.232s] Level 1:colcon.colcon_core.package_discovery:discover_packages(ignore) discover
[0.232s] Level 1:colcon.colcon_core.package_discovery:discover_packages(ignore) using defaults
[0.232s] Level 1:colcon.colcon_core.package_discovery:discover_packages(path) discover
[0.232s] Level 1:colcon.colcon_core.package_discovery:discover_packages(path) using defaults
[0.244s] Level 5:colcon.colcon_core.verb:set package 'orbslam2' build argument 'cmake_args' from command line to 'None'
[0.244s] Level 5:colcon.colcon_core.verb:set package 'orbslam2' build argument 'cmake_target' from command line to 'None'
[0.245s] Level 5:colcon.colcon_core.verb:set package 'orbslam2' build argument 'cmake_target_skip_unavailable' from command line to 'False'
[0.245s] Level 5:colcon.colcon_core.verb:set package 'orbslam2' build argument 'cmake_clean_cache' from command line to 'False'
[0.245s] Level 5:colcon.colcon_core.verb:set package 'orbslam2' build argument 'cmake_clean_first' from command line to 'False'
[0.245s] Level 5:colcon.colcon_core.verb:set package 'orbslam2' build argument 'cmake_force_configure' from command line to 'False'
[0.245s] Level 5:colcon.colcon_core.verb:set package 'orbslam2' build argument 'ament_cmake_args' from command line to 'None'
[0.245s] Level 5:colcon.colcon_core.verb:set package 'orbslam2' build argument 'catkin_cmake_args' from command line to 'None'
[0.245s] Level 5:colcon.colcon_core.verb:set package 'orbslam2' build argument 'catkin_skip_building_tests' from command line to 'False'
[0.245s] DEBUG:colcon.colcon_core.verb:Building package 'orbslam2' with the following arguments: {'ament_cmake_args': None, 'build_base': '/root/dtello_MD/wrk_src/build/orbslam2', 'catkin_cmake_args': None, 'catkin_skip_building_tests': False, 'cmake_args': None, 'cmake_clean_cache': False, 'cmake_clean_first': False, 'cmake_force_configure': False, 'cmake_target': None, 'cmake_target_skip_unavailable': False, 'install_base': '/root/dtello_MD/wrk_src/install/orbslam2', 'merge_install': False, 'path': '/root/dtello_MD/wrk_src/tello-ros2/slam/src/orbslam2', 'symlink_install': False, 'test_result_base': None}
[0.245s] Level 5:colcon.colcon_core.verb:set package 'ros2_aruco' build argument 'cmake_args' from command line to 'None'
[0.245s] Level 5:colcon.colcon_core.verb:set package 'ros2_aruco' build argument 'cmake_target' from command line to 'None'
[0.245s] Level 5:colcon.colcon_core.verb:set package 'ros2_aruco' build argument 'cmake_target_skip_unavailable' from command line to 'False'
[0.245s] Level 5:colcon.colcon_core.verb:set package 'ros2_aruco' build argument 'cmake_clean_cache' from command line to 'False'
[0.245s] Level 5:colcon.colcon_core.verb:set package 'ros2_aruco' build argument 'cmake_clean_first' from command line to 'False'
[0.245s] Level 5:colcon.colcon_core.verb:set package 'ros2_aruco' build argument 'cmake_force_configure' from command line to 'False'
[0.245s] Level 5:colcon.colcon_core.verb:set package 'ros2_aruco' build argument 'ament_cmake_args' from command line to 'None'
[0.245s] Level 5:colcon.colcon_core.verb:set package 'ros2_aruco' build argument 'catkin_cmake_args' from command line to 'None'
[0.245s] Level 5:colcon.colcon_core.verb:set package 'ros2_aruco' build argument 'catkin_skip_building_tests' from command line to 'False'
[0.245s] DEBUG:colcon.colcon_core.verb:Building package 'ros2_aruco' with the following arguments: {'ament_cmake_args': None, 'build_base': '/root/dtello_MD/wrk_src/build/ros2_aruco', 'catkin_cmake_args': None, 'catkin_skip_building_tests': False, 'cmake_args': None, 'cmake_clean_cache': False, 'cmake_clean_first': False, 'cmake_force_configure': False, 'cmake_target': None, 'cmake_target_skip_unavailable': False, 'install_base': '/root/dtello_MD/wrk_src/install/ros2_aruco', 'merge_install': False, 'path': '/root/dtello_MD/wrk_src/ros2_aruco/ros2_aruco', 'symlink_install': False, 'test_result_base': None}
[0.245s] Level 5:colcon.colcon_core.verb:set package 'ros2_aruco_interfaces' build argument 'cmake_args' from command line to 'None'
[0.245s] Level 5:colcon.colcon_core.verb:set package 'ros2_aruco_interfaces' build argument 'cmake_target' from command line to 'None'
[0.245s] Level 5:colcon.colcon_core.verb:set package 'ros2_aruco_interfaces' build argument 'cmake_target_skip_unavailable' from command line to 'False'
[0.245s] Level 5:colcon.colcon_core.verb:set package 'ros2_aruco_interfaces' build argument 'cmake_clean_cache' from command line to 'False'
[0.245s] Level 5:colcon.colcon_core.verb:set package 'ros2_aruco_interfaces' build argument 'cmake_clean_first' from command line to 'False'
[0.245s] Level 5:colcon.colcon_core.verb:set package 'ros2_aruco_interfaces' build argument 'cmake_force_configure' from command line to 'False'
[0.245s] Level 5:colcon.colcon_core.verb:set package 'ros2_aruco_interfaces' build argument 'ament_cmake_args' from command line to 'None'
[0.245s] Level 5:colcon.colcon_core.verb:set package 'ros2_aruco_interfaces' build argument 'catkin_cmake_args' from command line to 'None'
[0.245s] Level 5:colcon.colcon_core.verb:set package 'ros2_aruco_interfaces' build argument 'catkin_skip_building_tests' from command line to 'False'
[0.245s] DEBUG:colcon.colcon_core.verb:Building package 'ros2_aruco_interfaces' with the following arguments: {'ament_cmake_args': None, 'build_base': '/root/dtello_MD/wrk_src/build/ros2_aruco_interfaces', 'catkin_cmake_args': None, 'catkin_skip_building_tests': False, 'cmake_args': None, 'cmake_clean_cache': False, 'cmake_clean_first': False, 'cmake_force_configure': False, 'cmake_target': None, 'cmake_target_skip_unavailable': False, 'install_base': '/root/dtello_MD/wrk_src/install/ros2_aruco_interfaces', 'merge_install': False, 'path': '/root/dtello_MD/wrk_src/ros2_aruco/ros2_aruco_interfaces', 'symlink_install': False, 'test_result_base': None}
[0.246s] Level 5:colcon.colcon_core.verb:set package 'tello_control' build argument 'cmake_args' from command line to 'None'
[0.246s] Level 5:colcon.colcon_core.verb:set package 'tello_control' build argument 'cmake_target' from command line to 'None'
[0.246s] Level 5:colcon.colcon_core.verb:set package 'tello_control' build argument 'cmake_target_skip_unavailable' from command line to 'False'
[0.246s] Level 5:colcon.colcon_core.verb:set package 'tello_control' build argument 'cmake_clean_cache' from command line to 'False'
[0.246s] Level 5:colcon.colcon_core.verb:set package 'tello_control' build argument 'cmake_clean_first' from command line to 'False'
[0.246s] Level 5:colcon.colcon_core.verb:set package 'tello_control' build argument 'cmake_force_configure' from command line to 'False'
[0.246s] Level 5:colcon.colcon_core.verb:set package 'tello_control' build argument 'ament_cmake_args' from command line to 'None'
[0.246s] Level 5:colcon.colcon_core.verb:set package 'tello_control' build argument 'catkin_cmake_args' from command line to 'None'
[0.246s] Level 5:colcon.colcon_core.verb:set package 'tello_control' build argument 'catkin_skip_building_tests' from command line to 'False'
[0.246s] DEBUG:colcon.colcon_core.verb:Building package 'tello_control' with the following arguments: {'ament_cmake_args': None, 'build_base': '/root/dtello_MD/wrk_src/build/tello_control', 'catkin_cmake_args': None, 'catkin_skip_building_tests': False, 'cmake_args': None, 'cmake_clean_cache': False, 'cmake_clean_first': False, 'cmake_force_configure': False, 'cmake_target': None, 'cmake_target_skip_unavailable': False, 'install_base': '/root/dtello_MD/wrk_src/install/tello_control', 'merge_install': False, 'path': '/root/dtello_MD/wrk_src/tello-ros2/workspace/src/tello_control', 'symlink_install': False, 'test_result_base': None}
[0.246s] Level 5:colcon.colcon_core.verb:set package 'tello_msg' build argument 'cmake_args' from command line to 'None'
[0.246s] Level 5:colcon.colcon_core.verb:set package 'tello_msg' build argument 'cmake_target' from command line to 'None'
[0.246s] Level 5:colcon.colcon_core.verb:set package 'tello_msg' build argument 'cmake_target_skip_unavailable' from command line to 'False'
[0.246s] Level 5:colcon.colcon_core.verb:set package 'tello_msg' build argument 'cmake_clean_cache' from command line to 'False'
[0.246s] Level 5:colcon.colcon_core.verb:set package 'tello_msg' build argument 'cmake_clean_first' from command line to 'False'
[0.246s] Level 5:colcon.colcon_core.verb:set package 'tello_msg' build argument 'cmake_force_configure' from command line to 'False'
[0.246s] Level 5:colcon.colcon_core.verb:set package 'tello_msg' build argument 'ament_cmake_args' from command line to 'None'
[0.246s] Level 5:colcon.colcon_core.verb:set package 'tello_msg' build argument 'catkin_cmake_args' from command line to 'None'
[0.246s] Level 5:colcon.colcon_core.verb:set package 'tello_msg' build argument 'catkin_skip_building_tests' from command line to 'False'
[0.246s] DEBUG:colcon.colcon_core.verb:Building package 'tello_msg' with the following arguments: {'ament_cmake_args': None, 'build_base': '/root/dtello_MD/wrk_src/build/tello_msg', 'catkin_cmake_args': None, 'catkin_skip_building_tests': False, 'cmake_args': None, 'cmake_clean_cache': False, 'cmake_clean_first': False, 'cmake_force_configure': False, 'cmake_target': None, 'cmake_target_skip_unavailable': False, 'install_base': '/root/dtello_MD/wrk_src/install/tello_msg', 'merge_install': False, 'path': '/root/dtello_MD/wrk_src/tello-ros2/workspace/src/tello_msg', 'symlink_install': False, 'test_result_base': None}
[0.246s] Level 5:colcon.colcon_core.verb:set package 'tello_pkg' build argument 'cmake_args' from command line to 'None'
[0.247s] Level 5:colcon.colcon_core.verb:set package 'tello_pkg' build argument 'cmake_target' from command line to 'None'
[0.247s] Level 5:colcon.colcon_core.verb:set package 'tello_pkg' build argument 'cmake_target_skip_unavailable' from command line to 'False'
[0.247s] Level 5:colcon.colcon_core.verb:set package 'tello_pkg' build argument 'cmake_clean_cache' from command line to 'False'
[0.247s] Level 5:colcon.colcon_core.verb:set package 'tello_pkg' build argument 'cmake_clean_first' from command line to 'False'
[0.247s] Level 5:colcon.colcon_core.verb:set package 'tello_pkg' build argument 'cmake_force_configure' from command line to 'False'
[0.247s] Level 5:colcon.colcon_core.verb:set package 'tello_pkg' build argument 'ament_cmake_args' from command line to 'None'
[0.247s] Level 5:colcon.colcon_core.verb:set package 'tello_pkg' build argument 'catkin_cmake_args' from command line to 'None'
[0.247s] Level 5:colcon.colcon_core.verb:set package 'tello_pkg' build argument 'catkin_skip_building_tests' from command line to 'False'
[0.247s] DEBUG:colcon.colcon_core.verb:Building package 'tello_pkg' with the following arguments: {'ament_cmake_args': None, 'build_base': '/root/dtello_MD/wrk_src/build/tello_pkg', 'catkin_cmake_args': None, 'catkin_skip_building_tests': False, 'cmake_args': None, 'cmake_clean_cache': False, 'cmake_clean_first': False, 'cmake_force_configure': False, 'cmake_target': None, 'cmake_target_skip_unavailable': False, 'install_base': '/root/dtello_MD/wrk_src/install/tello_pkg', 'merge_install': False, 'path': '/root/dtello_MD/wrk_src/tello_ws/src/tello_pkg', 'symlink_install': False, 'test_result_base': None}
[0.247s] Level 5:colcon.colcon_core.verb:set package 'tello' build argument 'cmake_args' from command line to 'None'
[0.247s] Level 5:colcon.colcon_core.verb:set package 'tello' build argument 'cmake_target' from command line to 'None'
[0.247s] Level 5:colcon.colcon_core.verb:set package 'tello' build argument 'cmake_target_skip_unavailable' from command line to 'False'
[0.247s] Level 5:colcon.colcon_core.verb:set package 'tello' build argument 'cmake_clean_cache' from command line to 'False'
[0.247s] Level 5:colcon.colcon_core.verb:set package 'tello' build argument 'cmake_clean_first' from command line to 'False'
[0.247s] Level 5:colcon.colcon_core.verb:set package 'tello' build argument 'cmake_force_configure' from command line to 'False'
[0.247s] Level 5:colcon.colcon_core.verb:set package 'tello' build argument 'ament_cmake_args' from command line to 'None'
[0.247s] Level 5:colcon.colcon_core.verb:set package 'tello' build argument 'catkin_cmake_args' from command line to 'None'
[0.247s] Level 5:colcon.colcon_core.verb:set package 'tello' build argument 'catkin_skip_building_tests' from command line to 'False'
[0.247s] DEBUG:colcon.colcon_core.verb:Building package 'tello' with the following arguments: {'ament_cmake_args': None, 'build_base': '/root/dtello_MD/wrk_src/build/tello', 'catkin_cmake_args': None, 'catkin_skip_building_tests': False, 'cmake_args': None, 'cmake_clean_cache': False, 'cmake_clean_first': False, 'cmake_force_configure': False, 'cmake_target': None, 'cmake_target_skip_unavailable': False, 'install_base': '/root/dtello_MD/wrk_src/install/tello', 'merge_install': False, 'path': '/root/dtello_MD/wrk_src/tello-ros2/workspace/src/tello', 'symlink_install': False, 'test_result_base': None}
[0.247s] INFO:colcon.colcon_core.executor:Executing jobs using 'parallel' executor
[0.248s] DEBUG:colcon.colcon_parallel_executor.executor.parallel:run_until_complete
[0.248s] INFO:colcon.colcon_ros.task.ament_cmake.build:Building ROS package in '/root/dtello_MD/wrk_src/tello-ros2/workspace/src/tello_msg' with build type 'ament_cmake'
[0.249s] INFO:colcon.colcon_cmake.task.cmake.build:Building CMake package in '/root/dtello_MD/wrk_src/tello-ros2/workspace/src/tello_msg'
[0.250s] INFO:colcon.colcon_core.plugin_system:Skipping extension 'colcon_core.shell.bat': Not used on non-Windows systems
[0.250s] INFO:colcon.colcon_core.shell:Skip shell extension 'powershell' for command environment: Not usable outside of PowerShell
[0.250s] DEBUG:colcon.colcon_core.shell:Skip shell extension 'dsv' for command environment
[0.255s] INFO:colcon.colcon_ros.task.ament_cmake.build:Building ROS package in '/root/dtello_MD/wrk_src/tello-ros2/slam/src/orbslam2' with build type 'ament_cmake'
[0.255s] INFO:colcon.colcon_cmake.task.cmake.build:Building CMake package in '/root/dtello_MD/wrk_src/tello-ros2/slam/src/orbslam2'
[0.256s] INFO:colcon.colcon_core.shell:Skip shell extension 'powershell' for command environment: Not usable outside of PowerShell
[0.256s] DEBUG:colcon.colcon_core.shell:Skip shell extension 'dsv' for command environment
[0.260s] INFO:colcon.colcon_ros.task.ament_python.build:Building ROS package in '/root/dtello_MD/wrk_src/ros2_aruco/ros2_aruco' with build type 'ament_python'
[0.260s] Level 1:colcon.colcon_core.shell:create_environment_hook('ros2_aruco', 'ament_prefix_path')
[0.261s] INFO:colcon.colcon_core.shell:Creating environment hook '/root/dtello_MD/wrk_src/install/ros2_aruco/share/ros2_aruco/hook/ament_prefix_path.ps1'
[0.262s] INFO:colcon.colcon_core.shell:Creating environment descriptor '/root/dtello_MD/wrk_src/install/ros2_aruco/share/ros2_aruco/hook/ament_prefix_path.dsv'
[0.262s] INFO:colcon.colcon_core.shell:Creating environment hook '/root/dtello_MD/wrk_src/install/ros2_aruco/share/ros2_aruco/hook/ament_prefix_path.sh'
[0.263s] INFO:colcon.colcon_core.shell:Skip shell extension 'powershell' for command environment: Not usable outside of PowerShell
[0.263s] DEBUG:colcon.colcon_core.shell:Skip shell extension 'dsv' for command environment
[0.266s] INFO:colcon.colcon_ros.task.ament_cmake.build:Building ROS package in '/root/dtello_MD/wrk_src/ros2_aruco/ros2_aruco_interfaces' with build type 'ament_cmake'
[0.266s] INFO:colcon.colcon_cmake.task.cmake.build:Building CMake package in '/root/dtello_MD/wrk_src/ros2_aruco/ros2_aruco_interfaces'
[0.267s] INFO:colcon.colcon_core.shell:Skip shell extension 'powershell' for command environment: Not usable outside of PowerShell
[0.267s] DEBUG:colcon.colcon_core.shell:Skip shell extension 'dsv' for command environment
[0.272s] INFO:colcon.colcon_ros.task.ament_cmake.build:Building ROS package in '/root/dtello_MD/wrk_src/tello-ros2/workspace/src/tello_control' with build type 'ament_cmake'
[0.272s] INFO:colcon.colcon_cmake.task.cmake.build:Building CMake package in '/root/dtello_MD/wrk_src/tello-ros2/workspace/src/tello_control'
[0.273s] INFO:colcon.colcon_core.shell:Skip shell extension 'powershell' for command environment: Not usable outside of PowerShell
[0.273s] DEBUG:colcon.colcon_core.shell:Skip shell extension 'dsv' for command environment
[0.277s] INFO:colcon.colcon_ros.task.ament_python.build:Building ROS package in '/root/dtello_MD/wrk_src/tello_ws/src/tello_pkg' with build type 'ament_python'
[0.277s] Level 1:colcon.colcon_core.shell:create_environment_hook('tello_pkg', 'ament_prefix_path')
[0.277s] INFO:colcon.colcon_core.shell:Creating environment hook '/root/dtello_MD/wrk_src/install/tello_pkg/share/tello_pkg/hook/ament_prefix_path.ps1'
[0.278s] INFO:colcon.colcon_core.shell:Creating environment descriptor '/root/dtello_MD/wrk_src/install/tello_pkg/share/tello_pkg/hook/ament_prefix_path.dsv'
[0.278s] INFO:colcon.colcon_core.shell:Creating environment hook '/root/dtello_MD/wrk_src/install/tello_pkg/share/tello_pkg/hook/ament_prefix_path.sh'
[0.279s] INFO:colcon.colcon_core.shell:Skip shell extension 'powershell' for command environment: Not usable outside of PowerShell
[0.279s] DEBUG:colcon.colcon_core.shell:Skip shell extension 'dsv' for command environment
[0.285s] DEBUG:colcon.colcon_core.event_handler.log_command:Invoking command in '/root/dtello_MD/wrk_src/build/tello_msg': CMAKE_PREFIX_PATH=/opt/ros/foxy /usr/bin/cmake /root/dtello_MD/wrk_src/tello-ros2/workspace/src/tello_msg -DCMAKE_INSTALL_PREFIX=/root/dtello_MD/wrk_src/install/tello_msg
[0.292s] DEBUG:colcon.colcon_core.event_handler.log_command:Invoking command in '/root/dtello_MD/wrk_src/build/orbslam2': CMAKE_PREFIX_PATH=/opt/ros/foxy /usr/bin/cmake /root/dtello_MD/wrk_src/tello-ros2/slam/src/orbslam2 -DCMAKE_INSTALL_PREFIX=/root/dtello_MD/wrk_src/install/orbslam2
[0.468s] INFO:colcon.colcon_core.task.python.build:Building Python package in '/root/dtello_MD/wrk_src/ros2_aruco/ros2_aruco'
[0.469s] INFO:colcon.colcon_core.shell:Skip shell extension 'powershell' for command environment: Not usable outside of PowerShell
[0.469s] DEBUG:colcon.colcon_core.shell:Skip shell extension 'dsv' for command environment
[0.481s] DEBUG:colcon.colcon_core.event_handler.log_command:Invoking command in '/root/dtello_MD/wrk_src/build/ros2_aruco_interfaces': CMAKE_PREFIX_PATH=/opt/ros/foxy /usr/bin/cmake /root/dtello_MD/wrk_src/ros2_aruco/ros2_aruco_interfaces -DCMAKE_INSTALL_PREFIX=/root/dtello_MD/wrk_src/install/ros2_aruco_interfaces
[0.484s] DEBUG:colcon.colcon_core.event_handler.log_command:Invoking command in '/root/dtello_MD/wrk_src/build/tello_control': CMAKE_PREFIX_PATH=/opt/ros/foxy /usr/bin/cmake /root/dtello_MD/wrk_src/tello-ros2/workspace/src/tello_control -DCMAKE_INSTALL_PREFIX=/root/dtello_MD/wrk_src/install/tello_control
[0.731s] INFO:colcon.colcon_core.task.python.build:Building Python package in '/root/dtello_MD/wrk_src/tello_ws/src/tello_pkg'
[0.731s] INFO:colcon.colcon_core.shell:Skip shell extension 'powershell' for command environment: Not usable outside of PowerShell
[0.731s] DEBUG:colcon.colcon_core.shell:Skip shell extension 'dsv' for command environment
[1.234s] DEBUG:colcon.colcon_core.event_handler.log_command:Invoking command in '/root/dtello_MD/wrk_src/ros2_aruco/ros2_aruco': PYTHONPATH=/root/dtello_MD/wrk_src/build/ros2_aruco/prefix_override:/usr/lib/python3/dist-packages/colcon_core/task/python/colcon_distutils_commands:/root/dtello_MD/wrk_src/install/ros2_aruco/lib/python3.8/site-packages:${PYTHONPATH} /usr/bin/python3 -W ignore:setup.py install is deprecated setup.py egg_info --egg-base ../../build/ros2_aruco build --build-base /root/dtello_MD/wrk_src/build/ros2_aruco/build install --record /root/dtello_MD/wrk_src/build/ros2_aruco/install.log --single-version-externally-managed install_data
[1.239s] DEBUG:colcon.colcon_core.event_handler.log_command:Invoking command in '/root/dtello_MD/wrk_src/tello_ws/src/tello_pkg': PYTHONPATH=/root/dtello_MD/wrk_src/build/tello_pkg/prefix_override:/usr/lib/python3/dist-packages/colcon_core/task/python/colcon_distutils_commands:/root/dtello_MD/wrk_src/install/tello_pkg/lib/python3.8/site-packages:${PYTHONPATH} /usr/bin/python3 -W ignore:setup.py install is deprecated setup.py egg_info --egg-base ../../../build/tello_pkg build --build-base /root/dtello_MD/wrk_src/build/tello_pkg/build install --record /root/dtello_MD/wrk_src/build/tello_pkg/install.log --install-scripts $base/lib/tello_pkg --single-version-externally-managed install_data
[1.601s] DEBUG:colcon.colcon_core.event_handler.log_command:Invoked command in '/root/dtello_MD/wrk_src/tello_ws/src/tello_pkg' returned '0': PYTHONPATH=/root/dtello_MD/wrk_src/build/tello_pkg/prefix_override:/usr/lib/python3/dist-packages/colcon_core/task/python/colcon_distutils_commands:/root/dtello_MD/wrk_src/install/tello_pkg/lib/python3.8/site-packages:${PYTHONPATH} /usr/bin/python3 -W ignore:setup.py install is deprecated setup.py egg_info --egg-base ../../../build/tello_pkg build --build-base /root/dtello_MD/wrk_src/build/tello_pkg/build install --record /root/dtello_MD/wrk_src/build/tello_pkg/install.log --install-scripts $base/lib/tello_pkg --single-version-externally-managed install_data
[1.606s] Level 1:colcon.colcon_core.environment:checking '/root/dtello_MD/wrk_src/install/tello_pkg' for CMake module files
[1.606s] Level 1:colcon.colcon_core.environment:checking '/root/dtello_MD/wrk_src/install/tello_pkg' for CMake config files
[1.607s] Level 1:colcon.colcon_core.environment:checking '/root/dtello_MD/wrk_src/install/tello_pkg/lib'
[1.607s] Level 1:colcon.colcon_core.environment:checking '/root/dtello_MD/wrk_src/install/tello_pkg/bin'
[1.607s] Level 1:colcon.colcon_core.environment:checking '/root/dtello_MD/wrk_src/install/tello_pkg/lib/pkgconfig/tello_pkg.pc'
[1.607s] Level 1:colcon.colcon_core.environment:checking '/root/dtello_MD/wrk_src/install/tello_pkg/lib/python3.8/site-packages'
[1.608s] Level 1:colcon.colcon_core.shell:create_environment_hook('tello_pkg', 'pythonpath')
[1.608s] INFO:colcon.colcon_core.shell:Creating environment hook '/root/dtello_MD/wrk_src/install/tello_pkg/share/tello_pkg/hook/pythonpath.ps1'
[1.609s] INFO:colcon.colcon_core.shell:Creating environment descriptor '/root/dtello_MD/wrk_src/install/tello_pkg/share/tello_pkg/hook/pythonpath.dsv'
[1.609s] INFO:colcon.colcon_core.shell:Creating environment hook '/root/dtello_MD/wrk_src/install/tello_pkg/share/tello_pkg/hook/pythonpath.sh'
[1.610s] Level 1:colcon.colcon_core.environment:checking '/root/dtello_MD/wrk_src/install/tello_pkg/bin'
[1.610s] Level 1:colcon.colcon_core.environment:create_environment_scripts_only(tello_pkg)
[1.610s] INFO:colcon.colcon_core.shell:Creating package script '/root/dtello_MD/wrk_src/install/tello_pkg/share/tello_pkg/package.ps1'
[1.611s] INFO:colcon.colcon_core.shell:Creating package descriptor '/root/dtello_MD/wrk_src/install/tello_pkg/share/tello_pkg/package.dsv'
[1.612s] INFO:colcon.colcon_core.shell:Creating package script '/root/dtello_MD/wrk_src/install/tello_pkg/share/tello_pkg/package.sh'
[1.613s] INFO:colcon.colcon_core.shell:Creating package script '/root/dtello_MD/wrk_src/install/tello_pkg/share/tello_pkg/package.bash'
[1.614s] INFO:colcon.colcon_core.shell:Creating package script '/root/dtello_MD/wrk_src/install/tello_pkg/share/tello_pkg/package.zsh'
[1.615s] Level 1:colcon.colcon_core.environment:create_file_with_runtime_dependencies(/root/dtello_MD/wrk_src/install/tello_pkg/share/colcon-core/packages/tello_pkg)
[1.631s] Level 1:colcon.colcon_core.environment:checking '/root/dtello_MD/wrk_src/install/ros2_aruco' for CMake module files
[1.632s] DEBUG:colcon.colcon_core.event_handler.log_command:Invoked command in '/root/dtello_MD/wrk_src/ros2_aruco/ros2_aruco' returned '0': PYTHONPATH=/root/dtello_MD/wrk_src/build/ros2_aruco/prefix_override:/usr/lib/python3/dist-packages/colcon_core/task/python/colcon_distutils_commands:/root/dtello_MD/wrk_src/install/ros2_aruco/lib/python3.8/site-packages:${PYTHONPATH} /usr/bin/python3 -W ignore:setup.py install is deprecated setup.py egg_info --egg-base ../../build/ros2_aruco build --build-base /root/dtello_MD/wrk_src/build/ros2_aruco/build install --record /root/dtello_MD/wrk_src/build/ros2_aruco/install.log --single-version-externally-managed install_data
[1.633s] Level 1:colcon.colcon_core.environment:checking '/root/dtello_MD/wrk_src/install/ros2_aruco' for CMake config files
[1.635s] Level 1:colcon.colcon_core.environment:checking '/root/dtello_MD/wrk_src/install/ros2_aruco/lib'
[1.635s] Level 1:colcon.colcon_core.environment:checking '/root/dtello_MD/wrk_src/install/ros2_aruco/bin'
[1.635s] Level 1:colcon.colcon_core.environment:checking '/root/dtello_MD/wrk_src/install/ros2_aruco/lib/pkgconfig/ros2_aruco.pc'
[1.636s] Level 1:colcon.colcon_core.environment:checking '/root/dtello_MD/wrk_src/install/ros2_aruco/lib/python3.8/site-packages'
[1.636s] Level 1:colcon.colcon_core.shell:create_environment_hook('ros2_aruco', 'pythonpath')
[1.636s] INFO:colcon.colcon_core.shell:Creating environment hook '/root/dtello_MD/wrk_src/install/ros2_aruco/share/ros2_aruco/hook/pythonpath.ps1'
[1.637s] INFO:colcon.colcon_core.shell:Creating environment descriptor '/root/dtello_MD/wrk_src/install/ros2_aruco/share/ros2_aruco/hook/pythonpath.dsv'
[1.637s] INFO:colcon.colcon_core.shell:Creating environment hook '/root/dtello_MD/wrk_src/install/ros2_aruco/share/ros2_aruco/hook/pythonpath.sh'
[1.638s] Level 1:colcon.colcon_core.environment:checking '/root/dtello_MD/wrk_src/install/ros2_aruco/bin'
[1.638s] Level 1:colcon.colcon_core.environment:create_environment_scripts_only(ros2_aruco)
[1.639s] INFO:colcon.colcon_core.shell:Creating package script '/root/dtello_MD/wrk_src/install/ros2_aruco/share/ros2_aruco/package.ps1'
[1.639s] INFO:colcon.colcon_core.shell:Creating package descriptor '/root/dtello_MD/wrk_src/install/ros2_aruco/share/ros2_aruco/package.dsv'
[1.640s] INFO:colcon.colcon_core.shell:Creating package script '/root/dtello_MD/wrk_src/install/ros2_aruco/share/ros2_aruco/package.sh'
[1.640s] INFO:colcon.colcon_core.shell:Creating package script '/root/dtello_MD/wrk_src/install/ros2_aruco/share/ros2_aruco/package.bash'
[1.641s] INFO:colcon.colcon_core.shell:Creating package script '/root/dtello_MD/wrk_src/install/ros2_aruco/share/ros2_aruco/package.zsh'
[1.641s] Level 1:colcon.colcon_core.environment:create_file_with_runtime_dependencies(/root/dtello_MD/wrk_src/install/ros2_aruco/share/colcon-core/packages/ros2_aruco)
[2.193s] DEBUG:colcon.colcon_core.event_handler.log_command:Invoked command in '/root/dtello_MD/wrk_src/build/orbslam2' returned '1': CMAKE_PREFIX_PATH=/opt/ros/foxy /usr/bin/cmake /root/dtello_MD/wrk_src/tello-ros2/slam/src/orbslam2 -DCMAKE_INSTALL_PREFIX=/root/dtello_MD/wrk_src/install/orbslam2
[2.208s] Level 1:colcon.colcon_core.environment:create_environment_scripts_only(orbslam2)
[2.209s] Level 1:colcon.colcon_core.environment:checking '/root/dtello_MD/wrk_src/install/orbslam2' for CMake module files
[2.209s] Level 1:colcon.colcon_core.environment:checking '/root/dtello_MD/wrk_src/install/orbslam2' for CMake config files
[2.209s] Level 1:colcon.colcon_core.environment:checking '/root/dtello_MD/wrk_src/install/orbslam2/bin'
[2.209s] Level 1:colcon.colcon_core.environment:checking '/root/dtello_MD/wrk_src/install/orbslam2/lib/pkgconfig/orbslam2.pc'
[2.210s] Level 1:colcon.colcon_core.environment:checking '/root/dtello_MD/wrk_src/install/orbslam2/lib/python3.8/site-packages'
[2.210s] Level 1:colcon.colcon_core.environment:checking '/root/dtello_MD/wrk_src/install/orbslam2/bin'
[2.210s] INFO:colcon.colcon_core.shell:Creating package script '/root/dtello_MD/wrk_src/install/orbslam2/share/orbslam2/package.ps1'
[2.211s] INFO:colcon.colcon_core.shell:Creating package descriptor '/root/dtello_MD/wrk_src/install/orbslam2/share/orbslam2/package.dsv'
[2.211s] INFO:colcon.colcon_core.shell:Creating package script '/root/dtello_MD/wrk_src/install/orbslam2/share/orbslam2/package.sh'
[2.211s] INFO:colcon.colcon_core.shell:Creating package script '/root/dtello_MD/wrk_src/install/orbslam2/share/orbslam2/package.bash'
[2.211s] INFO:colcon.colcon_core.shell:Creating package script '/root/dtello_MD/wrk_src/install/orbslam2/share/orbslam2/package.zsh'
[2.212s] Level 1:colcon.colcon_core.environment:create_file_with_runtime_dependencies(/root/dtello_MD/wrk_src/install/orbslam2/share/colcon-core/packages/orbslam2)
[2.468s] DEBUG:colcon.colcon_parallel_executor.executor.parallel:closing loop
[2.468s] DEBUG:colcon.colcon_parallel_executor.executor.parallel:loop closed
[2.468s] DEBUG:colcon.colcon_parallel_executor.executor.parallel:run_until_complete finished with '1'
[2.468s] DEBUG:colcon.colcon_core.event_reactor:joining thread
[2.473s] INFO:colcon.colcon_core.plugin_system:Skipping extension 'colcon_notification.desktop_notification.notify_send': Could not find 'notify-send'
[2.473s] INFO:colcon.colcon_core.plugin_system:Skipping extension 'colcon_notification.desktop_notification.terminal_notifier': Not used on non-Darwin systems
[2.473s] INFO:colcon.colcon_core.plugin_system:Skipping extension 'colcon_notification.desktop_notification.win32': Not used on non-Windows systems
[2.473s] INFO:colcon.colcon_notification.desktop_notification:Sending desktop notification using 'notify2'
[2.475s] DEBUG:colcon.colcon_notification.desktop_notification.notify2:Failed to initialize notify2: org.freedesktop.DBus.Error.Spawn.ExecFailed: /usr/bin/dbus-launch terminated abnormally without any error message
[2.475s] DEBUG:colcon.colcon_core.event_reactor:joined thread
[2.475s] INFO:colcon.colcon_core.shell:Creating prefix script '/root/dtello_MD/wrk_src/install/local_setup.ps1'
[2.476s] INFO:colcon.colcon_core.shell:Creating prefix util module '/root/dtello_MD/wrk_src/install/_local_setup_util_ps1.py'
[2.477s] INFO:colcon.colcon_core.shell:Creating prefix chain script '/root/dtello_MD/wrk_src/install/setup.ps1'
[2.478s] INFO:colcon.colcon_core.shell:Creating prefix script '/root/dtello_MD/wrk_src/install/local_setup.sh'
[2.478s] INFO:colcon.colcon_core.shell:Creating prefix util module '/root/dtello_MD/wrk_src/install/_local_setup_util_sh.py'
[2.478s] INFO:colcon.colcon_core.shell:Creating prefix chain script '/root/dtello_MD/wrk_src/install/setup.sh'
[2.479s] INFO:colcon.colcon_core.shell:Creating prefix script '/root/dtello_MD/wrk_src/install/local_setup.bash'
[2.479s] INFO:colcon.colcon_core.shell:Creating prefix chain script '/root/dtello_MD/wrk_src/install/setup.bash'
[2.480s] INFO:colcon.colcon_core.shell:Creating prefix script '/root/dtello_MD/wrk_src/install/local_setup.zsh'
[2.480s] INFO:colcon.colcon_core.shell:Creating prefix chain script '/root/dtello_MD/wrk_src/install/setup.zsh'
