[1.572s] Invoking command in '/root/docker_tello_ros2/wrk_src/src/tello_pkg': PYTHONPATH=/root/docker_tello_ros2/wrk_src/build/tello_pkg/prefix_override:/root/docker_tello_ros2/wrk_src/install/tello_pkg/lib/python3.8/site-packages:${PYTHONPATH} /usr/bin/python3 -W ignore:setup.py install is deprecated setup.py egg_info --egg-base ../../build/tello_pkg build --build-base /root/docker_tello_ros2/wrk_src/build/tello_pkg/build install --record /root/docker_tello_ros2/wrk_src/build/tello_pkg/install.log --install-scripts $base/lib/tello_pkg --single-version-externally-managed install_data
[1.941s] running egg_info
[1.942s] writing ../../build/tello_pkg/tello_pkg.egg-info/PKG-INFO
[1.942s] writing dependency_links to ../../build/tello_pkg/tello_pkg.egg-info/dependency_links.txt
[1.943s] writing entry points to ../../build/tello_pkg/tello_pkg.egg-info/entry_points.txt
[1.943s] writing requirements to ../../build/tello_pkg/tello_pkg.egg-info/requires.txt
[1.943s] writing top-level names to ../../build/tello_pkg/tello_pkg.egg-info/top_level.txt
[1.999s] reading manifest file '../../build/tello_pkg/tello_pkg.egg-info/SOURCES.txt'
[2.001s] writing manifest file '../../build/tello_pkg/tello_pkg.egg-info/SOURCES.txt'
[2.001s] running build
[2.001s] running build_py
[2.002s] running install
[2.003s] running install_lib
[2.006s] running install_data
[2.006s] running install_egg_info
[2.010s] removing '/root/docker_tello_ros2/wrk_src/install/tello_pkg/lib/python3.8/site-packages/tello_pkg-0.0.0-py3.8.egg-info' (and everything under it)
[2.010s] Copying ../../build/tello_pkg/tello_pkg.egg-info to /root/docker_tello_ros2/wrk_src/install/tello_pkg/lib/python3.8/site-packages/tello_pkg-0.0.0-py3.8.egg-info
[2.012s] running install_scripts
[2.040s] Installing aruco_node script to /root/docker_tello_ros2/wrk_src/install/tello_pkg/lib/tello_pkg
[2.041s] Installing camera script to /root/docker_tello_ros2/wrk_src/install/tello_pkg/lib/tello_pkg
[2.041s] Installing detect_marker script to /root/docker_tello_ros2/wrk_src/install/tello_pkg/lib/tello_pkg
[2.041s] Installing frame_pub script to /root/docker_tello_ros2/wrk_src/install/tello_pkg/lib/tello_pkg
[2.042s] writing list of installed files to '/root/docker_tello_ros2/wrk_src/build/tello_pkg/install.log'
[2.074s] Invoked command in '/root/docker_tello_ros2/wrk_src/src/tello_pkg' returned '0': PYTHONPATH=/root/docker_tello_ros2/wrk_src/build/tello_pkg/prefix_override:/root/docker_tello_ros2/wrk_src/install/tello_pkg/lib/python3.8/site-packages:${PYTHONPATH} /usr/bin/python3 -W ignore:setup.py install is deprecated setup.py egg_info --egg-base ../../build/tello_pkg build --build-base /root/docker_tello_ros2/wrk_src/build/tello_pkg/build install --record /root/docker_tello_ros2/wrk_src/build/tello_pkg/install.log --install-scripts $base/lib/tello_pkg --single-version-externally-managed install_data
