[0.543s] DEBUG:colcon:Command line arguments: ['/usr/bin/colcon', 'build']
[0.543s] DEBUG:colcon:Parsed command line arguments: Namespace(ament_cmake_args=None, base_paths=['.'], build_base='build', catkin_cmake_args=None, catkin_skip_building_tests=False, cmake_args=None, cmake_clean_cache=False, cmake_clean_first=False, cmake_force_configure=False, cmake_target=None, cmake_target_skip_unavailable=False, continue_on_error=False, event_handlers=None, executor='parallel', ignore_user_meta=False, install_base='install', log_base=None, log_level=None, main=<bound method BuildVerb.main of <colcon_core.verb.build.BuildVerb object at 0x7f3d2e459160>>, merge_install=False, metas=['./colcon.meta'], mixin=None, mixin_files=None, mixin_verb=('build',), packages_above=None, packages_above_and_dependencies=None, packages_above_depth=None, packages_end=None, packages_ignore=None, packages_ignore_regex=None, packages_select=None, packages_select_build_failed=False, packages_select_by_dep=None, packages_select_regex=None, packages_select_test_failures=False, packages_skip=None, packages_skip_build_finished=False, packages_skip_by_dep=None, packages_skip_regex=None, packages_skip_test_passed=False, packages_skip_up_to=None, packages_start=None, packages_up_to=None, packages_up_to_regex=None, parallel_workers=8, paths=None, symlink_install=False, test_result_base=None, verb_extension=<colcon_core.verb.build.BuildVerb object at 0x7f3d2e459160>, verb_name='build', verb_parser=<colcon_mixin.mixin.mixin_argument.MixinArgumentDecorator object at 0x7f3d2e459d00>)
[0.777s] Level 1:colcon.colcon_core.package_discovery:discover_packages(colcon_meta) check parameters
[0.782s] INFO:colcon.colcon_metadata.package_discovery.colcon_meta:Using configuration from '/root/.colcon/metadata/default/Gazebo.meta'
[0.785s] INFO:colcon.colcon_metadata.package_discovery.colcon_meta:Using configuration from '/root/.colcon/metadata/default/fastrtps.meta'
[0.785s] Level 1:colcon.colcon_core.package_discovery:discover_packages(recursive) check parameters
[0.785s] Level 1:colcon.colcon_core.package_discovery:discover_packages(ignore) check parameters
[0.785s] Level 1:colcon.colcon_core.package_discovery:discover_packages(path) check parameters
[0.785s] Level 1:colcon.colcon_core.package_discovery:discover_packages(colcon_meta) discover
[0.785s] Level 1:colcon.colcon_core.package_discovery:discover_packages(recursive) discover
[0.785s] INFO:colcon.colcon_core.package_discovery:Crawling recursively for packages in '/root/docker_tello_ros2/wrk_src'
[0.786s] Level 1:colcon.colcon_core.package_identification:_identify(.) by extensions ['ignore', 'ignore_ament_install']
[0.786s] Level 1:colcon.colcon_core.package_identification:_identify(.) by extension 'ignore'
[0.786s] Level 1:colcon.colcon_core.package_identification:_identify(.) by extension 'ignore_ament_install'
[0.786s] Level 1:colcon.colcon_core.package_identification:_identify(.) by extensions ['colcon_pkg']
[0.786s] Level 1:colcon.colcon_core.package_identification:_identify(.) by extension 'colcon_pkg'
[0.786s] Level 1:colcon.colcon_core.package_identification:_identify(.) by extensions ['colcon_meta']
[0.786s] Level 1:colcon.colcon_core.package_identification:_identify(.) by extension 'colcon_meta'
[0.786s] Level 1:colcon.colcon_core.package_identification:_identify(.) by extensions ['ros']
[0.786s] Level 1:colcon.colcon_core.package_identification:_identify(.) by extension 'ros'
[0.814s] Level 1:colcon.colcon_core.package_identification:_identify(.) by extensions ['cmake', 'python']
[0.815s] Level 1:colcon.colcon_core.package_identification:_identify(.) by extension 'cmake'
[0.815s] Level 1:colcon.colcon_core.package_identification:_identify(.) by extension 'python'
[0.815s] Level 1:colcon.colcon_core.package_identification:_identify(.) by extensions ['python_setup_py']
[0.815s] Level 1:colcon.colcon_core.package_identification:_identify(.) by extension 'python_setup_py'
[0.815s] Level 1:colcon.colcon_core.package_identification:_identify(build) by extensions ['ignore', 'ignore_ament_install']
[0.816s] Level 1:colcon.colcon_core.package_identification:_identify(build) by extension 'ignore'
[0.816s] Level 1:colcon.colcon_core.package_identification:_identify(build) ignored
[0.816s] Level 1:colcon.colcon_core.package_identification:_identify(calibration) by extensions ['ignore', 'ignore_ament_install']
[0.816s] Level 1:colcon.colcon_core.package_identification:_identify(calibration) by extension 'ignore'
[0.816s] Level 1:colcon.colcon_core.package_identification:_identify(calibration) by extension 'ignore_ament_install'
[0.816s] Level 1:colcon.colcon_core.package_identification:_identify(calibration) by extensions ['colcon_pkg']
[0.816s] Level 1:colcon.colcon_core.package_identification:_identify(calibration) by extension 'colcon_pkg'
[0.816s] Level 1:colcon.colcon_core.package_identification:_identify(calibration) by extensions ['colcon_meta']
[0.816s] Level 1:colcon.colcon_core.package_identification:_identify(calibration) by extension 'colcon_meta'
[0.816s] Level 1:colcon.colcon_core.package_identification:_identify(calibration) by extensions ['ros']
[0.816s] Level 1:colcon.colcon_core.package_identification:_identify(calibration) by extension 'ros'
[0.816s] Level 1:colcon.colcon_core.package_identification:_identify(calibration) by extensions ['cmake', 'python']
[0.816s] Level 1:colcon.colcon_core.package_identification:_identify(calibration) by extension 'cmake'
[0.817s] Level 1:colcon.colcon_core.package_identification:_identify(calibration) by extension 'python'
[0.817s] Level 1:colcon.colcon_core.package_identification:_identify(calibration) by extensions ['python_setup_py']
[0.817s] Level 1:colcon.colcon_core.package_identification:_identify(calibration) by extension 'python_setup_py'
[0.817s] Level 1:colcon.colcon_core.package_identification:_identify(calibration_phone) by extensions ['ignore', 'ignore_ament_install']
[0.817s] Level 1:colcon.colcon_core.package_identification:_identify(calibration_phone) by extension 'ignore'
[0.817s] Level 1:colcon.colcon_core.package_identification:_identify(calibration_phone) by extension 'ignore_ament_install'
[0.817s] Level 1:colcon.colcon_core.package_identification:_identify(calibration_phone) by extensions ['colcon_pkg']
[0.817s] Level 1:colcon.colcon_core.package_identification:_identify(calibration_phone) by extension 'colcon_pkg'
[0.817s] Level 1:colcon.colcon_core.package_identification:_identify(calibration_phone) by extensions ['colcon_meta']
[0.817s] Level 1:colcon.colcon_core.package_identification:_identify(calibration_phone) by extension 'colcon_meta'
[0.818s] Level 1:colcon.colcon_core.package_identification:_identify(calibration_phone) by extensions ['ros']
[0.818s] Level 1:colcon.colcon_core.package_identification:_identify(calibration_phone) by extension 'ros'
[0.818s] Level 1:colcon.colcon_core.package_identification:_identify(calibration_phone) by extensions ['cmake', 'python']
[0.818s] Level 1:colcon.colcon_core.package_identification:_identify(calibration_phone) by extension 'cmake'
[0.818s] Level 1:colcon.colcon_core.package_identification:_identify(calibration_phone) by extension 'python'
[0.818s] Level 1:colcon.colcon_core.package_identification:_identify(calibration_phone) by extensions ['python_setup_py']
[0.818s] Level 1:colcon.colcon_core.package_identification:_identify(calibration_phone) by extension 'python_setup_py'
[0.818s] Level 1:colcon.colcon_core.package_identification:_identify(detect) by extensions ['ignore', 'ignore_ament_install']
[0.818s] Level 1:colcon.colcon_core.package_identification:_identify(detect) by extension 'ignore'
[0.818s] Level 1:colcon.colcon_core.package_identification:_identify(detect) by extension 'ignore_ament_install'
[0.818s] Level 1:colcon.colcon_core.package_identification:_identify(detect) by extensions ['colcon_pkg']
[0.819s] Level 1:colcon.colcon_core.package_identification:_identify(detect) by extension 'colcon_pkg'
[0.819s] Level 1:colcon.colcon_core.package_identification:_identify(detect) by extensions ['colcon_meta']
[0.819s] Level 1:colcon.colcon_core.package_identification:_identify(detect) by extension 'colcon_meta'
[0.819s] Level 1:colcon.colcon_core.package_identification:_identify(detect) by extensions ['ros']
[0.819s] Level 1:colcon.colcon_core.package_identification:_identify(detect) by extension 'ros'
[0.819s] Level 1:colcon.colcon_core.package_identification:_identify(detect) by extensions ['cmake', 'python']
[0.819s] Level 1:colcon.colcon_core.package_identification:_identify(detect) by extension 'cmake'
[0.819s] Level 1:colcon.colcon_core.package_identification:_identify(detect) by extension 'python'
[0.819s] Level 1:colcon.colcon_core.package_identification:_identify(detect) by extensions ['python_setup_py']
[0.819s] Level 1:colcon.colcon_core.package_identification:_identify(detect) by extension 'python_setup_py'
[0.819s] Level 1:colcon.colcon_core.package_identification:_identify(detect_phone) by extensions ['ignore', 'ignore_ament_install']
[0.819s] Level 1:colcon.colcon_core.package_identification:_identify(detect_phone) by extension 'ignore'
[0.819s] Level 1:colcon.colcon_core.package_identification:_identify(detect_phone) by extension 'ignore_ament_install'
[0.819s] Level 1:colcon.colcon_core.package_identification:_identify(detect_phone) by extensions ['colcon_pkg']
[0.820s] Level 1:colcon.colcon_core.package_identification:_identify(detect_phone) by extension 'colcon_pkg'
[0.820s] Level 1:colcon.colcon_core.package_identification:_identify(detect_phone) by extensions ['colcon_meta']
[0.820s] Level 1:colcon.colcon_core.package_identification:_identify(detect_phone) by extension 'colcon_meta'
[0.820s] Level 1:colcon.colcon_core.package_identification:_identify(detect_phone) by extensions ['ros']
[0.820s] Level 1:colcon.colcon_core.package_identification:_identify(detect_phone) by extension 'ros'
[0.820s] Level 1:colcon.colcon_core.package_identification:_identify(detect_phone) by extensions ['cmake', 'python']
[0.820s] Level 1:colcon.colcon_core.package_identification:_identify(detect_phone) by extension 'cmake'
[0.820s] Level 1:colcon.colcon_core.package_identification:_identify(detect_phone) by extension 'python'
[0.820s] Level 1:colcon.colcon_core.package_identification:_identify(detect_phone) by extensions ['python_setup_py']
[0.820s] Level 1:colcon.colcon_core.package_identification:_identify(detect_phone) by extension 'python_setup_py'
[0.820s] Level 1:colcon.colcon_core.package_identification:_identify(install) by extensions ['ignore', 'ignore_ament_install']
[0.821s] Level 1:colcon.colcon_core.package_identification:_identify(install) by extension 'ignore'
[0.821s] Level 1:colcon.colcon_core.package_identification:_identify(install) ignored
[0.821s] Level 1:colcon.colcon_core.package_identification:_identify(log) by extensions ['ignore', 'ignore_ament_install']
[0.821s] Level 1:colcon.colcon_core.package_identification:_identify(log) by extension 'ignore'
[0.821s] Level 1:colcon.colcon_core.package_identification:_identify(log) ignored
[0.822s] Level 1:colcon.colcon_core.package_identification:_identify(src) by extensions ['ignore', 'ignore_ament_install']
[0.822s] Level 1:colcon.colcon_core.package_identification:_identify(src) by extension 'ignore'
[0.822s] Level 1:colcon.colcon_core.package_identification:_identify(src) by extension 'ignore_ament_install'
[0.822s] Level 1:colcon.colcon_core.package_identification:_identify(src) by extensions ['colcon_pkg']
[0.822s] Level 1:colcon.colcon_core.package_identification:_identify(src) by extension 'colcon_pkg'
[0.822s] Level 1:colcon.colcon_core.package_identification:_identify(src) by extensions ['colcon_meta']
[0.822s] Level 1:colcon.colcon_core.package_identification:_identify(src) by extension 'colcon_meta'
[0.822s] Level 1:colcon.colcon_core.package_identification:_identify(src) by extensions ['ros']
[0.822s] Level 1:colcon.colcon_core.package_identification:_identify(src) by extension 'ros'
[0.822s] Level 1:colcon.colcon_core.package_identification:_identify(src) by extensions ['cmake', 'python']
[0.822s] Level 1:colcon.colcon_core.package_identification:_identify(src) by extension 'cmake'
[0.822s] Level 1:colcon.colcon_core.package_identification:_identify(src) by extension 'python'
[0.822s] Level 1:colcon.colcon_core.package_identification:_identify(src) by extensions ['python_setup_py']
[0.822s] Level 1:colcon.colcon_core.package_identification:_identify(src) by extension 'python_setup_py'
[0.822s] Level 1:colcon.colcon_core.package_identification:_identify(src/ros2_aruco_interfaces) by extensions ['ignore', 'ignore_ament_install']
[0.823s] Level 1:colcon.colcon_core.package_identification:_identify(src/ros2_aruco_interfaces) by extension 'ignore'
[0.823s] Level 1:colcon.colcon_core.package_identification:_identify(src/ros2_aruco_interfaces) by extension 'ignore_ament_install'
[0.823s] Level 1:colcon.colcon_core.package_identification:_identify(src/ros2_aruco_interfaces) by extensions ['colcon_pkg']
[0.823s] Level 1:colcon.colcon_core.package_identification:_identify(src/ros2_aruco_interfaces) by extension 'colcon_pkg'
[0.823s] Level 1:colcon.colcon_core.package_identification:_identify(src/ros2_aruco_interfaces) by extensions ['colcon_meta']
[0.823s] Level 1:colcon.colcon_core.package_identification:_identify(src/ros2_aruco_interfaces) by extension 'colcon_meta'
[0.823s] Level 1:colcon.colcon_core.package_identification:_identify(src/ros2_aruco_interfaces) by extensions ['ros']
[0.823s] Level 1:colcon.colcon_core.package_identification:_identify(src/ros2_aruco_interfaces) by extension 'ros'
[0.831s] DEBUG:colcon.colcon_core.package_identification:Package 'src/ros2_aruco_interfaces' with type 'ros.ament_cmake' and name 'ros2_aruco_interfaces'
[0.831s] Level 1:colcon.colcon_core.package_identification:_identify(src/tello_pkg) by extensions ['ignore', 'ignore_ament_install']
[0.831s] Level 1:colcon.colcon_core.package_identification:_identify(src/tello_pkg) by extension 'ignore'
[0.831s] Level 1:colcon.colcon_core.package_identification:_identify(src/tello_pkg) by extension 'ignore_ament_install'
[0.832s] Level 1:colcon.colcon_core.package_identification:_identify(src/tello_pkg) by extensions ['colcon_pkg']
[0.832s] Level 1:colcon.colcon_core.package_identification:_identify(src/tello_pkg) by extension 'colcon_pkg'
[0.832s] Level 1:colcon.colcon_core.package_identification:_identify(src/tello_pkg) by extensions ['colcon_meta']
[0.832s] Level 1:colcon.colcon_core.package_identification:_identify(src/tello_pkg) by extension 'colcon_meta'
[0.832s] Level 1:colcon.colcon_core.package_identification:_identify(src/tello_pkg) by extensions ['ros']
[0.832s] Level 1:colcon.colcon_core.package_identification:_identify(src/tello_pkg) by extension 'ros'
[0.834s] DEBUG:colcon.colcon_core.package_identification:Package 'src/tello_pkg' with type 'ros.ament_python' and name 'tello_pkg'
[0.834s] Level 1:colcon.colcon_core.package_discovery:discover_packages(recursive) using defaults
[0.835s] Level 1:colcon.colcon_core.package_discovery:discover_packages(ignore) discover
[0.835s] Level 1:colcon.colcon_core.package_discovery:discover_packages(ignore) using defaults
[0.835s] Level 1:colcon.colcon_core.package_discovery:discover_packages(path) discover
[0.835s] Level 1:colcon.colcon_core.package_discovery:discover_packages(path) using defaults
[0.883s] Level 5:colcon.colcon_core.verb:set package 'ros2_aruco_interfaces' build argument 'cmake_args' from command line to 'None'
[0.883s] Level 5:colcon.colcon_core.verb:set package 'ros2_aruco_interfaces' build argument 'cmake_target' from command line to 'None'
[0.883s] Level 5:colcon.colcon_core.verb:set package 'ros2_aruco_interfaces' build argument 'cmake_target_skip_unavailable' from command line to 'False'
[0.883s] Level 5:colcon.colcon_core.verb:set package 'ros2_aruco_interfaces' build argument 'cmake_clean_cache' from command line to 'False'
[0.883s] Level 5:colcon.colcon_core.verb:set package 'ros2_aruco_interfaces' build argument 'cmake_clean_first' from command line to 'False'
[0.883s] Level 5:colcon.colcon_core.verb:set package 'ros2_aruco_interfaces' build argument 'cmake_force_configure' from command line to 'False'
[0.883s] Level 5:colcon.colcon_core.verb:set package 'ros2_aruco_interfaces' build argument 'ament_cmake_args' from command line to 'None'
[0.883s] Level 5:colcon.colcon_core.verb:set package 'ros2_aruco_interfaces' build argument 'catkin_cmake_args' from command line to 'None'
[0.883s] Level 5:colcon.colcon_core.verb:set package 'ros2_aruco_interfaces' build argument 'catkin_skip_building_tests' from command line to 'False'
[0.883s] DEBUG:colcon.colcon_core.verb:Building package 'ros2_aruco_interfaces' with the following arguments: {'ament_cmake_args': None, 'build_base': '/root/docker_tello_ros2/wrk_src/build/ros2_aruco_interfaces', 'catkin_cmake_args': None, 'catkin_skip_building_tests': False, 'cmake_args': None, 'cmake_clean_cache': False, 'cmake_clean_first': False, 'cmake_force_configure': False, 'cmake_target': None, 'cmake_target_skip_unavailable': False, 'install_base': '/root/docker_tello_ros2/wrk_src/install/ros2_aruco_interfaces', 'merge_install': False, 'path': '/root/docker_tello_ros2/wrk_src/src/ros2_aruco_interfaces', 'symlink_install': False, 'test_result_base': None}
[0.884s] Level 5:colcon.colcon_core.verb:set package 'tello_pkg' build argument 'cmake_args' from command line to 'None'
[0.884s] Level 5:colcon.colcon_core.verb:set package 'tello_pkg' build argument 'cmake_target' from command line to 'None'
[0.884s] Level 5:colcon.colcon_core.verb:set package 'tello_pkg' build argument 'cmake_target_skip_unavailable' from command line to 'False'
[0.884s] Level 5:colcon.colcon_core.verb:set package 'tello_pkg' build argument 'cmake_clean_cache' from command line to 'False'
[0.884s] Level 5:colcon.colcon_core.verb:set package 'tello_pkg' build argument 'cmake_clean_first' from command line to 'False'
[0.884s] Level 5:colcon.colcon_core.verb:set package 'tello_pkg' build argument 'cmake_force_configure' from command line to 'False'
[0.884s] Level 5:colcon.colcon_core.verb:set package 'tello_pkg' build argument 'ament_cmake_args' from command line to 'None'
[0.884s] Level 5:colcon.colcon_core.verb:set package 'tello_pkg' build argument 'catkin_cmake_args' from command line to 'None'
[0.884s] Level 5:colcon.colcon_core.verb:set package 'tello_pkg' build argument 'catkin_skip_building_tests' from command line to 'False'
[0.885s] DEBUG:colcon.colcon_core.verb:Building package 'tello_pkg' with the following arguments: {'ament_cmake_args': None, 'build_base': '/root/docker_tello_ros2/wrk_src/build/tello_pkg', 'catkin_cmake_args': None, 'catkin_skip_building_tests': False, 'cmake_args': None, 'cmake_clean_cache': False, 'cmake_clean_first': False, 'cmake_force_configure': False, 'cmake_target': None, 'cmake_target_skip_unavailable': False, 'install_base': '/root/docker_tello_ros2/wrk_src/install/tello_pkg', 'merge_install': False, 'path': '/root/docker_tello_ros2/wrk_src/src/tello_pkg', 'symlink_install': False, 'test_result_base': None}
[0.885s] INFO:colcon.colcon_core.executor:Executing jobs using 'parallel' executor
[0.888s] DEBUG:colcon.colcon_parallel_executor.executor.parallel:run_until_complete
[0.890s] INFO:colcon.colcon_ros.task.ament_cmake.build:Building ROS package in '/root/docker_tello_ros2/wrk_src/src/ros2_aruco_interfaces' with build type 'ament_cmake'
[0.890s] INFO:colcon.colcon_cmake.task.cmake.build:Building CMake package in '/root/docker_tello_ros2/wrk_src/src/ros2_aruco_interfaces'
[0.900s] INFO:colcon.colcon_core.plugin_system:Skipping extension 'colcon_core.shell.bat': Not used on non-Windows systems
[0.900s] INFO:colcon.colcon_core.shell:Skip shell extension 'powershell' for command environment: Not usable outside of PowerShell
[0.900s] DEBUG:colcon.colcon_core.shell:Skip shell extension 'dsv' for command environment
[0.918s] INFO:colcon.colcon_ros.task.ament_python.build:Building ROS package in '/root/docker_tello_ros2/wrk_src/src/tello_pkg' with build type 'ament_python'
[0.919s] Level 1:colcon.colcon_core.shell:create_environment_hook('tello_pkg', 'ament_prefix_path')
[0.920s] INFO:colcon.colcon_core.shell:Creating environment hook '/root/docker_tello_ros2/wrk_src/install/tello_pkg/share/tello_pkg/hook/ament_prefix_path.ps1'
[0.922s] INFO:colcon.colcon_core.shell:Creating environment descriptor '/root/docker_tello_ros2/wrk_src/install/tello_pkg/share/tello_pkg/hook/ament_prefix_path.dsv'
[0.923s] INFO:colcon.colcon_core.shell:Creating environment hook '/root/docker_tello_ros2/wrk_src/install/tello_pkg/share/tello_pkg/hook/ament_prefix_path.sh'
[0.926s] INFO:colcon.colcon_core.shell:Skip shell extension 'powershell' for command environment: Not usable outside of PowerShell
[0.926s] DEBUG:colcon.colcon_core.shell:Skip shell extension 'dsv' for command environment
[0.946s] DEBUG:colcon.colcon_core.event_handler.log_command:Invoking command in '/root/docker_tello_ros2/wrk_src/build/ros2_aruco_interfaces': CMAKE_PREFIX_PATH=${CMAKE_PREFIX_PATH}:/root/docker_tello_ros2/wrk_src/install/tello_pkg:/opt/ros/foxy /usr/bin/cmake --build /root/docker_tello_ros2/wrk_src/build/ros2_aruco_interfaces -- -j8 -l8
[1.328s] INFO:colcon.colcon_core.task.python.build:Building Python package in '/root/docker_tello_ros2/wrk_src/src/tello_pkg'
[1.329s] INFO:colcon.colcon_core.shell:Skip shell extension 'powershell' for command environment: Not usable outside of PowerShell
[1.329s] DEBUG:colcon.colcon_core.shell:Skip shell extension 'dsv' for command environment
[1.474s] DEBUG:colcon.colcon_core.event_handler.log_command:Invoked command in '/root/docker_tello_ros2/wrk_src/build/ros2_aruco_interfaces' returned '0': CMAKE_PREFIX_PATH=${CMAKE_PREFIX_PATH}:/root/docker_tello_ros2/wrk_src/install/tello_pkg:/opt/ros/foxy /usr/bin/cmake --build /root/docker_tello_ros2/wrk_src/build/ros2_aruco_interfaces -- -j8 -l8
[1.576s] DEBUG:colcon.colcon_core.event_handler.log_command:Invoking command in '/root/docker_tello_ros2/wrk_src/build/ros2_aruco_interfaces': CMAKE_PREFIX_PATH=${CMAKE_PREFIX_PATH}:/root/docker_tello_ros2/wrk_src/install/tello_pkg:/opt/ros/foxy /usr/bin/cmake --install /root/docker_tello_ros2/wrk_src/build/ros2_aruco_interfaces
[1.675s] Level 1:colcon.colcon_core.environment:create_environment_scripts_only(ros2_aruco_interfaces)
[1.675s] DEBUG:colcon.colcon_core.event_handler.log_command:Invoked command in '/root/docker_tello_ros2/wrk_src/build/ros2_aruco_interfaces' returned '0': CMAKE_PREFIX_PATH=${CMAKE_PREFIX_PATH}:/root/docker_tello_ros2/wrk_src/install/tello_pkg:/opt/ros/foxy /usr/bin/cmake --install /root/docker_tello_ros2/wrk_src/build/ros2_aruco_interfaces
[1.684s] Level 1:colcon.colcon_core.environment:checking '/root/docker_tello_ros2/wrk_src/install/ros2_aruco_interfaces' for CMake module files
[1.685s] Level 1:colcon.colcon_core.environment:checking '/root/docker_tello_ros2/wrk_src/install/ros2_aruco_interfaces' for CMake config files
[1.685s] Level 1:colcon.colcon_core.shell:create_environment_hook('ros2_aruco_interfaces', 'cmake_prefix_path')
[1.686s] INFO:colcon.colcon_core.shell:Creating environment hook '/root/docker_tello_ros2/wrk_src/install/ros2_aruco_interfaces/share/ros2_aruco_interfaces/hook/cmake_prefix_path.ps1'
[1.687s] INFO:colcon.colcon_core.shell:Creating environment descriptor '/root/docker_tello_ros2/wrk_src/install/ros2_aruco_interfaces/share/ros2_aruco_interfaces/hook/cmake_prefix_path.dsv'
[1.688s] INFO:colcon.colcon_core.shell:Creating environment hook '/root/docker_tello_ros2/wrk_src/install/ros2_aruco_interfaces/share/ros2_aruco_interfaces/hook/cmake_prefix_path.sh'
[1.692s] Level 1:colcon.colcon_core.environment:checking '/root/docker_tello_ros2/wrk_src/install/ros2_aruco_interfaces/lib'
[1.692s] Level 1:colcon.colcon_core.shell:create_environment_hook('ros2_aruco_interfaces', 'ld_library_path_lib')
[1.692s] INFO:colcon.colcon_core.shell:Creating environment hook '/root/docker_tello_ros2/wrk_src/install/ros2_aruco_interfaces/share/ros2_aruco_interfaces/hook/ld_library_path_lib.ps1'
[1.693s] INFO:colcon.colcon_core.shell:Creating environment descriptor '/root/docker_tello_ros2/wrk_src/install/ros2_aruco_interfaces/share/ros2_aruco_interfaces/hook/ld_library_path_lib.dsv'
[1.694s] INFO:colcon.colcon_core.shell:Creating environment hook '/root/docker_tello_ros2/wrk_src/install/ros2_aruco_interfaces/share/ros2_aruco_interfaces/hook/ld_library_path_lib.sh'
[1.695s] Level 1:colcon.colcon_core.environment:checking '/root/docker_tello_ros2/wrk_src/install/ros2_aruco_interfaces/bin'
[1.695s] Level 1:colcon.colcon_core.environment:checking '/root/docker_tello_ros2/wrk_src/install/ros2_aruco_interfaces/lib/pkgconfig/ros2_aruco_interfaces.pc'
[1.695s] Level 1:colcon.colcon_core.environment:checking '/root/docker_tello_ros2/wrk_src/install/ros2_aruco_interfaces/lib/python3.8/site-packages'
[1.695s] Level 1:colcon.colcon_core.shell:create_environment_hook('ros2_aruco_interfaces', 'pythonpath')
[1.696s] INFO:colcon.colcon_core.shell:Creating environment hook '/root/docker_tello_ros2/wrk_src/install/ros2_aruco_interfaces/share/ros2_aruco_interfaces/hook/pythonpath.ps1'
[1.696s] INFO:colcon.colcon_core.shell:Creating environment descriptor '/root/docker_tello_ros2/wrk_src/install/ros2_aruco_interfaces/share/ros2_aruco_interfaces/hook/pythonpath.dsv'
[1.696s] INFO:colcon.colcon_core.shell:Creating environment hook '/root/docker_tello_ros2/wrk_src/install/ros2_aruco_interfaces/share/ros2_aruco_interfaces/hook/pythonpath.sh'
[1.697s] Level 1:colcon.colcon_core.environment:checking '/root/docker_tello_ros2/wrk_src/install/ros2_aruco_interfaces/bin'
[1.698s] INFO:colcon.colcon_core.shell:Creating package script '/root/docker_tello_ros2/wrk_src/install/ros2_aruco_interfaces/share/ros2_aruco_interfaces/package.ps1'
[1.699s] INFO:colcon.colcon_core.shell:Creating package descriptor '/root/docker_tello_ros2/wrk_src/install/ros2_aruco_interfaces/share/ros2_aruco_interfaces/package.dsv'
[1.701s] INFO:colcon.colcon_core.shell:Creating package script '/root/docker_tello_ros2/wrk_src/install/ros2_aruco_interfaces/share/ros2_aruco_interfaces/package.sh'
[1.702s] INFO:colcon.colcon_core.shell:Creating package script '/root/docker_tello_ros2/wrk_src/install/ros2_aruco_interfaces/share/ros2_aruco_interfaces/package.bash'
[1.705s] INFO:colcon.colcon_core.shell:Creating package script '/root/docker_tello_ros2/wrk_src/install/ros2_aruco_interfaces/share/ros2_aruco_interfaces/package.zsh'
[1.707s] Level 1:colcon.colcon_core.environment:create_file_with_runtime_dependencies(/root/docker_tello_ros2/wrk_src/install/ros2_aruco_interfaces/share/colcon-core/packages/ros2_aruco_interfaces)
[1.790s] Level 1:colcon.colcon_core.environment:create_environment_scripts_only(ros2_aruco_interfaces)
[1.791s] Level 1:colcon.colcon_core.environment:checking '/root/docker_tello_ros2/wrk_src/install/ros2_aruco_interfaces' for CMake module files
[1.793s] Level 1:colcon.colcon_core.environment:checking '/root/docker_tello_ros2/wrk_src/install/ros2_aruco_interfaces' for CMake config files
[1.793s] Level 1:colcon.colcon_core.shell:create_environment_hook('ros2_aruco_interfaces', 'cmake_prefix_path')
[1.794s] INFO:colcon.colcon_core.shell:Creating environment hook '/root/docker_tello_ros2/wrk_src/install/ros2_aruco_interfaces/share/ros2_aruco_interfaces/hook/cmake_prefix_path.ps1'
[1.795s] INFO:colcon.colcon_core.shell:Creating environment descriptor '/root/docker_tello_ros2/wrk_src/install/ros2_aruco_interfaces/share/ros2_aruco_interfaces/hook/cmake_prefix_path.dsv'
[1.796s] INFO:colcon.colcon_core.shell:Creating environment hook '/root/docker_tello_ros2/wrk_src/install/ros2_aruco_interfaces/share/ros2_aruco_interfaces/hook/cmake_prefix_path.sh'
[1.797s] Level 1:colcon.colcon_core.environment:checking '/root/docker_tello_ros2/wrk_src/install/ros2_aruco_interfaces/lib'
[1.797s] Level 1:colcon.colcon_core.shell:create_environment_hook('ros2_aruco_interfaces', 'ld_library_path_lib')
[1.797s] INFO:colcon.colcon_core.shell:Creating environment hook '/root/docker_tello_ros2/wrk_src/install/ros2_aruco_interfaces/share/ros2_aruco_interfaces/hook/ld_library_path_lib.ps1'
[1.798s] INFO:colcon.colcon_core.shell:Creating environment descriptor '/root/docker_tello_ros2/wrk_src/install/ros2_aruco_interfaces/share/ros2_aruco_interfaces/hook/ld_library_path_lib.dsv'
[1.798s] INFO:colcon.colcon_core.shell:Creating environment hook '/root/docker_tello_ros2/wrk_src/install/ros2_aruco_interfaces/share/ros2_aruco_interfaces/hook/ld_library_path_lib.sh'
[1.799s] Level 1:colcon.colcon_core.environment:checking '/root/docker_tello_ros2/wrk_src/install/ros2_aruco_interfaces/bin'
[1.799s] Level 1:colcon.colcon_core.environment:checking '/root/docker_tello_ros2/wrk_src/install/ros2_aruco_interfaces/lib/pkgconfig/ros2_aruco_interfaces.pc'
[1.799s] Level 1:colcon.colcon_core.environment:checking '/root/docker_tello_ros2/wrk_src/install/ros2_aruco_interfaces/lib/python3.8/site-packages'
[1.799s] Level 1:colcon.colcon_core.shell:create_environment_hook('ros2_aruco_interfaces', 'pythonpath')
[1.800s] INFO:colcon.colcon_core.shell:Creating environment hook '/root/docker_tello_ros2/wrk_src/install/ros2_aruco_interfaces/share/ros2_aruco_interfaces/hook/pythonpath.ps1'
[1.800s] INFO:colcon.colcon_core.shell:Creating environment descriptor '/root/docker_tello_ros2/wrk_src/install/ros2_aruco_interfaces/share/ros2_aruco_interfaces/hook/pythonpath.dsv'
[1.801s] INFO:colcon.colcon_core.shell:Creating environment hook '/root/docker_tello_ros2/wrk_src/install/ros2_aruco_interfaces/share/ros2_aruco_interfaces/hook/pythonpath.sh'
[1.802s] Level 1:colcon.colcon_core.environment:checking '/root/docker_tello_ros2/wrk_src/install/ros2_aruco_interfaces/bin'
[1.803s] INFO:colcon.colcon_core.shell:Creating package script '/root/docker_tello_ros2/wrk_src/install/ros2_aruco_interfaces/share/ros2_aruco_interfaces/package.ps1'
[1.804s] INFO:colcon.colcon_core.shell:Creating package descriptor '/root/docker_tello_ros2/wrk_src/install/ros2_aruco_interfaces/share/ros2_aruco_interfaces/package.dsv'
[1.805s] INFO:colcon.colcon_core.shell:Creating package script '/root/docker_tello_ros2/wrk_src/install/ros2_aruco_interfaces/share/ros2_aruco_interfaces/package.sh'
[1.805s] INFO:colcon.colcon_core.shell:Creating package script '/root/docker_tello_ros2/wrk_src/install/ros2_aruco_interfaces/share/ros2_aruco_interfaces/package.bash'
[1.806s] INFO:colcon.colcon_core.shell:Creating package script '/root/docker_tello_ros2/wrk_src/install/ros2_aruco_interfaces/share/ros2_aruco_interfaces/package.zsh'
[1.807s] Level 1:colcon.colcon_core.environment:create_file_with_runtime_dependencies(/root/docker_tello_ros2/wrk_src/install/ros2_aruco_interfaces/share/colcon-core/packages/ros2_aruco_interfaces)
[2.172s] DEBUG:colcon.colcon_core.event_handler.log_command:Invoking command in '/root/docker_tello_ros2/wrk_src/src/tello_pkg': PYTHONPATH=/root/docker_tello_ros2/wrk_src/build/tello_pkg/prefix_override:/root/docker_tello_ros2/wrk_src/install/tello_pkg/lib/python3.8/site-packages:${PYTHONPATH} /usr/bin/python3 -W ignore:setup.py install is deprecated setup.py egg_info --egg-base ../../build/tello_pkg build --build-base /root/docker_tello_ros2/wrk_src/build/tello_pkg/build install --record /root/docker_tello_ros2/wrk_src/build/tello_pkg/install.log --install-scripts $base/lib/tello_pkg --single-version-externally-managed install_data
[2.700s] Level 1:colcon.colcon_core.environment:checking '/root/docker_tello_ros2/wrk_src/install/tello_pkg' for CMake module files
[2.701s] DEBUG:colcon.colcon_core.event_handler.log_command:Invoked command in '/root/docker_tello_ros2/wrk_src/src/tello_pkg' returned '0': PYTHONPATH=/root/docker_tello_ros2/wrk_src/build/tello_pkg/prefix_override:/root/docker_tello_ros2/wrk_src/install/tello_pkg/lib/python3.8/site-packages:${PYTHONPATH} /usr/bin/python3 -W ignore:setup.py install is deprecated setup.py egg_info --egg-base ../../build/tello_pkg build --build-base /root/docker_tello_ros2/wrk_src/build/tello_pkg/build install --record /root/docker_tello_ros2/wrk_src/build/tello_pkg/install.log --install-scripts $base/lib/tello_pkg --single-version-externally-managed install_data
[2.702s] Level 1:colcon.colcon_core.environment:checking '/root/docker_tello_ros2/wrk_src/install/tello_pkg' for CMake config files
[2.703s] Level 1:colcon.colcon_core.environment:checking '/root/docker_tello_ros2/wrk_src/install/tello_pkg/lib'
[2.703s] Level 1:colcon.colcon_core.environment:checking '/root/docker_tello_ros2/wrk_src/install/tello_pkg/bin'
[2.703s] Level 1:colcon.colcon_core.environment:checking '/root/docker_tello_ros2/wrk_src/install/tello_pkg/lib/pkgconfig/tello_pkg.pc'
[2.703s] Level 1:colcon.colcon_core.environment:checking '/root/docker_tello_ros2/wrk_src/install/tello_pkg/lib/python3.8/site-packages'
[2.704s] Level 1:colcon.colcon_core.shell:create_environment_hook('tello_pkg', 'pythonpath')
[2.704s] INFO:colcon.colcon_core.shell:Creating environment hook '/root/docker_tello_ros2/wrk_src/install/tello_pkg/share/tello_pkg/hook/pythonpath.ps1'
[2.705s] INFO:colcon.colcon_core.shell:Creating environment descriptor '/root/docker_tello_ros2/wrk_src/install/tello_pkg/share/tello_pkg/hook/pythonpath.dsv'
[2.705s] INFO:colcon.colcon_core.shell:Creating environment hook '/root/docker_tello_ros2/wrk_src/install/tello_pkg/share/tello_pkg/hook/pythonpath.sh'
[2.706s] Level 1:colcon.colcon_core.environment:checking '/root/docker_tello_ros2/wrk_src/install/tello_pkg/bin'
[2.706s] Level 1:colcon.colcon_core.environment:create_environment_scripts_only(tello_pkg)
[2.706s] INFO:colcon.colcon_core.shell:Creating package script '/root/docker_tello_ros2/wrk_src/install/tello_pkg/share/tello_pkg/package.ps1'
[2.707s] INFO:colcon.colcon_core.shell:Creating package descriptor '/root/docker_tello_ros2/wrk_src/install/tello_pkg/share/tello_pkg/package.dsv'
[2.707s] INFO:colcon.colcon_core.shell:Creating package script '/root/docker_tello_ros2/wrk_src/install/tello_pkg/share/tello_pkg/package.sh'
[2.708s] INFO:colcon.colcon_core.shell:Creating package script '/root/docker_tello_ros2/wrk_src/install/tello_pkg/share/tello_pkg/package.bash'
[2.708s] INFO:colcon.colcon_core.shell:Creating package script '/root/docker_tello_ros2/wrk_src/install/tello_pkg/share/tello_pkg/package.zsh'
[2.708s] Level 1:colcon.colcon_core.environment:create_file_with_runtime_dependencies(/root/docker_tello_ros2/wrk_src/install/tello_pkg/share/colcon-core/packages/tello_pkg)
[2.709s] DEBUG:colcon.colcon_parallel_executor.executor.parallel:closing loop
[2.710s] DEBUG:colcon.colcon_parallel_executor.executor.parallel:loop closed
[2.710s] DEBUG:colcon.colcon_parallel_executor.executor.parallel:run_until_complete finished with '0'
[2.711s] DEBUG:colcon.colcon_core.event_reactor:joining thread
[2.736s] INFO:colcon.colcon_core.plugin_system:Skipping extension 'colcon_notification.desktop_notification.notify_send': Could not find 'notify-send'
[2.737s] INFO:colcon.colcon_core.plugin_system:Skipping extension 'colcon_notification.desktop_notification.terminal_notifier': Not used on non-Darwin systems
[2.737s] INFO:colcon.colcon_core.plugin_system:Skipping extension 'colcon_notification.desktop_notification.win32': Not used on non-Windows systems
[2.737s] INFO:colcon.colcon_notification.desktop_notification:Sending desktop notification using 'notify2'
[2.743s] DEBUG:colcon.colcon_notification.desktop_notification.notify2:Failed to initialize notify2: org.freedesktop.DBus.Error.Spawn.ExecFailed: /usr/bin/dbus-launch terminated abnormally without any error message
[2.743s] DEBUG:colcon.colcon_core.event_reactor:joined thread
[2.745s] INFO:colcon.colcon_core.shell:Creating prefix script '/root/docker_tello_ros2/wrk_src/install/local_setup.ps1'
[2.749s] INFO:colcon.colcon_core.shell:Creating prefix util module '/root/docker_tello_ros2/wrk_src/install/_local_setup_util_ps1.py'
[2.754s] INFO:colcon.colcon_core.shell:Creating prefix chain script '/root/docker_tello_ros2/wrk_src/install/setup.ps1'
[2.758s] INFO:colcon.colcon_core.shell:Creating prefix script '/root/docker_tello_ros2/wrk_src/install/local_setup.sh'
[2.760s] INFO:colcon.colcon_core.shell:Creating prefix util module '/root/docker_tello_ros2/wrk_src/install/_local_setup_util_sh.py'
[2.762s] INFO:colcon.colcon_core.shell:Creating prefix chain script '/root/docker_tello_ros2/wrk_src/install/setup.sh'
[2.765s] INFO:colcon.colcon_core.shell:Creating prefix script '/root/docker_tello_ros2/wrk_src/install/local_setup.bash'
[2.766s] INFO:colcon.colcon_core.shell:Creating prefix chain script '/root/docker_tello_ros2/wrk_src/install/setup.bash'
[2.769s] INFO:colcon.colcon_core.shell:Creating prefix script '/root/docker_tello_ros2/wrk_src/install/local_setup.zsh'
[2.771s] INFO:colcon.colcon_core.shell:Creating prefix chain script '/root/docker_tello_ros2/wrk_src/install/setup.zsh'
