[0.843s] Invoking command in '/root/docker_tello_ros2/tello_ws/src/tello_pkg': PYTHONPATH=/root/docker_tello_ros2/tello_ws/build/tello_pkg/prefix_override:/root/docker_tello_ros2/tello_ws/install/tello_pkg/lib/python3.8/site-packages:${PYTHONPATH} /usr/bin/python3 -W ignore:setup.py install is deprecated setup.py egg_info --egg-base ../../build/tello_pkg build --build-base /root/docker_tello_ros2/tello_ws/build/tello_pkg/build install --record /root/docker_tello_ros2/tello_ws/build/tello_pkg/install.log --install-scripts $base/lib/tello_pkg --single-version-externally-managed install_data
[1.070s] running egg_info
[1.070s] writing ../../build/tello_pkg/tello_pkg.egg-info/PKG-INFO
[1.071s] writing dependency_links to ../../build/tello_pkg/tello_pkg.egg-info/dependency_links.txt
[1.071s] writing entry points to ../../build/tello_pkg/tello_pkg.egg-info/entry_points.txt
[1.071s] writing requirements to ../../build/tello_pkg/tello_pkg.egg-info/requires.txt
[1.072s] writing top-level names to ../../build/tello_pkg/tello_pkg.egg-info/top_level.txt
[1.114s] reading manifest file '../../build/tello_pkg/tello_pkg.egg-info/SOURCES.txt'
[1.115s] writing manifest file '../../build/tello_pkg/tello_pkg.egg-info/SOURCES.txt'
[1.115s] running build
[1.115s] running build_py
[1.116s] running install
[1.118s] running install_lib
[1.121s] byte-compiling /root/docker_tello_ros2/tello_ws/install/tello_pkg/lib/python3.8/site-packages/tello_pkg/frame_pub.py to frame_pub.cpython-38.pyc
[1.123s]   File "/root/docker_tello_ros2/tello_ws/install/tello_pkg/lib/python3.8/site-packages/tello_pkg/frame_pub.py", line 1
[1.123s]     import os rclpy
[1.123s]               ^
[1.123s] SyntaxError: invalid syntax
[1.123s] 
[1.123s] running install_data
[1.123s] copying package.xml -> /root/docker_tello_ros2/tello_ws/install/tello_pkg/share/tello_pkg
[1.124s] running install_egg_info
[1.125s] removing '/root/docker_tello_ros2/tello_ws/install/tello_pkg/lib/python3.8/site-packages/tello_pkg-0.0.0-py3.8.egg-info' (and everything under it)
[1.126s] Copying ../../build/tello_pkg/tello_pkg.egg-info to /root/docker_tello_ros2/tello_ws/install/tello_pkg/lib/python3.8/site-packages/tello_pkg-0.0.0-py3.8.egg-info
[1.128s] running install_scripts
[1.147s] Installing detect_marker script to /root/docker_tello_ros2/tello_ws/install/tello_pkg/lib/tello_pkg
[1.148s] Installing frame_pub script to /root/docker_tello_ros2/tello_ws/install/tello_pkg/lib/tello_pkg
[1.148s] writing list of installed files to '/root/docker_tello_ros2/tello_ws/build/tello_pkg/install.log'
[1.169s] Invoked command in '/root/docker_tello_ros2/tello_ws/src/tello_pkg' returned '0': PYTHONPATH=/root/docker_tello_ros2/tello_ws/build/tello_pkg/prefix_override:/root/docker_tello_ros2/tello_ws/install/tello_pkg/lib/python3.8/site-packages:${PYTHONPATH} /usr/bin/python3 -W ignore:setup.py install is deprecated setup.py egg_info --egg-base ../../build/tello_pkg build --build-base /root/docker_tello_ros2/tello_ws/build/tello_pkg/build install --record /root/docker_tello_ros2/tello_ws/build/tello_pkg/install.log --install-scripts $base/lib/tello_pkg --single-version-externally-managed install_data
