[0.126s] DEBUG:colcon:Command line arguments: ['/usr/bin/colcon', 'build']
[0.126s] DEBUG:colcon:Parsed command line arguments: Namespace(ament_cmake_args=None, base_paths=['.'], build_base='build', catkin_cmake_args=None, catkin_skip_building_tests=False, cmake_args=None, cmake_clean_cache=False, cmake_clean_first=False, cmake_force_configure=False, cmake_target=None, cmake_target_skip_unavailable=False, continue_on_error=False, event_handlers=None, executor='parallel', ignore_user_meta=False, install_base='install', log_base=None, log_level=None, main=<bound method BuildVerb.main of <colcon_core.verb.build.BuildVerb object at 0x781b584b93d0>>, merge_install=False, metas=['./colcon.meta'], mixin=None, mixin_files=None, mixin_verb=('build',), packages_above=None, packages_above_and_dependencies=None, packages_above_depth=None, packages_end=None, packages_ignore=None, packages_ignore_regex=None, packages_select=None, packages_select_build_failed=False, packages_select_by_dep=None, packages_select_regex=None, packages_select_test_failures=False, packages_skip=None, packages_skip_build_finished=False, packages_skip_by_dep=None, packages_skip_regex=None, packages_skip_test_passed=False, packages_skip_up_to=None, packages_start=None, packages_up_to=None, packages_up_to_regex=None, parallel_workers=8, paths=None, symlink_install=False, test_result_base=None, verb_extension=<colcon_core.verb.build.BuildVerb object at 0x781b584b93d0>, verb_name='build', verb_parser=<colcon_mixin.mixin.mixin_argument.MixinArgumentDecorator object at 0x781b58304640>)
[0.214s] Level 1:colcon.colcon_core.package_discovery:discover_packages(colcon_meta) check parameters
[0.215s] INFO:colcon.colcon_metadata.package_discovery.colcon_meta:Using configuration from '/root/.colcon/metadata/default/Gazebo.meta'
[0.215s] INFO:colcon.colcon_metadata.package_discovery.colcon_meta:Using configuration from '/root/.colcon/metadata/default/fastrtps.meta'
[0.216s] Level 1:colcon.colcon_core.package_discovery:discover_packages(recursive) check parameters
[0.216s] Level 1:colcon.colcon_core.package_discovery:discover_packages(ignore) check parameters
[0.216s] Level 1:colcon.colcon_core.package_discovery:discover_packages(path) check parameters
[0.216s] Level 1:colcon.colcon_core.package_discovery:discover_packages(colcon_meta) discover
[0.216s] Level 1:colcon.colcon_core.package_discovery:discover_packages(recursive) discover
[0.216s] INFO:colcon.colcon_core.package_discovery:Crawling recursively for packages in '/root/dtello_MD/wrk_src'
[0.216s] Level 1:colcon.colcon_core.package_identification:_identify(.) by extensions ['ignore', 'ignore_ament_install']
[0.216s] Level 1:colcon.colcon_core.package_identification:_identify(.) by extension 'ignore'
[0.216s] Level 1:colcon.colcon_core.package_identification:_identify(.) by extension 'ignore_ament_install'
[0.216s] Level 1:colcon.colcon_core.package_identification:_identify(.) by extensions ['colcon_pkg']
[0.216s] Level 1:colcon.colcon_core.package_identification:_identify(.) by extension 'colcon_pkg'
[0.216s] Level 1:colcon.colcon_core.package_identification:_identify(.) by extensions ['colcon_meta']
[0.216s] Level 1:colcon.colcon_core.package_identification:_identify(.) by extension 'colcon_meta'
[0.216s] Level 1:colcon.colcon_core.package_identification:_identify(.) by extensions ['ros']
[0.216s] Level 1:colcon.colcon_core.package_identification:_identify(.) by extension 'ros'
[0.228s] Level 1:colcon.colcon_core.package_identification:_identify(.) by extensions ['cmake', 'python']
[0.228s] Level 1:colcon.colcon_core.package_identification:_identify(.) by extension 'cmake'
[0.228s] Level 1:colcon.colcon_core.package_identification:_identify(.) by extension 'python'
[0.228s] Level 1:colcon.colcon_core.package_identification:_identify(.) by extensions ['python_setup_py']
[0.228s] Level 1:colcon.colcon_core.package_identification:_identify(.) by extension 'python_setup_py'
[0.228s] Level 1:colcon.colcon_core.package_identification:_identify(build) by extensions ['ignore', 'ignore_ament_install']
[0.229s] Level 1:colcon.colcon_core.package_identification:_identify(build) by extension 'ignore'
[0.229s] Level 1:colcon.colcon_core.package_identification:_identify(build) ignored
[0.229s] Level 1:colcon.colcon_core.package_identification:_identify(docker_ws) by extensions ['ignore', 'ignore_ament_install']
[0.229s] Level 1:colcon.colcon_core.package_identification:_identify(docker_ws) by extension 'ignore'
[0.229s] Level 1:colcon.colcon_core.package_identification:_identify(docker_ws) by extension 'ignore_ament_install'
[0.229s] Level 1:colcon.colcon_core.package_identification:_identify(docker_ws) by extensions ['colcon_pkg']
[0.229s] Level 1:colcon.colcon_core.package_identification:_identify(docker_ws) by extension 'colcon_pkg'
[0.229s] Level 1:colcon.colcon_core.package_identification:_identify(docker_ws) by extensions ['colcon_meta']
[0.229s] Level 1:colcon.colcon_core.package_identification:_identify(docker_ws) by extension 'colcon_meta'
[0.229s] Level 1:colcon.colcon_core.package_identification:_identify(docker_ws) by extensions ['ros']
[0.229s] Level 1:colcon.colcon_core.package_identification:_identify(docker_ws) by extension 'ros'
[0.229s] Level 1:colcon.colcon_core.package_identification:_identify(docker_ws) by extensions ['cmake', 'python']
[0.229s] Level 1:colcon.colcon_core.package_identification:_identify(docker_ws) by extension 'cmake'
[0.229s] Level 1:colcon.colcon_core.package_identification:_identify(docker_ws) by extension 'python'
[0.229s] Level 1:colcon.colcon_core.package_identification:_identify(docker_ws) by extensions ['python_setup_py']
[0.229s] Level 1:colcon.colcon_core.package_identification:_identify(docker_ws) by extension 'python_setup_py'
[0.230s] Level 1:colcon.colcon_core.package_identification:_identify(install) by extensions ['ignore', 'ignore_ament_install']
[0.230s] Level 1:colcon.colcon_core.package_identification:_identify(install) by extension 'ignore'
[0.230s] Level 1:colcon.colcon_core.package_identification:_identify(install) ignored
[0.230s] Level 1:colcon.colcon_core.package_identification:_identify(log) by extensions ['ignore', 'ignore_ament_install']
[0.230s] Level 1:colcon.colcon_core.package_identification:_identify(log) by extension 'ignore'
[0.230s] Level 1:colcon.colcon_core.package_identification:_identify(log) ignored
[0.230s] Level 1:colcon.colcon_core.package_identification:_identify(ros2_aruco) by extensions ['ignore', 'ignore_ament_install']
[0.230s] Level 1:colcon.colcon_core.package_identification:_identify(ros2_aruco) by extension 'ignore'
[0.230s] Level 1:colcon.colcon_core.package_identification:_identify(ros2_aruco) by extension 'ignore_ament_install'
[0.230s] Level 1:colcon.colcon_core.package_identification:_identify(ros2_aruco) by extensions ['colcon_pkg']
[0.230s] Level 1:colcon.colcon_core.package_identification:_identify(ros2_aruco) by extension 'colcon_pkg'
[0.230s] Level 1:colcon.colcon_core.package_identification:_identify(ros2_aruco) by extensions ['colcon_meta']
[0.230s] Level 1:colcon.colcon_core.package_identification:_identify(ros2_aruco) by extension 'colcon_meta'
[0.230s] Level 1:colcon.colcon_core.package_identification:_identify(ros2_aruco) by extensions ['ros']
[0.230s] Level 1:colcon.colcon_core.package_identification:_identify(ros2_aruco) by extension 'ros'
[0.230s] Level 1:colcon.colcon_core.package_identification:_identify(ros2_aruco) by extensions ['cmake', 'python']
[0.231s] Level 1:colcon.colcon_core.package_identification:_identify(ros2_aruco) by extension 'cmake'
[0.231s] Level 1:colcon.colcon_core.package_identification:_identify(ros2_aruco) by extension 'python'
[0.231s] Level 1:colcon.colcon_core.package_identification:_identify(ros2_aruco) by extensions ['python_setup_py']
[0.231s] Level 1:colcon.colcon_core.package_identification:_identify(ros2_aruco) by extension 'python_setup_py'
[0.231s] Level 1:colcon.colcon_core.package_identification:_identify(ros2_aruco/ros2_aruco) by extensions ['ignore', 'ignore_ament_install']
[0.231s] Level 1:colcon.colcon_core.package_identification:_identify(ros2_aruco/ros2_aruco) by extension 'ignore'
[0.231s] Level 1:colcon.colcon_core.package_identification:_identify(ros2_aruco/ros2_aruco) by extension 'ignore_ament_install'
[0.231s] Level 1:colcon.colcon_core.package_identification:_identify(ros2_aruco/ros2_aruco) by extensions ['colcon_pkg']
[0.231s] Level 1:colcon.colcon_core.package_identification:_identify(ros2_aruco/ros2_aruco) by extension 'colcon_pkg'
[0.231s] Level 1:colcon.colcon_core.package_identification:_identify(ros2_aruco/ros2_aruco) by extensions ['colcon_meta']
[0.231s] Level 1:colcon.colcon_core.package_identification:_identify(ros2_aruco/ros2_aruco) by extension 'colcon_meta'
[0.231s] Level 1:colcon.colcon_core.package_identification:_identify(ros2_aruco/ros2_aruco) by extensions ['ros']
[0.231s] Level 1:colcon.colcon_core.package_identification:_identify(ros2_aruco/ros2_aruco) by extension 'ros'
[0.234s] DEBUG:colcon.colcon_core.package_identification:Package 'ros2_aruco/ros2_aruco' with type 'ros.ament_python' and name 'ros2_aruco'
[0.235s] Level 1:colcon.colcon_core.package_identification:_identify(ros2_aruco/ros2_aruco_interfaces) by extensions ['ignore', 'ignore_ament_install']
[0.235s] Level 1:colcon.colcon_core.package_identification:_identify(ros2_aruco/ros2_aruco_interfaces) by extension 'ignore'
[0.235s] Level 1:colcon.colcon_core.package_identification:_identify(ros2_aruco/ros2_aruco_interfaces) by extension 'ignore_ament_install'
[0.235s] Level 1:colcon.colcon_core.package_identification:_identify(ros2_aruco/ros2_aruco_interfaces) by extensions ['colcon_pkg']
[0.235s] Level 1:colcon.colcon_core.package_identification:_identify(ros2_aruco/ros2_aruco_interfaces) by extension 'colcon_pkg'
[0.235s] Level 1:colcon.colcon_core.package_identification:_identify(ros2_aruco/ros2_aruco_interfaces) by extensions ['colcon_meta']
[0.235s] Level 1:colcon.colcon_core.package_identification:_identify(ros2_aruco/ros2_aruco_interfaces) by extension 'colcon_meta'
[0.235s] Level 1:colcon.colcon_core.package_identification:_identify(ros2_aruco/ros2_aruco_interfaces) by extensions ['ros']
[0.235s] Level 1:colcon.colcon_core.package_identification:_identify(ros2_aruco/ros2_aruco_interfaces) by extension 'ros'
[0.236s] DEBUG:colcon.colcon_core.package_identification:Package 'ros2_aruco/ros2_aruco_interfaces' with type 'ros.ament_cmake' and name 'ros2_aruco_interfaces'
[0.236s] Level 1:colcon.colcon_core.package_identification:_identify(tello-ros2) by extensions ['ignore', 'ignore_ament_install']
[0.236s] Level 1:colcon.colcon_core.package_identification:_identify(tello-ros2) by extension 'ignore'
[0.237s] Level 1:colcon.colcon_core.package_identification:_identify(tello-ros2) by extension 'ignore_ament_install'
[0.237s] Level 1:colcon.colcon_core.package_identification:_identify(tello-ros2) by extensions ['colcon_pkg']
[0.237s] Level 1:colcon.colcon_core.package_identification:_identify(tello-ros2) by extension 'colcon_pkg'
[0.237s] Level 1:colcon.colcon_core.package_identification:_identify(tello-ros2) by extensions ['colcon_meta']
[0.237s] Level 1:colcon.colcon_core.package_identification:_identify(tello-ros2) by extension 'colcon_meta'
[0.237s] Level 1:colcon.colcon_core.package_identification:_identify(tello-ros2) by extensions ['ros']
[0.237s] Level 1:colcon.colcon_core.package_identification:_identify(tello-ros2) by extension 'ros'
[0.237s] Level 1:colcon.colcon_core.package_identification:_identify(tello-ros2) by extensions ['cmake', 'python']
[0.237s] Level 1:colcon.colcon_core.package_identification:_identify(tello-ros2) by extension 'cmake'
[0.237s] Level 1:colcon.colcon_core.package_identification:_identify(tello-ros2) by extension 'python'
[0.237s] Level 1:colcon.colcon_core.package_identification:_identify(tello-ros2) by extensions ['python_setup_py']
[0.237s] Level 1:colcon.colcon_core.package_identification:_identify(tello-ros2) by extension 'python_setup_py'
[0.237s] Level 1:colcon.colcon_core.package_identification:_identify(tello-ros2/readme) by extensions ['ignore', 'ignore_ament_install']
[0.237s] Level 1:colcon.colcon_core.package_identification:_identify(tello-ros2/readme) by extension 'ignore'
[0.237s] Level 1:colcon.colcon_core.package_identification:_identify(tello-ros2/readme) by extension 'ignore_ament_install'
[0.237s] Level 1:colcon.colcon_core.package_identification:_identify(tello-ros2/readme) by extensions ['colcon_pkg']
[0.237s] Level 1:colcon.colcon_core.package_identification:_identify(tello-ros2/readme) by extension 'colcon_pkg'
[0.237s] Level 1:colcon.colcon_core.package_identification:_identify(tello-ros2/readme) by extensions ['colcon_meta']
[0.237s] Level 1:colcon.colcon_core.package_identification:_identify(tello-ros2/readme) by extension 'colcon_meta'
[0.238s] Level 1:colcon.colcon_core.package_identification:_identify(tello-ros2/readme) by extensions ['ros']
[0.238s] Level 1:colcon.colcon_core.package_identification:_identify(tello-ros2/readme) by extension 'ros'
[0.238s] Level 1:colcon.colcon_core.package_identification:_identify(tello-ros2/readme) by extensions ['cmake', 'python']
[0.238s] Level 1:colcon.colcon_core.package_identification:_identify(tello-ros2/readme) by extension 'cmake'
[0.238s] Level 1:colcon.colcon_core.package_identification:_identify(tello-ros2/readme) by extension 'python'
[0.238s] Level 1:colcon.colcon_core.package_identification:_identify(tello-ros2/readme) by extensions ['python_setup_py']
[0.238s] Level 1:colcon.colcon_core.package_identification:_identify(tello-ros2/readme) by extension 'python_setup_py'
[0.238s] Level 1:colcon.colcon_core.package_identification:_identify(tello-ros2/scripts) by extensions ['ignore', 'ignore_ament_install']
[0.238s] Level 1:colcon.colcon_core.package_identification:_identify(tello-ros2/scripts) by extension 'ignore'
[0.238s] Level 1:colcon.colcon_core.package_identification:_identify(tello-ros2/scripts) by extension 'ignore_ament_install'
[0.238s] Level 1:colcon.colcon_core.package_identification:_identify(tello-ros2/scripts) by extensions ['colcon_pkg']
[0.238s] Level 1:colcon.colcon_core.package_identification:_identify(tello-ros2/scripts) by extension 'colcon_pkg'
[0.238s] Level 1:colcon.colcon_core.package_identification:_identify(tello-ros2/scripts) by extensions ['colcon_meta']
[0.238s] Level 1:colcon.colcon_core.package_identification:_identify(tello-ros2/scripts) by extension 'colcon_meta'
[0.238s] Level 1:colcon.colcon_core.package_identification:_identify(tello-ros2/scripts) by extensions ['ros']
[0.238s] Level 1:colcon.colcon_core.package_identification:_identify(tello-ros2/scripts) by extension 'ros'
[0.238s] Level 1:colcon.colcon_core.package_identification:_identify(tello-ros2/scripts) by extensions ['cmake', 'python']
[0.238s] Level 1:colcon.colcon_core.package_identification:_identify(tello-ros2/scripts) by extension 'cmake'
[0.238s] Level 1:colcon.colcon_core.package_identification:_identify(tello-ros2/scripts) by extension 'python'
[0.238s] Level 1:colcon.colcon_core.package_identification:_identify(tello-ros2/scripts) by extensions ['python_setup_py']
[0.238s] Level 1:colcon.colcon_core.package_identification:_identify(tello-ros2/scripts) by extension 'python_setup_py'
[0.239s] Level 1:colcon.colcon_core.package_identification:_identify(tello-ros2/slam) by extensions ['ignore', 'ignore_ament_install']
[0.239s] Level 1:colcon.colcon_core.package_identification:_identify(tello-ros2/slam) by extension 'ignore'
[0.239s] Level 1:colcon.colcon_core.package_identification:_identify(tello-ros2/slam) by extension 'ignore_ament_install'
[0.239s] Level 1:colcon.colcon_core.package_identification:_identify(tello-ros2/slam) by extensions ['colcon_pkg']
[0.239s] Level 1:colcon.colcon_core.package_identification:_identify(tello-ros2/slam) by extension 'colcon_pkg'
[0.239s] Level 1:colcon.colcon_core.package_identification:_identify(tello-ros2/slam) by extensions ['colcon_meta']
[0.239s] Level 1:colcon.colcon_core.package_identification:_identify(tello-ros2/slam) by extension 'colcon_meta'
[0.239s] Level 1:colcon.colcon_core.package_identification:_identify(tello-ros2/slam) by extensions ['ros']
[0.239s] Level 1:colcon.colcon_core.package_identification:_identify(tello-ros2/slam) by extension 'ros'
[0.239s] Level 1:colcon.colcon_core.package_identification:_identify(tello-ros2/slam) by extensions ['cmake', 'python']
[0.239s] Level 1:colcon.colcon_core.package_identification:_identify(tello-ros2/slam) by extension 'cmake'
[0.239s] Level 1:colcon.colcon_core.package_identification:_identify(tello-ros2/slam) by extension 'python'
[0.239s] Level 1:colcon.colcon_core.package_identification:_identify(tello-ros2/slam) by extensions ['python_setup_py']
[0.239s] Level 1:colcon.colcon_core.package_identification:_identify(tello-ros2/slam) by extension 'python_setup_py'
[0.239s] Level 1:colcon.colcon_core.package_identification:_identify(tello-ros2/slam/src) by extensions ['ignore', 'ignore_ament_install']
[0.239s] Level 1:colcon.colcon_core.package_identification:_identify(tello-ros2/slam/src) by extension 'ignore'
[0.239s] Level 1:colcon.colcon_core.package_identification:_identify(tello-ros2/slam/src) by extension 'ignore_ament_install'
[0.240s] Level 1:colcon.colcon_core.package_identification:_identify(tello-ros2/slam/src) by extensions ['colcon_pkg']
[0.240s] Level 1:colcon.colcon_core.package_identification:_identify(tello-ros2/slam/src) by extension 'colcon_pkg'
[0.240s] Level 1:colcon.colcon_core.package_identification:_identify(tello-ros2/slam/src) by extensions ['colcon_meta']
[0.240s] Level 1:colcon.colcon_core.package_identification:_identify(tello-ros2/slam/src) by extension 'colcon_meta'
[0.240s] Level 1:colcon.colcon_core.package_identification:_identify(tello-ros2/slam/src) by extensions ['ros']
[0.240s] Level 1:colcon.colcon_core.package_identification:_identify(tello-ros2/slam/src) by extension 'ros'
[0.240s] Level 1:colcon.colcon_core.package_identification:_identify(tello-ros2/slam/src) by extensions ['cmake', 'python']
[0.240s] Level 1:colcon.colcon_core.package_identification:_identify(tello-ros2/slam/src) by extension 'cmake'
[0.240s] Level 1:colcon.colcon_core.package_identification:_identify(tello-ros2/slam/src) by extension 'python'
[0.240s] Level 1:colcon.colcon_core.package_identification:_identify(tello-ros2/slam/src) by extensions ['python_setup_py']
[0.240s] Level 1:colcon.colcon_core.package_identification:_identify(tello-ros2/slam/src) by extension 'python_setup_py'
[0.240s] Level 1:colcon.colcon_core.package_identification:_identify(tello-ros2/slam/src/orbslam2) by extensions ['ignore', 'ignore_ament_install']
[0.240s] Level 1:colcon.colcon_core.package_identification:_identify(tello-ros2/slam/src/orbslam2) by extension 'ignore'
[0.240s] Level 1:colcon.colcon_core.package_identification:_identify(tello-ros2/slam/src/orbslam2) by extension 'ignore_ament_install'
[0.240s] Level 1:colcon.colcon_core.package_identification:_identify(tello-ros2/slam/src/orbslam2) by extensions ['colcon_pkg']
[0.240s] Level 1:colcon.colcon_core.package_identification:_identify(tello-ros2/slam/src/orbslam2) by extension 'colcon_pkg'
[0.240s] Level 1:colcon.colcon_core.package_identification:_identify(tello-ros2/slam/src/orbslam2) by extensions ['colcon_meta']
[0.240s] Level 1:colcon.colcon_core.package_identification:_identify(tello-ros2/slam/src/orbslam2) by extension 'colcon_meta'
[0.240s] Level 1:colcon.colcon_core.package_identification:_identify(tello-ros2/slam/src/orbslam2) by extensions ['ros']
[0.240s] Level 1:colcon.colcon_core.package_identification:_identify(tello-ros2/slam/src/orbslam2) by extension 'ros'
[0.241s] DEBUG:colcon.colcon_core.package_identification:Package 'tello-ros2/slam/src/orbslam2' with type 'ros.ament_cmake' and name 'orbslam2'
[0.242s] Level 1:colcon.colcon_core.package_identification:_identify(tello-ros2/workspace) by extensions ['ignore', 'ignore_ament_install']
[0.242s] Level 1:colcon.colcon_core.package_identification:_identify(tello-ros2/workspace) by extension 'ignore'
[0.242s] Level 1:colcon.colcon_core.package_identification:_identify(tello-ros2/workspace) by extension 'ignore_ament_install'
[0.242s] Level 1:colcon.colcon_core.package_identification:_identify(tello-ros2/workspace) by extensions ['colcon_pkg']
[0.242s] Level 1:colcon.colcon_core.package_identification:_identify(tello-ros2/workspace) by extension 'colcon_pkg'
[0.242s] Level 1:colcon.colcon_core.package_identification:_identify(tello-ros2/workspace) by extensions ['colcon_meta']
[0.242s] Level 1:colcon.colcon_core.package_identification:_identify(tello-ros2/workspace) by extension 'colcon_meta'
[0.242s] Level 1:colcon.colcon_core.package_identification:_identify(tello-ros2/workspace) by extensions ['ros']
[0.242s] Level 1:colcon.colcon_core.package_identification:_identify(tello-ros2/workspace) by extension 'ros'
[0.242s] Level 1:colcon.colcon_core.package_identification:_identify(tello-ros2/workspace) by extensions ['cmake', 'python']
[0.242s] Level 1:colcon.colcon_core.package_identification:_identify(tello-ros2/workspace) by extension 'cmake'
[0.242s] Level 1:colcon.colcon_core.package_identification:_identify(tello-ros2/workspace) by extension 'python'
[0.242s] Level 1:colcon.colcon_core.package_identification:_identify(tello-ros2/workspace) by extensions ['python_setup_py']
[0.242s] Level 1:colcon.colcon_core.package_identification:_identify(tello-ros2/workspace) by extension 'python_setup_py'
[0.242s] Level 1:colcon.colcon_core.package_identification:_identify(tello-ros2/workspace/src) by extensions ['ignore', 'ignore_ament_install']
[0.242s] Level 1:colcon.colcon_core.package_identification:_identify(tello-ros2/workspace/src) by extension 'ignore'
[0.243s] Level 1:colcon.colcon_core.package_identification:_identify(tello-ros2/workspace/src) by extension 'ignore_ament_install'
[0.243s] Level 1:colcon.colcon_core.package_identification:_identify(tello-ros2/workspace/src) by extensions ['colcon_pkg']
[0.243s] Level 1:colcon.colcon_core.package_identification:_identify(tello-ros2/workspace/src) by extension 'colcon_pkg'
[0.243s] Level 1:colcon.colcon_core.package_identification:_identify(tello-ros2/workspace/src) by extensions ['colcon_meta']
[0.243s] Level 1:colcon.colcon_core.package_identification:_identify(tello-ros2/workspace/src) by extension 'colcon_meta'
[0.243s] Level 1:colcon.colcon_core.package_identification:_identify(tello-ros2/workspace/src) by extensions ['ros']
[0.243s] Level 1:colcon.colcon_core.package_identification:_identify(tello-ros2/workspace/src) by extension 'ros'
[0.243s] Level 1:colcon.colcon_core.package_identification:_identify(tello-ros2/workspace/src) by extensions ['cmake', 'python']
[0.243s] Level 1:colcon.colcon_core.package_identification:_identify(tello-ros2/workspace/src) by extension 'cmake'
[0.243s] Level 1:colcon.colcon_core.package_identification:_identify(tello-ros2/workspace/src) by extension 'python'
[0.243s] Level 1:colcon.colcon_core.package_identification:_identify(tello-ros2/workspace/src) by extensions ['python_setup_py']
[0.243s] Level 1:colcon.colcon_core.package_identification:_identify(tello-ros2/workspace/src) by extension 'python_setup_py'
[0.243s] Level 1:colcon.colcon_core.package_identification:_identify(tello-ros2/workspace/src/tello) by extensions ['ignore', 'ignore_ament_install']
[0.243s] Level 1:colcon.colcon_core.package_identification:_identify(tello-ros2/workspace/src/tello) by extension 'ignore'
[0.243s] Level 1:colcon.colcon_core.package_identification:_identify(tello-ros2/workspace/src/tello) by extension 'ignore_ament_install'
[0.243s] Level 1:colcon.colcon_core.package_identification:_identify(tello-ros2/workspace/src/tello) by extensions ['colcon_pkg']
[0.243s] Level 1:colcon.colcon_core.package_identification:_identify(tello-ros2/workspace/src/tello) by extension 'colcon_pkg'
[0.243s] Level 1:colcon.colcon_core.package_identification:_identify(tello-ros2/workspace/src/tello) by extensions ['colcon_meta']
[0.243s] Level 1:colcon.colcon_core.package_identification:_identify(tello-ros2/workspace/src/tello) by extension 'colcon_meta'
[0.243s] Level 1:colcon.colcon_core.package_identification:_identify(tello-ros2/workspace/src/tello) by extensions ['ros']
[0.243s] Level 1:colcon.colcon_core.package_identification:_identify(tello-ros2/workspace/src/tello) by extension 'ros'
[0.244s] DEBUG:colcon.colcon_core.package_identification:Package 'tello-ros2/workspace/src/tello' with type 'ros.ament_python' and name 'tello'
[0.244s] Level 1:colcon.colcon_core.package_identification:_identify(tello-ros2/workspace/src/tello_control) by extensions ['ignore', 'ignore_ament_install']
[0.244s] Level 1:colcon.colcon_core.package_identification:_identify(tello-ros2/workspace/src/tello_control) by extension 'ignore'
[0.244s] Level 1:colcon.colcon_core.package_identification:_identify(tello-ros2/workspace/src/tello_control) by extension 'ignore_ament_install'
[0.244s] Level 1:colcon.colcon_core.package_identification:_identify(tello-ros2/workspace/src/tello_control) by extensions ['colcon_pkg']
[0.244s] Level 1:colcon.colcon_core.package_identification:_identify(tello-ros2/workspace/src/tello_control) by extension 'colcon_pkg'
[0.244s] Level 1:colcon.colcon_core.package_identification:_identify(tello-ros2/workspace/src/tello_control) by extensions ['colcon_meta']
[0.244s] Level 1:colcon.colcon_core.package_identification:_identify(tello-ros2/workspace/src/tello_control) by extension 'colcon_meta'
[0.245s] Level 1:colcon.colcon_core.package_identification:_identify(tello-ros2/workspace/src/tello_control) by extensions ['ros']
[0.245s] Level 1:colcon.colcon_core.package_identification:_identify(tello-ros2/workspace/src/tello_control) by extension 'ros'
[0.245s] DEBUG:colcon.colcon_core.package_identification:Package 'tello-ros2/workspace/src/tello_control' with type 'ros.ament_cmake' and name 'tello_control'
[0.245s] Level 1:colcon.colcon_core.package_identification:_identify(tello-ros2/workspace/src/tello_msg) by extensions ['ignore', 'ignore_ament_install']
[0.245s] Level 1:colcon.colcon_core.package_identification:_identify(tello-ros2/workspace/src/tello_msg) by extension 'ignore'
[0.245s] Level 1:colcon.colcon_core.package_identification:_identify(tello-ros2/workspace/src/tello_msg) by extension 'ignore_ament_install'
[0.245s] Level 1:colcon.colcon_core.package_identification:_identify(tello-ros2/workspace/src/tello_msg) by extensions ['colcon_pkg']
[0.245s] Level 1:colcon.colcon_core.package_identification:_identify(tello-ros2/workspace/src/tello_msg) by extension 'colcon_pkg'
[0.245s] Level 1:colcon.colcon_core.package_identification:_identify(tello-ros2/workspace/src/tello_msg) by extensions ['colcon_meta']
[0.245s] Level 1:colcon.colcon_core.package_identification:_identify(tello-ros2/workspace/src/tello_msg) by extension 'colcon_meta'
[0.245s] Level 1:colcon.colcon_core.package_identification:_identify(tello-ros2/workspace/src/tello_msg) by extensions ['ros']
[0.245s] Level 1:colcon.colcon_core.package_identification:_identify(tello-ros2/workspace/src/tello_msg) by extension 'ros'
[0.246s] DEBUG:colcon.colcon_core.package_identification:Package 'tello-ros2/workspace/src/tello_msg' with type 'ros.ament_cmake' and name 'tello_msg'
[0.246s] Level 1:colcon.colcon_core.package_identification:_identify(tello_ws) by extensions ['ignore', 'ignore_ament_install']
[0.246s] Level 1:colcon.colcon_core.package_identification:_identify(tello_ws) by extension 'ignore'
[0.246s] Level 1:colcon.colcon_core.package_identification:_identify(tello_ws) by extension 'ignore_ament_install'
[0.246s] Level 1:colcon.colcon_core.package_identification:_identify(tello_ws) by extensions ['colcon_pkg']
[0.246s] Level 1:colcon.colcon_core.package_identification:_identify(tello_ws) by extension 'colcon_pkg'
[0.246s] Level 1:colcon.colcon_core.package_identification:_identify(tello_ws) by extensions ['colcon_meta']
[0.246s] Level 1:colcon.colcon_core.package_identification:_identify(tello_ws) by extension 'colcon_meta'
[0.246s] Level 1:colcon.colcon_core.package_identification:_identify(tello_ws) by extensions ['ros']
[0.246s] Level 1:colcon.colcon_core.package_identification:_identify(tello_ws) by extension 'ros'
[0.246s] Level 1:colcon.colcon_core.package_identification:_identify(tello_ws) by extensions ['cmake', 'python']
[0.246s] Level 1:colcon.colcon_core.package_identification:_identify(tello_ws) by extension 'cmake'
[0.246s] Level 1:colcon.colcon_core.package_identification:_identify(tello_ws) by extension 'python'
[0.246s] Level 1:colcon.colcon_core.package_identification:_identify(tello_ws) by extensions ['python_setup_py']
[0.246s] Level 1:colcon.colcon_core.package_identification:_identify(tello_ws) by extension 'python_setup_py'
[0.246s] Level 1:colcon.colcon_core.package_identification:_identify(tello_ws/build) by extensions ['ignore', 'ignore_ament_install']
[0.246s] Level 1:colcon.colcon_core.package_identification:_identify(tello_ws/build) by extension 'ignore'
[0.246s] Level 1:colcon.colcon_core.package_identification:_identify(tello_ws/build) ignored
[0.246s] Level 1:colcon.colcon_core.package_identification:_identify(tello_ws/calibration) by extensions ['ignore', 'ignore_ament_install']
[0.247s] Level 1:colcon.colcon_core.package_identification:_identify(tello_ws/calibration) by extension 'ignore'
[0.247s] Level 1:colcon.colcon_core.package_identification:_identify(tello_ws/calibration) by extension 'ignore_ament_install'
[0.247s] Level 1:colcon.colcon_core.package_identification:_identify(tello_ws/calibration) by extensions ['colcon_pkg']
[0.247s] Level 1:colcon.colcon_core.package_identification:_identify(tello_ws/calibration) by extension 'colcon_pkg'
[0.247s] Level 1:colcon.colcon_core.package_identification:_identify(tello_ws/calibration) by extensions ['colcon_meta']
[0.247s] Level 1:colcon.colcon_core.package_identification:_identify(tello_ws/calibration) by extension 'colcon_meta'
[0.247s] Level 1:colcon.colcon_core.package_identification:_identify(tello_ws/calibration) by extensions ['ros']
[0.247s] Level 1:colcon.colcon_core.package_identification:_identify(tello_ws/calibration) by extension 'ros'
[0.247s] Level 1:colcon.colcon_core.package_identification:_identify(tello_ws/calibration) by extensions ['cmake', 'python']
[0.247s] Level 1:colcon.colcon_core.package_identification:_identify(tello_ws/calibration) by extension 'cmake'
[0.247s] Level 1:colcon.colcon_core.package_identification:_identify(tello_ws/calibration) by extension 'python'
[0.247s] Level 1:colcon.colcon_core.package_identification:_identify(tello_ws/calibration) by extensions ['python_setup_py']
[0.247s] Level 1:colcon.colcon_core.package_identification:_identify(tello_ws/calibration) by extension 'python_setup_py'
[0.247s] Level 1:colcon.colcon_core.package_identification:_identify(tello_ws/calibration_phone) by extensions ['ignore', 'ignore_ament_install']
[0.247s] Level 1:colcon.colcon_core.package_identification:_identify(tello_ws/calibration_phone) by extension 'ignore'
[0.247s] Level 1:colcon.colcon_core.package_identification:_identify(tello_ws/calibration_phone) by extension 'ignore_ament_install'
[0.247s] Level 1:colcon.colcon_core.package_identification:_identify(tello_ws/calibration_phone) by extensions ['colcon_pkg']
[0.247s] Level 1:colcon.colcon_core.package_identification:_identify(tello_ws/calibration_phone) by extension 'colcon_pkg'
[0.247s] Level 1:colcon.colcon_core.package_identification:_identify(tello_ws/calibration_phone) by extensions ['colcon_meta']
[0.247s] Level 1:colcon.colcon_core.package_identification:_identify(tello_ws/calibration_phone) by extension 'colcon_meta'
[0.247s] Level 1:colcon.colcon_core.package_identification:_identify(tello_ws/calibration_phone) by extensions ['ros']
[0.247s] Level 1:colcon.colcon_core.package_identification:_identify(tello_ws/calibration_phone) by extension 'ros'
[0.247s] Level 1:colcon.colcon_core.package_identification:_identify(tello_ws/calibration_phone) by extensions ['cmake', 'python']
[0.247s] Level 1:colcon.colcon_core.package_identification:_identify(tello_ws/calibration_phone) by extension 'cmake'
[0.248s] Level 1:colcon.colcon_core.package_identification:_identify(tello_ws/calibration_phone) by extension 'python'
[0.248s] Level 1:colcon.colcon_core.package_identification:_identify(tello_ws/calibration_phone) by extensions ['python_setup_py']
[0.248s] Level 1:colcon.colcon_core.package_identification:_identify(tello_ws/calibration_phone) by extension 'python_setup_py'
[0.248s] Level 1:colcon.colcon_core.package_identification:_identify(tello_ws/detect) by extensions ['ignore', 'ignore_ament_install']
[0.248s] Level 1:colcon.colcon_core.package_identification:_identify(tello_ws/detect) by extension 'ignore'
[0.248s] Level 1:colcon.colcon_core.package_identification:_identify(tello_ws/detect) by extension 'ignore_ament_install'
[0.248s] Level 1:colcon.colcon_core.package_identification:_identify(tello_ws/detect) by extensions ['colcon_pkg']
[0.248s] Level 1:colcon.colcon_core.package_identification:_identify(tello_ws/detect) by extension 'colcon_pkg'
[0.248s] Level 1:colcon.colcon_core.package_identification:_identify(tello_ws/detect) by extensions ['colcon_meta']
[0.248s] Level 1:colcon.colcon_core.package_identification:_identify(tello_ws/detect) by extension 'colcon_meta'
[0.248s] Level 1:colcon.colcon_core.package_identification:_identify(tello_ws/detect) by extensions ['ros']
[0.248s] Level 1:colcon.colcon_core.package_identification:_identify(tello_ws/detect) by extension 'ros'
[0.248s] Level 1:colcon.colcon_core.package_identification:_identify(tello_ws/detect) by extensions ['cmake', 'python']
[0.248s] Level 1:colcon.colcon_core.package_identification:_identify(tello_ws/detect) by extension 'cmake'
[0.248s] Level 1:colcon.colcon_core.package_identification:_identify(tello_ws/detect) by extension 'python'
[0.248s] Level 1:colcon.colcon_core.package_identification:_identify(tello_ws/detect) by extensions ['python_setup_py']
[0.248s] Level 1:colcon.colcon_core.package_identification:_identify(tello_ws/detect) by extension 'python_setup_py'
[0.248s] Level 1:colcon.colcon_core.package_identification:_identify(tello_ws/detect_phone) by extensions ['ignore', 'ignore_ament_install']
[0.249s] Level 1:colcon.colcon_core.package_identification:_identify(tello_ws/detect_phone) by extension 'ignore'
[0.249s] Level 1:colcon.colcon_core.package_identification:_identify(tello_ws/detect_phone) by extension 'ignore_ament_install'
[0.249s] Level 1:colcon.colcon_core.package_identification:_identify(tello_ws/detect_phone) by extensions ['colcon_pkg']
[0.249s] Level 1:colcon.colcon_core.package_identification:_identify(tello_ws/detect_phone) by extension 'colcon_pkg'
[0.249s] Level 1:colcon.colcon_core.package_identification:_identify(tello_ws/detect_phone) by extensions ['colcon_meta']
[0.249s] Level 1:colcon.colcon_core.package_identification:_identify(tello_ws/detect_phone) by extension 'colcon_meta'
[0.249s] Level 1:colcon.colcon_core.package_identification:_identify(tello_ws/detect_phone) by extensions ['ros']
[0.249s] Level 1:colcon.colcon_core.package_identification:_identify(tello_ws/detect_phone) by extension 'ros'
[0.249s] Level 1:colcon.colcon_core.package_identification:_identify(tello_ws/detect_phone) by extensions ['cmake', 'python']
[0.249s] Level 1:colcon.colcon_core.package_identification:_identify(tello_ws/detect_phone) by extension 'cmake'
[0.249s] Level 1:colcon.colcon_core.package_identification:_identify(tello_ws/detect_phone) by extension 'python'
[0.249s] Level 1:colcon.colcon_core.package_identification:_identify(tello_ws/detect_phone) by extensions ['python_setup_py']
[0.249s] Level 1:colcon.colcon_core.package_identification:_identify(tello_ws/detect_phone) by extension 'python_setup_py'
[0.249s] Level 1:colcon.colcon_core.package_identification:_identify(tello_ws/install) by extensions ['ignore', 'ignore_ament_install']
[0.249s] Level 1:colcon.colcon_core.package_identification:_identify(tello_ws/install) by extension 'ignore'
[0.249s] Level 1:colcon.colcon_core.package_identification:_identify(tello_ws/install) ignored
[0.250s] Level 1:colcon.colcon_core.package_identification:_identify(tello_ws/log) by extensions ['ignore', 'ignore_ament_install']
[0.250s] Level 1:colcon.colcon_core.package_identification:_identify(tello_ws/log) by extension 'ignore'
[0.250s] Level 1:colcon.colcon_core.package_identification:_identify(tello_ws/log) ignored
[0.250s] Level 1:colcon.colcon_core.package_identification:_identify(tello_ws/src) by extensions ['ignore', 'ignore_ament_install']
[0.250s] Level 1:colcon.colcon_core.package_identification:_identify(tello_ws/src) by extension 'ignore'
[0.250s] Level 1:colcon.colcon_core.package_identification:_identify(tello_ws/src) by extension 'ignore_ament_install'
[0.250s] Level 1:colcon.colcon_core.package_identification:_identify(tello_ws/src) by extensions ['colcon_pkg']
[0.250s] Level 1:colcon.colcon_core.package_identification:_identify(tello_ws/src) by extension 'colcon_pkg'
[0.250s] Level 1:colcon.colcon_core.package_identification:_identify(tello_ws/src) by extensions ['colcon_meta']
[0.250s] Level 1:colcon.colcon_core.package_identification:_identify(tello_ws/src) by extension 'colcon_meta'
[0.250s] Level 1:colcon.colcon_core.package_identification:_identify(tello_ws/src) by extensions ['ros']
[0.250s] Level 1:colcon.colcon_core.package_identification:_identify(tello_ws/src) by extension 'ros'
[0.250s] Level 1:colcon.colcon_core.package_identification:_identify(tello_ws/src) by extensions ['cmake', 'python']
[0.250s] Level 1:colcon.colcon_core.package_identification:_identify(tello_ws/src) by extension 'cmake'
[0.250s] Level 1:colcon.colcon_core.package_identification:_identify(tello_ws/src) by extension 'python'
[0.251s] Level 1:colcon.colcon_core.package_identification:_identify(tello_ws/src) by extensions ['python_setup_py']
[0.251s] Level 1:colcon.colcon_core.package_identification:_identify(tello_ws/src) by extension 'python_setup_py'
[0.251s] Level 1:colcon.colcon_core.package_identification:_identify(tello_ws/src/ros2_aruco_interfaces) by extensions ['ignore', 'ignore_ament_install']
[0.251s] Level 1:colcon.colcon_core.package_identification:_identify(tello_ws/src/ros2_aruco_interfaces) by extension 'ignore'
[0.251s] Level 1:colcon.colcon_core.package_identification:_identify(tello_ws/src/ros2_aruco_interfaces) by extension 'ignore_ament_install'
[0.251s] Level 1:colcon.colcon_core.package_identification:_identify(tello_ws/src/ros2_aruco_interfaces) by extensions ['colcon_pkg']
[0.251s] Level 1:colcon.colcon_core.package_identification:_identify(tello_ws/src/ros2_aruco_interfaces) by extension 'colcon_pkg'
[0.251s] Level 1:colcon.colcon_core.package_identification:_identify(tello_ws/src/ros2_aruco_interfaces) by extensions ['colcon_meta']
[0.251s] Level 1:colcon.colcon_core.package_identification:_identify(tello_ws/src/ros2_aruco_interfaces) by extension 'colcon_meta'
[0.251s] Level 1:colcon.colcon_core.package_identification:_identify(tello_ws/src/ros2_aruco_interfaces) by extensions ['ros']
[0.251s] Level 1:colcon.colcon_core.package_identification:_identify(tello_ws/src/ros2_aruco_interfaces) by extension 'ros'
[0.252s] DEBUG:colcon.colcon_core.package_identification:Package 'tello_ws/src/ros2_aruco_interfaces' with type 'ros.ament_cmake' and name 'ros2_aruco_interfaces'
[0.252s] Level 1:colcon.colcon_core.package_identification:_identify(tello_ws/src/tello_pkg) by extensions ['ignore', 'ignore_ament_install']
[0.253s] Level 1:colcon.colcon_core.package_identification:_identify(tello_ws/src/tello_pkg) by extension 'ignore'
[0.253s] Level 1:colcon.colcon_core.package_identification:_identify(tello_ws/src/tello_pkg) by extension 'ignore_ament_install'
[0.253s] Level 1:colcon.colcon_core.package_identification:_identify(tello_ws/src/tello_pkg) by extensions ['colcon_pkg']
[0.253s] Level 1:colcon.colcon_core.package_identification:_identify(tello_ws/src/tello_pkg) by extension 'colcon_pkg'
[0.253s] Level 1:colcon.colcon_core.package_identification:_identify(tello_ws/src/tello_pkg) by extensions ['colcon_meta']
[0.253s] Level 1:colcon.colcon_core.package_identification:_identify(tello_ws/src/tello_pkg) by extension 'colcon_meta'
[0.253s] Level 1:colcon.colcon_core.package_identification:_identify(tello_ws/src/tello_pkg) by extensions ['ros']
[0.253s] Level 1:colcon.colcon_core.package_identification:_identify(tello_ws/src/tello_pkg) by extension 'ros'
[0.254s] DEBUG:colcon.colcon_core.package_identification:Package 'tello_ws/src/tello_pkg' with type 'ros.ament_python' and name 'tello_pkg'
[0.254s] Level 1:colcon.colcon_core.package_discovery:discover_packages(recursive) using defaults
[0.254s] Level 1:colcon.colcon_core.package_discovery:discover_packages(ignore) discover
[0.254s] Level 1:colcon.colcon_core.package_discovery:discover_packages(ignore) using defaults
[0.254s] Level 1:colcon.colcon_core.package_discovery:discover_packages(path) discover
[0.254s] Level 1:colcon.colcon_core.package_discovery:discover_packages(path) using defaults
[0.268s] ERROR:colcon:colcon build: Duplicate package names not supported:
- ros2_aruco_interfaces:
  - ros2_aruco/ros2_aruco_interfaces
  - tello_ws/src/ros2_aruco_interfaces
