[0.049s] Invoking command in '/root/docker_tello_ros2/wrk_src/build/ros2_aruco_interfaces': CMAKE_PREFIX_PATH=${CMAKE_PREFIX_PATH}:/root/docker_tello_ros2/wrk_src/install/tello_pkg:/opt/ros/foxy /usr/bin/cmake --build /root/docker_tello_ros2/wrk_src/build/ros2_aruco_interfaces -- -j8 -l8
[0.471s] [  3%] Built target ros2_aruco_interfaces__cpp
[0.472s] [ 12%] Built target ros2_aruco_interfaces__rosidl_generator_c
[0.472s] [ 22%] Built target ros2_aruco_interfaces__rosidl_typesupport_cpp
[0.472s] [ 41%] Built target ros2_aruco_interfaces__rosidl_typesupport_fastrtps_cpp
[0.473s] [ 41%] Built target ros2_aruco_interfaces__rosidl_typesupport_introspection_cpp
[0.473s] [ 58%] Built target ros2_aruco_interfaces__rosidl_typesupport_c
[0.473s] [ 61%] Built target ros2_aruco_interfaces__rosidl_typesupport_introspection_c
[0.473s] [ 70%] Built target ros2_aruco_interfaces__rosidl_typesupport_fastrtps_c
[0.474s] [ 70%] Built target ros2_aruco_interfaces
[0.474s] [ 74%] Built target ros2_aruco_interfaces__py
[0.474s] [ 80%] Built target ros2_aruco_interfaces__python
[0.475s] [ 93%] Built target ros2_aruco_interfaces__rosidl_typesupport_c__pyext
[0.475s] [ 96%] Built target ros2_aruco_interfaces__rosidl_typesupport_introspection_c__pyext
[0.475s] [100%] Built target ros2_aruco_interfaces__rosidl_typesupport_fastrtps_c__pyext
[0.486s] Invoked command in '/root/docker_tello_ros2/wrk_src/build/ros2_aruco_interfaces' returned '0': CMAKE_PREFIX_PATH=${CMAKE_PREFIX_PATH}:/root/docker_tello_ros2/wrk_src/install/tello_pkg:/opt/ros/foxy /usr/bin/cmake --build /root/docker_tello_ros2/wrk_src/build/ros2_aruco_interfaces -- -j8 -l8
[0.607s] Invoking command in '/root/docker_tello_ros2/wrk_src/build/ros2_aruco_interfaces': CMAKE_PREFIX_PATH=${CMAKE_PREFIX_PATH}:/root/docker_tello_ros2/wrk_src/install/tello_pkg:/opt/ros/foxy /usr/bin/cmake --install /root/docker_tello_ros2/wrk_src/build/ros2_aruco_interfaces
[0.616s] -- Install configuration: ""
[0.616s] -- Up-to-date: /root/docker_tello_ros2/wrk_src/install/ros2_aruco_interfaces/share/ament_index/resource_index/rosidl_interfaces/ros2_aruco_interfaces
[0.617s] -- Up-to-date: /root/docker_tello_ros2/wrk_src/install/ros2_aruco_interfaces/include/ros2_aruco_interfaces
[0.617s] -- Up-to-date: /root/docker_tello_ros2/wrk_src/install/ros2_aruco_interfaces/include/ros2_aruco_interfaces/msg
[0.617s] -- Up-to-date: /root/docker_tello_ros2/wrk_src/install/ros2_aruco_interfaces/include/ros2_aruco_interfaces/msg/rosidl_generator_c__visibility_control.h
[0.617s] -- Up-to-date: /root/docker_tello_ros2/wrk_src/install/ros2_aruco_interfaces/include/ros2_aruco_interfaces/msg/aruco_markers.h
[0.617s] -- Up-to-date: /root/docker_tello_ros2/wrk_src/install/ros2_aruco_interfaces/include/ros2_aruco_interfaces/msg/detail
[0.618s] -- Up-to-date: /root/docker_tello_ros2/wrk_src/install/ros2_aruco_interfaces/include/ros2_aruco_interfaces/msg/detail/aruco_markers__functions.c
[0.618s] -- Up-to-date: /root/docker_tello_ros2/wrk_src/install/ros2_aruco_interfaces/include/ros2_aruco_interfaces/msg/detail/aruco_markers__struct.h
[0.618s] -- Up-to-date: /root/docker_tello_ros2/wrk_src/install/ros2_aruco_interfaces/include/ros2_aruco_interfaces/msg/detail/aruco_markers__functions.h
[0.618s] -- Up-to-date: /root/docker_tello_ros2/wrk_src/install/ros2_aruco_interfaces/include/ros2_aruco_interfaces/msg/detail/aruco_markers__type_support.h
[0.618s] -- Up-to-date: /root/docker_tello_ros2/wrk_src/install/ros2_aruco_interfaces/share/ros2_aruco_interfaces/environment/library_path.sh
[0.618s] -- Up-to-date: /root/docker_tello_ros2/wrk_src/install/ros2_aruco_interfaces/share/ros2_aruco_interfaces/environment/library_path.dsv
[0.619s] -- Up-to-date: /root/docker_tello_ros2/wrk_src/install/ros2_aruco_interfaces/lib/libros2_aruco_interfaces__rosidl_generator_c.so
[0.619s] -- Up-to-date: /root/docker_tello_ros2/wrk_src/install/ros2_aruco_interfaces/include/ros2_aruco_interfaces
[0.620s] -- Up-to-date: /root/docker_tello_ros2/wrk_src/install/ros2_aruco_interfaces/include/ros2_aruco_interfaces/msg
[0.620s] -- Up-to-date: /root/docker_tello_ros2/wrk_src/install/ros2_aruco_interfaces/include/ros2_aruco_interfaces/msg/rosidl_typesupport_fastrtps_c__visibility_control.h
[0.620s] -- Up-to-date: /root/docker_tello_ros2/wrk_src/install/ros2_aruco_interfaces/include/ros2_aruco_interfaces/msg/detail
[0.620s] -- Up-to-date: /root/docker_tello_ros2/wrk_src/install/ros2_aruco_interfaces/include/ros2_aruco_interfaces/msg/detail/aruco_markers__rosidl_typesupport_fastrtps_c.h
[0.621s] -- Up-to-date: /root/docker_tello_ros2/wrk_src/install/ros2_aruco_interfaces/lib/libros2_aruco_interfaces__rosidl_typesupport_fastrtps_c.so
[0.621s] -- Up-to-date: /root/docker_tello_ros2/wrk_src/install/ros2_aruco_interfaces/include/ros2_aruco_interfaces
[0.621s] -- Up-to-date: /root/docker_tello_ros2/wrk_src/install/ros2_aruco_interfaces/include/ros2_aruco_interfaces/msg
[0.621s] -- Up-to-date: /root/docker_tello_ros2/wrk_src/install/ros2_aruco_interfaces/include/ros2_aruco_interfaces/msg/rosidl_typesupport_fastrtps_cpp__visibility_control.h
[0.622s] -- Up-to-date: /root/docker_tello_ros2/wrk_src/install/ros2_aruco_interfaces/include/ros2_aruco_interfaces/msg/detail
[0.622s] -- Up-to-date: /root/docker_tello_ros2/wrk_src/install/ros2_aruco_interfaces/include/ros2_aruco_interfaces/msg/detail/dds_fastrtps
[0.622s] -- Up-to-date: /root/docker_tello_ros2/wrk_src/install/ros2_aruco_interfaces/include/ros2_aruco_interfaces/msg/detail/aruco_markers__rosidl_typesupport_fastrtps_cpp.hpp
[0.622s] -- Up-to-date: /root/docker_tello_ros2/wrk_src/install/ros2_aruco_interfaces/lib/libros2_aruco_interfaces__rosidl_typesupport_fastrtps_cpp.so
[0.622s] -- Up-to-date: /root/docker_tello_ros2/wrk_src/install/ros2_aruco_interfaces/include/ros2_aruco_interfaces
[0.622s] -- Up-to-date: /root/docker_tello_ros2/wrk_src/install/ros2_aruco_interfaces/include/ros2_aruco_interfaces/msg
[0.622s] -- Up-to-date: /root/docker_tello_ros2/wrk_src/install/ros2_aruco_interfaces/include/ros2_aruco_interfaces/msg/rosidl_typesupport_introspection_c__visibility_control.h
[0.622s] -- Up-to-date: /root/docker_tello_ros2/wrk_src/install/ros2_aruco_interfaces/include/ros2_aruco_interfaces/msg/detail
[0.623s] -- Up-to-date: /root/docker_tello_ros2/wrk_src/install/ros2_aruco_interfaces/include/ros2_aruco_interfaces/msg/detail/aruco_markers__type_support.c
[0.623s] -- Up-to-date: /root/docker_tello_ros2/wrk_src/install/ros2_aruco_interfaces/include/ros2_aruco_interfaces/msg/detail/aruco_markers__rosidl_typesupport_introspection_c.h
[0.623s] -- Up-to-date: /root/docker_tello_ros2/wrk_src/install/ros2_aruco_interfaces/lib/libros2_aruco_interfaces__rosidl_typesupport_introspection_c.so
[0.623s] -- Up-to-date: /root/docker_tello_ros2/wrk_src/install/ros2_aruco_interfaces/lib/libros2_aruco_interfaces__rosidl_typesupport_c.so
[0.623s] -- Up-to-date: /root/docker_tello_ros2/wrk_src/install/ros2_aruco_interfaces/include/ros2_aruco_interfaces
[0.623s] -- Up-to-date: /root/docker_tello_ros2/wrk_src/install/ros2_aruco_interfaces/include/ros2_aruco_interfaces/msg
[0.623s] -- Up-to-date: /root/docker_tello_ros2/wrk_src/install/ros2_aruco_interfaces/include/ros2_aruco_interfaces/msg/aruco_markers.hpp
[0.623s] -- Up-to-date: /root/docker_tello_ros2/wrk_src/install/ros2_aruco_interfaces/include/ros2_aruco_interfaces/msg/rosidl_generator_cpp__visibility_control.hpp
[0.623s] -- Up-to-date: /root/docker_tello_ros2/wrk_src/install/ros2_aruco_interfaces/include/ros2_aruco_interfaces/msg/detail
[0.624s] -- Up-to-date: /root/docker_tello_ros2/wrk_src/install/ros2_aruco_interfaces/include/ros2_aruco_interfaces/msg/detail/aruco_markers__struct.hpp
[0.624s] -- Up-to-date: /root/docker_tello_ros2/wrk_src/install/ros2_aruco_interfaces/include/ros2_aruco_interfaces/msg/detail/aruco_markers__traits.hpp
[0.624s] -- Up-to-date: /root/docker_tello_ros2/wrk_src/install/ros2_aruco_interfaces/include/ros2_aruco_interfaces/msg/detail/aruco_markers__builder.hpp
[0.624s] -- Up-to-date: /root/docker_tello_ros2/wrk_src/install/ros2_aruco_interfaces/include/ros2_aruco_interfaces/msg/detail/aruco_markers__type_support.hpp
[0.624s] -- Up-to-date: /root/docker_tello_ros2/wrk_src/install/ros2_aruco_interfaces/include/ros2_aruco_interfaces
[0.624s] -- Up-to-date: /root/docker_tello_ros2/wrk_src/install/ros2_aruco_interfaces/include/ros2_aruco_interfaces/msg
[0.624s] -- Up-to-date: /root/docker_tello_ros2/wrk_src/install/ros2_aruco_interfaces/include/ros2_aruco_interfaces/msg/detail
[0.624s] -- Up-to-date: /root/docker_tello_ros2/wrk_src/install/ros2_aruco_interfaces/include/ros2_aruco_interfaces/msg/detail/aruco_markers__rosidl_typesupport_introspection_cpp.hpp
[0.624s] -- Up-to-date: /root/docker_tello_ros2/wrk_src/install/ros2_aruco_interfaces/include/ros2_aruco_interfaces/msg/detail/aruco_markers__type_support.cpp
[0.624s] -- Up-to-date: /root/docker_tello_ros2/wrk_src/install/ros2_aruco_interfaces/lib/libros2_aruco_interfaces__rosidl_typesupport_introspection_cpp.so
[0.625s] -- Up-to-date: /root/docker_tello_ros2/wrk_src/install/ros2_aruco_interfaces/lib/libros2_aruco_interfaces__rosidl_typesupport_cpp.so
[0.625s] -- Up-to-date: /root/docker_tello_ros2/wrk_src/install/ros2_aruco_interfaces/share/ros2_aruco_interfaces/environment/pythonpath.sh
[0.625s] -- Up-to-date: /root/docker_tello_ros2/wrk_src/install/ros2_aruco_interfaces/share/ros2_aruco_interfaces/environment/pythonpath.dsv
[0.625s] -- Up-to-date: /root/docker_tello_ros2/wrk_src/install/ros2_aruco_interfaces/lib/python3.8/site-packages/ros2_aruco_interfaces/__init__.py
[0.671s] -- Up-to-date: /root/docker_tello_ros2/wrk_src/install/ros2_aruco_interfaces/lib/python3.8/site-packages/ros2_aruco_interfaces/msg
[0.671s] -- Up-to-date: /root/docker_tello_ros2/wrk_src/install/ros2_aruco_interfaces/lib/python3.8/site-packages/ros2_aruco_interfaces/msg/_aruco_markers_s.c
[0.671s] -- Up-to-date: /root/docker_tello_ros2/wrk_src/install/ros2_aruco_interfaces/lib/python3.8/site-packages/ros2_aruco_interfaces/msg/_aruco_markers.py
[0.672s] -- Up-to-date: /root/docker_tello_ros2/wrk_src/install/ros2_aruco_interfaces/lib/python3.8/site-packages/ros2_aruco_interfaces/msg/__init__.py
[0.672s] -- Up-to-date: /root/docker_tello_ros2/wrk_src/install/ros2_aruco_interfaces/lib/python3.8/site-packages/ros2_aruco_interfaces/ros2_aruco_interfaces_s__rosidl_typesupport_fastrtps_c.cpython-38-x86_64-linux-gnu.so
[0.672s] -- Up-to-date: /root/docker_tello_ros2/wrk_src/install/ros2_aruco_interfaces/lib/python3.8/site-packages/ros2_aruco_interfaces/ros2_aruco_interfaces_s__rosidl_typesupport_introspection_c.cpython-38-x86_64-linux-gnu.so
[0.673s] -- Up-to-date: /root/docker_tello_ros2/wrk_src/install/ros2_aruco_interfaces/lib/python3.8/site-packages/ros2_aruco_interfaces/ros2_aruco_interfaces_s__rosidl_typesupport_c.cpython-38-x86_64-linux-gnu.so
[0.673s] -- Up-to-date: /root/docker_tello_ros2/wrk_src/install/ros2_aruco_interfaces/lib/libros2_aruco_interfaces__python.so
[0.674s] -- Up-to-date: /root/docker_tello_ros2/wrk_src/install/ros2_aruco_interfaces/share/ros2_aruco_interfaces/msg/ArucoMarkers.idl
[0.674s] -- Up-to-date: /root/docker_tello_ros2/wrk_src/install/ros2_aruco_interfaces/share/ros2_aruco_interfaces/msg/ArucoMarkers.msg
[0.674s] -- Up-to-date: /root/docker_tello_ros2/wrk_src/install/ros2_aruco_interfaces/share/ament_index/resource_index/package_run_dependencies/ros2_aruco_interfaces
[0.674s] -- Up-to-date: /root/docker_tello_ros2/wrk_src/install/ros2_aruco_interfaces/share/ament_index/resource_index/parent_prefix_path/ros2_aruco_interfaces
[0.675s] -- Up-to-date: /root/docker_tello_ros2/wrk_src/install/ros2_aruco_interfaces/share/ros2_aruco_interfaces/environment/ament_prefix_path.sh
[0.675s] -- Up-to-date: /root/docker_tello_ros2/wrk_src/install/ros2_aruco_interfaces/share/ros2_aruco_interfaces/environment/ament_prefix_path.dsv
[0.675s] -- Up-to-date: /root/docker_tello_ros2/wrk_src/install/ros2_aruco_interfaces/share/ros2_aruco_interfaces/environment/path.sh
[0.675s] -- Up-to-date: /root/docker_tello_ros2/wrk_src/install/ros2_aruco_interfaces/share/ros2_aruco_interfaces/environment/path.dsv
[0.676s] -- Up-to-date: /root/docker_tello_ros2/wrk_src/install/ros2_aruco_interfaces/share/ros2_aruco_interfaces/local_setup.bash
[0.676s] -- Up-to-date: /root/docker_tello_ros2/wrk_src/install/ros2_aruco_interfaces/share/ros2_aruco_interfaces/local_setup.sh
[0.677s] -- Up-to-date: /root/docker_tello_ros2/wrk_src/install/ros2_aruco_interfaces/share/ros2_aruco_interfaces/local_setup.zsh
[0.677s] -- Up-to-date: /root/docker_tello_ros2/wrk_src/install/ros2_aruco_interfaces/share/ros2_aruco_interfaces/local_setup.dsv
[0.677s] -- Installing: /root/docker_tello_ros2/wrk_src/install/ros2_aruco_interfaces/share/ros2_aruco_interfaces/package.dsv
[0.677s] -- Up-to-date: /root/docker_tello_ros2/wrk_src/install/ros2_aruco_interfaces/share/ament_index/resource_index/packages/ros2_aruco_interfaces
[0.677s] -- Up-to-date: /root/docker_tello_ros2/wrk_src/install/ros2_aruco_interfaces/share/ros2_aruco_interfaces/cmake/ros2_aruco_interfaces__rosidl_generator_cExport.cmake
[0.678s] -- Up-to-date: /root/docker_tello_ros2/wrk_src/install/ros2_aruco_interfaces/share/ros2_aruco_interfaces/cmake/ros2_aruco_interfaces__rosidl_generator_cExport-noconfig.cmake
[0.678s] -- Up-to-date: /root/docker_tello_ros2/wrk_src/install/ros2_aruco_interfaces/share/ros2_aruco_interfaces/cmake/ros2_aruco_interfaces__rosidl_typesupport_introspection_cExport.cmake
[0.678s] -- Up-to-date: /root/docker_tello_ros2/wrk_src/install/ros2_aruco_interfaces/share/ros2_aruco_interfaces/cmake/ros2_aruco_interfaces__rosidl_typesupport_introspection_cExport-noconfig.cmake
[0.678s] -- Up-to-date: /root/docker_tello_ros2/wrk_src/install/ros2_aruco_interfaces/share/ros2_aruco_interfaces/cmake/ros2_aruco_interfaces__rosidl_typesupport_cExport.cmake
[0.678s] -- Up-to-date: /root/docker_tello_ros2/wrk_src/install/ros2_aruco_interfaces/share/ros2_aruco_interfaces/cmake/ros2_aruco_interfaces__rosidl_typesupport_cExport-noconfig.cmake
[0.678s] -- Up-to-date: /root/docker_tello_ros2/wrk_src/install/ros2_aruco_interfaces/share/ros2_aruco_interfaces/cmake/ros2_aruco_interfaces__rosidl_generator_cppExport.cmake
[0.678s] -- Up-to-date: /root/docker_tello_ros2/wrk_src/install/ros2_aruco_interfaces/share/ros2_aruco_interfaces/cmake/ros2_aruco_interfaces__rosidl_typesupport_introspection_cppExport.cmake
[0.679s] -- Up-to-date: /root/docker_tello_ros2/wrk_src/install/ros2_aruco_interfaces/share/ros2_aruco_interfaces/cmake/ros2_aruco_interfaces__rosidl_typesupport_introspection_cppExport-noconfig.cmake
[0.679s] -- Up-to-date: /root/docker_tello_ros2/wrk_src/install/ros2_aruco_interfaces/share/ros2_aruco_interfaces/cmake/ros2_aruco_interfaces__rosidl_typesupport_cppExport.cmake
[0.679s] -- Up-to-date: /root/docker_tello_ros2/wrk_src/install/ros2_aruco_interfaces/share/ros2_aruco_interfaces/cmake/ros2_aruco_interfaces__rosidl_typesupport_cppExport-noconfig.cmake
[0.679s] -- Up-to-date: /root/docker_tello_ros2/wrk_src/install/ros2_aruco_interfaces/share/ros2_aruco_interfaces/cmake/rosidl_cmake-extras.cmake
[0.679s] -- Up-to-date: /root/docker_tello_ros2/wrk_src/install/ros2_aruco_interfaces/share/ros2_aruco_interfaces/cmake/ament_cmake_export_dependencies-extras.cmake
[0.679s] -- Up-to-date: /root/docker_tello_ros2/wrk_src/install/ros2_aruco_interfaces/share/ros2_aruco_interfaces/cmake/ament_cmake_export_libraries-extras.cmake
[0.679s] -- Up-to-date: /root/docker_tello_ros2/wrk_src/install/ros2_aruco_interfaces/share/ros2_aruco_interfaces/cmake/ament_cmake_export_targets-extras.cmake
[0.680s] -- Up-to-date: /root/docker_tello_ros2/wrk_src/install/ros2_aruco_interfaces/share/ros2_aruco_interfaces/cmake/ament_cmake_export_include_directories-extras.cmake
[0.680s] -- Up-to-date: /root/docker_tello_ros2/wrk_src/install/ros2_aruco_interfaces/share/ros2_aruco_interfaces/cmake/rosidl_cmake_export_typesupport_libraries-extras.cmake
[0.680s] -- Up-to-date: /root/docker_tello_ros2/wrk_src/install/ros2_aruco_interfaces/share/ros2_aruco_interfaces/cmake/rosidl_cmake_export_typesupport_targets-extras.cmake
[0.680s] -- Up-to-date: /root/docker_tello_ros2/wrk_src/install/ros2_aruco_interfaces/share/ros2_aruco_interfaces/cmake/ros2_aruco_interfacesConfig.cmake
[0.680s] -- Up-to-date: /root/docker_tello_ros2/wrk_src/install/ros2_aruco_interfaces/share/ros2_aruco_interfaces/cmake/ros2_aruco_interfacesConfig-version.cmake
[0.680s] -- Up-to-date: /root/docker_tello_ros2/wrk_src/install/ros2_aruco_interfaces/share/ros2_aruco_interfaces/package.xml
[0.684s] Invoked command in '/root/docker_tello_ros2/wrk_src/build/ros2_aruco_interfaces' returned '0': CMAKE_PREFIX_PATH=${CMAKE_PREFIX_PATH}:/root/docker_tello_ros2/wrk_src/install/tello_pkg:/opt/ros/foxy /usr/bin/cmake --install /root/docker_tello_ros2/wrk_src/build/ros2_aruco_interfaces
