[0.169s] DEBUG:colcon:Command line arguments: ['/usr/bin/colcon', 'build']
[0.169s] DEBUG:colcon:Parsed command line arguments: Namespace(ament_cmake_args=None, base_paths=['.'], build_base='build', catkin_cmake_args=None, catkin_skip_building_tests=False, cmake_args=None, cmake_clean_cache=False, cmake_clean_first=False, cmake_force_configure=False, cmake_target=None, cmake_target_skip_unavailable=False, continue_on_error=False, event_handlers=None, executor='parallel', ignore_user_meta=False, install_base='install', log_base=None, log_level=None, main=<bound method BuildVerb.main of <colcon_core.verb.build.BuildVerb object at 0x7f95654d98b0>>, merge_install=False, metas=['./colcon.meta'], mixin=None, mixin_files=None, mixin_verb=('build',), packages_above=None, packages_above_and_dependencies=None, packages_above_depth=None, packages_end=None, packages_ignore=None, packages_ignore_regex=None, packages_select=None, packages_select_build_failed=False, packages_select_by_dep=None, packages_select_regex=None, packages_select_test_failures=False, packages_skip=None, packages_skip_build_finished=False, packages_skip_by_dep=None, packages_skip_regex=None, packages_skip_test_passed=False, packages_skip_up_to=None, packages_start=None, packages_up_to=None, packages_up_to_regex=None, parallel_workers=8, paths=None, symlink_install=False, test_result_base=None, verb_extension=<colcon_core.verb.build.BuildVerb object at 0x7f95654d98b0>, verb_name='build', verb_parser=<colcon_mixin.mixin.mixin_argument.MixinArgumentDecorator object at 0x7f95654ea1c0>)
[0.283s] Level 1:colcon.colcon_core.package_discovery:discover_packages(colcon_meta) check parameters
[0.284s] INFO:colcon.colcon_metadata.package_discovery.colcon_meta:Using configuration from '/root/.colcon/metadata/default/Gazebo.meta'
[0.284s] INFO:colcon.colcon_metadata.package_discovery.colcon_meta:Using configuration from '/root/.colcon/metadata/default/fastrtps.meta'
[0.285s] Level 1:colcon.colcon_core.package_discovery:discover_packages(recursive) check parameters
[0.285s] Level 1:colcon.colcon_core.package_discovery:discover_packages(ignore) check parameters
[0.285s] Level 1:colcon.colcon_core.package_discovery:discover_packages(path) check parameters
[0.285s] Level 1:colcon.colcon_core.package_discovery:discover_packages(colcon_meta) discover
[0.285s] Level 1:colcon.colcon_core.package_discovery:discover_packages(recursive) discover
[0.285s] INFO:colcon.colcon_core.package_discovery:Crawling recursively for packages in '/root/docker_tello_ros2/tello_ws'
[0.285s] Level 1:colcon.colcon_core.package_identification:_identify(.) by extensions ['ignore', 'ignore_ament_install']
[0.285s] Level 1:colcon.colcon_core.package_identification:_identify(.) by extension 'ignore'
[0.285s] Level 1:colcon.colcon_core.package_identification:_identify(.) by extension 'ignore_ament_install'
[0.285s] Level 1:colcon.colcon_core.package_identification:_identify(.) by extensions ['colcon_pkg']
[0.285s] Level 1:colcon.colcon_core.package_identification:_identify(.) by extension 'colcon_pkg'
[0.285s] Level 1:colcon.colcon_core.package_identification:_identify(.) by extensions ['colcon_meta']
[0.285s] Level 1:colcon.colcon_core.package_identification:_identify(.) by extension 'colcon_meta'
[0.285s] Level 1:colcon.colcon_core.package_identification:_identify(.) by extensions ['ros']
[0.285s] Level 1:colcon.colcon_core.package_identification:_identify(.) by extension 'ros'
[0.295s] Level 1:colcon.colcon_core.package_identification:_identify(.) by extensions ['cmake', 'python']
[0.295s] Level 1:colcon.colcon_core.package_identification:_identify(.) by extension 'cmake'
[0.295s] Level 1:colcon.colcon_core.package_identification:_identify(.) by extension 'python'
[0.295s] Level 1:colcon.colcon_core.package_identification:_identify(.) by extensions ['python_setup_py']
[0.295s] Level 1:colcon.colcon_core.package_identification:_identify(.) by extension 'python_setup_py'
[0.295s] Level 1:colcon.colcon_core.package_identification:_identify(build) by extensions ['ignore', 'ignore_ament_install']
[0.295s] Level 1:colcon.colcon_core.package_identification:_identify(build) by extension 'ignore'
[0.295s] Level 1:colcon.colcon_core.package_identification:_identify(build) ignored
[0.295s] Level 1:colcon.colcon_core.package_identification:_identify(calibration) by extensions ['ignore', 'ignore_ament_install']
[0.295s] Level 1:colcon.colcon_core.package_identification:_identify(calibration) by extension 'ignore'
[0.296s] Level 1:colcon.colcon_core.package_identification:_identify(calibration) by extension 'ignore_ament_install'
[0.296s] Level 1:colcon.colcon_core.package_identification:_identify(calibration) by extensions ['colcon_pkg']
[0.296s] Level 1:colcon.colcon_core.package_identification:_identify(calibration) by extension 'colcon_pkg'
[0.296s] Level 1:colcon.colcon_core.package_identification:_identify(calibration) by extensions ['colcon_meta']
[0.296s] Level 1:colcon.colcon_core.package_identification:_identify(calibration) by extension 'colcon_meta'
[0.296s] Level 1:colcon.colcon_core.package_identification:_identify(calibration) by extensions ['ros']
[0.296s] Level 1:colcon.colcon_core.package_identification:_identify(calibration) by extension 'ros'
[0.296s] Level 1:colcon.colcon_core.package_identification:_identify(calibration) by extensions ['cmake', 'python']
[0.296s] Level 1:colcon.colcon_core.package_identification:_identify(calibration) by extension 'cmake'
[0.296s] Level 1:colcon.colcon_core.package_identification:_identify(calibration) by extension 'python'
[0.296s] Level 1:colcon.colcon_core.package_identification:_identify(calibration) by extensions ['python_setup_py']
[0.296s] Level 1:colcon.colcon_core.package_identification:_identify(calibration) by extension 'python_setup_py'
[0.296s] Level 1:colcon.colcon_core.package_identification:_identify(calibration_phone) by extensions ['ignore', 'ignore_ament_install']
[0.296s] Level 1:colcon.colcon_core.package_identification:_identify(calibration_phone) by extension 'ignore'
[0.296s] Level 1:colcon.colcon_core.package_identification:_identify(calibration_phone) by extension 'ignore_ament_install'
[0.296s] Level 1:colcon.colcon_core.package_identification:_identify(calibration_phone) by extensions ['colcon_pkg']
[0.296s] Level 1:colcon.colcon_core.package_identification:_identify(calibration_phone) by extension 'colcon_pkg'
[0.296s] Level 1:colcon.colcon_core.package_identification:_identify(calibration_phone) by extensions ['colcon_meta']
[0.296s] Level 1:colcon.colcon_core.package_identification:_identify(calibration_phone) by extension 'colcon_meta'
[0.296s] Level 1:colcon.colcon_core.package_identification:_identify(calibration_phone) by extensions ['ros']
[0.296s] Level 1:colcon.colcon_core.package_identification:_identify(calibration_phone) by extension 'ros'
[0.296s] Level 1:colcon.colcon_core.package_identification:_identify(calibration_phone) by extensions ['cmake', 'python']
[0.297s] Level 1:colcon.colcon_core.package_identification:_identify(calibration_phone) by extension 'cmake'
[0.297s] Level 1:colcon.colcon_core.package_identification:_identify(calibration_phone) by extension 'python'
[0.297s] Level 1:colcon.colcon_core.package_identification:_identify(calibration_phone) by extensions ['python_setup_py']
[0.297s] Level 1:colcon.colcon_core.package_identification:_identify(calibration_phone) by extension 'python_setup_py'
[0.297s] Level 1:colcon.colcon_core.package_identification:_identify(detect) by extensions ['ignore', 'ignore_ament_install']
[0.297s] Level 1:colcon.colcon_core.package_identification:_identify(detect) by extension 'ignore'
[0.297s] Level 1:colcon.colcon_core.package_identification:_identify(detect) by extension 'ignore_ament_install'
[0.297s] Level 1:colcon.colcon_core.package_identification:_identify(detect) by extensions ['colcon_pkg']
[0.297s] Level 1:colcon.colcon_core.package_identification:_identify(detect) by extension 'colcon_pkg'
[0.297s] Level 1:colcon.colcon_core.package_identification:_identify(detect) by extensions ['colcon_meta']
[0.297s] Level 1:colcon.colcon_core.package_identification:_identify(detect) by extension 'colcon_meta'
[0.297s] Level 1:colcon.colcon_core.package_identification:_identify(detect) by extensions ['ros']
[0.297s] Level 1:colcon.colcon_core.package_identification:_identify(detect) by extension 'ros'
[0.297s] Level 1:colcon.colcon_core.package_identification:_identify(detect) by extensions ['cmake', 'python']
[0.297s] Level 1:colcon.colcon_core.package_identification:_identify(detect) by extension 'cmake'
[0.297s] Level 1:colcon.colcon_core.package_identification:_identify(detect) by extension 'python'
[0.297s] Level 1:colcon.colcon_core.package_identification:_identify(detect) by extensions ['python_setup_py']
[0.297s] Level 1:colcon.colcon_core.package_identification:_identify(detect) by extension 'python_setup_py'
[0.297s] Level 1:colcon.colcon_core.package_identification:_identify(detect_phone) by extensions ['ignore', 'ignore_ament_install']
[0.298s] Level 1:colcon.colcon_core.package_identification:_identify(detect_phone) by extension 'ignore'
[0.298s] Level 1:colcon.colcon_core.package_identification:_identify(detect_phone) by extension 'ignore_ament_install'
[0.298s] Level 1:colcon.colcon_core.package_identification:_identify(detect_phone) by extensions ['colcon_pkg']
[0.298s] Level 1:colcon.colcon_core.package_identification:_identify(detect_phone) by extension 'colcon_pkg'
[0.298s] Level 1:colcon.colcon_core.package_identification:_identify(detect_phone) by extensions ['colcon_meta']
[0.298s] Level 1:colcon.colcon_core.package_identification:_identify(detect_phone) by extension 'colcon_meta'
[0.298s] Level 1:colcon.colcon_core.package_identification:_identify(detect_phone) by extensions ['ros']
[0.298s] Level 1:colcon.colcon_core.package_identification:_identify(detect_phone) by extension 'ros'
[0.298s] Level 1:colcon.colcon_core.package_identification:_identify(detect_phone) by extensions ['cmake', 'python']
[0.298s] Level 1:colcon.colcon_core.package_identification:_identify(detect_phone) by extension 'cmake'
[0.298s] Level 1:colcon.colcon_core.package_identification:_identify(detect_phone) by extension 'python'
[0.298s] Level 1:colcon.colcon_core.package_identification:_identify(detect_phone) by extensions ['python_setup_py']
[0.298s] Level 1:colcon.colcon_core.package_identification:_identify(detect_phone) by extension 'python_setup_py'
[0.298s] Level 1:colcon.colcon_core.package_identification:_identify(install) by extensions ['ignore', 'ignore_ament_install']
[0.298s] Level 1:colcon.colcon_core.package_identification:_identify(install) by extension 'ignore'
[0.298s] Level 1:colcon.colcon_core.package_identification:_identify(install) ignored
[0.298s] Level 1:colcon.colcon_core.package_identification:_identify(log) by extensions ['ignore', 'ignore_ament_install']
[0.298s] Level 1:colcon.colcon_core.package_identification:_identify(log) by extension 'ignore'
[0.298s] Level 1:colcon.colcon_core.package_identification:_identify(log) ignored
[0.298s] Level 1:colcon.colcon_core.package_identification:_identify(src) by extensions ['ignore', 'ignore_ament_install']
[0.299s] Level 1:colcon.colcon_core.package_identification:_identify(src) by extension 'ignore'
[0.299s] Level 1:colcon.colcon_core.package_identification:_identify(src) by extension 'ignore_ament_install'
[0.299s] Level 1:colcon.colcon_core.package_identification:_identify(src) by extensions ['colcon_pkg']
[0.299s] Level 1:colcon.colcon_core.package_identification:_identify(src) by extension 'colcon_pkg'
[0.299s] Level 1:colcon.colcon_core.package_identification:_identify(src) by extensions ['colcon_meta']
[0.299s] Level 1:colcon.colcon_core.package_identification:_identify(src) by extension 'colcon_meta'
[0.299s] Level 1:colcon.colcon_core.package_identification:_identify(src) by extensions ['ros']
[0.299s] Level 1:colcon.colcon_core.package_identification:_identify(src) by extension 'ros'
[0.299s] Level 1:colcon.colcon_core.package_identification:_identify(src) by extensions ['cmake', 'python']
[0.299s] Level 1:colcon.colcon_core.package_identification:_identify(src) by extension 'cmake'
[0.299s] Level 1:colcon.colcon_core.package_identification:_identify(src) by extension 'python'
[0.299s] Level 1:colcon.colcon_core.package_identification:_identify(src) by extensions ['python_setup_py']
[0.299s] Level 1:colcon.colcon_core.package_identification:_identify(src) by extension 'python_setup_py'
[0.299s] Level 1:colcon.colcon_core.package_identification:_identify(src/tello_pkg) by extensions ['ignore', 'ignore_ament_install']
[0.299s] Level 1:colcon.colcon_core.package_identification:_identify(src/tello_pkg) by extension 'ignore'
[0.299s] Level 1:colcon.colcon_core.package_identification:_identify(src/tello_pkg) by extension 'ignore_ament_install'
[0.299s] Level 1:colcon.colcon_core.package_identification:_identify(src/tello_pkg) by extensions ['colcon_pkg']
[0.299s] Level 1:colcon.colcon_core.package_identification:_identify(src/tello_pkg) by extension 'colcon_pkg'
[0.299s] Level 1:colcon.colcon_core.package_identification:_identify(src/tello_pkg) by extensions ['colcon_meta']
[0.299s] Level 1:colcon.colcon_core.package_identification:_identify(src/tello_pkg) by extension 'colcon_meta'
[0.299s] Level 1:colcon.colcon_core.package_identification:_identify(src/tello_pkg) by extensions ['ros']
[0.299s] Level 1:colcon.colcon_core.package_identification:_identify(src/tello_pkg) by extension 'ros'
[0.301s] DEBUG:colcon.colcon_core.package_identification:Found ROS schema reference in package manifest in 'src/tello_pkg'
[0.302s] WARNING:colcon.colcon_core.package_identification:Failed to parse ROS package manifest in 'src/tello_pkg': Error(s) in package 'src/tello_pkg/package.xml':
Error(s):
- The generic dependency on 'rclpy' is redundant with: exec_depend
- The generic dependency on 'sensor_msgs' is redundant with: exec_depend
- The generic dependency on 'cv_bridge' is redundant with: exec_depend
[0.302s] Level 1:colcon.colcon_core.package_identification:_identify(src/tello_pkg) by extensions ['cmake', 'python']
[0.302s] Level 1:colcon.colcon_core.package_identification:_identify(src/tello_pkg) by extension 'cmake'
[0.303s] Level 1:colcon.colcon_core.package_identification:_identify(src/tello_pkg) by extension 'python'
[0.304s] DEBUG:colcon.colcon_core.package_identification:Python package in 'src/tello_pkg' passes arguments to the setup() function which requires a different identification extension than 'python'
[0.304s] DEBUG:colcon.colcon_core.package_identification:Package 'src/tello_pkg' with type 'cmake' and name 'my_video_package'
[0.304s] Level 1:colcon.colcon_core.package_identification:_identify(tentone) by extensions ['ignore', 'ignore_ament_install']
[0.304s] Level 1:colcon.colcon_core.package_identification:_identify(tentone) by extension 'ignore'
[0.304s] Level 1:colcon.colcon_core.package_identification:_identify(tentone) by extension 'ignore_ament_install'
[0.304s] Level 1:colcon.colcon_core.package_identification:_identify(tentone) by extensions ['colcon_pkg']
[0.305s] Level 1:colcon.colcon_core.package_identification:_identify(tentone) by extension 'colcon_pkg'
[0.305s] Level 1:colcon.colcon_core.package_identification:_identify(tentone) by extensions ['colcon_meta']
[0.305s] Level 1:colcon.colcon_core.package_identification:_identify(tentone) by extension 'colcon_meta'
[0.305s] Level 1:colcon.colcon_core.package_identification:_identify(tentone) by extensions ['ros']
[0.305s] Level 1:colcon.colcon_core.package_identification:_identify(tentone) by extension 'ros'
[0.305s] Level 1:colcon.colcon_core.package_identification:_identify(tentone) by extensions ['cmake', 'python']
[0.305s] Level 1:colcon.colcon_core.package_identification:_identify(tentone) by extension 'cmake'
[0.305s] Level 1:colcon.colcon_core.package_identification:_identify(tentone) by extension 'python'
[0.305s] Level 1:colcon.colcon_core.package_identification:_identify(tentone) by extensions ['python_setup_py']
[0.305s] Level 1:colcon.colcon_core.package_identification:_identify(tentone) by extension 'python_setup_py'
[0.305s] Level 1:colcon.colcon_core.package_identification:_identify(tentone/tello-ros2) by extensions ['ignore', 'ignore_ament_install']
[0.305s] Level 1:colcon.colcon_core.package_identification:_identify(tentone/tello-ros2) by extension 'ignore'
[0.305s] Level 1:colcon.colcon_core.package_identification:_identify(tentone/tello-ros2) by extension 'ignore_ament_install'
[0.306s] Level 1:colcon.colcon_core.package_identification:_identify(tentone/tello-ros2) by extensions ['colcon_pkg']
[0.306s] Level 1:colcon.colcon_core.package_identification:_identify(tentone/tello-ros2) by extension 'colcon_pkg'
[0.306s] Level 1:colcon.colcon_core.package_identification:_identify(tentone/tello-ros2) by extensions ['colcon_meta']
[0.306s] Level 1:colcon.colcon_core.package_identification:_identify(tentone/tello-ros2) by extension 'colcon_meta'
[0.306s] Level 1:colcon.colcon_core.package_identification:_identify(tentone/tello-ros2) by extensions ['ros']
[0.306s] Level 1:colcon.colcon_core.package_identification:_identify(tentone/tello-ros2) by extension 'ros'
[0.306s] Level 1:colcon.colcon_core.package_identification:_identify(tentone/tello-ros2) by extensions ['cmake', 'python']
[0.306s] Level 1:colcon.colcon_core.package_identification:_identify(tentone/tello-ros2) by extension 'cmake'
[0.306s] Level 1:colcon.colcon_core.package_identification:_identify(tentone/tello-ros2) by extension 'python'
[0.306s] Level 1:colcon.colcon_core.package_identification:_identify(tentone/tello-ros2) by extensions ['python_setup_py']
[0.306s] Level 1:colcon.colcon_core.package_identification:_identify(tentone/tello-ros2) by extension 'python_setup_py'
[0.306s] Level 1:colcon.colcon_core.package_identification:_identify(tentone/tello-ros2/readme) by extensions ['ignore', 'ignore_ament_install']
[0.306s] Level 1:colcon.colcon_core.package_identification:_identify(tentone/tello-ros2/readme) by extension 'ignore'
[0.307s] Level 1:colcon.colcon_core.package_identification:_identify(tentone/tello-ros2/readme) by extension 'ignore_ament_install'
[0.307s] Level 1:colcon.colcon_core.package_identification:_identify(tentone/tello-ros2/readme) by extensions ['colcon_pkg']
[0.307s] Level 1:colcon.colcon_core.package_identification:_identify(tentone/tello-ros2/readme) by extension 'colcon_pkg'
[0.307s] Level 1:colcon.colcon_core.package_identification:_identify(tentone/tello-ros2/readme) by extensions ['colcon_meta']
[0.307s] Level 1:colcon.colcon_core.package_identification:_identify(tentone/tello-ros2/readme) by extension 'colcon_meta'
[0.307s] Level 1:colcon.colcon_core.package_identification:_identify(tentone/tello-ros2/readme) by extensions ['ros']
[0.307s] Level 1:colcon.colcon_core.package_identification:_identify(tentone/tello-ros2/readme) by extension 'ros'
[0.307s] Level 1:colcon.colcon_core.package_identification:_identify(tentone/tello-ros2/readme) by extensions ['cmake', 'python']
[0.307s] Level 1:colcon.colcon_core.package_identification:_identify(tentone/tello-ros2/readme) by extension 'cmake'
[0.307s] Level 1:colcon.colcon_core.package_identification:_identify(tentone/tello-ros2/readme) by extension 'python'
[0.307s] Level 1:colcon.colcon_core.package_identification:_identify(tentone/tello-ros2/readme) by extensions ['python_setup_py']
[0.307s] Level 1:colcon.colcon_core.package_identification:_identify(tentone/tello-ros2/readme) by extension 'python_setup_py'
[0.307s] Level 1:colcon.colcon_core.package_identification:_identify(tentone/tello-ros2/scripts) by extensions ['ignore', 'ignore_ament_install']
[0.307s] Level 1:colcon.colcon_core.package_identification:_identify(tentone/tello-ros2/scripts) by extension 'ignore'
[0.307s] Level 1:colcon.colcon_core.package_identification:_identify(tentone/tello-ros2/scripts) by extension 'ignore_ament_install'
[0.307s] Level 1:colcon.colcon_core.package_identification:_identify(tentone/tello-ros2/scripts) by extensions ['colcon_pkg']
[0.307s] Level 1:colcon.colcon_core.package_identification:_identify(tentone/tello-ros2/scripts) by extension 'colcon_pkg'
[0.308s] Level 1:colcon.colcon_core.package_identification:_identify(tentone/tello-ros2/scripts) by extensions ['colcon_meta']
[0.308s] Level 1:colcon.colcon_core.package_identification:_identify(tentone/tello-ros2/scripts) by extension 'colcon_meta'
[0.308s] Level 1:colcon.colcon_core.package_identification:_identify(tentone/tello-ros2/scripts) by extensions ['ros']
[0.308s] Level 1:colcon.colcon_core.package_identification:_identify(tentone/tello-ros2/scripts) by extension 'ros'
[0.308s] Level 1:colcon.colcon_core.package_identification:_identify(tentone/tello-ros2/scripts) by extensions ['cmake', 'python']
[0.308s] Level 1:colcon.colcon_core.package_identification:_identify(tentone/tello-ros2/scripts) by extension 'cmake'
[0.308s] Level 1:colcon.colcon_core.package_identification:_identify(tentone/tello-ros2/scripts) by extension 'python'
[0.308s] Level 1:colcon.colcon_core.package_identification:_identify(tentone/tello-ros2/scripts) by extensions ['python_setup_py']
[0.308s] Level 1:colcon.colcon_core.package_identification:_identify(tentone/tello-ros2/scripts) by extension 'python_setup_py'
[0.308s] Level 1:colcon.colcon_core.package_identification:_identify(tentone/tello-ros2/slam) by extensions ['ignore', 'ignore_ament_install']
[0.308s] Level 1:colcon.colcon_core.package_identification:_identify(tentone/tello-ros2/slam) by extension 'ignore'
[0.308s] Level 1:colcon.colcon_core.package_identification:_identify(tentone/tello-ros2/slam) by extension 'ignore_ament_install'
[0.308s] Level 1:colcon.colcon_core.package_identification:_identify(tentone/tello-ros2/slam) by extensions ['colcon_pkg']
[0.308s] Level 1:colcon.colcon_core.package_identification:_identify(tentone/tello-ros2/slam) by extension 'colcon_pkg'
[0.308s] Level 1:colcon.colcon_core.package_identification:_identify(tentone/tello-ros2/slam) by extensions ['colcon_meta']
[0.308s] Level 1:colcon.colcon_core.package_identification:_identify(tentone/tello-ros2/slam) by extension 'colcon_meta'
[0.308s] Level 1:colcon.colcon_core.package_identification:_identify(tentone/tello-ros2/slam) by extensions ['ros']
[0.308s] Level 1:colcon.colcon_core.package_identification:_identify(tentone/tello-ros2/slam) by extension 'ros'
[0.308s] Level 1:colcon.colcon_core.package_identification:_identify(tentone/tello-ros2/slam) by extensions ['cmake', 'python']
[0.308s] Level 1:colcon.colcon_core.package_identification:_identify(tentone/tello-ros2/slam) by extension 'cmake'
[0.309s] Level 1:colcon.colcon_core.package_identification:_identify(tentone/tello-ros2/slam) by extension 'python'
[0.309s] Level 1:colcon.colcon_core.package_identification:_identify(tentone/tello-ros2/slam) by extensions ['python_setup_py']
[0.309s] Level 1:colcon.colcon_core.package_identification:_identify(tentone/tello-ros2/slam) by extension 'python_setup_py'
[0.309s] Level 1:colcon.colcon_core.package_identification:_identify(tentone/tello-ros2/slam/src) by extensions ['ignore', 'ignore_ament_install']
[0.309s] Level 1:colcon.colcon_core.package_identification:_identify(tentone/tello-ros2/slam/src) by extension 'ignore'
[0.309s] Level 1:colcon.colcon_core.package_identification:_identify(tentone/tello-ros2/slam/src) by extension 'ignore_ament_install'
[0.309s] Level 1:colcon.colcon_core.package_identification:_identify(tentone/tello-ros2/slam/src) by extensions ['colcon_pkg']
[0.309s] Level 1:colcon.colcon_core.package_identification:_identify(tentone/tello-ros2/slam/src) by extension 'colcon_pkg'
[0.309s] Level 1:colcon.colcon_core.package_identification:_identify(tentone/tello-ros2/slam/src) by extensions ['colcon_meta']
[0.309s] Level 1:colcon.colcon_core.package_identification:_identify(tentone/tello-ros2/slam/src) by extension 'colcon_meta'
[0.309s] Level 1:colcon.colcon_core.package_identification:_identify(tentone/tello-ros2/slam/src) by extensions ['ros']
[0.309s] Level 1:colcon.colcon_core.package_identification:_identify(tentone/tello-ros2/slam/src) by extension 'ros'
[0.309s] Level 1:colcon.colcon_core.package_identification:_identify(tentone/tello-ros2/slam/src) by extensions ['cmake', 'python']
[0.309s] Level 1:colcon.colcon_core.package_identification:_identify(tentone/tello-ros2/slam/src) by extension 'cmake'
[0.309s] Level 1:colcon.colcon_core.package_identification:_identify(tentone/tello-ros2/slam/src) by extension 'python'
[0.309s] Level 1:colcon.colcon_core.package_identification:_identify(tentone/tello-ros2/slam/src) by extensions ['python_setup_py']
[0.309s] Level 1:colcon.colcon_core.package_identification:_identify(tentone/tello-ros2/slam/src) by extension 'python_setup_py'
[0.309s] Level 1:colcon.colcon_core.package_identification:_identify(tentone/tello-ros2/slam/src/orbslam2) by extensions ['ignore', 'ignore_ament_install']
[0.309s] Level 1:colcon.colcon_core.package_identification:_identify(tentone/tello-ros2/slam/src/orbslam2) by extension 'ignore'
[0.309s] Level 1:colcon.colcon_core.package_identification:_identify(tentone/tello-ros2/slam/src/orbslam2) by extension 'ignore_ament_install'
[0.310s] Level 1:colcon.colcon_core.package_identification:_identify(tentone/tello-ros2/slam/src/orbslam2) by extensions ['colcon_pkg']
[0.310s] Level 1:colcon.colcon_core.package_identification:_identify(tentone/tello-ros2/slam/src/orbslam2) by extension 'colcon_pkg'
[0.310s] Level 1:colcon.colcon_core.package_identification:_identify(tentone/tello-ros2/slam/src/orbslam2) by extensions ['colcon_meta']
[0.310s] Level 1:colcon.colcon_core.package_identification:_identify(tentone/tello-ros2/slam/src/orbslam2) by extension 'colcon_meta'
[0.310s] Level 1:colcon.colcon_core.package_identification:_identify(tentone/tello-ros2/slam/src/orbslam2) by extensions ['ros']
[0.310s] Level 1:colcon.colcon_core.package_identification:_identify(tentone/tello-ros2/slam/src/orbslam2) by extension 'ros'
[0.311s] DEBUG:colcon.colcon_core.package_identification:Package 'tentone/tello-ros2/slam/src/orbslam2' with type 'ros.ament_cmake' and name 'orbslam2'
[0.311s] Level 1:colcon.colcon_core.package_identification:_identify(tentone/tello-ros2/workspace) by extensions ['ignore', 'ignore_ament_install']
[0.312s] Level 1:colcon.colcon_core.package_identification:_identify(tentone/tello-ros2/workspace) by extension 'ignore'
[0.312s] Level 1:colcon.colcon_core.package_identification:_identify(tentone/tello-ros2/workspace) by extension 'ignore_ament_install'
[0.312s] Level 1:colcon.colcon_core.package_identification:_identify(tentone/tello-ros2/workspace) by extensions ['colcon_pkg']
[0.312s] Level 1:colcon.colcon_core.package_identification:_identify(tentone/tello-ros2/workspace) by extension 'colcon_pkg'
[0.312s] Level 1:colcon.colcon_core.package_identification:_identify(tentone/tello-ros2/workspace) by extensions ['colcon_meta']
[0.312s] Level 1:colcon.colcon_core.package_identification:_identify(tentone/tello-ros2/workspace) by extension 'colcon_meta'
[0.312s] Level 1:colcon.colcon_core.package_identification:_identify(tentone/tello-ros2/workspace) by extensions ['ros']
[0.312s] Level 1:colcon.colcon_core.package_identification:_identify(tentone/tello-ros2/workspace) by extension 'ros'
[0.312s] Level 1:colcon.colcon_core.package_identification:_identify(tentone/tello-ros2/workspace) by extensions ['cmake', 'python']
[0.312s] Level 1:colcon.colcon_core.package_identification:_identify(tentone/tello-ros2/workspace) by extension 'cmake'
[0.312s] Level 1:colcon.colcon_core.package_identification:_identify(tentone/tello-ros2/workspace) by extension 'python'
[0.312s] Level 1:colcon.colcon_core.package_identification:_identify(tentone/tello-ros2/workspace) by extensions ['python_setup_py']
[0.312s] Level 1:colcon.colcon_core.package_identification:_identify(tentone/tello-ros2/workspace) by extension 'python_setup_py'
[0.312s] Level 1:colcon.colcon_core.package_identification:_identify(tentone/tello-ros2/workspace/src) by extensions ['ignore', 'ignore_ament_install']
[0.313s] Level 1:colcon.colcon_core.package_identification:_identify(tentone/tello-ros2/workspace/src) by extension 'ignore'
[0.313s] Level 1:colcon.colcon_core.package_identification:_identify(tentone/tello-ros2/workspace/src) by extension 'ignore_ament_install'
[0.313s] Level 1:colcon.colcon_core.package_identification:_identify(tentone/tello-ros2/workspace/src) by extensions ['colcon_pkg']
[0.313s] Level 1:colcon.colcon_core.package_identification:_identify(tentone/tello-ros2/workspace/src) by extension 'colcon_pkg'
[0.313s] Level 1:colcon.colcon_core.package_identification:_identify(tentone/tello-ros2/workspace/src) by extensions ['colcon_meta']
[0.313s] Level 1:colcon.colcon_core.package_identification:_identify(tentone/tello-ros2/workspace/src) by extension 'colcon_meta'
[0.313s] Level 1:colcon.colcon_core.package_identification:_identify(tentone/tello-ros2/workspace/src) by extensions ['ros']
[0.313s] Level 1:colcon.colcon_core.package_identification:_identify(tentone/tello-ros2/workspace/src) by extension 'ros'
[0.313s] Level 1:colcon.colcon_core.package_identification:_identify(tentone/tello-ros2/workspace/src) by extensions ['cmake', 'python']
[0.313s] Level 1:colcon.colcon_core.package_identification:_identify(tentone/tello-ros2/workspace/src) by extension 'cmake'
[0.313s] Level 1:colcon.colcon_core.package_identification:_identify(tentone/tello-ros2/workspace/src) by extension 'python'
[0.313s] Level 1:colcon.colcon_core.package_identification:_identify(tentone/tello-ros2/workspace/src) by extensions ['python_setup_py']
[0.313s] Level 1:colcon.colcon_core.package_identification:_identify(tentone/tello-ros2/workspace/src) by extension 'python_setup_py'
[0.313s] Level 1:colcon.colcon_core.package_identification:_identify(tentone/tello-ros2/workspace/src/tello) by extensions ['ignore', 'ignore_ament_install']
[0.313s] Level 1:colcon.colcon_core.package_identification:_identify(tentone/tello-ros2/workspace/src/tello) by extension 'ignore'
[0.313s] Level 1:colcon.colcon_core.package_identification:_identify(tentone/tello-ros2/workspace/src/tello) by extension 'ignore_ament_install'
[0.313s] Level 1:colcon.colcon_core.package_identification:_identify(tentone/tello-ros2/workspace/src/tello) by extensions ['colcon_pkg']
[0.313s] Level 1:colcon.colcon_core.package_identification:_identify(tentone/tello-ros2/workspace/src/tello) by extension 'colcon_pkg'
[0.313s] Level 1:colcon.colcon_core.package_identification:_identify(tentone/tello-ros2/workspace/src/tello) by extensions ['colcon_meta']
[0.314s] Level 1:colcon.colcon_core.package_identification:_identify(tentone/tello-ros2/workspace/src/tello) by extension 'colcon_meta'
[0.314s] Level 1:colcon.colcon_core.package_identification:_identify(tentone/tello-ros2/workspace/src/tello) by extensions ['ros']
[0.314s] Level 1:colcon.colcon_core.package_identification:_identify(tentone/tello-ros2/workspace/src/tello) by extension 'ros'
[0.314s] DEBUG:colcon.colcon_core.package_identification:Package 'tentone/tello-ros2/workspace/src/tello' with type 'ros.ament_python' and name 'tello'
[0.315s] Level 1:colcon.colcon_core.package_identification:_identify(tentone/tello-ros2/workspace/src/tello_control) by extensions ['ignore', 'ignore_ament_install']
[0.315s] Level 1:colcon.colcon_core.package_identification:_identify(tentone/tello-ros2/workspace/src/tello_control) by extension 'ignore'
[0.315s] Level 1:colcon.colcon_core.package_identification:_identify(tentone/tello-ros2/workspace/src/tello_control) by extension 'ignore_ament_install'
[0.315s] Level 1:colcon.colcon_core.package_identification:_identify(tentone/tello-ros2/workspace/src/tello_control) by extensions ['colcon_pkg']
[0.315s] Level 1:colcon.colcon_core.package_identification:_identify(tentone/tello-ros2/workspace/src/tello_control) by extension 'colcon_pkg'
[0.315s] Level 1:colcon.colcon_core.package_identification:_identify(tentone/tello-ros2/workspace/src/tello_control) by extensions ['colcon_meta']
[0.315s] Level 1:colcon.colcon_core.package_identification:_identify(tentone/tello-ros2/workspace/src/tello_control) by extension 'colcon_meta'
[0.315s] Level 1:colcon.colcon_core.package_identification:_identify(tentone/tello-ros2/workspace/src/tello_control) by extensions ['ros']
[0.315s] Level 1:colcon.colcon_core.package_identification:_identify(tentone/tello-ros2/workspace/src/tello_control) by extension 'ros'
[0.315s] DEBUG:colcon.colcon_core.package_identification:Package 'tentone/tello-ros2/workspace/src/tello_control' with type 'ros.ament_cmake' and name 'tello_control'
[0.315s] Level 1:colcon.colcon_core.package_identification:_identify(tentone/tello-ros2/workspace/src/tello_msg) by extensions ['ignore', 'ignore_ament_install']
[0.315s] Level 1:colcon.colcon_core.package_identification:_identify(tentone/tello-ros2/workspace/src/tello_msg) by extension 'ignore'
[0.316s] Level 1:colcon.colcon_core.package_identification:_identify(tentone/tello-ros2/workspace/src/tello_msg) by extension 'ignore_ament_install'
[0.316s] Level 1:colcon.colcon_core.package_identification:_identify(tentone/tello-ros2/workspace/src/tello_msg) by extensions ['colcon_pkg']
[0.316s] Level 1:colcon.colcon_core.package_identification:_identify(tentone/tello-ros2/workspace/src/tello_msg) by extension 'colcon_pkg'
[0.316s] Level 1:colcon.colcon_core.package_identification:_identify(tentone/tello-ros2/workspace/src/tello_msg) by extensions ['colcon_meta']
[0.316s] Level 1:colcon.colcon_core.package_identification:_identify(tentone/tello-ros2/workspace/src/tello_msg) by extension 'colcon_meta'
[0.316s] Level 1:colcon.colcon_core.package_identification:_identify(tentone/tello-ros2/workspace/src/tello_msg) by extensions ['ros']
[0.316s] Level 1:colcon.colcon_core.package_identification:_identify(tentone/tello-ros2/workspace/src/tello_msg) by extension 'ros'
[0.316s] DEBUG:colcon.colcon_core.package_identification:Package 'tentone/tello-ros2/workspace/src/tello_msg' with type 'ros.ament_cmake' and name 'tello_msg'
[0.316s] Level 1:colcon.colcon_core.package_discovery:discover_packages(recursive) using defaults
[0.316s] Level 1:colcon.colcon_core.package_discovery:discover_packages(ignore) discover
[0.316s] Level 1:colcon.colcon_core.package_discovery:discover_packages(ignore) using defaults
[0.316s] Level 1:colcon.colcon_core.package_discovery:discover_packages(path) discover
[0.316s] Level 1:colcon.colcon_core.package_discovery:discover_packages(path) using defaults
[0.331s] Level 5:colcon.colcon_core.verb:set package 'my_video_package' build argument 'cmake_args' from command line to 'None'
[0.331s] Level 5:colcon.colcon_core.verb:set package 'my_video_package' build argument 'cmake_target' from command line to 'None'
[0.332s] Level 5:colcon.colcon_core.verb:set package 'my_video_package' build argument 'cmake_target_skip_unavailable' from command line to 'False'
[0.332s] Level 5:colcon.colcon_core.verb:set package 'my_video_package' build argument 'cmake_clean_cache' from command line to 'False'
[0.332s] Level 5:colcon.colcon_core.verb:set package 'my_video_package' build argument 'cmake_clean_first' from command line to 'False'
[0.332s] Level 5:colcon.colcon_core.verb:set package 'my_video_package' build argument 'cmake_force_configure' from command line to 'False'
[0.332s] Level 5:colcon.colcon_core.verb:set package 'my_video_package' build argument 'ament_cmake_args' from command line to 'None'
[0.332s] Level 5:colcon.colcon_core.verb:set package 'my_video_package' build argument 'catkin_cmake_args' from command line to 'None'
[0.332s] Level 5:colcon.colcon_core.verb:set package 'my_video_package' build argument 'catkin_skip_building_tests' from command line to 'False'
[0.332s] DEBUG:colcon.colcon_core.verb:Building package 'my_video_package' with the following arguments: {'ament_cmake_args': None, 'build_base': '/root/docker_tello_ros2/tello_ws/build/my_video_package', 'catkin_cmake_args': None, 'catkin_skip_building_tests': False, 'cmake_args': None, 'cmake_clean_cache': False, 'cmake_clean_first': False, 'cmake_force_configure': False, 'cmake_target': None, 'cmake_target_skip_unavailable': False, 'install_base': '/root/docker_tello_ros2/tello_ws/install/my_video_package', 'merge_install': False, 'path': '/root/docker_tello_ros2/tello_ws/src/tello_pkg', 'symlink_install': False, 'test_result_base': None}
[0.332s] Level 5:colcon.colcon_core.verb:set package 'orbslam2' build argument 'cmake_args' from command line to 'None'
[0.332s] Level 5:colcon.colcon_core.verb:set package 'orbslam2' build argument 'cmake_target' from command line to 'None'
[0.332s] Level 5:colcon.colcon_core.verb:set package 'orbslam2' build argument 'cmake_target_skip_unavailable' from command line to 'False'
[0.332s] Level 5:colcon.colcon_core.verb:set package 'orbslam2' build argument 'cmake_clean_cache' from command line to 'False'
[0.332s] Level 5:colcon.colcon_core.verb:set package 'orbslam2' build argument 'cmake_clean_first' from command line to 'False'
[0.332s] Level 5:colcon.colcon_core.verb:set package 'orbslam2' build argument 'cmake_force_configure' from command line to 'False'
[0.332s] Level 5:colcon.colcon_core.verb:set package 'orbslam2' build argument 'ament_cmake_args' from command line to 'None'
[0.332s] Level 5:colcon.colcon_core.verb:set package 'orbslam2' build argument 'catkin_cmake_args' from command line to 'None'
[0.332s] Level 5:colcon.colcon_core.verb:set package 'orbslam2' build argument 'catkin_skip_building_tests' from command line to 'False'
[0.332s] DEBUG:colcon.colcon_core.verb:Building package 'orbslam2' with the following arguments: {'ament_cmake_args': None, 'build_base': '/root/docker_tello_ros2/tello_ws/build/orbslam2', 'catkin_cmake_args': None, 'catkin_skip_building_tests': False, 'cmake_args': None, 'cmake_clean_cache': False, 'cmake_clean_first': False, 'cmake_force_configure': False, 'cmake_target': None, 'cmake_target_skip_unavailable': False, 'install_base': '/root/docker_tello_ros2/tello_ws/install/orbslam2', 'merge_install': False, 'path': '/root/docker_tello_ros2/tello_ws/tentone/tello-ros2/slam/src/orbslam2', 'symlink_install': False, 'test_result_base': None}
[0.333s] Level 5:colcon.colcon_core.verb:set package 'tello_control' build argument 'cmake_args' from command line to 'None'
[0.333s] Level 5:colcon.colcon_core.verb:set package 'tello_control' build argument 'cmake_target' from command line to 'None'
[0.333s] Level 5:colcon.colcon_core.verb:set package 'tello_control' build argument 'cmake_target_skip_unavailable' from command line to 'False'
[0.333s] Level 5:colcon.colcon_core.verb:set package 'tello_control' build argument 'cmake_clean_cache' from command line to 'False'
[0.333s] Level 5:colcon.colcon_core.verb:set package 'tello_control' build argument 'cmake_clean_first' from command line to 'False'
[0.333s] Level 5:colcon.colcon_core.verb:set package 'tello_control' build argument 'cmake_force_configure' from command line to 'False'
[0.333s] Level 5:colcon.colcon_core.verb:set package 'tello_control' build argument 'ament_cmake_args' from command line to 'None'
[0.333s] Level 5:colcon.colcon_core.verb:set package 'tello_control' build argument 'catkin_cmake_args' from command line to 'None'
[0.333s] Level 5:colcon.colcon_core.verb:set package 'tello_control' build argument 'catkin_skip_building_tests' from command line to 'False'
[0.333s] DEBUG:colcon.colcon_core.verb:Building package 'tello_control' with the following arguments: {'ament_cmake_args': None, 'build_base': '/root/docker_tello_ros2/tello_ws/build/tello_control', 'catkin_cmake_args': None, 'catkin_skip_building_tests': False, 'cmake_args': None, 'cmake_clean_cache': False, 'cmake_clean_first': False, 'cmake_force_configure': False, 'cmake_target': None, 'cmake_target_skip_unavailable': False, 'install_base': '/root/docker_tello_ros2/tello_ws/install/tello_control', 'merge_install': False, 'path': '/root/docker_tello_ros2/tello_ws/tentone/tello-ros2/workspace/src/tello_control', 'symlink_install': False, 'test_result_base': None}
[0.333s] Level 5:colcon.colcon_core.verb:set package 'tello_msg' build argument 'cmake_args' from command line to 'None'
[0.333s] Level 5:colcon.colcon_core.verb:set package 'tello_msg' build argument 'cmake_target' from command line to 'None'
[0.333s] Level 5:colcon.colcon_core.verb:set package 'tello_msg' build argument 'cmake_target_skip_unavailable' from command line to 'False'
[0.333s] Level 5:colcon.colcon_core.verb:set package 'tello_msg' build argument 'cmake_clean_cache' from command line to 'False'
[0.333s] Level 5:colcon.colcon_core.verb:set package 'tello_msg' build argument 'cmake_clean_first' from command line to 'False'
[0.333s] Level 5:colcon.colcon_core.verb:set package 'tello_msg' build argument 'cmake_force_configure' from command line to 'False'
[0.333s] Level 5:colcon.colcon_core.verb:set package 'tello_msg' build argument 'ament_cmake_args' from command line to 'None'
[0.333s] Level 5:colcon.colcon_core.verb:set package 'tello_msg' build argument 'catkin_cmake_args' from command line to 'None'
[0.333s] Level 5:colcon.colcon_core.verb:set package 'tello_msg' build argument 'catkin_skip_building_tests' from command line to 'False'
[0.333s] DEBUG:colcon.colcon_core.verb:Building package 'tello_msg' with the following arguments: {'ament_cmake_args': None, 'build_base': '/root/docker_tello_ros2/tello_ws/build/tello_msg', 'catkin_cmake_args': None, 'catkin_skip_building_tests': False, 'cmake_args': None, 'cmake_clean_cache': False, 'cmake_clean_first': False, 'cmake_force_configure': False, 'cmake_target': None, 'cmake_target_skip_unavailable': False, 'install_base': '/root/docker_tello_ros2/tello_ws/install/tello_msg', 'merge_install': False, 'path': '/root/docker_tello_ros2/tello_ws/tentone/tello-ros2/workspace/src/tello_msg', 'symlink_install': False, 'test_result_base': None}
[0.334s] Level 5:colcon.colcon_core.verb:set package 'tello' build argument 'cmake_args' from command line to 'None'
[0.334s] Level 5:colcon.colcon_core.verb:set package 'tello' build argument 'cmake_target' from command line to 'None'
[0.334s] Level 5:colcon.colcon_core.verb:set package 'tello' build argument 'cmake_target_skip_unavailable' from command line to 'False'
[0.334s] Level 5:colcon.colcon_core.verb:set package 'tello' build argument 'cmake_clean_cache' from command line to 'False'
[0.334s] Level 5:colcon.colcon_core.verb:set package 'tello' build argument 'cmake_clean_first' from command line to 'False'
[0.334s] Level 5:colcon.colcon_core.verb:set package 'tello' build argument 'cmake_force_configure' from command line to 'False'
[0.334s] Level 5:colcon.colcon_core.verb:set package 'tello' build argument 'ament_cmake_args' from command line to 'None'
[0.334s] Level 5:colcon.colcon_core.verb:set package 'tello' build argument 'catkin_cmake_args' from command line to 'None'
[0.334s] Level 5:colcon.colcon_core.verb:set package 'tello' build argument 'catkin_skip_building_tests' from command line to 'False'
[0.334s] DEBUG:colcon.colcon_core.verb:Building package 'tello' with the following arguments: {'ament_cmake_args': None, 'build_base': '/root/docker_tello_ros2/tello_ws/build/tello', 'catkin_cmake_args': None, 'catkin_skip_building_tests': False, 'cmake_args': None, 'cmake_clean_cache': False, 'cmake_clean_first': False, 'cmake_force_configure': False, 'cmake_target': None, 'cmake_target_skip_unavailable': False, 'install_base': '/root/docker_tello_ros2/tello_ws/install/tello', 'merge_install': False, 'path': '/root/docker_tello_ros2/tello_ws/tentone/tello-ros2/workspace/src/tello', 'symlink_install': False, 'test_result_base': None}
[0.334s] INFO:colcon.colcon_core.executor:Executing jobs using 'parallel' executor
[0.337s] DEBUG:colcon.colcon_parallel_executor.executor.parallel:run_until_complete
[0.337s] INFO:colcon.colcon_ros.task.ament_cmake.build:Building ROS package in '/root/docker_tello_ros2/tello_ws/tentone/tello-ros2/workspace/src/tello_msg' with build type 'ament_cmake'
[0.338s] INFO:colcon.colcon_cmake.task.cmake.build:Building CMake package in '/root/docker_tello_ros2/tello_ws/tentone/tello-ros2/workspace/src/tello_msg'
[0.340s] INFO:colcon.colcon_core.plugin_system:Skipping extension 'colcon_core.shell.bat': Not used on non-Windows systems
[0.341s] INFO:colcon.colcon_core.shell:Skip shell extension 'powershell' for command environment: Not usable outside of PowerShell
[0.341s] DEBUG:colcon.colcon_core.shell:Skip shell extension 'dsv' for command environment
[0.348s] INFO:colcon.colcon_cmake.task.cmake.build:Building CMake package in '/root/docker_tello_ros2/tello_ws/src/tello_pkg'
[0.349s] INFO:colcon.colcon_core.shell:Skip shell extension 'powershell' for command environment: Not usable outside of PowerShell
[0.349s] DEBUG:colcon.colcon_core.shell:Skip shell extension 'dsv' for command environment
[0.356s] INFO:colcon.colcon_ros.task.ament_cmake.build:Building ROS package in '/root/docker_tello_ros2/tello_ws/tentone/tello-ros2/slam/src/orbslam2' with build type 'ament_cmake'
[0.356s] INFO:colcon.colcon_cmake.task.cmake.build:Building CMake package in '/root/docker_tello_ros2/tello_ws/tentone/tello-ros2/slam/src/orbslam2'
[0.357s] INFO:colcon.colcon_core.shell:Skip shell extension 'powershell' for command environment: Not usable outside of PowerShell
[0.357s] DEBUG:colcon.colcon_core.shell:Skip shell extension 'dsv' for command environment
[0.363s] INFO:colcon.colcon_ros.task.ament_cmake.build:Building ROS package in '/root/docker_tello_ros2/tello_ws/tentone/tello-ros2/workspace/src/tello_control' with build type 'ament_cmake'
[0.364s] INFO:colcon.colcon_cmake.task.cmake.build:Building CMake package in '/root/docker_tello_ros2/tello_ws/tentone/tello-ros2/workspace/src/tello_control'
[0.364s] INFO:colcon.colcon_core.shell:Skip shell extension 'powershell' for command environment: Not usable outside of PowerShell
[0.365s] DEBUG:colcon.colcon_core.shell:Skip shell extension 'dsv' for command environment
[0.376s] DEBUG:colcon.colcon_core.event_handler.log_command:Invoking command in '/root/docker_tello_ros2/tello_ws/build/tello_msg': CMAKE_PREFIX_PATH=/opt/ros/foxy /usr/bin/cmake --build /root/docker_tello_ros2/tello_ws/build/tello_msg -- -j8 -l8
[0.392s] DEBUG:colcon.colcon_core.event_handler.log_command:Invoking command in '/root/docker_tello_ros2/tello_ws/build/my_video_package': /usr/bin/cmake /root/docker_tello_ros2/tello_ws/src/tello_pkg -DCMAKE_INSTALL_PREFIX=/root/docker_tello_ros2/tello_ws/install/my_video_package
[0.401s] DEBUG:colcon.colcon_core.event_handler.log_command:Invoking command in '/root/docker_tello_ros2/tello_ws/build/orbslam2': CMAKE_PREFIX_PATH=/opt/ros/foxy /usr/bin/cmake /root/docker_tello_ros2/tello_ws/tentone/tello-ros2/slam/src/orbslam2 -DCMAKE_INSTALL_PREFIX=/root/docker_tello_ros2/tello_ws/install/orbslam2
[0.404s] DEBUG:colcon.colcon_core.event_handler.log_command:Invoking command in '/root/docker_tello_ros2/tello_ws/build/tello_control': CMAKE_PREFIX_PATH=/opt/ros/foxy /usr/bin/cmake --build /root/docker_tello_ros2/tello_ws/build/tello_control -- -j8 -l8
[1.267s] DEBUG:colcon.colcon_core.event_handler.log_command:Invoked command in '/root/docker_tello_ros2/tello_ws/build/my_video_package' returned '1': /usr/bin/cmake /root/docker_tello_ros2/tello_ws/src/tello_pkg -DCMAKE_INSTALL_PREFIX=/root/docker_tello_ros2/tello_ws/install/my_video_package
[9.807s] DEBUG:colcon.colcon_parallel_executor.executor.parallel:closing loop
[9.808s] DEBUG:colcon.colcon_parallel_executor.executor.parallel:loop closed
[9.808s] DEBUG:colcon.colcon_parallel_executor.executor.parallel:run_until_complete finished with '1'
[9.808s] DEBUG:colcon.colcon_core.event_reactor:joining thread
[9.834s] INFO:colcon.colcon_core.plugin_system:Skipping extension 'colcon_notification.desktop_notification.notify_send': Could not find 'notify-send'
[9.834s] INFO:colcon.colcon_core.plugin_system:Skipping extension 'colcon_notification.desktop_notification.terminal_notifier': Not used on non-Darwin systems
[9.834s] INFO:colcon.colcon_core.plugin_system:Skipping extension 'colcon_notification.desktop_notification.win32': Not used on non-Windows systems
[9.834s] INFO:colcon.colcon_notification.desktop_notification:Sending desktop notification using 'notify2'
[9.838s] DEBUG:colcon.colcon_notification.desktop_notification.notify2:Failed to initialize notify2: org.freedesktop.DBus.Error.Spawn.ExecFailed: /usr/bin/dbus-launch terminated abnormally without any error message
[9.839s] DEBUG:colcon.colcon_core.event_reactor:joined thread
[9.839s] INFO:colcon.colcon_core.shell:Creating prefix script '/root/docker_tello_ros2/tello_ws/install/local_setup.ps1'
[9.841s] INFO:colcon.colcon_core.shell:Creating prefix util module '/root/docker_tello_ros2/tello_ws/install/_local_setup_util_ps1.py'
[9.844s] INFO:colcon.colcon_core.shell:Creating prefix chain script '/root/docker_tello_ros2/tello_ws/install/setup.ps1'
[9.847s] INFO:colcon.colcon_core.shell:Creating prefix script '/root/docker_tello_ros2/tello_ws/install/local_setup.sh'
[9.849s] INFO:colcon.colcon_core.shell:Creating prefix util module '/root/docker_tello_ros2/tello_ws/install/_local_setup_util_sh.py'
[9.850s] INFO:colcon.colcon_core.shell:Creating prefix chain script '/root/docker_tello_ros2/tello_ws/install/setup.sh'
[9.853s] INFO:colcon.colcon_core.shell:Creating prefix script '/root/docker_tello_ros2/tello_ws/install/local_setup.bash'
[9.855s] INFO:colcon.colcon_core.shell:Creating prefix chain script '/root/docker_tello_ros2/tello_ws/install/setup.bash'
[9.857s] INFO:colcon.colcon_core.shell:Creating prefix script '/root/docker_tello_ros2/tello_ws/install/local_setup.zsh'
[9.858s] INFO:colcon.colcon_core.shell:Creating prefix chain script '/root/docker_tello_ros2/tello_ws/install/setup.zsh'
