[0.054s] Invoking command in '/root/docker_tello_ros2/tello_ws/build/orbslam2': CMAKE_PREFIX_PATH=/opt/ros/foxy /usr/bin/cmake /root/docker_tello_ros2/tello_ws/tentone/tello-ros2/slam/src/orbslam2 -DCMAKE_INSTALL_PREFIX=/root/docker_tello_ros2/tello_ws/install/orbslam2
[0.476s] -- The C compiler identification is GNU 9.4.0
[0.678s] -- The CXX compiler identification is GNU 9.4.0
[0.698s] -- Check for working C compiler: /usr/bin/cc
[0.811s] -- Check for working C compiler: /usr/bin/cc -- works
[0.814s] -- Detecting C compiler ABI info
[0.949s] -- Detecting C compiler ABI info - done
[0.967s] -- Detecting C compile features
[0.968s] -- Detecting C compile features - done
[0.972s] -- Check for working CXX compiler: /usr/bin/c++
[1.128s] -- Check for working CXX compiler: /usr/bin/c++ -- works
[1.129s] -- Detecting CXX compiler ABI info
[1.241s] -- Detecting CXX compiler ABI info - done
[1.257s] -- Detecting CXX compile features
[1.258s] -- Detecting CXX compile features - done
[1.262s] -- Found ament_cmake: 0.9.12 (/opt/ros/foxy/share/ament_cmake/cmake)
[1.297s] -- Found PythonInterp: /usr/bin/python3 (found suitable version "3.8.10", minimum required is "3") 
[1.297s] -- Using PYTHON_EXECUTABLE: /usr/bin/python3
[1.578s] -- Found rclcpp: 2.4.3 (/opt/ros/foxy/share/rclcpp/cmake)
[1.646s] -- Using all available rosidl_typesupport_c: rosidl_typesupport_fastrtps_c;rosidl_typesupport_introspection_c
[1.653s] -- Found rosidl_adapter: 1.3.1 (/opt/ros/foxy/share/rosidl_adapter/cmake)
[1.838s] -- Found OpenSSL: /usr/lib/x86_64-linux-gnu/libcrypto.so (found version "1.1.1f")  
[1.882s] -- Found FastRTPS: /opt/ros/foxy/include  
[2.009s] -- Using all available rosidl_typesupport_cpp: rosidl_typesupport_fastrtps_cpp;rosidl_typesupport_introspection_cpp
[2.102s] -- Found rmw_implementation_cmake: 1.0.4 (/opt/ros/foxy/share/rmw_implementation_cmake/cmake)
[2.105s] -- Using RMW implementation 'rmw_fastrtps_cpp' as default
[2.108s] -- Looking for pthread.h
[2.266s] -- Looking for pthread.h - found
[2.266s] -- Performing Test CMAKE_HAVE_LIBC_PTHREAD
[2.378s] -- Performing Test CMAKE_HAVE_LIBC_PTHREAD - Failed
[2.379s] -- Looking for pthread_create in pthreads
[2.464s] -- Looking for pthread_create in pthreads - not found
[2.464s] -- Looking for pthread_create in pthread
[2.537s] -- Looking for pthread_create in pthread - found
[2.538s] -- Found Threads: TRUE  
[2.720s] -- Found sensor_msgs: 2.0.5 (/opt/ros/foxy/share/sensor_msgs/cmake)
[2.854s] -- Found visualization_msgs: 2.0.5 (/opt/ros/foxy/share/visualization_msgs/cmake)
[2.939s] -- Found cv_bridge: 3.0.7 (/opt/ros/foxy/share/cv_bridge/cmake)
[2.967s] -- Found message_filters: 3.2.7 (/opt/ros/foxy/share/message_filters/cmake)
[2.995s] -- Found Boost: /usr/lib/x86_64-linux-gnu/cmake/Boost-1.71.0/BoostConfig.cmake (found version "1.71.0") found components: system 
[3.012s] CMake Error at CMakeLists.txt:24 (find_package):
[3.012s]   Could not find a configuration file for package "OpenCV" that is compatible
[3.012s]   with requested version "3".
[3.012s] 
[3.013s]   The following configuration files were considered but not accepted:
[3.013s] 
[3.013s]     /usr/lib/x86_64-linux-gnu/cmake/opencv4/OpenCVConfig.cmake, version: 4.2.0
[3.013s]     /lib/x86_64-linux-gnu/cmake/opencv4/OpenCVConfig.cmake, version: 4.2.0
[3.013s] 
[3.013s] 
[3.013s] 
[3.014s] -- Configuring incomplete, errors occurred!
[3.014s] See also "/root/docker_tello_ros2/tello_ws/build/orbslam2/CMakeFiles/CMakeOutput.log".
[3.014s] See also "/root/docker_tello_ros2/tello_ws/build/orbslam2/CMakeFiles/CMakeError.log".
