[  2%] Built target tello_msg__cpp
[ 12%] Built target tello_msg__rosidl_generator_c
[ 23%] Built target tello_msg__rosidl_typesupport_introspection_cpp
[ 34%] Built target tello_msg__rosidl_typesupport_fastrtps_cpp
[ 44%] Built target tello_msg__rosidl_typesupport_cpp
[ 55%] Built target tello_msg__rosidl_typesupport_introspection_c
[ 65%] Built target tello_msg__rosidl_typesupport_c
[ 76%] Built target tello_msg__rosidl_typesupport_fastrtps_c
[ 76%] Built target tello_msg
[ 78%] Built target tello_msg__py
[ 87%] Built target tello_msg__python
[100%] Built target tello_msg__rosidl_typesupport_introspection_c__pyext
[100%] Built target tello_msg__rosidl_typesupport_c__pyext
[100%] Built target tello_msg__rosidl_typesupport_fastrtps_c__pyext
-- Install configuration: ""
-- Installing: /root/docker_tello_ros2/tello_ws/install/tello_msg/share/ament_index/resource_index/rosidl_interfaces/tello_msg
-- Installing: /root/docker_tello_ros2/tello_ws/install/tello_msg/include/tello_msg
-- Installing: /root/docker_tello_ros2/tello_ws/install/tello_msg/include/tello_msg/msg
-- Installing: /root/docker_tello_ros2/tello_ws/install/tello_msg/include/tello_msg/msg/tello_id.h
-- Installing: /root/docker_tello_ros2/tello_ws/install/tello_msg/include/tello_msg/msg/rosidl_generator_c__visibility_control.h
-- Installing: /root/docker_tello_ros2/tello_ws/install/tello_msg/include/tello_msg/msg/tello_status.h
-- Installing: /root/docker_tello_ros2/tello_ws/install/tello_msg/include/tello_msg/msg/detail
-- Installing: /root/docker_tello_ros2/tello_ws/install/tello_msg/include/tello_msg/msg/detail/tello_status__functions.c
-- Installing: /root/docker_tello_ros2/tello_ws/install/tello_msg/include/tello_msg/msg/detail/tello_wifi_config__functions.c
-- Installing: /root/docker_tello_ros2/tello_ws/install/tello_msg/include/tello_msg/msg/detail/tello_id__type_support.h
-- Installing: /root/docker_tello_ros2/tello_ws/install/tello_msg/include/tello_msg/msg/detail/tello_status__functions.h
-- Installing: /root/docker_tello_ros2/tello_ws/install/tello_msg/include/tello_msg/msg/detail/tello_wifi_config__functions.h
-- Installing: /root/docker_tello_ros2/tello_ws/install/tello_msg/include/tello_msg/msg/detail/tello_id__functions.h
-- Installing: /root/docker_tello_ros2/tello_ws/install/tello_msg/include/tello_msg/msg/detail/tello_status__type_support.h
-- Installing: /root/docker_tello_ros2/tello_ws/install/tello_msg/include/tello_msg/msg/detail/tello_status__struct.h
-- Installing: /root/docker_tello_ros2/tello_ws/install/tello_msg/include/tello_msg/msg/detail/tello_id__functions.c
-- Installing: /root/docker_tello_ros2/tello_ws/install/tello_msg/include/tello_msg/msg/detail/tello_id__struct.h
-- Installing: /root/docker_tello_ros2/tello_ws/install/tello_msg/include/tello_msg/msg/detail/tello_wifi_config__type_support.h
-- Installing: /root/docker_tello_ros2/tello_ws/install/tello_msg/include/tello_msg/msg/detail/tello_wifi_config__struct.h
-- Installing: /root/docker_tello_ros2/tello_ws/install/tello_msg/include/tello_msg/msg/tello_wifi_config.h
-- Installing: /root/docker_tello_ros2/tello_ws/install/tello_msg/share/tello_msg/environment/library_path.sh
-- Installing: /root/docker_tello_ros2/tello_ws/install/tello_msg/share/tello_msg/environment/library_path.dsv
-- Installing: /root/docker_tello_ros2/tello_ws/install/tello_msg/lib/libtello_msg__rosidl_generator_c.so
-- Set runtime path of "/root/docker_tello_ros2/tello_ws/install/tello_msg/lib/libtello_msg__rosidl_generator_c.so" to ""
-- Up-to-date: /root/docker_tello_ros2/tello_ws/install/tello_msg/include/tello_msg
-- Up-to-date: /root/docker_tello_ros2/tello_ws/install/tello_msg/include/tello_msg/msg
-- Installing: /root/docker_tello_ros2/tello_ws/install/tello_msg/include/tello_msg/msg/rosidl_typesupport_fastrtps_c__visibility_control.h
-- Up-to-date: /root/docker_tello_ros2/tello_ws/install/tello_msg/include/tello_msg/msg/detail
-- Installing: /root/docker_tello_ros2/tello_ws/install/tello_msg/include/tello_msg/msg/detail/tello_wifi_config__rosidl_typesupport_fastrtps_c.h
-- Installing: /root/docker_tello_ros2/tello_ws/install/tello_msg/include/tello_msg/msg/detail/tello_status__rosidl_typesupport_fastrtps_c.h
-- Installing: /root/docker_tello_ros2/tello_ws/install/tello_msg/include/tello_msg/msg/detail/tello_id__rosidl_typesupport_fastrtps_c.h
-- Installing: /root/docker_tello_ros2/tello_ws/install/tello_msg/lib/libtello_msg__rosidl_typesupport_fastrtps_c.so
-- Set runtime path of "/root/docker_tello_ros2/tello_ws/install/tello_msg/lib/libtello_msg__rosidl_typesupport_fastrtps_c.so" to ""
-- Up-to-date: /root/docker_tello_ros2/tello_ws/install/tello_msg/include/tello_msg
-- Up-to-date: /root/docker_tello_ros2/tello_ws/install/tello_msg/include/tello_msg/msg
-- Installing: /root/docker_tello_ros2/tello_ws/install/tello_msg/include/tello_msg/msg/rosidl_typesupport_fastrtps_cpp__visibility_control.h
-- Up-to-date: /root/docker_tello_ros2/tello_ws/install/tello_msg/include/tello_msg/msg/detail
-- Installing: /root/docker_tello_ros2/tello_ws/install/tello_msg/include/tello_msg/msg/detail/dds_fastrtps
-- Installing: /root/docker_tello_ros2/tello_ws/install/tello_msg/include/tello_msg/msg/detail/tello_wifi_config__rosidl_typesupport_fastrtps_cpp.hpp
-- Installing: /root/docker_tello_ros2/tello_ws/install/tello_msg/include/tello_msg/msg/detail/tello_id__rosidl_typesupport_fastrtps_cpp.hpp
-- Installing: /root/docker_tello_ros2/tello_ws/install/tello_msg/include/tello_msg/msg/detail/tello_status__rosidl_typesupport_fastrtps_cpp.hpp
-- Installing: /root/docker_tello_ros2/tello_ws/install/tello_msg/lib/libtello_msg__rosidl_typesupport_fastrtps_cpp.so
-- Set runtime path of "/root/docker_tello_ros2/tello_ws/install/tello_msg/lib/libtello_msg__rosidl_typesupport_fastrtps_cpp.so" to ""
-- Up-to-date: /root/docker_tello_ros2/tello_ws/install/tello_msg/include/tello_msg
-- Up-to-date: /root/docker_tello_ros2/tello_ws/install/tello_msg/include/tello_msg/msg
-- Installing: /root/docker_tello_ros2/tello_ws/install/tello_msg/include/tello_msg/msg/rosidl_typesupport_introspection_c__visibility_control.h
-- Up-to-date: /root/docker_tello_ros2/tello_ws/install/tello_msg/include/tello_msg/msg/detail
-- Installing: /root/docker_tello_ros2/tello_ws/install/tello_msg/include/tello_msg/msg/detail/tello_wifi_config__type_support.c
-- Installing: /root/docker_tello_ros2/tello_ws/install/tello_msg/include/tello_msg/msg/detail/tello_id__type_support.c
-- Installing: /root/docker_tello_ros2/tello_ws/install/tello_msg/include/tello_msg/msg/detail/tello_status__type_support.c
-- Installing: /root/docker_tello_ros2/tello_ws/install/tello_msg/include/tello_msg/msg/detail/tello_id__rosidl_typesupport_introspection_c.h
-- Installing: /root/docker_tello_ros2/tello_ws/install/tello_msg/include/tello_msg/msg/detail/tello_wifi_config__rosidl_typesupport_introspection_c.h
-- Installing: /root/docker_tello_ros2/tello_ws/install/tello_msg/include/tello_msg/msg/detail/tello_status__rosidl_typesupport_introspection_c.h
-- Installing: /root/docker_tello_ros2/tello_ws/install/tello_msg/lib/libtello_msg__rosidl_typesupport_introspection_c.so
-- Set runtime path of "/root/docker_tello_ros2/tello_ws/install/tello_msg/lib/libtello_msg__rosidl_typesupport_introspection_c.so" to ""
-- Installing: /root/docker_tello_ros2/tello_ws/install/tello_msg/lib/libtello_msg__rosidl_typesupport_c.so
-- Set runtime path of "/root/docker_tello_ros2/tello_ws/install/tello_msg/lib/libtello_msg__rosidl_typesupport_c.so" to ""
-- Up-to-date: /root/docker_tello_ros2/tello_ws/install/tello_msg/include/tello_msg
-- Up-to-date: /root/docker_tello_ros2/tello_ws/install/tello_msg/include/tello_msg/msg
-- Installing: /root/docker_tello_ros2/tello_ws/install/tello_msg/include/tello_msg/msg/tello_status.hpp
-- Installing: /root/docker_tello_ros2/tello_ws/install/tello_msg/include/tello_msg/msg/tello_wifi_config.hpp
-- Installing: /root/docker_tello_ros2/tello_ws/install/tello_msg/include/tello_msg/msg/rosidl_generator_cpp__visibility_control.hpp
-- Installing: /root/docker_tello_ros2/tello_ws/install/tello_msg/include/tello_msg/msg/tello_id.hpp
-- Up-to-date: /root/docker_tello_ros2/tello_ws/install/tello_msg/include/tello_msg/msg/detail
-- Installing: /root/docker_tello_ros2/tello_ws/install/tello_msg/include/tello_msg/msg/detail/tello_id__struct.hpp
-- Installing: /root/docker_tello_ros2/tello_ws/install/tello_msg/include/tello_msg/msg/detail/tello_wifi_config__struct.hpp
-- Installing: /root/docker_tello_ros2/tello_ws/install/tello_msg/include/tello_msg/msg/detail/tello_status__type_support.hpp
-- Installing: /root/docker_tello_ros2/tello_ws/install/tello_msg/include/tello_msg/msg/detail/tello_status__struct.hpp
-- Installing: /root/docker_tello_ros2/tello_ws/install/tello_msg/include/tello_msg/msg/detail/tello_id__type_support.hpp
-- Installing: /root/docker_tello_ros2/tello_ws/install/tello_msg/include/tello_msg/msg/detail/tello_wifi_config__type_support.hpp
-- Installing: /root/docker_tello_ros2/tello_ws/install/tello_msg/include/tello_msg/msg/detail/tello_wifi_config__traits.hpp
-- Installing: /root/docker_tello_ros2/tello_ws/install/tello_msg/include/tello_msg/msg/detail/tello_id__traits.hpp
-- Installing: /root/docker_tello_ros2/tello_ws/install/tello_msg/include/tello_msg/msg/detail/tello_status__builder.hpp
-- Installing: /root/docker_tello_ros2/tello_ws/install/tello_msg/include/tello_msg/msg/detail/tello_status__traits.hpp
-- Installing: /root/docker_tello_ros2/tello_ws/install/tello_msg/include/tello_msg/msg/detail/tello_id__builder.hpp
-- Installing: /root/docker_tello_ros2/tello_ws/install/tello_msg/include/tello_msg/msg/detail/tello_wifi_config__builder.hpp
-- Up-to-date: /root/docker_tello_ros2/tello_ws/install/tello_msg/include/tello_msg
-- Up-to-date: /root/docker_tello_ros2/tello_ws/install/tello_msg/include/tello_msg/msg
-- Up-to-date: /root/docker_tello_ros2/tello_ws/install/tello_msg/include/tello_msg/msg/detail
-- Installing: /root/docker_tello_ros2/tello_ws/install/tello_msg/include/tello_msg/msg/detail/tello_status__type_support.cpp
-- Installing: /root/docker_tello_ros2/tello_ws/install/tello_msg/include/tello_msg/msg/detail/tello_status__rosidl_typesupport_introspection_cpp.hpp
-- Installing: /root/docker_tello_ros2/tello_ws/install/tello_msg/include/tello_msg/msg/detail/tello_wifi_config__type_support.cpp
-- Installing: /root/docker_tello_ros2/tello_ws/install/tello_msg/include/tello_msg/msg/detail/tello_id__rosidl_typesupport_introspection_cpp.hpp
-- Installing: /root/docker_tello_ros2/tello_ws/install/tello_msg/include/tello_msg/msg/detail/tello_id__type_support.cpp
-- Installing: /root/docker_tello_ros2/tello_ws/install/tello_msg/include/tello_msg/msg/detail/tello_wifi_config__rosidl_typesupport_introspection_cpp.hpp
-- Installing: /root/docker_tello_ros2/tello_ws/install/tello_msg/lib/libtello_msg__rosidl_typesupport_introspection_cpp.so
-- Set runtime path of "/root/docker_tello_ros2/tello_ws/install/tello_msg/lib/libtello_msg__rosidl_typesupport_introspection_cpp.so" to ""
-- Installing: /root/docker_tello_ros2/tello_ws/install/tello_msg/lib/libtello_msg__rosidl_typesupport_cpp.so
-- Set runtime path of "/root/docker_tello_ros2/tello_ws/install/tello_msg/lib/libtello_msg__rosidl_typesupport_cpp.so" to ""
-- Installing: /root/docker_tello_ros2/tello_ws/install/tello_msg/share/tello_msg/environment/pythonpath.sh
-- Installing: /root/docker_tello_ros2/tello_ws/install/tello_msg/share/tello_msg/environment/pythonpath.dsv
-- Installing: /root/docker_tello_ros2/tello_ws/install/tello_msg/lib/python3.8/site-packages/tello_msg/__init__.py
Compiling '/root/docker_tello_ros2/tello_ws/install/tello_msg/lib/python3.8/site-packages/tello_msg/__init__.py'...
-- Installing: /root/docker_tello_ros2/tello_ws/install/tello_msg/lib/python3.8/site-packages/tello_msg/msg
-- Installing: /root/docker_tello_ros2/tello_ws/install/tello_msg/lib/python3.8/site-packages/tello_msg/msg/_tello_id_s.c
-- Installing: /root/docker_tello_ros2/tello_ws/install/tello_msg/lib/python3.8/site-packages/tello_msg/msg/_tello_wifi_config_s.c
-- Installing: /root/docker_tello_ros2/tello_ws/install/tello_msg/lib/python3.8/site-packages/tello_msg/msg/_tello_id.py
-- Installing: /root/docker_tello_ros2/tello_ws/install/tello_msg/lib/python3.8/site-packages/tello_msg/msg/_tello_status.py
-- Installing: /root/docker_tello_ros2/tello_ws/install/tello_msg/lib/python3.8/site-packages/tello_msg/msg/_tello_status_s.c
-- Installing: /root/docker_tello_ros2/tello_ws/install/tello_msg/lib/python3.8/site-packages/tello_msg/msg/_tello_wifi_config.py
-- Installing: /root/docker_tello_ros2/tello_ws/install/tello_msg/lib/python3.8/site-packages/tello_msg/msg/__init__.py
-- Installing: /root/docker_tello_ros2/tello_ws/install/tello_msg/lib/python3.8/site-packages/tello_msg/tello_msg_s__rosidl_typesupport_fastrtps_c.cpython-38-x86_64-linux-gnu.so
-- Set runtime path of "/root/docker_tello_ros2/tello_ws/install/tello_msg/lib/python3.8/site-packages/tello_msg/tello_msg_s__rosidl_typesupport_fastrtps_c.cpython-38-x86_64-linux-gnu.so" to ""
-- Installing: /root/docker_tello_ros2/tello_ws/install/tello_msg/lib/python3.8/site-packages/tello_msg/tello_msg_s__rosidl_typesupport_introspection_c.cpython-38-x86_64-linux-gnu.so
-- Set runtime path of "/root/docker_tello_ros2/tello_ws/install/tello_msg/lib/python3.8/site-packages/tello_msg/tello_msg_s__rosidl_typesupport_introspection_c.cpython-38-x86_64-linux-gnu.so" to ""
-- Installing: /root/docker_tello_ros2/tello_ws/install/tello_msg/lib/python3.8/site-packages/tello_msg/tello_msg_s__rosidl_typesupport_c.cpython-38-x86_64-linux-gnu.so
-- Set runtime path of "/root/docker_tello_ros2/tello_ws/install/tello_msg/lib/python3.8/site-packages/tello_msg/tello_msg_s__rosidl_typesupport_c.cpython-38-x86_64-linux-gnu.so" to ""
-- Installing: /root/docker_tello_ros2/tello_ws/install/tello_msg/lib/libtello_msg__python.so
-- Set runtime path of "/root/docker_tello_ros2/tello_ws/install/tello_msg/lib/libtello_msg__python.so" to ""
-- Installing: /root/docker_tello_ros2/tello_ws/install/tello_msg/share/tello_msg/msg/TelloStatus.idl
-- Installing: /root/docker_tello_ros2/tello_ws/install/tello_msg/share/tello_msg/msg/TelloID.idl
-- Installing: /root/docker_tello_ros2/tello_ws/install/tello_msg/share/tello_msg/msg/TelloWifiConfig.idl
-- Installing: /root/docker_tello_ros2/tello_ws/install/tello_msg/share/tello_msg/msg/TelloStatus.msg
-- Installing: /root/docker_tello_ros2/tello_ws/install/tello_msg/share/tello_msg/msg/TelloID.msg
-- Installing: /root/docker_tello_ros2/tello_ws/install/tello_msg/share/tello_msg/msg/TelloWifiConfig.msg
-- Installing: /root/docker_tello_ros2/tello_ws/install/tello_msg/share/ament_index/resource_index/package_run_dependencies/tello_msg
-- Installing: /root/docker_tello_ros2/tello_ws/install/tello_msg/share/ament_index/resource_index/parent_prefix_path/tello_msg
-- Installing: /root/docker_tello_ros2/tello_ws/install/tello_msg/share/tello_msg/environment/ament_prefix_path.sh
-- Installing: /root/docker_tello_ros2/tello_ws/install/tello_msg/share/tello_msg/environment/ament_prefix_path.dsv
-- Installing: /root/docker_tello_ros2/tello_ws/install/tello_msg/share/tello_msg/environment/path.sh
-- Installing: /root/docker_tello_ros2/tello_ws/install/tello_msg/share/tello_msg/environment/path.dsv
-- Installing: /root/docker_tello_ros2/tello_ws/install/tello_msg/share/tello_msg/local_setup.bash
-- Installing: /root/docker_tello_ros2/tello_ws/install/tello_msg/share/tello_msg/local_setup.sh
-- Installing: /root/docker_tello_ros2/tello_ws/install/tello_msg/share/tello_msg/local_setup.zsh
-- Installing: /root/docker_tello_ros2/tello_ws/install/tello_msg/share/tello_msg/local_setup.dsv
-- Installing: /root/docker_tello_ros2/tello_ws/install/tello_msg/share/tello_msg/package.dsv
-- Installing: /root/docker_tello_ros2/tello_ws/install/tello_msg/share/ament_index/resource_index/packages/tello_msg
-- Installing: /root/docker_tello_ros2/tello_ws/install/tello_msg/share/tello_msg/cmake/tello_msg__rosidl_generator_cExport.cmake
-- Installing: /root/docker_tello_ros2/tello_ws/install/tello_msg/share/tello_msg/cmake/tello_msg__rosidl_generator_cExport-noconfig.cmake
-- Installing: /root/docker_tello_ros2/tello_ws/install/tello_msg/share/tello_msg/cmake/tello_msg__rosidl_typesupport_introspection_cExport.cmake
-- Installing: /root/docker_tello_ros2/tello_ws/install/tello_msg/share/tello_msg/cmake/tello_msg__rosidl_typesupport_introspection_cExport-noconfig.cmake
-- Installing: /root/docker_tello_ros2/tello_ws/install/tello_msg/share/tello_msg/cmake/tello_msg__rosidl_typesupport_cExport.cmake
-- Installing: /root/docker_tello_ros2/tello_ws/install/tello_msg/share/tello_msg/cmake/tello_msg__rosidl_typesupport_cExport-noconfig.cmake
-- Installing: /root/docker_tello_ros2/tello_ws/install/tello_msg/share/tello_msg/cmake/tello_msg__rosidl_generator_cppExport.cmake
-- Installing: /root/docker_tello_ros2/tello_ws/install/tello_msg/share/tello_msg/cmake/tello_msg__rosidl_typesupport_introspection_cppExport.cmake
-- Installing: /root/docker_tello_ros2/tello_ws/install/tello_msg/share/tello_msg/cmake/tello_msg__rosidl_typesupport_introspection_cppExport-noconfig.cmake
-- Installing: /root/docker_tello_ros2/tello_ws/install/tello_msg/share/tello_msg/cmake/tello_msg__rosidl_typesupport_cppExport.cmake
-- Installing: /root/docker_tello_ros2/tello_ws/install/tello_msg/share/tello_msg/cmake/tello_msg__rosidl_typesupport_cppExport-noconfig.cmake
-- Installing: /root/docker_tello_ros2/tello_ws/install/tello_msg/share/tello_msg/cmake/rosidl_cmake-extras.cmake
-- Installing: /root/docker_tello_ros2/tello_ws/install/tello_msg/share/tello_msg/cmake/ament_cmake_export_dependencies-extras.cmake
-- Installing: /root/docker_tello_ros2/tello_ws/install/tello_msg/share/tello_msg/cmake/ament_cmake_export_libraries-extras.cmake
-- Installing: /root/docker_tello_ros2/tello_ws/install/tello_msg/share/tello_msg/cmake/ament_cmake_export_targets-extras.cmake
-- Installing: /root/docker_tello_ros2/tello_ws/install/tello_msg/share/tello_msg/cmake/ament_cmake_export_include_directories-extras.cmake
-- Installing: /root/docker_tello_ros2/tello_ws/install/tello_msg/share/tello_msg/cmake/rosidl_cmake_export_typesupport_libraries-extras.cmake
-- Installing: /root/docker_tello_ros2/tello_ws/install/tello_msg/share/tello_msg/cmake/rosidl_cmake_export_typesupport_targets-extras.cmake
-- Installing: /root/docker_tello_ros2/tello_ws/install/tello_msg/share/tello_msg/cmake/tello_msgConfig.cmake
-- Installing: /root/docker_tello_ros2/tello_ws/install/tello_msg/share/tello_msg/cmake/tello_msgConfig-version.cmake
-- Installing: /root/docker_tello_ros2/tello_ws/install/tello_msg/share/tello_msg/package.xml
