[0.043s] Invoking command in '/root/docker_tello_ros2/tello_ws/build/tello_msg': CMAKE_PREFIX_PATH=/opt/ros/foxy /usr/bin/cmake --build /root/docker_tello_ros2/tello_ws/build/tello_msg -- -j8 -l8
[0.146s] [  2%] Built target tello_msg__cpp
[0.161s] [ 12%] Built target tello_msg__rosidl_generator_c
[0.192s] [ 23%] Built target tello_msg__rosidl_typesupport_introspection_cpp
[0.197s] [ 34%] Built target tello_msg__rosidl_typesupport_fastrtps_cpp
[0.198s] [ 44%] Built target tello_msg__rosidl_typesupport_cpp
[0.203s] [ 55%] Built target tello_msg__rosidl_typesupport_introspection_c
[0.213s] [ 65%] Built target tello_msg__rosidl_typesupport_c
[0.236s] [ 76%] Built target tello_msg__rosidl_typesupport_fastrtps_c
[0.292s] [ 76%] Built target tello_msg
[0.324s] [ 78%] Built target tello_msg__py
[0.357s] [ 87%] Built target tello_msg__python
[0.394s] [100%] Built target tello_msg__rosidl_typesupport_introspection_c__pyext
[0.394s] [100%] Built target tello_msg__rosidl_typesupport_c__pyext
[0.396s] [100%] Built target tello_msg__rosidl_typesupport_fastrtps_c__pyext
[0.415s] Invoked command in '/root/docker_tello_ros2/tello_ws/build/tello_msg' returned '0': CMAKE_PREFIX_PATH=/opt/ros/foxy /usr/bin/cmake --build /root/docker_tello_ros2/tello_ws/build/tello_msg -- -j8 -l8
[0.580s] Invoking command in '/root/docker_tello_ros2/tello_ws/build/tello_msg': CMAKE_PREFIX_PATH=/opt/ros/foxy /usr/bin/cmake --install /root/docker_tello_ros2/tello_ws/build/tello_msg
[0.596s] -- Install configuration: ""
[0.596s] -- Installing: /root/docker_tello_ros2/tello_ws/install/tello_msg/share/ament_index/resource_index/rosidl_interfaces/tello_msg
[0.597s] -- Installing: /root/docker_tello_ros2/tello_ws/install/tello_msg/include/tello_msg
[0.606s] -- Installing: /root/docker_tello_ros2/tello_ws/install/tello_msg/include/tello_msg/msg
[0.606s] -- Installing: /root/docker_tello_ros2/tello_ws/install/tello_msg/include/tello_msg/msg/tello_id.h
[0.606s] -- Installing: /root/docker_tello_ros2/tello_ws/install/tello_msg/include/tello_msg/msg/rosidl_generator_c__visibility_control.h
[0.607s] -- Installing: /root/docker_tello_ros2/tello_ws/install/tello_msg/include/tello_msg/msg/tello_status.h
[0.607s] -- Installing: /root/docker_tello_ros2/tello_ws/install/tello_msg/include/tello_msg/msg/detail
[0.607s] -- Installing: /root/docker_tello_ros2/tello_ws/install/tello_msg/include/tello_msg/msg/detail/tello_status__functions.c
[0.607s] -- Installing: /root/docker_tello_ros2/tello_ws/install/tello_msg/include/tello_msg/msg/detail/tello_wifi_config__functions.c
[0.607s] -- Installing: /root/docker_tello_ros2/tello_ws/install/tello_msg/include/tello_msg/msg/detail/tello_id__type_support.h
[0.607s] -- Installing: /root/docker_tello_ros2/tello_ws/install/tello_msg/include/tello_msg/msg/detail/tello_status__functions.h
[0.608s] -- Installing: /root/docker_tello_ros2/tello_ws/install/tello_msg/include/tello_msg/msg/detail/tello_wifi_config__functions.h
[0.608s] -- Installing: /root/docker_tello_ros2/tello_ws/install/tello_msg/include/tello_msg/msg/detail/tello_id__functions.h
[0.608s] -- Installing: /root/docker_tello_ros2/tello_ws/install/tello_msg/include/tello_msg/msg/detail/tello_status__type_support.h
[0.608s] -- Installing: /root/docker_tello_ros2/tello_ws/install/tello_msg/include/tello_msg/msg/detail/tello_status__struct.h
[0.608s] -- Installing: /root/docker_tello_ros2/tello_ws/install/tello_msg/include/tello_msg/msg/detail/tello_id__functions.c
[0.608s] -- Installing: /root/docker_tello_ros2/tello_ws/install/tello_msg/include/tello_msg/msg/detail/tello_id__struct.h
[0.608s] -- Installing: /root/docker_tello_ros2/tello_ws/install/tello_msg/include/tello_msg/msg/detail/tello_wifi_config__type_support.h
[0.608s] -- Installing: /root/docker_tello_ros2/tello_ws/install/tello_msg/include/tello_msg/msg/detail/tello_wifi_config__struct.h
[0.608s] -- Installing: /root/docker_tello_ros2/tello_ws/install/tello_msg/include/tello_msg/msg/tello_wifi_config.h
[0.611s] -- Installing: /root/docker_tello_ros2/tello_ws/install/tello_msg/share/tello_msg/environment/library_path.sh
[0.611s] -- Installing: /root/docker_tello_ros2/tello_ws/install/tello_msg/share/tello_msg/environment/library_path.dsv
[0.613s] -- Installing: /root/docker_tello_ros2/tello_ws/install/tello_msg/lib/libtello_msg__rosidl_generator_c.so
[0.613s] -- Set runtime path of "/root/docker_tello_ros2/tello_ws/install/tello_msg/lib/libtello_msg__rosidl_generator_c.so" to ""
[0.613s] -- Up-to-date: /root/docker_tello_ros2/tello_ws/install/tello_msg/include/tello_msg
[0.614s] -- Up-to-date: /root/docker_tello_ros2/tello_ws/install/tello_msg/include/tello_msg/msg
[0.614s] -- Installing: /root/docker_tello_ros2/tello_ws/install/tello_msg/include/tello_msg/msg/rosidl_typesupport_fastrtps_c__visibility_control.h
[0.614s] -- Up-to-date: /root/docker_tello_ros2/tello_ws/install/tello_msg/include/tello_msg/msg/detail
[0.614s] -- Installing: /root/docker_tello_ros2/tello_ws/install/tello_msg/include/tello_msg/msg/detail/tello_wifi_config__rosidl_typesupport_fastrtps_c.h
[0.614s] -- Installing: /root/docker_tello_ros2/tello_ws/install/tello_msg/include/tello_msg/msg/detail/tello_status__rosidl_typesupport_fastrtps_c.h
[0.614s] -- Installing: /root/docker_tello_ros2/tello_ws/install/tello_msg/include/tello_msg/msg/detail/tello_id__rosidl_typesupport_fastrtps_c.h
[0.624s] -- Installing: /root/docker_tello_ros2/tello_ws/install/tello_msg/lib/libtello_msg__rosidl_typesupport_fastrtps_c.so
[0.624s] -- Set runtime path of "/root/docker_tello_ros2/tello_ws/install/tello_msg/lib/libtello_msg__rosidl_typesupport_fastrtps_c.so" to ""
[0.625s] -- Up-to-date: /root/docker_tello_ros2/tello_ws/install/tello_msg/include/tello_msg
[0.625s] -- Up-to-date: /root/docker_tello_ros2/tello_ws/install/tello_msg/include/tello_msg/msg
[0.625s] -- Installing: /root/docker_tello_ros2/tello_ws/install/tello_msg/include/tello_msg/msg/rosidl_typesupport_fastrtps_cpp__visibility_control.h
[0.626s] -- Up-to-date: /root/docker_tello_ros2/tello_ws/install/tello_msg/include/tello_msg/msg/detail
[0.626s] -- Installing: /root/docker_tello_ros2/tello_ws/install/tello_msg/include/tello_msg/msg/detail/dds_fastrtps
[0.626s] -- Installing: /root/docker_tello_ros2/tello_ws/install/tello_msg/include/tello_msg/msg/detail/tello_wifi_config__rosidl_typesupport_fastrtps_cpp.hpp
[0.626s] -- Installing: /root/docker_tello_ros2/tello_ws/install/tello_msg/include/tello_msg/msg/detail/tello_id__rosidl_typesupport_fastrtps_cpp.hpp
[0.626s] -- Installing: /root/docker_tello_ros2/tello_ws/install/tello_msg/include/tello_msg/msg/detail/tello_status__rosidl_typesupport_fastrtps_cpp.hpp
[0.626s] -- Installing: /root/docker_tello_ros2/tello_ws/install/tello_msg/lib/libtello_msg__rosidl_typesupport_fastrtps_cpp.so
[0.627s] -- Set runtime path of "/root/docker_tello_ros2/tello_ws/install/tello_msg/lib/libtello_msg__rosidl_typesupport_fastrtps_cpp.so" to ""
[0.627s] -- Up-to-date: /root/docker_tello_ros2/tello_ws/install/tello_msg/include/tello_msg
[0.627s] -- Up-to-date: /root/docker_tello_ros2/tello_ws/install/tello_msg/include/tello_msg/msg
[0.627s] -- Installing: /root/docker_tello_ros2/tello_ws/install/tello_msg/include/tello_msg/msg/rosidl_typesupport_introspection_c__visibility_control.h
[0.627s] -- Up-to-date: /root/docker_tello_ros2/tello_ws/install/tello_msg/include/tello_msg/msg/detail
[0.627s] -- Installing: /root/docker_tello_ros2/tello_ws/install/tello_msg/include/tello_msg/msg/detail/tello_wifi_config__type_support.c
[0.627s] -- Installing: /root/docker_tello_ros2/tello_ws/install/tello_msg/include/tello_msg/msg/detail/tello_id__type_support.c
[0.628s] -- Installing: /root/docker_tello_ros2/tello_ws/install/tello_msg/include/tello_msg/msg/detail/tello_status__type_support.c
[0.628s] -- Installing: /root/docker_tello_ros2/tello_ws/install/tello_msg/include/tello_msg/msg/detail/tello_id__rosidl_typesupport_introspection_c.h
[0.628s] -- Installing: /root/docker_tello_ros2/tello_ws/install/tello_msg/include/tello_msg/msg/detail/tello_wifi_config__rosidl_typesupport_introspection_c.h
[0.628s] -- Installing: /root/docker_tello_ros2/tello_ws/install/tello_msg/include/tello_msg/msg/detail/tello_status__rosidl_typesupport_introspection_c.h
[0.628s] -- Installing: /root/docker_tello_ros2/tello_ws/install/tello_msg/lib/libtello_msg__rosidl_typesupport_introspection_c.so
[0.640s] -- Set runtime path of "/root/docker_tello_ros2/tello_ws/install/tello_msg/lib/libtello_msg__rosidl_typesupport_introspection_c.so" to ""
[0.640s] -- Installing: /root/docker_tello_ros2/tello_ws/install/tello_msg/lib/libtello_msg__rosidl_typesupport_c.so
[0.641s] -- Set runtime path of "/root/docker_tello_ros2/tello_ws/install/tello_msg/lib/libtello_msg__rosidl_typesupport_c.so" to ""
[0.641s] -- Up-to-date: /root/docker_tello_ros2/tello_ws/install/tello_msg/include/tello_msg
[0.641s] -- Up-to-date: /root/docker_tello_ros2/tello_ws/install/tello_msg/include/tello_msg/msg
[0.641s] -- Installing: /root/docker_tello_ros2/tello_ws/install/tello_msg/include/tello_msg/msg/tello_status.hpp
[0.641s] -- Installing: /root/docker_tello_ros2/tello_ws/install/tello_msg/include/tello_msg/msg/tello_wifi_config.hpp
[0.642s] -- Installing: /root/docker_tello_ros2/tello_ws/install/tello_msg/include/tello_msg/msg/rosidl_generator_cpp__visibility_control.hpp
[0.643s] -- Installing: /root/docker_tello_ros2/tello_ws/install/tello_msg/include/tello_msg/msg/tello_id.hpp
[0.645s] -- Up-to-date: /root/docker_tello_ros2/tello_ws/install/tello_msg/include/tello_msg/msg/detail
[0.645s] -- Installing: /root/docker_tello_ros2/tello_ws/install/tello_msg/include/tello_msg/msg/detail/tello_id__struct.hpp
[0.645s] -- Installing: /root/docker_tello_ros2/tello_ws/install/tello_msg/include/tello_msg/msg/detail/tello_wifi_config__struct.hpp
[0.645s] -- Installing: /root/docker_tello_ros2/tello_ws/install/tello_msg/include/tello_msg/msg/detail/tello_status__type_support.hpp
[0.646s] -- Installing: /root/docker_tello_ros2/tello_ws/install/tello_msg/include/tello_msg/msg/detail/tello_status__struct.hpp
[0.646s] -- Installing: /root/docker_tello_ros2/tello_ws/install/tello_msg/include/tello_msg/msg/detail/tello_id__type_support.hpp
[0.646s] -- Installing: /root/docker_tello_ros2/tello_ws/install/tello_msg/include/tello_msg/msg/detail/tello_wifi_config__type_support.hpp
[0.648s] -- Installing: /root/docker_tello_ros2/tello_ws/install/tello_msg/include/tello_msg/msg/detail/tello_wifi_config__traits.hpp
[0.655s] -- Installing: /root/docker_tello_ros2/tello_ws/install/tello_msg/include/tello_msg/msg/detail/tello_id__traits.hpp
[0.655s] -- Installing: /root/docker_tello_ros2/tello_ws/install/tello_msg/include/tello_msg/msg/detail/tello_status__builder.hpp
[0.656s] -- Installing: /root/docker_tello_ros2/tello_ws/install/tello_msg/include/tello_msg/msg/detail/tello_status__traits.hpp
[0.656s] -- Installing: /root/docker_tello_ros2/tello_ws/install/tello_msg/include/tello_msg/msg/detail/tello_id__builder.hpp
[0.657s] -- Installing: /root/docker_tello_ros2/tello_ws/install/tello_msg/include/tello_msg/msg/detail/tello_wifi_config__builder.hpp
[0.657s] -- Up-to-date: /root/docker_tello_ros2/tello_ws/install/tello_msg/include/tello_msg
[0.657s] -- Up-to-date: /root/docker_tello_ros2/tello_ws/install/tello_msg/include/tello_msg/msg
[0.658s] -- Up-to-date: /root/docker_tello_ros2/tello_ws/install/tello_msg/include/tello_msg/msg/detail
[0.658s] -- Installing: /root/docker_tello_ros2/tello_ws/install/tello_msg/include/tello_msg/msg/detail/tello_status__type_support.cpp
[0.658s] -- Installing: /root/docker_tello_ros2/tello_ws/install/tello_msg/include/tello_msg/msg/detail/tello_status__rosidl_typesupport_introspection_cpp.hpp
[0.658s] -- Installing: /root/docker_tello_ros2/tello_ws/install/tello_msg/include/tello_msg/msg/detail/tello_wifi_config__type_support.cpp
[0.658s] -- Installing: /root/docker_tello_ros2/tello_ws/install/tello_msg/include/tello_msg/msg/detail/tello_id__rosidl_typesupport_introspection_cpp.hpp
[0.658s] -- Installing: /root/docker_tello_ros2/tello_ws/install/tello_msg/include/tello_msg/msg/detail/tello_id__type_support.cpp
[0.658s] -- Installing: /root/docker_tello_ros2/tello_ws/install/tello_msg/include/tello_msg/msg/detail/tello_wifi_config__rosidl_typesupport_introspection_cpp.hpp
[0.659s] -- Installing: /root/docker_tello_ros2/tello_ws/install/tello_msg/lib/libtello_msg__rosidl_typesupport_introspection_cpp.so
[0.659s] -- Set runtime path of "/root/docker_tello_ros2/tello_ws/install/tello_msg/lib/libtello_msg__rosidl_typesupport_introspection_cpp.so" to ""
[0.659s] -- Installing: /root/docker_tello_ros2/tello_ws/install/tello_msg/lib/libtello_msg__rosidl_typesupport_cpp.so
[0.659s] -- Set runtime path of "/root/docker_tello_ros2/tello_ws/install/tello_msg/lib/libtello_msg__rosidl_typesupport_cpp.so" to ""
[0.660s] -- Installing: /root/docker_tello_ros2/tello_ws/install/tello_msg/share/tello_msg/environment/pythonpath.sh
[0.660s] -- Installing: /root/docker_tello_ros2/tello_ws/install/tello_msg/share/tello_msg/environment/pythonpath.dsv
[0.661s] -- Installing: /root/docker_tello_ros2/tello_ws/install/tello_msg/lib/python3.8/site-packages/tello_msg/__init__.py
[0.699s] Compiling '/root/docker_tello_ros2/tello_ws/install/tello_msg/lib/python3.8/site-packages/tello_msg/__init__.py'...
[0.704s] -- Installing: /root/docker_tello_ros2/tello_ws/install/tello_msg/lib/python3.8/site-packages/tello_msg/msg
[0.704s] -- Installing: /root/docker_tello_ros2/tello_ws/install/tello_msg/lib/python3.8/site-packages/tello_msg/msg/_tello_id_s.c
[0.704s] -- Installing: /root/docker_tello_ros2/tello_ws/install/tello_msg/lib/python3.8/site-packages/tello_msg/msg/_tello_wifi_config_s.c
[0.704s] -- Installing: /root/docker_tello_ros2/tello_ws/install/tello_msg/lib/python3.8/site-packages/tello_msg/msg/_tello_id.py
[0.705s] -- Installing: /root/docker_tello_ros2/tello_ws/install/tello_msg/lib/python3.8/site-packages/tello_msg/msg/_tello_status.py
[0.705s] -- Installing: /root/docker_tello_ros2/tello_ws/install/tello_msg/lib/python3.8/site-packages/tello_msg/msg/_tello_status_s.c
[0.705s] -- Installing: /root/docker_tello_ros2/tello_ws/install/tello_msg/lib/python3.8/site-packages/tello_msg/msg/_tello_wifi_config.py
[0.705s] -- Installing: /root/docker_tello_ros2/tello_ws/install/tello_msg/lib/python3.8/site-packages/tello_msg/msg/__init__.py
[0.705s] -- Installing: /root/docker_tello_ros2/tello_ws/install/tello_msg/lib/python3.8/site-packages/tello_msg/tello_msg_s__rosidl_typesupport_fastrtps_c.cpython-38-x86_64-linux-gnu.so
[0.706s] -- Set runtime path of "/root/docker_tello_ros2/tello_ws/install/tello_msg/lib/python3.8/site-packages/tello_msg/tello_msg_s__rosidl_typesupport_fastrtps_c.cpython-38-x86_64-linux-gnu.so" to ""
[0.706s] -- Installing: /root/docker_tello_ros2/tello_ws/install/tello_msg/lib/python3.8/site-packages/tello_msg/tello_msg_s__rosidl_typesupport_introspection_c.cpython-38-x86_64-linux-gnu.so
[0.706s] -- Set runtime path of "/root/docker_tello_ros2/tello_ws/install/tello_msg/lib/python3.8/site-packages/tello_msg/tello_msg_s__rosidl_typesupport_introspection_c.cpython-38-x86_64-linux-gnu.so" to ""
[0.706s] -- Installing: /root/docker_tello_ros2/tello_ws/install/tello_msg/lib/python3.8/site-packages/tello_msg/tello_msg_s__rosidl_typesupport_c.cpython-38-x86_64-linux-gnu.so
[0.708s] -- Set runtime path of "/root/docker_tello_ros2/tello_ws/install/tello_msg/lib/python3.8/site-packages/tello_msg/tello_msg_s__rosidl_typesupport_c.cpython-38-x86_64-linux-gnu.so" to ""
[0.708s] -- Installing: /root/docker_tello_ros2/tello_ws/install/tello_msg/lib/libtello_msg__python.so
[0.708s] -- Set runtime path of "/root/docker_tello_ros2/tello_ws/install/tello_msg/lib/libtello_msg__python.so" to ""
[0.708s] -- Installing: /root/docker_tello_ros2/tello_ws/install/tello_msg/share/tello_msg/msg/TelloStatus.idl
[0.709s] -- Installing: /root/docker_tello_ros2/tello_ws/install/tello_msg/share/tello_msg/msg/TelloID.idl
[0.709s] -- Installing: /root/docker_tello_ros2/tello_ws/install/tello_msg/share/tello_msg/msg/TelloWifiConfig.idl
[0.709s] -- Installing: /root/docker_tello_ros2/tello_ws/install/tello_msg/share/tello_msg/msg/TelloStatus.msg
[0.710s] -- Installing: /root/docker_tello_ros2/tello_ws/install/tello_msg/share/tello_msg/msg/TelloID.msg
[0.710s] -- Installing: /root/docker_tello_ros2/tello_ws/install/tello_msg/share/tello_msg/msg/TelloWifiConfig.msg
[0.710s] -- Installing: /root/docker_tello_ros2/tello_ws/install/tello_msg/share/ament_index/resource_index/package_run_dependencies/tello_msg
[0.711s] -- Installing: /root/docker_tello_ros2/tello_ws/install/tello_msg/share/ament_index/resource_index/parent_prefix_path/tello_msg
[0.711s] -- Installing: /root/docker_tello_ros2/tello_ws/install/tello_msg/share/tello_msg/environment/ament_prefix_path.sh
[0.711s] -- Installing: /root/docker_tello_ros2/tello_ws/install/tello_msg/share/tello_msg/environment/ament_prefix_path.dsv
[0.712s] -- Installing: /root/docker_tello_ros2/tello_ws/install/tello_msg/share/tello_msg/environment/path.sh
[0.712s] -- Installing: /root/docker_tello_ros2/tello_ws/install/tello_msg/share/tello_msg/environment/path.dsv
[0.712s] -- Installing: /root/docker_tello_ros2/tello_ws/install/tello_msg/share/tello_msg/local_setup.bash
[0.713s] -- Installing: /root/docker_tello_ros2/tello_ws/install/tello_msg/share/tello_msg/local_setup.sh
[0.713s] -- Installing: /root/docker_tello_ros2/tello_ws/install/tello_msg/share/tello_msg/local_setup.zsh
[0.713s] -- Installing: /root/docker_tello_ros2/tello_ws/install/tello_msg/share/tello_msg/local_setup.dsv
[0.714s] -- Installing: /root/docker_tello_ros2/tello_ws/install/tello_msg/share/tello_msg/package.dsv
[0.714s] -- Installing: /root/docker_tello_ros2/tello_ws/install/tello_msg/share/ament_index/resource_index/packages/tello_msg
[0.714s] -- Installing: /root/docker_tello_ros2/tello_ws/install/tello_msg/share/tello_msg/cmake/tello_msg__rosidl_generator_cExport.cmake
[0.715s] -- Installing: /root/docker_tello_ros2/tello_ws/install/tello_msg/share/tello_msg/cmake/tello_msg__rosidl_generator_cExport-noconfig.cmake
[0.715s] -- Installing: /root/docker_tello_ros2/tello_ws/install/tello_msg/share/tello_msg/cmake/tello_msg__rosidl_typesupport_introspection_cExport.cmake
[0.716s] -- Installing: /root/docker_tello_ros2/tello_ws/install/tello_msg/share/tello_msg/cmake/tello_msg__rosidl_typesupport_introspection_cExport-noconfig.cmake
[0.716s] -- Installing: /root/docker_tello_ros2/tello_ws/install/tello_msg/share/tello_msg/cmake/tello_msg__rosidl_typesupport_cExport.cmake
[0.716s] -- Installing: /root/docker_tello_ros2/tello_ws/install/tello_msg/share/tello_msg/cmake/tello_msg__rosidl_typesupport_cExport-noconfig.cmake
[0.717s] -- Installing: /root/docker_tello_ros2/tello_ws/install/tello_msg/share/tello_msg/cmake/tello_msg__rosidl_generator_cppExport.cmake
[0.718s] -- Installing: /root/docker_tello_ros2/tello_ws/install/tello_msg/share/tello_msg/cmake/tello_msg__rosidl_typesupport_introspection_cppExport.cmake
[0.718s] -- Installing: /root/docker_tello_ros2/tello_ws/install/tello_msg/share/tello_msg/cmake/tello_msg__rosidl_typesupport_introspection_cppExport-noconfig.cmake
[0.718s] -- Installing: /root/docker_tello_ros2/tello_ws/install/tello_msg/share/tello_msg/cmake/tello_msg__rosidl_typesupport_cppExport.cmake
[0.719s] -- Installing: /root/docker_tello_ros2/tello_ws/install/tello_msg/share/tello_msg/cmake/tello_msg__rosidl_typesupport_cppExport-noconfig.cmake
[0.720s] -- Installing: /root/docker_tello_ros2/tello_ws/install/tello_msg/share/tello_msg/cmake/rosidl_cmake-extras.cmake
[0.720s] -- Installing: /root/docker_tello_ros2/tello_ws/install/tello_msg/share/tello_msg/cmake/ament_cmake_export_dependencies-extras.cmake
[0.720s] -- Installing: /root/docker_tello_ros2/tello_ws/install/tello_msg/share/tello_msg/cmake/ament_cmake_export_libraries-extras.cmake
[0.721s] -- Installing: /root/docker_tello_ros2/tello_ws/install/tello_msg/share/tello_msg/cmake/ament_cmake_export_targets-extras.cmake
[0.721s] -- Installing: /root/docker_tello_ros2/tello_ws/install/tello_msg/share/tello_msg/cmake/ament_cmake_export_include_directories-extras.cmake
[0.721s] -- Installing: /root/docker_tello_ros2/tello_ws/install/tello_msg/share/tello_msg/cmake/rosidl_cmake_export_typesupport_libraries-extras.cmake
[0.722s] -- Installing: /root/docker_tello_ros2/tello_ws/install/tello_msg/share/tello_msg/cmake/rosidl_cmake_export_typesupport_targets-extras.cmake
[0.722s] -- Installing: /root/docker_tello_ros2/tello_ws/install/tello_msg/share/tello_msg/cmake/tello_msgConfig.cmake
[0.722s] -- Installing: /root/docker_tello_ros2/tello_ws/install/tello_msg/share/tello_msg/cmake/tello_msgConfig-version.cmake
[0.723s] -- Installing: /root/docker_tello_ros2/tello_ws/install/tello_msg/share/tello_msg/package.xml
[0.727s] Invoked command in '/root/docker_tello_ros2/tello_ws/build/tello_msg' returned '0': CMAKE_PREFIX_PATH=/opt/ros/foxy /usr/bin/cmake --install /root/docker_tello_ros2/tello_ws/build/tello_msg
