[0.586s] Invoking command in '/root/docker_tello_ros2/wrk_src/src/tello_pkg': PYTHONPATH=/root/docker_tello_ros2/wrk_src/build/tello_pkg/prefix_override:/root/docker_tello_ros2/wrk_src/install/tello_pkg/lib/python3.8/site-packages:${PYTHONPATH} /usr/bin/python3 -W ignore:setup.py install is deprecated setup.py egg_info --egg-base ../../build/tello_pkg build --build-base /root/docker_tello_ros2/wrk_src/build/tello_pkg/build install --record /root/docker_tello_ros2/wrk_src/build/tello_pkg/install.log --install-scripts $base/lib/tello_pkg --single-version-externally-managed install_data
[0.769s] running egg_info
[0.769s] writing ../../build/tello_pkg/tello_pkg.egg-info/PKG-INFO
[0.770s] writing dependency_links to ../../build/tello_pkg/tello_pkg.egg-info/dependency_links.txt
[0.770s] writing entry points to ../../build/tello_pkg/tello_pkg.egg-info/entry_points.txt
[0.770s] writing requirements to ../../build/tello_pkg/tello_pkg.egg-info/requires.txt
[0.770s] writing top-level names to ../../build/tello_pkg/tello_pkg.egg-info/top_level.txt
[0.802s] reading manifest file '../../build/tello_pkg/tello_pkg.egg-info/SOURCES.txt'
[0.803s] writing manifest file '../../build/tello_pkg/tello_pkg.egg-info/SOURCES.txt'
[0.804s] running build
[0.804s] running build_py
[0.804s] copying tello_pkg/aruco_node.py -> /root/docker_tello_ros2/wrk_src/build/tello_pkg/build/lib/tello_pkg
[0.804s] copying tello_pkg/camera.py -> /root/docker_tello_ros2/wrk_src/build/tello_pkg/build/lib/tello_pkg
[0.805s] running install
[0.806s] running install_lib
[0.807s] copying /root/docker_tello_ros2/wrk_src/build/tello_pkg/build/lib/tello_pkg/aruco_node.py -> /root/docker_tello_ros2/wrk_src/install/tello_pkg/lib/python3.8/site-packages/tello_pkg
[0.808s] copying /root/docker_tello_ros2/wrk_src/build/tello_pkg/build/lib/tello_pkg/camera.py -> /root/docker_tello_ros2/wrk_src/install/tello_pkg/lib/python3.8/site-packages/tello_pkg
[0.808s] byte-compiling /root/docker_tello_ros2/wrk_src/install/tello_pkg/lib/python3.8/site-packages/tello_pkg/aruco_node.py to aruco_node.cpython-38.pyc
[0.810s] byte-compiling /root/docker_tello_ros2/wrk_src/install/tello_pkg/lib/python3.8/site-packages/tello_pkg/camera.py to camera.cpython-38.pyc
[0.811s] running install_data
[0.811s] copying package.xml -> /root/docker_tello_ros2/wrk_src/install/tello_pkg/share/tello_pkg
[0.812s] running install_egg_info
[0.814s] removing '/root/docker_tello_ros2/wrk_src/install/tello_pkg/lib/python3.8/site-packages/tello_pkg-0.0.0-py3.8.egg-info' (and everything under it)
[0.815s] Copying ../../build/tello_pkg/tello_pkg.egg-info to /root/docker_tello_ros2/wrk_src/install/tello_pkg/lib/python3.8/site-packages/tello_pkg-0.0.0-py3.8.egg-info
[0.816s] running install_scripts
[0.836s] Installing aruco_node script to /root/docker_tello_ros2/wrk_src/install/tello_pkg/lib/tello_pkg
[0.836s] Installing camera script to /root/docker_tello_ros2/wrk_src/install/tello_pkg/lib/tello_pkg
[0.836s] Installing detect_marker script to /root/docker_tello_ros2/wrk_src/install/tello_pkg/lib/tello_pkg
[0.836s] Installing frame_pub script to /root/docker_tello_ros2/wrk_src/install/tello_pkg/lib/tello_pkg
[0.836s] writing list of installed files to '/root/docker_tello_ros2/wrk_src/build/tello_pkg/install.log'
[0.859s] Invoked command in '/root/docker_tello_ros2/wrk_src/src/tello_pkg' returned '0': PYTHONPATH=/root/docker_tello_ros2/wrk_src/build/tello_pkg/prefix_override:/root/docker_tello_ros2/wrk_src/install/tello_pkg/lib/python3.8/site-packages:${PYTHONPATH} /usr/bin/python3 -W ignore:setup.py install is deprecated setup.py egg_info --egg-base ../../build/tello_pkg build --build-base /root/docker_tello_ros2/wrk_src/build/tello_pkg/build install --record /root/docker_tello_ros2/wrk_src/build/tello_pkg/install.log --install-scripts $base/lib/tello_pkg --single-version-externally-managed install_data
