[0.717s] Invoking command in '/root/docker_tello_ros2/tello_ws/src/tello_pkg': PYTHONPATH=/root/docker_tello_ros2/tello_ws/build/tello_pkg/prefix_override:/root/docker_tello_ros2/tello_ws/install/tello_pkg/lib/python3.8/site-packages:${PYTHONPATH} /usr/bin/python3 -W ignore:setup.py install is deprecated setup.py egg_info --egg-base ../../build/tello_pkg build --build-base /root/docker_tello_ros2/tello_ws/build/tello_pkg/build install --record /root/docker_tello_ros2/tello_ws/build/tello_pkg/install.log --install-scripts $base/lib/tello_pkg --single-version-externally-managed install_data
[0.896s] running egg_info
[0.896s] writing ../../build/tello_pkg/tello_pkg.egg-info/PKG-INFO
[0.898s] writing dependency_links to ../../build/tello_pkg/tello_pkg.egg-info/dependency_links.txt
[0.898s] writing entry points to ../../build/tello_pkg/tello_pkg.egg-info/entry_points.txt
[0.898s] writing requirements to ../../build/tello_pkg/tello_pkg.egg-info/requires.txt
[0.898s] writing top-level names to ../../build/tello_pkg/tello_pkg.egg-info/top_level.txt
[0.935s] reading manifest file '../../build/tello_pkg/tello_pkg.egg-info/SOURCES.txt'
[0.936s] writing manifest file '../../build/tello_pkg/tello_pkg.egg-info/SOURCES.txt'
[0.936s] running build
[0.936s] running build_py
[0.937s] copying tello_pkg/frame_pub.py -> /root/docker_tello_ros2/tello_ws/build/tello_pkg/build/lib/tello_pkg
[0.937s] running install
[0.938s] running install_lib
[0.939s] copying /root/docker_tello_ros2/tello_ws/build/tello_pkg/build/lib/tello_pkg/frame_pub.py -> /root/docker_tello_ros2/tello_ws/install/tello_pkg/lib/python3.8/site-packages/tello_pkg
[0.940s] byte-compiling /root/docker_tello_ros2/tello_ws/install/tello_pkg/lib/python3.8/site-packages/tello_pkg/frame_pub.py to frame_pub.cpython-38.pyc
[0.941s] running install_data
[0.941s] running install_egg_info
[0.943s] removing '/root/docker_tello_ros2/tello_ws/install/tello_pkg/lib/python3.8/site-packages/tello_pkg-0.0.0-py3.8.egg-info' (and everything under it)
[0.944s] Copying ../../build/tello_pkg/tello_pkg.egg-info to /root/docker_tello_ros2/tello_ws/install/tello_pkg/lib/python3.8/site-packages/tello_pkg-0.0.0-py3.8.egg-info
[0.945s] running install_scripts
[0.960s] Installing detect_marker script to /root/docker_tello_ros2/tello_ws/install/tello_pkg/lib/tello_pkg
[0.961s] Installing frame_pub script to /root/docker_tello_ros2/tello_ws/install/tello_pkg/lib/tello_pkg
[0.961s] writing list of installed files to '/root/docker_tello_ros2/tello_ws/build/tello_pkg/install.log'
[0.979s] Invoked command in '/root/docker_tello_ros2/tello_ws/src/tello_pkg' returned '0': PYTHONPATH=/root/docker_tello_ros2/tello_ws/build/tello_pkg/prefix_override:/root/docker_tello_ros2/tello_ws/install/tello_pkg/lib/python3.8/site-packages:${PYTHONPATH} /usr/bin/python3 -W ignore:setup.py install is deprecated setup.py egg_info --egg-base ../../build/tello_pkg build --build-base /root/docker_tello_ros2/tello_ws/build/tello_pkg/build install --record /root/docker_tello_ros2/tello_ws/build/tello_pkg/install.log --install-scripts $base/lib/tello_pkg --single-version-externally-managed install_data
