running egg_info
creating ../../../build/tello_pkg/tello_pkg.egg-info
writing ../../../build/tello_pkg/tello_pkg.egg-info/PKG-INFO
writing dependency_links to ../../../build/tello_pkg/tello_pkg.egg-info/dependency_links.txt
writing entry points to ../../../build/tello_pkg/tello_pkg.egg-info/entry_points.txt
writing requirements to ../../../build/tello_pkg/tello_pkg.egg-info/requires.txt
writing top-level names to ../../../build/tello_pkg/tello_pkg.egg-info/top_level.txt
writing manifest file '../../../build/tello_pkg/tello_pkg.egg-info/SOURCES.txt'
reading manifest file '../../../build/tello_pkg/tello_pkg.egg-info/SOURCES.txt'
writing manifest file '../../../build/tello_pkg/tello_pkg.egg-info/SOURCES.txt'
running build
running build_py
creating /root/dtello_MD/wrk_src/build/tello_pkg/build
creating /root/dtello_MD/wrk_src/build/tello_pkg/build/lib
creating /root/dtello_MD/wrk_src/build/tello_pkg/build/lib/tello_pkg
copying tello_pkg/camera.py -> /root/dtello_MD/wrk_src/build/tello_pkg/build/lib/tello_pkg
copying tello_pkg/frame_pub.py -> /root/dtello_MD/wrk_src/build/tello_pkg/build/lib/tello_pkg
copying tello_pkg/aruco_node.py -> /root/dtello_MD/wrk_src/build/tello_pkg/build/lib/tello_pkg
copying tello_pkg/detect_marker_template.py -> /root/dtello_MD/wrk_src/build/tello_pkg/build/lib/tello_pkg
copying tello_pkg/__init__.py -> /root/dtello_MD/wrk_src/build/tello_pkg/build/lib/tello_pkg
copying tello_pkg/detect_marker.py -> /root/dtello_MD/wrk_src/build/tello_pkg/build/lib/tello_pkg
copying tello_pkg/camera_usb.py -> /root/dtello_MD/wrk_src/build/tello_pkg/build/lib/tello_pkg
running install
running install_lib
creating /root/dtello_MD/wrk_src/install/tello_pkg/lib/python3.8/site-packages/tello_pkg
copying /root/dtello_MD/wrk_src/build/tello_pkg/build/lib/tello_pkg/camera.py -> /root/dtello_MD/wrk_src/install/tello_pkg/lib/python3.8/site-packages/tello_pkg
copying /root/dtello_MD/wrk_src/build/tello_pkg/build/lib/tello_pkg/frame_pub.py -> /root/dtello_MD/wrk_src/install/tello_pkg/lib/python3.8/site-packages/tello_pkg
copying /root/dtello_MD/wrk_src/build/tello_pkg/build/lib/tello_pkg/aruco_node.py -> /root/dtello_MD/wrk_src/install/tello_pkg/lib/python3.8/site-packages/tello_pkg
copying /root/dtello_MD/wrk_src/build/tello_pkg/build/lib/tello_pkg/detect_marker_template.py -> /root/dtello_MD/wrk_src/install/tello_pkg/lib/python3.8/site-packages/tello_pkg
copying /root/dtello_MD/wrk_src/build/tello_pkg/build/lib/tello_pkg/__init__.py -> /root/dtello_MD/wrk_src/install/tello_pkg/lib/python3.8/site-packages/tello_pkg
copying /root/dtello_MD/wrk_src/build/tello_pkg/build/lib/tello_pkg/detect_marker.py -> /root/dtello_MD/wrk_src/install/tello_pkg/lib/python3.8/site-packages/tello_pkg
copying /root/dtello_MD/wrk_src/build/tello_pkg/build/lib/tello_pkg/camera_usb.py -> /root/dtello_MD/wrk_src/install/tello_pkg/lib/python3.8/site-packages/tello_pkg
byte-compiling /root/dtello_MD/wrk_src/install/tello_pkg/lib/python3.8/site-packages/tello_pkg/camera.py to camera.cpython-38.pyc
byte-compiling /root/dtello_MD/wrk_src/install/tello_pkg/lib/python3.8/site-packages/tello_pkg/frame_pub.py to frame_pub.cpython-38.pyc
byte-compiling /root/dtello_MD/wrk_src/install/tello_pkg/lib/python3.8/site-packages/tello_pkg/aruco_node.py to aruco_node.cpython-38.pyc
byte-compiling /root/dtello_MD/wrk_src/install/tello_pkg/lib/python3.8/site-packages/tello_pkg/detect_marker_template.py to detect_marker_template.cpython-38.pyc
byte-compiling /root/dtello_MD/wrk_src/install/tello_pkg/lib/python3.8/site-packages/tello_pkg/__init__.py to __init__.cpython-38.pyc
byte-compiling /root/dtello_MD/wrk_src/install/tello_pkg/lib/python3.8/site-packages/tello_pkg/detect_marker.py to detect_marker.cpython-38.pyc
byte-compiling /root/dtello_MD/wrk_src/install/tello_pkg/lib/python3.8/site-packages/tello_pkg/camera_usb.py to camera_usb.cpython-38.pyc
running install_data
creating /root/dtello_MD/wrk_src/install/tello_pkg/share/ament_index
creating /root/dtello_MD/wrk_src/install/tello_pkg/share/ament_index/resource_index
creating /root/dtello_MD/wrk_src/install/tello_pkg/share/ament_index/resource_index/packages
copying resource/tello_pkg -> /root/dtello_MD/wrk_src/install/tello_pkg/share/ament_index/resource_index/packages
copying package.xml -> /root/dtello_MD/wrk_src/install/tello_pkg/share/tello_pkg
running install_egg_info
Copying ../../../build/tello_pkg/tello_pkg.egg-info to /root/dtello_MD/wrk_src/install/tello_pkg/lib/python3.8/site-packages/tello_pkg-0.0.0-py3.8.egg-info
running install_scripts
Installing aruco_node script to /root/dtello_MD/wrk_src/install/tello_pkg/lib/tello_pkg
Installing camera script to /root/dtello_MD/wrk_src/install/tello_pkg/lib/tello_pkg
Installing camera_usb script to /root/dtello_MD/wrk_src/install/tello_pkg/lib/tello_pkg
Installing detect_marker script to /root/dtello_MD/wrk_src/install/tello_pkg/lib/tello_pkg
Installing frame_pub script to /root/dtello_MD/wrk_src/install/tello_pkg/lib/tello_pkg
writing list of installed files to '/root/dtello_MD/wrk_src/build/tello_pkg/install.log'
