[1.013s] Invoking command in '/root/dtello_MD/wrk_src/ros2_aruco/ros2_aruco': PYTHONPATH=/root/dtello_MD/wrk_src/build/ros2_aruco/prefix_override:/usr/lib/python3/dist-packages/colcon_core/task/python/colcon_distutils_commands:/root/dtello_MD/wrk_src/install/ros2_aruco/lib/python3.8/site-packages:${PYTHONPATH} /usr/bin/python3 -W ignore:setup.py install is deprecated setup.py egg_info --egg-base ../../build/ros2_aruco build --build-base /root/dtello_MD/wrk_src/build/ros2_aruco/build install --record /root/dtello_MD/wrk_src/build/ros2_aruco/install.log --single-version-externally-managed install_data
[1.247s] running egg_info
[1.248s] writing ../../build/ros2_aruco/ros2_aruco.egg-info/PKG-INFO
[1.248s] writing dependency_links to ../../build/ros2_aruco/ros2_aruco.egg-info/dependency_links.txt
[1.248s] writing entry points to ../../build/ros2_aruco/ros2_aruco.egg-info/entry_points.txt
[1.249s] writing requirements to ../../build/ros2_aruco/ros2_aruco.egg-info/requires.txt
[1.249s] writing top-level names to ../../build/ros2_aruco/ros2_aruco.egg-info/top_level.txt
[1.281s] reading manifest file '../../build/ros2_aruco/ros2_aruco.egg-info/SOURCES.txt'
[1.282s] writing manifest file '../../build/ros2_aruco/ros2_aruco.egg-info/SOURCES.txt'
[1.282s] running build
[1.282s] running build_py
[1.282s] running install
[1.283s] running install_lib
[1.285s] running install_data
[1.285s] running install_egg_info
[1.287s] removing '/root/dtello_MD/wrk_src/install/ros2_aruco/lib/python3.8/site-packages/ros2_aruco-0.1.0-py3.8.egg-info' (and everything under it)
[1.287s] Copying ../../build/ros2_aruco/ros2_aruco.egg-info to /root/dtello_MD/wrk_src/install/ros2_aruco/lib/python3.8/site-packages/ros2_aruco-0.1.0-py3.8.egg-info
[1.287s] running install_scripts
[1.303s] Installing aruco_generate_marker script to /root/dtello_MD/wrk_src/install/ros2_aruco/lib/ros2_aruco
[1.303s] Installing aruco_node script to /root/dtello_MD/wrk_src/install/ros2_aruco/lib/ros2_aruco
[1.303s] writing list of installed files to '/root/dtello_MD/wrk_src/build/ros2_aruco/install.log'
