[1.309s] Invoking command in '/root/tello_MD/wrk_src/tello_ws/src/tello_pkg': PYTHONPATH=/root/tello_MD/wrk_src/build/tello_pkg/prefix_override:/root/tello_MD/wrk_src/install/tello_pkg/lib/python3.8/site-packages:${PYTHONPATH} /usr/bin/python3 setup.py egg_info --egg-base ../../../build/tello_pkg build --build-base /root/tello_MD/wrk_src/build/tello_pkg/build install --record /root/tello_MD/wrk_src/build/tello_pkg/install.log --install-scripts $base/lib/tello_pkg --single-version-externally-managed
[1.699s] running egg_info
[1.700s] writing ../../../build/tello_pkg/tello_pkg.egg-info/PKG-INFO
[1.700s] writing dependency_links to ../../../build/tello_pkg/tello_pkg.egg-info/dependency_links.txt
[1.701s] writing entry points to ../../../build/tello_pkg/tello_pkg.egg-info/entry_points.txt
[1.701s] writing requirements to ../../../build/tello_pkg/tello_pkg.egg-info/requires.txt
[1.701s] writing top-level names to ../../../build/tello_pkg/tello_pkg.egg-info/top_level.txt
[1.767s] reading manifest file '../../../build/tello_pkg/tello_pkg.egg-info/SOURCES.txt'
[1.768s] writing manifest file '../../../build/tello_pkg/tello_pkg.egg-info/SOURCES.txt'
[1.768s] running build
[1.769s] running build_py
[1.769s] copying tello_pkg/aruco_node.py -> /root/tello_MD/wrk_src/build/tello_pkg/build/lib/tello_pkg
[1.769s] running install
[1.771s] running install_lib
[1.773s] copying /root/tello_MD/wrk_src/build/tello_pkg/build/lib/tello_pkg/aruco_node.py -> /root/tello_MD/wrk_src/install/tello_pkg/lib/python3.8/site-packages/tello_pkg
[1.774s] byte-compiling /root/tello_MD/wrk_src/install/tello_pkg/lib/python3.8/site-packages/tello_pkg/aruco_node.py to aruco_node.cpython-38.pyc
[1.780s] running install_data
[1.781s] running install_egg_info
[1.784s] removing '/root/tello_MD/wrk_src/install/tello_pkg/lib/python3.8/site-packages/tello_pkg-0.0.0-py3.8.egg-info' (and everything under it)
[1.785s] Copying ../../../build/tello_pkg/tello_pkg.egg-info to /root/tello_MD/wrk_src/install/tello_pkg/lib/python3.8/site-packages/tello_pkg-0.0.0-py3.8.egg-info
[1.786s] running install_scripts
[1.831s] Installing aruco_node script to /root/tello_MD/wrk_src/install/tello_pkg/lib/tello_pkg
[1.831s] Installing camera script to /root/tello_MD/wrk_src/install/tello_pkg/lib/tello_pkg
[1.831s] Installing camera_usb script to /root/tello_MD/wrk_src/install/tello_pkg/lib/tello_pkg
[1.831s] Installing detect_marker script to /root/tello_MD/wrk_src/install/tello_pkg/lib/tello_pkg
[1.831s] Installing frame_pub script to /root/tello_MD/wrk_src/install/tello_pkg/lib/tello_pkg
[1.832s] writing list of installed files to '/root/tello_MD/wrk_src/build/tello_pkg/install.log'
[1.888s] Invoked command in '/root/tello_MD/wrk_src/tello_ws/src/tello_pkg' returned '0': PYTHONPATH=/root/tello_MD/wrk_src/build/tello_pkg/prefix_override:/root/tello_MD/wrk_src/install/tello_pkg/lib/python3.8/site-packages:${PYTHONPATH} /usr/bin/python3 setup.py egg_info --egg-base ../../../build/tello_pkg build --build-base /root/tello_MD/wrk_src/build/tello_pkg/build install --record /root/tello_MD/wrk_src/build/tello_pkg/install.log --install-scripts $base/lib/tello_pkg --single-version-externally-managed
