[0.046s] Invoking command in '/root/dtello_MD/wrk_src/build/tello_msg': CMAKE_PREFIX_PATH=/root/dtello_MD/wrk_src/install/tello_pkg:/root/dtello_MD/wrk_src/install/ros2_aruco:/opt/ros/foxy /usr/bin/cmake --build /root/dtello_MD/wrk_src/build/tello_msg -- -j8 -l8
[0.270s] [ 10%] Built target tello_msg__rosidl_generator_c
[0.270s] [ 12%] Built target tello_msg__cpp
[0.270s] [ 23%] Built target tello_msg__rosidl_typesupport_introspection_c
[0.270s] [ 34%] Built target tello_msg__rosidl_typesupport_c
[0.270s] [ 44%] Built target tello_msg__rosidl_typesupport_cpp
[0.270s] [ 55%] Built target tello_msg__rosidl_typesupport_fastrtps_cpp
[0.270s] [ 65%] Built target tello_msg__rosidl_typesupport_introspection_cpp
[0.270s] [ 76%] Built target tello_msg__rosidl_typesupport_fastrtps_c
[0.270s] [ 76%] Built target tello_msg
[0.270s] [ 78%] Built target tello_msg__py
[0.270s] [ 87%] Built target tello_msg__python
[0.274s] [ 95%] Built target tello_msg__rosidl_typesupport_introspection_c__pyext
[0.275s] [100%] Built target tello_msg__rosidl_typesupport_c__pyext
[0.276s] [ 95%] Built target tello_msg__rosidl_typesupport_fastrtps_c__pyext
[0.488s] Invoked command in '/root/dtello_MD/wrk_src/build/tello_msg' returned '0': CMAKE_PREFIX_PATH=/root/dtello_MD/wrk_src/install/tello_pkg:/root/dtello_MD/wrk_src/install/ros2_aruco:/opt/ros/foxy /usr/bin/cmake --build /root/dtello_MD/wrk_src/build/tello_msg -- -j8 -l8
[0.598s] Invoking command in '/root/dtello_MD/wrk_src/build/tello_msg': CMAKE_PREFIX_PATH=/root/dtello_MD/wrk_src/install/tello_pkg:/root/dtello_MD/wrk_src/install/ros2_aruco:/opt/ros/foxy /usr/bin/cmake --install /root/dtello_MD/wrk_src/build/tello_msg
[0.606s] -- Install configuration: ""
[0.607s] -- Up-to-date: /root/dtello_MD/wrk_src/install/tello_msg/share/ament_index/resource_index/rosidl_interfaces/tello_msg
[0.607s] -- Up-to-date: /root/dtello_MD/wrk_src/install/tello_msg/include/tello_msg
[0.607s] -- Up-to-date: /root/dtello_MD/wrk_src/install/tello_msg/include/tello_msg/msg
[0.607s] -- Up-to-date: /root/dtello_MD/wrk_src/install/tello_msg/include/tello_msg/msg/tello_status.h
[0.607s] -- Up-to-date: /root/dtello_MD/wrk_src/install/tello_msg/include/tello_msg/msg/rosidl_generator_c__visibility_control.h
[0.607s] -- Up-to-date: /root/dtello_MD/wrk_src/install/tello_msg/include/tello_msg/msg/tello_id.h
[0.607s] -- Up-to-date: /root/dtello_MD/wrk_src/install/tello_msg/include/tello_msg/msg/tello_wifi_config.h
[0.607s] -- Up-to-date: /root/dtello_MD/wrk_src/install/tello_msg/include/tello_msg/msg/detail
[0.608s] -- Up-to-date: /root/dtello_MD/wrk_src/install/tello_msg/include/tello_msg/msg/detail/tello_status__functions.c
[0.608s] -- Up-to-date: /root/dtello_MD/wrk_src/install/tello_msg/include/tello_msg/msg/detail/tello_id__functions.c
[0.608s] -- Up-to-date: /root/dtello_MD/wrk_src/install/tello_msg/include/tello_msg/msg/detail/tello_status__functions.h
[0.608s] -- Up-to-date: /root/dtello_MD/wrk_src/install/tello_msg/include/tello_msg/msg/detail/tello_status__type_support.h
[0.608s] -- Up-to-date: /root/dtello_MD/wrk_src/install/tello_msg/include/tello_msg/msg/detail/tello_wifi_config__type_support.h
[0.608s] -- Up-to-date: /root/dtello_MD/wrk_src/install/tello_msg/include/tello_msg/msg/detail/tello_status__struct.h
[0.608s] -- Up-to-date: /root/dtello_MD/wrk_src/install/tello_msg/include/tello_msg/msg/detail/tello_id__struct.h
[0.608s] -- Up-to-date: /root/dtello_MD/wrk_src/install/tello_msg/include/tello_msg/msg/detail/tello_id__functions.h
[0.608s] -- Up-to-date: /root/dtello_MD/wrk_src/install/tello_msg/include/tello_msg/msg/detail/tello_wifi_config__struct.h
[0.609s] -- Up-to-date: /root/dtello_MD/wrk_src/install/tello_msg/include/tello_msg/msg/detail/tello_wifi_config__functions.h
[0.609s] -- Up-to-date: /root/dtello_MD/wrk_src/install/tello_msg/include/tello_msg/msg/detail/tello_id__type_support.h
[0.609s] -- Up-to-date: /root/dtello_MD/wrk_src/install/tello_msg/include/tello_msg/msg/detail/tello_wifi_config__functions.c
[0.609s] -- Up-to-date: /root/dtello_MD/wrk_src/install/tello_msg/share/tello_msg/environment/library_path.sh
[0.609s] -- Up-to-date: /root/dtello_MD/wrk_src/install/tello_msg/share/tello_msg/environment/library_path.dsv
[0.609s] -- Up-to-date: /root/dtello_MD/wrk_src/install/tello_msg/lib/libtello_msg__rosidl_generator_c.so
[0.609s] -- Up-to-date: /root/dtello_MD/wrk_src/install/tello_msg/include/tello_msg
[0.609s] -- Up-to-date: /root/dtello_MD/wrk_src/install/tello_msg/include/tello_msg/msg
[0.609s] -- Up-to-date: /root/dtello_MD/wrk_src/install/tello_msg/include/tello_msg/msg/rosidl_typesupport_fastrtps_c__visibility_control.h
[0.609s] -- Up-to-date: /root/dtello_MD/wrk_src/install/tello_msg/include/tello_msg/msg/detail
[0.609s] -- Up-to-date: /root/dtello_MD/wrk_src/install/tello_msg/include/tello_msg/msg/detail/tello_wifi_config__rosidl_typesupport_fastrtps_c.h
[0.609s] -- Up-to-date: /root/dtello_MD/wrk_src/install/tello_msg/include/tello_msg/msg/detail/tello_status__rosidl_typesupport_fastrtps_c.h
[0.609s] -- Up-to-date: /root/dtello_MD/wrk_src/install/tello_msg/include/tello_msg/msg/detail/tello_id__rosidl_typesupport_fastrtps_c.h
[0.610s] -- Up-to-date: /root/dtello_MD/wrk_src/install/tello_msg/lib/libtello_msg__rosidl_typesupport_fastrtps_c.so
[0.610s] -- Up-to-date: /root/dtello_MD/wrk_src/install/tello_msg/include/tello_msg
[0.610s] -- Up-to-date: /root/dtello_MD/wrk_src/install/tello_msg/include/tello_msg/msg
[0.610s] -- Up-to-date: /root/dtello_MD/wrk_src/install/tello_msg/include/tello_msg/msg/rosidl_typesupport_fastrtps_cpp__visibility_control.h
[0.610s] -- Up-to-date: /root/dtello_MD/wrk_src/install/tello_msg/include/tello_msg/msg/detail
[0.610s] -- Up-to-date: /root/dtello_MD/wrk_src/install/tello_msg/include/tello_msg/msg/detail/tello_id__rosidl_typesupport_fastrtps_cpp.hpp
[0.610s] -- Up-to-date: /root/dtello_MD/wrk_src/install/tello_msg/include/tello_msg/msg/detail/dds_fastrtps
[0.610s] -- Up-to-date: /root/dtello_MD/wrk_src/install/tello_msg/include/tello_msg/msg/detail/tello_status__rosidl_typesupport_fastrtps_cpp.hpp
[0.610s] -- Up-to-date: /root/dtello_MD/wrk_src/install/tello_msg/include/tello_msg/msg/detail/tello_wifi_config__rosidl_typesupport_fastrtps_cpp.hpp
[0.610s] -- Up-to-date: /root/dtello_MD/wrk_src/install/tello_msg/lib/libtello_msg__rosidl_typesupport_fastrtps_cpp.so
[0.611s] -- Up-to-date: /root/dtello_MD/wrk_src/install/tello_msg/include/tello_msg
[0.611s] -- Up-to-date: /root/dtello_MD/wrk_src/install/tello_msg/include/tello_msg/msg
[0.611s] -- Up-to-date: /root/dtello_MD/wrk_src/install/tello_msg/include/tello_msg/msg/rosidl_typesupport_introspection_c__visibility_control.h
[0.611s] -- Up-to-date: /root/dtello_MD/wrk_src/install/tello_msg/include/tello_msg/msg/detail
[0.611s] -- Up-to-date: /root/dtello_MD/wrk_src/install/tello_msg/include/tello_msg/msg/detail/tello_id__type_support.c
[0.611s] -- Up-to-date: /root/dtello_MD/wrk_src/install/tello_msg/include/tello_msg/msg/detail/tello_wifi_config__rosidl_typesupport_introspection_c.h
[0.611s] -- Up-to-date: /root/dtello_MD/wrk_src/install/tello_msg/include/tello_msg/msg/detail/tello_wifi_config__type_support.c
[0.611s] -- Up-to-date: /root/dtello_MD/wrk_src/install/tello_msg/include/tello_msg/msg/detail/tello_status__rosidl_typesupport_introspection_c.h
[0.611s] -- Up-to-date: /root/dtello_MD/wrk_src/install/tello_msg/include/tello_msg/msg/detail/tello_status__type_support.c
[0.611s] -- Up-to-date: /root/dtello_MD/wrk_src/install/tello_msg/include/tello_msg/msg/detail/tello_id__rosidl_typesupport_introspection_c.h
[0.611s] -- Up-to-date: /root/dtello_MD/wrk_src/install/tello_msg/lib/libtello_msg__rosidl_typesupport_introspection_c.so
[0.611s] -- Up-to-date: /root/dtello_MD/wrk_src/install/tello_msg/lib/libtello_msg__rosidl_typesupport_c.so
[0.612s] -- Up-to-date: /root/dtello_MD/wrk_src/install/tello_msg/include/tello_msg
[0.612s] -- Up-to-date: /root/dtello_MD/wrk_src/install/tello_msg/include/tello_msg/msg
[0.612s] -- Up-to-date: /root/dtello_MD/wrk_src/install/tello_msg/include/tello_msg/msg/rosidl_generator_cpp__visibility_control.hpp
[0.612s] -- Up-to-date: /root/dtello_MD/wrk_src/install/tello_msg/include/tello_msg/msg/tello_wifi_config.hpp
[0.612s] -- Up-to-date: /root/dtello_MD/wrk_src/install/tello_msg/include/tello_msg/msg/tello_status.hpp
[0.612s] -- Up-to-date: /root/dtello_MD/wrk_src/install/tello_msg/include/tello_msg/msg/tello_id.hpp
[0.612s] -- Up-to-date: /root/dtello_MD/wrk_src/install/tello_msg/include/tello_msg/msg/detail
[0.612s] -- Up-to-date: /root/dtello_MD/wrk_src/install/tello_msg/include/tello_msg/msg/detail/tello_status__traits.hpp
[0.612s] -- Up-to-date: /root/dtello_MD/wrk_src/install/tello_msg/include/tello_msg/msg/detail/tello_status__type_support.hpp
[0.612s] -- Up-to-date: /root/dtello_MD/wrk_src/install/tello_msg/include/tello_msg/msg/detail/tello_wifi_config__traits.hpp
[0.612s] -- Up-to-date: /root/dtello_MD/wrk_src/install/tello_msg/include/tello_msg/msg/detail/tello_id__struct.hpp
[0.613s] -- Up-to-date: /root/dtello_MD/wrk_src/install/tello_msg/include/tello_msg/msg/detail/tello_id__builder.hpp
[0.613s] -- Up-to-date: /root/dtello_MD/wrk_src/install/tello_msg/include/tello_msg/msg/detail/tello_wifi_config__builder.hpp
[0.613s] -- Up-to-date: /root/dtello_MD/wrk_src/install/tello_msg/include/tello_msg/msg/detail/tello_wifi_config__type_support.hpp
[0.613s] -- Up-to-date: /root/dtello_MD/wrk_src/install/tello_msg/include/tello_msg/msg/detail/tello_id__type_support.hpp
[0.613s] -- Up-to-date: /root/dtello_MD/wrk_src/install/tello_msg/include/tello_msg/msg/detail/tello_status__builder.hpp
[0.613s] -- Up-to-date: /root/dtello_MD/wrk_src/install/tello_msg/include/tello_msg/msg/detail/tello_status__struct.hpp
[0.613s] -- Up-to-date: /root/dtello_MD/wrk_src/install/tello_msg/include/tello_msg/msg/detail/tello_id__traits.hpp
[0.613s] -- Up-to-date: /root/dtello_MD/wrk_src/install/tello_msg/include/tello_msg/msg/detail/tello_wifi_config__struct.hpp
[0.613s] -- Up-to-date: /root/dtello_MD/wrk_src/install/tello_msg/include/tello_msg
[0.613s] -- Up-to-date: /root/dtello_MD/wrk_src/install/tello_msg/include/tello_msg/msg
[0.613s] -- Up-to-date: /root/dtello_MD/wrk_src/install/tello_msg/include/tello_msg/msg/detail
[0.613s] -- Up-to-date: /root/dtello_MD/wrk_src/install/tello_msg/include/tello_msg/msg/detail/tello_id__type_support.cpp
[0.613s] -- Up-to-date: /root/dtello_MD/wrk_src/install/tello_msg/include/tello_msg/msg/detail/tello_wifi_config__type_support.cpp
[0.614s] -- Up-to-date: /root/dtello_MD/wrk_src/install/tello_msg/include/tello_msg/msg/detail/tello_status__rosidl_typesupport_introspection_cpp.hpp
[0.614s] -- Up-to-date: /root/dtello_MD/wrk_src/install/tello_msg/include/tello_msg/msg/detail/tello_wifi_config__rosidl_typesupport_introspection_cpp.hpp
[0.614s] -- Up-to-date: /root/dtello_MD/wrk_src/install/tello_msg/include/tello_msg/msg/detail/tello_id__rosidl_typesupport_introspection_cpp.hpp
[0.614s] -- Up-to-date: /root/dtello_MD/wrk_src/install/tello_msg/include/tello_msg/msg/detail/tello_status__type_support.cpp
[0.614s] -- Up-to-date: /root/dtello_MD/wrk_src/install/tello_msg/lib/libtello_msg__rosidl_typesupport_introspection_cpp.so
[0.614s] -- Up-to-date: /root/dtello_MD/wrk_src/install/tello_msg/lib/libtello_msg__rosidl_typesupport_cpp.so
[0.614s] -- Up-to-date: /root/dtello_MD/wrk_src/install/tello_msg/share/tello_msg/environment/pythonpath.sh
[0.614s] -- Up-to-date: /root/dtello_MD/wrk_src/install/tello_msg/share/tello_msg/environment/pythonpath.dsv
[0.614s] -- Up-to-date: /root/dtello_MD/wrk_src/install/tello_msg/lib/python3.8/site-packages/tello_msg/__init__.py
[0.656s] -- Up-to-date: /root/dtello_MD/wrk_src/install/tello_msg/lib/python3.8/site-packages/tello_msg/msg
[0.656s] -- Up-to-date: /root/dtello_MD/wrk_src/install/tello_msg/lib/python3.8/site-packages/tello_msg/msg/_tello_id.py
[0.656s] -- Up-to-date: /root/dtello_MD/wrk_src/install/tello_msg/lib/python3.8/site-packages/tello_msg/msg/_tello_status.py
[0.656s] -- Up-to-date: /root/dtello_MD/wrk_src/install/tello_msg/lib/python3.8/site-packages/tello_msg/msg/_tello_wifi_config_s.c
[0.656s] -- Up-to-date: /root/dtello_MD/wrk_src/install/tello_msg/lib/python3.8/site-packages/tello_msg/msg/_tello_wifi_config.py
[0.656s] -- Up-to-date: /root/dtello_MD/wrk_src/install/tello_msg/lib/python3.8/site-packages/tello_msg/msg/_tello_id_s.c
[0.656s] -- Up-to-date: /root/dtello_MD/wrk_src/install/tello_msg/lib/python3.8/site-packages/tello_msg/msg/__init__.py
[0.656s] -- Up-to-date: /root/dtello_MD/wrk_src/install/tello_msg/lib/python3.8/site-packages/tello_msg/msg/_tello_status_s.c
[0.657s] -- Up-to-date: /root/dtello_MD/wrk_src/install/tello_msg/lib/python3.8/site-packages/tello_msg/tello_msg_s__rosidl_typesupport_fastrtps_c.cpython-38-x86_64-linux-gnu.so
[0.657s] -- Up-to-date: /root/dtello_MD/wrk_src/install/tello_msg/lib/python3.8/site-packages/tello_msg/tello_msg_s__rosidl_typesupport_introspection_c.cpython-38-x86_64-linux-gnu.so
[0.657s] -- Up-to-date: /root/dtello_MD/wrk_src/install/tello_msg/lib/python3.8/site-packages/tello_msg/tello_msg_s__rosidl_typesupport_c.cpython-38-x86_64-linux-gnu.so
[0.657s] -- Up-to-date: /root/dtello_MD/wrk_src/install/tello_msg/lib/libtello_msg__python.so
[0.657s] -- Up-to-date: /root/dtello_MD/wrk_src/install/tello_msg/share/tello_msg/msg/TelloStatus.idl
[0.657s] -- Up-to-date: /root/dtello_MD/wrk_src/install/tello_msg/share/tello_msg/msg/TelloID.idl
[0.657s] -- Up-to-date: /root/dtello_MD/wrk_src/install/tello_msg/share/tello_msg/msg/TelloWifiConfig.idl
[0.657s] -- Up-to-date: /root/dtello_MD/wrk_src/install/tello_msg/share/tello_msg/msg/TelloStatus.msg
[0.657s] -- Up-to-date: /root/dtello_MD/wrk_src/install/tello_msg/share/tello_msg/msg/TelloID.msg
[0.657s] -- Up-to-date: /root/dtello_MD/wrk_src/install/tello_msg/share/tello_msg/msg/TelloWifiConfig.msg
[0.658s] -- Up-to-date: /root/dtello_MD/wrk_src/install/tello_msg/share/ament_index/resource_index/package_run_dependencies/tello_msg
[0.658s] -- Up-to-date: /root/dtello_MD/wrk_src/install/tello_msg/share/ament_index/resource_index/parent_prefix_path/tello_msg
[0.658s] -- Up-to-date: /root/dtello_MD/wrk_src/install/tello_msg/share/tello_msg/environment/ament_prefix_path.sh
[0.658s] -- Up-to-date: /root/dtello_MD/wrk_src/install/tello_msg/share/tello_msg/environment/ament_prefix_path.dsv
[0.658s] -- Up-to-date: /root/dtello_MD/wrk_src/install/tello_msg/share/tello_msg/environment/path.sh
[0.658s] -- Up-to-date: /root/dtello_MD/wrk_src/install/tello_msg/share/tello_msg/environment/path.dsv
[0.658s] -- Up-to-date: /root/dtello_MD/wrk_src/install/tello_msg/share/tello_msg/local_setup.bash
[0.658s] -- Up-to-date: /root/dtello_MD/wrk_src/install/tello_msg/share/tello_msg/local_setup.sh
[0.659s] -- Up-to-date: /root/dtello_MD/wrk_src/install/tello_msg/share/tello_msg/local_setup.zsh
[0.660s] -- Up-to-date: /root/dtello_MD/wrk_src/install/tello_msg/share/tello_msg/local_setup.dsv
[0.660s] -- Installing: /root/dtello_MD/wrk_src/install/tello_msg/share/tello_msg/package.dsv
[0.660s] -- Up-to-date: /root/dtello_MD/wrk_src/install/tello_msg/share/ament_index/resource_index/packages/tello_msg
[0.660s] -- Up-to-date: /root/dtello_MD/wrk_src/install/tello_msg/share/tello_msg/cmake/tello_msg__rosidl_generator_cExport.cmake
[0.660s] -- Up-to-date: /root/dtello_MD/wrk_src/install/tello_msg/share/tello_msg/cmake/tello_msg__rosidl_generator_cExport-noconfig.cmake
[0.660s] -- Up-to-date: /root/dtello_MD/wrk_src/install/tello_msg/share/tello_msg/cmake/tello_msg__rosidl_typesupport_introspection_cExport.cmake
[0.660s] -- Up-to-date: /root/dtello_MD/wrk_src/install/tello_msg/share/tello_msg/cmake/tello_msg__rosidl_typesupport_introspection_cExport-noconfig.cmake
[0.660s] -- Up-to-date: /root/dtello_MD/wrk_src/install/tello_msg/share/tello_msg/cmake/tello_msg__rosidl_typesupport_cExport.cmake
[0.660s] -- Up-to-date: /root/dtello_MD/wrk_src/install/tello_msg/share/tello_msg/cmake/tello_msg__rosidl_typesupport_cExport-noconfig.cmake
[0.660s] -- Up-to-date: /root/dtello_MD/wrk_src/install/tello_msg/share/tello_msg/cmake/tello_msg__rosidl_generator_cppExport.cmake
[0.660s] -- Up-to-date: /root/dtello_MD/wrk_src/install/tello_msg/share/tello_msg/cmake/tello_msg__rosidl_typesupport_introspection_cppExport.cmake
[0.661s] -- Up-to-date: /root/dtello_MD/wrk_src/install/tello_msg/share/tello_msg/cmake/tello_msg__rosidl_typesupport_introspection_cppExport-noconfig.cmake
[0.661s] -- Up-to-date: /root/dtello_MD/wrk_src/install/tello_msg/share/tello_msg/cmake/tello_msg__rosidl_typesupport_cppExport.cmake
[0.661s] -- Up-to-date: /root/dtello_MD/wrk_src/install/tello_msg/share/tello_msg/cmake/tello_msg__rosidl_typesupport_cppExport-noconfig.cmake
[0.661s] -- Up-to-date: /root/dtello_MD/wrk_src/install/tello_msg/share/tello_msg/cmake/rosidl_cmake-extras.cmake
[0.661s] -- Up-to-date: /root/dtello_MD/wrk_src/install/tello_msg/share/tello_msg/cmake/ament_cmake_export_dependencies-extras.cmake
[0.661s] -- Up-to-date: /root/dtello_MD/wrk_src/install/tello_msg/share/tello_msg/cmake/ament_cmake_export_libraries-extras.cmake
[0.661s] -- Up-to-date: /root/dtello_MD/wrk_src/install/tello_msg/share/tello_msg/cmake/ament_cmake_export_targets-extras.cmake
[0.661s] -- Up-to-date: /root/dtello_MD/wrk_src/install/tello_msg/share/tello_msg/cmake/ament_cmake_export_include_directories-extras.cmake
[0.661s] -- Up-to-date: /root/dtello_MD/wrk_src/install/tello_msg/share/tello_msg/cmake/rosidl_cmake_export_typesupport_libraries-extras.cmake
[0.661s] -- Up-to-date: /root/dtello_MD/wrk_src/install/tello_msg/share/tello_msg/cmake/rosidl_cmake_export_typesupport_targets-extras.cmake
[0.661s] -- Up-to-date: /root/dtello_MD/wrk_src/install/tello_msg/share/tello_msg/cmake/tello_msgConfig.cmake
[0.662s] -- Up-to-date: /root/dtello_MD/wrk_src/install/tello_msg/share/tello_msg/cmake/tello_msgConfig-version.cmake
[0.662s] -- Up-to-date: /root/dtello_MD/wrk_src/install/tello_msg/share/tello_msg/package.xml
[0.663s] Invoked command in '/root/dtello_MD/wrk_src/build/tello_msg' returned '0': CMAKE_PREFIX_PATH=/root/dtello_MD/wrk_src/install/tello_pkg:/root/dtello_MD/wrk_src/install/ros2_aruco:/opt/ros/foxy /usr/bin/cmake --install /root/dtello_MD/wrk_src/build/tello_msg
