[0.039s] Invoking command in '/root/dtello_MD/wrk_src/build/tello_msg': CMAKE_PREFIX_PATH=/opt/ros/foxy /usr/bin/cmake --build /root/dtello_MD/wrk_src/build/tello_msg -- -j8 -l8
[0.524s] [35m[1mScanning dependencies of target tello_msg__cpp[0m
[0.524s] [  2%] [34m[1mGenerating C code for ROS interfaces[0m
[0.524s] [  4%] [34m[1mGenerating C++ code for ROS interfaces[0m
[0.924s] [  4%] Built target tello_msg__cpp
[0.958s] [  6%] [34m[1mGenerating C++ introspection for ROS interfaces[0m
[0.972s] [  8%] [34m[1mGenerating C++ type support dispatch for ROS interfaces[0m
[1.000s] [ 10%] [34m[1mGenerating C++ type support for eProsima Fast-RTPS[0m
[1.122s] [35m[1mScanning dependencies of target tello_msg__rosidl_generator_c[0m
[1.190s] [ 12%] [32mBuilding C object CMakeFiles/tello_msg__rosidl_generator_c.dir/rosidl_generator_c/tello_msg/msg/detail/tello_status__functions.c.o[0m
[1.217s] [ 14%] [32mBuilding C object CMakeFiles/tello_msg__rosidl_generator_c.dir/rosidl_generator_c/tello_msg/msg/detail/tello_wifi_config__functions.c.o[0m
[1.225s] [ 17%] [32mBuilding C object CMakeFiles/tello_msg__rosidl_generator_c.dir/rosidl_generator_c/tello_msg/msg/detail/tello_id__functions.c.o[0m
[1.511s] [ 19%] [32m[1mLinking C shared library libtello_msg__rosidl_generator_c.so[0m
[1.638s] [ 19%] Built target tello_msg__rosidl_generator_c
[1.696s] [ 21%] [34m[1mGenerating C introspection for ROS interfaces[0m
[1.733s] [ 23%] [34m[1mGenerating C type support dispatch for ROS interfaces[0m
[2.425s] [35m[1mScanning dependencies of target tello_msg__rosidl_typesupport_cpp[0m
[2.482s] [ 25%] [32mBuilding CXX object CMakeFiles/tello_msg__rosidl_typesupport_cpp.dir/rosidl_typesupport_cpp/tello_msg/msg/tello_id__type_support.cpp.o[0m
[2.492s] [ 27%] [32mBuilding CXX object CMakeFiles/tello_msg__rosidl_typesupport_cpp.dir/rosidl_typesupport_cpp/tello_msg/msg/tello_status__type_support.cpp.o[0m
[2.496s] [ 29%] [32mBuilding CXX object CMakeFiles/tello_msg__rosidl_typesupport_cpp.dir/rosidl_typesupport_cpp/tello_msg/msg/tello_wifi_config__type_support.cpp.o[0m
[2.533s] [35m[1mScanning dependencies of target tello_msg__rosidl_typesupport_introspection_cpp[0m
[2.583s] [ 31%] [32mBuilding CXX object CMakeFiles/tello_msg__rosidl_typesupport_introspection_cpp.dir/rosidl_typesupport_introspection_cpp/tello_msg/msg/detail/tello_status__type_support.cpp.o[0m
[2.627s] [ 34%] [32mBuilding CXX object CMakeFiles/tello_msg__rosidl_typesupport_introspection_cpp.dir/rosidl_typesupport_introspection_cpp/tello_msg/msg/detail/tello_id__type_support.cpp.o[0m
[2.944s] [35m[1mScanning dependencies of target tello_msg__rosidl_typesupport_introspection_c[0m
[2.970s] [35m[1mScanning dependencies of target tello_msg__rosidl_typesupport_fastrtps_cpp[0m
[3.019s] [ 36%] [32mBuilding CXX object CMakeFiles/tello_msg__rosidl_typesupport_fastrtps_cpp.dir/rosidl_typesupport_fastrtps_cpp/tello_msg/msg/detail/dds_fastrtps/tello_status__type_support.cpp.o[0m
[3.021s] [ 38%] [32mBuilding C object CMakeFiles/tello_msg__rosidl_typesupport_introspection_c.dir/rosidl_typesupport_introspection_c/tello_msg/msg/detail/tello_status__type_support.c.o[0m
[3.043s] [ 40%] [32mBuilding CXX object CMakeFiles/tello_msg__rosidl_typesupport_fastrtps_cpp.dir/rosidl_typesupport_fastrtps_cpp/tello_msg/msg/detail/dds_fastrtps/tello_id__type_support.cpp.o[0m
[3.203s] [ 42%] [32mBuilding C object CMakeFiles/tello_msg__rosidl_typesupport_introspection_c.dir/rosidl_typesupport_introspection_c/tello_msg/msg/detail/tello_id__type_support.c.o[0m
[3.258s] [ 44%] [32mBuilding CXX object CMakeFiles/tello_msg__rosidl_typesupport_introspection_cpp.dir/rosidl_typesupport_introspection_cpp/tello_msg/msg/detail/tello_wifi_config__type_support.cpp.o[0m
[3.259s] [ 46%] [32mBuilding CXX object CMakeFiles/tello_msg__rosidl_typesupport_fastrtps_cpp.dir/rosidl_typesupport_fastrtps_cpp/tello_msg/msg/detail/dds_fastrtps/tello_wifi_config__type_support.cpp.o[0m
[3.318s] [ 48%] [32mBuilding C object CMakeFiles/tello_msg__rosidl_typesupport_introspection_c.dir/rosidl_typesupport_introspection_c/tello_msg/msg/detail/tello_wifi_config__type_support.c.o[0m
[3.411s] [ 51%] [32m[1mLinking C shared library libtello_msg__rosidl_typesupport_introspection_c.so[0m
[3.470s] [35m[1mScanning dependencies of target tello_msg__rosidl_typesupport_c[0m
[3.480s] [ 53%] [32m[1mLinking CXX shared library libtello_msg__rosidl_typesupport_cpp.so[0m
[3.506s] [ 53%] Built target tello_msg__rosidl_typesupport_introspection_c
[3.514s] [ 55%] [32mBuilding CXX object CMakeFiles/tello_msg__rosidl_typesupport_c.dir/rosidl_typesupport_c/tello_msg/msg/tello_status__type_support.cpp.o[0m
[3.517s] [ 57%] [32mBuilding CXX object CMakeFiles/tello_msg__rosidl_typesupport_c.dir/rosidl_typesupport_c/tello_msg/msg/tello_id__type_support.cpp.o[0m
[3.536s] [ 59%] [32mBuilding CXX object CMakeFiles/tello_msg__rosidl_typesupport_c.dir/rosidl_typesupport_c/tello_msg/msg/tello_wifi_config__type_support.cpp.o[0m
[3.606s] [ 61%] [32m[1mLinking CXX shared library libtello_msg__rosidl_typesupport_c.so[0m
[3.611s] [ 61%] Built target tello_msg__rosidl_typesupport_cpp
[3.684s] [ 61%] Built target tello_msg__rosidl_typesupport_c
[3.824s] [ 63%] [32m[1mLinking CXX shared library libtello_msg__rosidl_typesupport_introspection_cpp.so[0m
[3.909s] [ 63%] Built target tello_msg__rosidl_typesupport_introspection_cpp
[3.932s] [ 65%] [32m[1mLinking CXX shared library libtello_msg__rosidl_typesupport_fastrtps_cpp.so[0m
[4.015s] [ 65%] Built target tello_msg__rosidl_typesupport_fastrtps_cpp
[4.025s] [ 68%] [34m[1mGenerating C type support for eProsima Fast-RTPS[0m
[4.439s] [35m[1mScanning dependencies of target tello_msg__rosidl_typesupport_fastrtps_c[0m
[4.462s] [ 70%] [32mBuilding CXX object CMakeFiles/tello_msg__rosidl_typesupport_fastrtps_c.dir/rosidl_typesupport_fastrtps_c/tello_msg/msg/detail/tello_status__type_support_c.cpp.o[0m
[4.465s] [ 72%] [32mBuilding CXX object CMakeFiles/tello_msg__rosidl_typesupport_fastrtps_c.dir/rosidl_typesupport_fastrtps_c/tello_msg/msg/detail/tello_id__type_support_c.cpp.o[0m
[4.465s] [ 74%] [32mBuilding CXX object CMakeFiles/tello_msg__rosidl_typesupport_fastrtps_c.dir/rosidl_typesupport_fastrtps_c/tello_msg/msg/detail/tello_wifi_config__type_support_c.cpp.o[0m
[4.957s] [ 76%] [32m[1mLinking CXX shared library libtello_msg__rosidl_typesupport_fastrtps_c.so[0m
[5.066s] [ 76%] Built target tello_msg__rosidl_typesupport_fastrtps_c
[5.076s] [35m[1mScanning dependencies of target tello_msg[0m
[5.086s] [ 76%] Built target tello_msg
[5.096s] [35m[1mScanning dependencies of target tello_msg__py[0m
[5.106s] [ 78%] [34m[1mGenerating Python code for ROS interfaces[0m
[5.845s] [ 78%] Built target tello_msg__py
[5.854s] [35m[1mScanning dependencies of target tello_msg__python[0m
[5.874s] [ 80%] [32mBuilding C object CMakeFiles/tello_msg__python.dir/rosidl_generator_py/tello_msg/msg/_tello_wifi_config_s.c.o[0m
[5.875s] [ 85%] [32mBuilding C object CMakeFiles/tello_msg__python.dir/rosidl_generator_py/tello_msg/msg/_tello_status_s.c.o[0m
[5.875s] [ 85%] [32mBuilding C object CMakeFiles/tello_msg__python.dir/rosidl_generator_py/tello_msg/msg/_tello_id_s.c.o[0m
[5.979s] [ 87%] [32m[1mLinking C shared library rosidl_generator_py/tello_msg/libtello_msg__python.so[0m
[6.018s] [ 87%] Built target tello_msg__python
[6.028s] [35m[1mScanning dependencies of target tello_msg__rosidl_typesupport_c__pyext[0m
[6.028s] [35m[1mScanning dependencies of target tello_msg__rosidl_typesupport_introspection_c__pyext[0m
[6.029s] [35m[1mScanning dependencies of target tello_msg__rosidl_typesupport_fastrtps_c__pyext[0m
[6.046s] [ 89%] [32mBuilding C object CMakeFiles/tello_msg__rosidl_typesupport_c__pyext.dir/rosidl_generator_py/tello_msg/_tello_msg_s.ep.rosidl_typesupport_c.c.o[0m
[6.046s] [ 91%] [32mBuilding C object CMakeFiles/tello_msg__rosidl_typesupport_introspection_c__pyext.dir/rosidl_generator_py/tello_msg/_tello_msg_s.ep.rosidl_typesupport_introspection_c.c.o[0m
[6.049s] [ 93%] [32mBuilding C object CMakeFiles/tello_msg__rosidl_typesupport_fastrtps_c__pyext.dir/rosidl_generator_py/tello_msg/_tello_msg_s.ep.rosidl_typesupport_fastrtps_c.c.o[0m
[6.123s] [ 95%] [32m[1mLinking C shared library rosidl_generator_py/tello_msg/tello_msg_s__rosidl_typesupport_c.cpython-38-x86_64-linux-gnu.so[0m
[6.131s] [ 97%] [32m[1mLinking CXX shared library rosidl_generator_py/tello_msg/tello_msg_s__rosidl_typesupport_fastrtps_c.cpython-38-x86_64-linux-gnu.so[0m
[6.142s] [100%] [32m[1mLinking C shared library rosidl_generator_py/tello_msg/tello_msg_s__rosidl_typesupport_introspection_c.cpython-38-x86_64-linux-gnu.so[0m
[6.161s] [100%] Built target tello_msg__rosidl_typesupport_c__pyext
[6.180s] [100%] Built target tello_msg__rosidl_typesupport_introspection_c__pyext
[6.205s] [100%] Built target tello_msg__rosidl_typesupport_fastrtps_c__pyext
