[1.566s] Invoking command in '/root/docker_tello_ros2/wrk_src/src/tello_pkg': PYTHONPATH=/root/docker_tello_ros2/wrk_src/build/tello_pkg/prefix_override:/root/docker_tello_ros2/wrk_src/install/tello_pkg/lib/python3.8/site-packages:${PYTHONPATH} /usr/bin/python3 -W ignore:setup.py install is deprecated setup.py egg_info --egg-base ../../build/tello_pkg build --build-base /root/docker_tello_ros2/wrk_src/build/tello_pkg/build install --record /root/docker_tello_ros2/wrk_src/build/tello_pkg/install.log --install-scripts $base/lib/tello_pkg --single-version-externally-managed install_data
[2.021s] running egg_info
[2.022s] writing ../../build/tello_pkg/tello_pkg.egg-info/PKG-INFO
[2.023s] writing dependency_links to ../../build/tello_pkg/tello_pkg.egg-info/dependency_links.txt
[2.023s] writing entry points to ../../build/tello_pkg/tello_pkg.egg-info/entry_points.txt
[2.023s] writing requirements to ../../build/tello_pkg/tello_pkg.egg-info/requires.txt
[2.024s] writing top-level names to ../../build/tello_pkg/tello_pkg.egg-info/top_level.txt
[2.134s] reading manifest file '../../build/tello_pkg/tello_pkg.egg-info/SOURCES.txt'
[2.137s] writing manifest file '../../build/tello_pkg/tello_pkg.egg-info/SOURCES.txt'
[2.137s] running build
[2.137s] running build_py
[2.138s] running install
[2.142s] running install_lib
[2.149s] running install_data
[2.150s] running install_egg_info
[2.157s] removing '/root/docker_tello_ros2/wrk_src/install/tello_pkg/lib/python3.8/site-packages/tello_pkg-0.0.0-py3.8.egg-info' (and everything under it)
[2.158s] Copying ../../build/tello_pkg/tello_pkg.egg-info to /root/docker_tello_ros2/wrk_src/install/tello_pkg/lib/python3.8/site-packages/tello_pkg-0.0.0-py3.8.egg-info
[2.161s] running install_scripts
[2.222s] Installing aruco_node script to /root/docker_tello_ros2/wrk_src/install/tello_pkg/lib/tello_pkg
[2.223s] Installing camera script to /root/docker_tello_ros2/wrk_src/install/tello_pkg/lib/tello_pkg
[2.224s] Installing detect_marker script to /root/docker_tello_ros2/wrk_src/install/tello_pkg/lib/tello_pkg
[2.225s] Installing frame_pub script to /root/docker_tello_ros2/wrk_src/install/tello_pkg/lib/tello_pkg
[2.227s] writing list of installed files to '/root/docker_tello_ros2/wrk_src/build/tello_pkg/install.log'
[2.277s] Invoked command in '/root/docker_tello_ros2/wrk_src/src/tello_pkg' returned '0': PYTHONPATH=/root/docker_tello_ros2/wrk_src/build/tello_pkg/prefix_override:/root/docker_tello_ros2/wrk_src/install/tello_pkg/lib/python3.8/site-packages:${PYTHONPATH} /usr/bin/python3 -W ignore:setup.py install is deprecated setup.py egg_info --egg-base ../../build/tello_pkg build --build-base /root/docker_tello_ros2/wrk_src/build/tello_pkg/build install --record /root/docker_tello_ros2/wrk_src/build/tello_pkg/install.log --install-scripts $base/lib/tello_pkg --single-version-externally-managed install_data
