[0.041s] Invoking command in '/root/docker_tello_ros2/tello_ws/build/tello_control': CMAKE_PREFIX_PATH=/opt/ros/foxy /usr/bin/cmake --build /root/docker_tello_ros2/tello_ws/build/tello_control -- -j8 -l8
[0.170s] [100%] Built target tello_control
[0.191s] Invoked command in '/root/docker_tello_ros2/tello_ws/build/tello_control' returned '0': CMAKE_PREFIX_PATH=/opt/ros/foxy /usr/bin/cmake --build /root/docker_tello_ros2/tello_ws/build/tello_control -- -j8 -l8
[0.245s] Invoking command in '/root/docker_tello_ros2/tello_ws/build/tello_control': CMAKE_PREFIX_PATH=/opt/ros/foxy /usr/bin/cmake --install /root/docker_tello_ros2/tello_ws/build/tello_control
[0.273s] -- Install configuration: ""
[0.273s] -- Installing: /root/docker_tello_ros2/tello_ws/install/tello_control/lib/tello_control/tello_control
[0.276s] -- Set runtime path of "/root/docker_tello_ros2/tello_ws/install/tello_control/lib/tello_control/tello_control" to ""
[0.276s] -- Installing: /root/docker_tello_ros2/tello_ws/install/tello_control/share/ament_index/resource_index/package_run_dependencies/tello_control
[0.277s] -- Installing: /root/docker_tello_ros2/tello_ws/install/tello_control/share/ament_index/resource_index/parent_prefix_path/tello_control
[0.278s] -- Installing: /root/docker_tello_ros2/tello_ws/install/tello_control/share/tello_control/environment/ament_prefix_path.sh
[0.278s] -- Installing: /root/docker_tello_ros2/tello_ws/install/tello_control/share/tello_control/environment/ament_prefix_path.dsv
[0.279s] -- Installing: /root/docker_tello_ros2/tello_ws/install/tello_control/share/tello_control/environment/path.sh
[0.279s] -- Installing: /root/docker_tello_ros2/tello_ws/install/tello_control/share/tello_control/environment/path.dsv
[0.280s] -- Installing: /root/docker_tello_ros2/tello_ws/install/tello_control/share/tello_control/local_setup.bash
[0.281s] -- Installing: /root/docker_tello_ros2/tello_ws/install/tello_control/share/tello_control/local_setup.sh
[0.281s] -- Installing: /root/docker_tello_ros2/tello_ws/install/tello_control/share/tello_control/local_setup.zsh
[0.282s] -- Installing: /root/docker_tello_ros2/tello_ws/install/tello_control/share/tello_control/local_setup.dsv
[0.282s] -- Installing: /root/docker_tello_ros2/tello_ws/install/tello_control/share/tello_control/package.dsv
[0.283s] -- Installing: /root/docker_tello_ros2/tello_ws/install/tello_control/share/ament_index/resource_index/packages/tello_control
[0.284s] -- Installing: /root/docker_tello_ros2/tello_ws/install/tello_control/share/tello_control/cmake/tello_controlConfig.cmake
[0.284s] -- Installing: /root/docker_tello_ros2/tello_ws/install/tello_control/share/tello_control/cmake/tello_controlConfig-version.cmake
[0.285s] -- Installing: /root/docker_tello_ros2/tello_ws/install/tello_control/share/tello_control/package.xml
[0.288s] Invoked command in '/root/docker_tello_ros2/tello_ws/build/tello_control' returned '0': CMAKE_PREFIX_PATH=/opt/ros/foxy /usr/bin/cmake --install /root/docker_tello_ros2/tello_ws/build/tello_control
