/root/docker_tello_ros2/wrk_src/install/tello_pkg/lib/python3.8/site-packages/tello_pkg/aruco_node.py
/root/docker_tello_ros2/wrk_src/install/tello_pkg/lib/python3.8/site-packages/tello_pkg/detect_marker_template.py
/root/docker_tello_ros2/wrk_src/install/tello_pkg/lib/python3.8/site-packages/tello_pkg/frame_pub.py
/root/docker_tello_ros2/wrk_src/install/tello_pkg/lib/python3.8/site-packages/tello_pkg/detect_marker.py
/root/docker_tello_ros2/wrk_src/install/tello_pkg/lib/python3.8/site-packages/tello_pkg/camera_usb.py
/root/docker_tello_ros2/wrk_src/install/tello_pkg/lib/python3.8/site-packages/tello_pkg/camera.py
/root/docker_tello_ros2/wrk_src/install/tello_pkg/lib/python3.8/site-packages/tello_pkg/__init__.py
/root/docker_tello_ros2/wrk_src/install/tello_pkg/lib/python3.8/site-packages/tello_pkg/__pycache__/aruco_node.cpython-38.pyc
/root/docker_tello_ros2/wrk_src/install/tello_pkg/lib/python3.8/site-packages/tello_pkg/__pycache__/detect_marker_template.cpython-38.pyc
/root/docker_tello_ros2/wrk_src/install/tello_pkg/lib/python3.8/site-packages/tello_pkg/__pycache__/frame_pub.cpython-38.pyc
/root/docker_tello_ros2/wrk_src/install/tello_pkg/lib/python3.8/site-packages/tello_pkg/__pycache__/detect_marker.cpython-38.pyc
/root/docker_tello_ros2/wrk_src/install/tello_pkg/lib/python3.8/site-packages/tello_pkg/__pycache__/camera_usb.cpython-38.pyc
/root/docker_tello_ros2/wrk_src/install/tello_pkg/lib/python3.8/site-packages/tello_pkg/__pycache__/camera.cpython-38.pyc
/root/docker_tello_ros2/wrk_src/install/tello_pkg/lib/python3.8/site-packages/tello_pkg/__pycache__/__init__.cpython-38.pyc
/root/docker_tello_ros2/wrk_src/install/tello_pkg/share/ament_index/resource_index/packages/tello_pkg
/root/docker_tello_ros2/wrk_src/install/tello_pkg/share/tello_pkg/package.xml
/root/docker_tello_ros2/wrk_src/install/tello_pkg/lib/python3.8/site-packages/tello_pkg-0.0.0-py3.8.egg-info/SOURCES.txt
/root/docker_tello_ros2/wrk_src/install/tello_pkg/lib/python3.8/site-packages/tello_pkg-0.0.0-py3.8.egg-info/PKG-INFO
/root/docker_tello_ros2/wrk_src/install/tello_pkg/lib/python3.8/site-packages/tello_pkg-0.0.0-py3.8.egg-info/entry_points.txt
/root/docker_tello_ros2/wrk_src/install/tello_pkg/lib/python3.8/site-packages/tello_pkg-0.0.0-py3.8.egg-info/requires.txt
/root/docker_tello_ros2/wrk_src/install/tello_pkg/lib/python3.8/site-packages/tello_pkg-0.0.0-py3.8.egg-info/zip-safe
/root/docker_tello_ros2/wrk_src/install/tello_pkg/lib/python3.8/site-packages/tello_pkg-0.0.0-py3.8.egg-info/dependency_links.txt
/root/docker_tello_ros2/wrk_src/install/tello_pkg/lib/python3.8/site-packages/tello_pkg-0.0.0-py3.8.egg-info/top_level.txt
/root/docker_tello_ros2/wrk_src/install/tello_pkg/lib/tello_pkg/aruco_node
/root/docker_tello_ros2/wrk_src/install/tello_pkg/lib/tello_pkg/camera
/root/docker_tello_ros2/wrk_src/install/tello_pkg/lib/tello_pkg/camera_usb
/root/docker_tello_ros2/wrk_src/install/tello_pkg/lib/tello_pkg/detect_marker
/root/docker_tello_ros2/wrk_src/install/tello_pkg/lib/tello_pkg/frame_pub
