[0.908s] Invoking command in '/root/docker_tello_ros2/wrk_src/src/tello_pkg': PYTHONPATH=/root/docker_tello_ros2/wrk_src/build/tello_pkg/prefix_override:/root/docker_tello_ros2/wrk_src/install/tello_pkg/lib/python3.8/site-packages:${PYTHONPATH} /usr/bin/python3 -W ignore:setup.py install is deprecated setup.py egg_info --egg-base ../../build/tello_pkg build --build-base /root/docker_tello_ros2/wrk_src/build/tello_pkg/build install --record /root/docker_tello_ros2/wrk_src/build/tello_pkg/install.log --install-scripts $base/lib/tello_pkg --single-version-externally-managed install_data
[1.205s] running egg_info
[1.207s] writing ../../build/tello_pkg/tello_pkg.egg-info/PKG-INFO
[1.207s] writing dependency_links to ../../build/tello_pkg/tello_pkg.egg-info/dependency_links.txt
[1.208s] writing entry points to ../../build/tello_pkg/tello_pkg.egg-info/entry_points.txt
[1.208s] writing requirements to ../../build/tello_pkg/tello_pkg.egg-info/requires.txt
[1.209s] writing top-level names to ../../build/tello_pkg/tello_pkg.egg-info/top_level.txt
[1.279s] reading manifest file '../../build/tello_pkg/tello_pkg.egg-info/SOURCES.txt'
[1.280s] writing manifest file '../../build/tello_pkg/tello_pkg.egg-info/SOURCES.txt'
[1.281s] running build
[1.281s] running build_py
[1.281s] copying tello_pkg/detect_marker.py -> /root/docker_tello_ros2/wrk_src/build/tello_pkg/build/lib/tello_pkg
[1.282s] running install
[1.283s] running install_lib
[1.285s] copying /root/docker_tello_ros2/wrk_src/build/tello_pkg/build/lib/tello_pkg/detect_marker.py -> /root/docker_tello_ros2/wrk_src/install/tello_pkg/lib/python3.8/site-packages/tello_pkg
[1.285s] byte-compiling /root/docker_tello_ros2/wrk_src/install/tello_pkg/lib/python3.8/site-packages/tello_pkg/detect_marker.py to detect_marker.cpython-38.pyc
[1.290s] running install_data
[1.290s] running install_egg_info
[1.292s] removing '/root/docker_tello_ros2/wrk_src/install/tello_pkg/lib/python3.8/site-packages/tello_pkg-0.0.0-py3.8.egg-info' (and everything under it)
[1.292s] Copying ../../build/tello_pkg/tello_pkg.egg-info to /root/docker_tello_ros2/wrk_src/install/tello_pkg/lib/python3.8/site-packages/tello_pkg-0.0.0-py3.8.egg-info
[1.294s] running install_scripts
[1.320s] Installing aruco_node script to /root/docker_tello_ros2/wrk_src/install/tello_pkg/lib/tello_pkg
[1.321s] Installing camera script to /root/docker_tello_ros2/wrk_src/install/tello_pkg/lib/tello_pkg
[1.321s] Installing camera_usb script to /root/docker_tello_ros2/wrk_src/install/tello_pkg/lib/tello_pkg
[1.321s] Installing detect_marker script to /root/docker_tello_ros2/wrk_src/install/tello_pkg/lib/tello_pkg
[1.321s] Installing frame_pub script to /root/docker_tello_ros2/wrk_src/install/tello_pkg/lib/tello_pkg
[1.322s] writing list of installed files to '/root/docker_tello_ros2/wrk_src/build/tello_pkg/install.log'
[1.354s] Invoked command in '/root/docker_tello_ros2/wrk_src/src/tello_pkg' returned '0': PYTHONPATH=/root/docker_tello_ros2/wrk_src/build/tello_pkg/prefix_override:/root/docker_tello_ros2/wrk_src/install/tello_pkg/lib/python3.8/site-packages:${PYTHONPATH} /usr/bin/python3 -W ignore:setup.py install is deprecated setup.py egg_info --egg-base ../../build/tello_pkg build --build-base /root/docker_tello_ros2/wrk_src/build/tello_pkg/build install --record /root/docker_tello_ros2/wrk_src/build/tello_pkg/install.log --install-scripts $base/lib/tello_pkg --single-version-externally-managed install_data
