[0.212s] Invoking command in '/root/dtello_MD/wrk_src/build/tello_control': CMAKE_PREFIX_PATH=/opt/ros/foxy /usr/bin/cmake /root/dtello_MD/wrk_src/tello-ros2/workspace/src/tello_control -DCMAKE_INSTALL_PREFIX=/root/dtello_MD/wrk_src/install/tello_control
[0.262s] -- The C compiler identification is GNU 9.4.0
[0.319s] -- The CXX compiler identification is GNU 9.4.0
[0.324s] -- Check for working C compiler: /usr/bin/cc
[0.403s] -- Check for working C compiler: /usr/bin/cc -- works
[0.405s] -- Detecting C compiler ABI info
[0.485s] -- Detecting C compiler ABI info - done
[0.505s] -- Detecting C compile features
[0.506s] -- Detecting C compile features - done
[0.511s] -- Check for working CXX compiler: /usr/bin/c++
[0.637s] -- Check for working CXX compiler: /usr/bin/c++ -- works
[0.637s] -- Detecting CXX compiler ABI info
[0.748s] -- Detecting CXX compiler ABI info - done
[0.764s] -- Detecting CXX compile features
[0.766s] -- Detecting CXX compile features - done
[0.784s] -- Found OpenCV version 4.2.0
[0.787s] -- Found ament_cmake: 0.9.12 (/opt/ros/foxy/share/ament_cmake/cmake)
[0.821s] -- Found PythonInterp: /usr/bin/python3 (found suitable version "3.8.10", minimum required is "3") 
[0.823s] -- Using PYTHON_EXECUTABLE: /usr/bin/python3
[1.076s] -- Found rclcpp: 2.4.3 (/opt/ros/foxy/share/rclcpp/cmake)
[1.137s] -- Using all available rosidl_typesupport_c: rosidl_typesupport_fastrtps_c;rosidl_typesupport_introspection_c
[1.144s] -- Found rosidl_adapter: 1.3.1 (/opt/ros/foxy/share/rosidl_adapter/cmake)
[1.258s] -- Found OpenSSL: /usr/lib/x86_64-linux-gnu/libcrypto.so (found version "1.1.1f")  
[1.299s] -- Found FastRTPS: /opt/ros/foxy/include  
[1.419s] -- Using all available rosidl_typesupport_cpp: rosidl_typesupport_fastrtps_cpp;rosidl_typesupport_introspection_cpp
[1.478s] -- Found rmw_implementation_cmake: 1.0.4 (/opt/ros/foxy/share/rmw_implementation_cmake/cmake)
[1.480s] -- Using RMW implementation 'rmw_fastrtps_cpp' as default
[1.481s] -- Looking for pthread.h
[1.554s] -- Looking for pthread.h - found
[1.554s] -- Performing Test CMAKE_HAVE_LIBC_PTHREAD
[1.621s] -- Performing Test CMAKE_HAVE_LIBC_PTHREAD - Failed
[1.621s] -- Looking for pthread_create in pthreads
[1.678s] -- Looking for pthread_create in pthreads - not found
[1.678s] -- Looking for pthread_create in pthread
[1.749s] -- Looking for pthread_create in pthread - found
[1.751s] -- Found Threads: TRUE  
[1.902s] -- Found geometry_msgs: 2.0.5 (/opt/ros/foxy/share/geometry_msgs/cmake)
[1.989s] -- Configuring done
[2.002s] -- Generating done
[2.004s] -- Build files have been written to: /root/dtello_MD/wrk_src/build/tello_control
