[1.534s] DEBUG:colcon:Command line arguments: ['/usr/bin/colcon', 'build']
[1.535s] DEBUG:colcon:Parsed command line arguments: Namespace(ament_cmake_args=None, base_paths=['.'], build_base='build', catkin_cmake_args=None, catkin_skip_building_tests=False, cmake_args=None, cmake_clean_cache=False, cmake_clean_first=False, cmake_force_configure=False, cmake_target=None, cmake_target_skip_unavailable=False, continue_on_error=False, event_handlers=None, executor='parallel', ignore_user_meta=False, install_base='install', log_base=None, log_level=None, main=<bound method BuildVerb.main of <colcon_core.verb.build.BuildVerb object at 0x7fb0061c5970>>, merge_install=False, metas=['./colcon.meta'], mixin=None, mixin_files=None, mixin_verb=('build',), packages_above=None, packages_above_and_dependencies=None, packages_above_depth=None, packages_end=None, packages_ignore=None, packages_ignore_regex=None, packages_select=None, packages_select_build_failed=False, packages_select_by_dep=None, packages_select_regex=None, packages_select_test_failures=False, packages_skip=None, packages_skip_build_finished=False, packages_skip_by_dep=None, packages_skip_regex=None, packages_skip_test_passed=False, packages_skip_up_to=None, packages_start=None, packages_up_to=None, packages_up_to_regex=None, parallel_workers=8, paths=None, symlink_install=False, test_result_base=None, verb_extension=<colcon_core.verb.build.BuildVerb object at 0x7fb0061c5970>, verb_name='build', verb_parser=<colcon_mixin.mixin.mixin_argument.MixinArgumentDecorator object at 0x7fb0061d4280>)
[2.013s] Level 1:colcon.colcon_core.package_discovery:discover_packages(colcon_meta) check parameters
[2.020s] INFO:colcon.colcon_metadata.package_discovery.colcon_meta:Using configuration from '/root/.colcon/metadata/default/Gazebo.meta'
[2.022s] INFO:colcon.colcon_metadata.package_discovery.colcon_meta:Using configuration from '/root/.colcon/metadata/default/fastrtps.meta'
[2.023s] Level 1:colcon.colcon_core.package_discovery:discover_packages(recursive) check parameters
[2.023s] Level 1:colcon.colcon_core.package_discovery:discover_packages(ignore) check parameters
[2.023s] Level 1:colcon.colcon_core.package_discovery:discover_packages(path) check parameters
[2.023s] Level 1:colcon.colcon_core.package_discovery:discover_packages(colcon_meta) discover
[2.023s] Level 1:colcon.colcon_core.package_discovery:discover_packages(recursive) discover
[2.024s] INFO:colcon.colcon_core.package_discovery:Crawling recursively for packages in '/root/docker_tello_ros2/wrk_src'
[2.024s] Level 1:colcon.colcon_core.package_identification:_identify(.) by extensions ['ignore', 'ignore_ament_install']
[2.024s] Level 1:colcon.colcon_core.package_identification:_identify(.) by extension 'ignore'
[2.024s] Level 1:colcon.colcon_core.package_identification:_identify(.) by extension 'ignore_ament_install'
[2.024s] Level 1:colcon.colcon_core.package_identification:_identify(.) by extensions ['colcon_pkg']
[2.024s] Level 1:colcon.colcon_core.package_identification:_identify(.) by extension 'colcon_pkg'
[2.024s] Level 1:colcon.colcon_core.package_identification:_identify(.) by extensions ['colcon_meta']
[2.025s] Level 1:colcon.colcon_core.package_identification:_identify(.) by extension 'colcon_meta'
[2.025s] Level 1:colcon.colcon_core.package_identification:_identify(.) by extensions ['ros']
[2.025s] Level 1:colcon.colcon_core.package_identification:_identify(.) by extension 'ros'
[2.091s] Level 1:colcon.colcon_core.package_identification:_identify(.) by extensions ['cmake', 'python']
[2.091s] Level 1:colcon.colcon_core.package_identification:_identify(.) by extension 'cmake'
[2.091s] Level 1:colcon.colcon_core.package_identification:_identify(.) by extension 'python'
[2.091s] Level 1:colcon.colcon_core.package_identification:_identify(.) by extensions ['python_setup_py']
[2.091s] Level 1:colcon.colcon_core.package_identification:_identify(.) by extension 'python_setup_py'
[2.091s] Level 1:colcon.colcon_core.package_identification:_identify(build) by extensions ['ignore', 'ignore_ament_install']
[2.091s] Level 1:colcon.colcon_core.package_identification:_identify(build) by extension 'ignore'
[2.092s] Level 1:colcon.colcon_core.package_identification:_identify(build) ignored
[2.092s] Level 1:colcon.colcon_core.package_identification:_identify(calibration) by extensions ['ignore', 'ignore_ament_install']
[2.092s] Level 1:colcon.colcon_core.package_identification:_identify(calibration) by extension 'ignore'
[2.092s] Level 1:colcon.colcon_core.package_identification:_identify(calibration) by extension 'ignore_ament_install'
[2.092s] Level 1:colcon.colcon_core.package_identification:_identify(calibration) by extensions ['colcon_pkg']
[2.092s] Level 1:colcon.colcon_core.package_identification:_identify(calibration) by extension 'colcon_pkg'
[2.092s] Level 1:colcon.colcon_core.package_identification:_identify(calibration) by extensions ['colcon_meta']
[2.092s] Level 1:colcon.colcon_core.package_identification:_identify(calibration) by extension 'colcon_meta'
[2.092s] Level 1:colcon.colcon_core.package_identification:_identify(calibration) by extensions ['ros']
[2.092s] Level 1:colcon.colcon_core.package_identification:_identify(calibration) by extension 'ros'
[2.092s] Level 1:colcon.colcon_core.package_identification:_identify(calibration) by extensions ['cmake', 'python']
[2.092s] Level 1:colcon.colcon_core.package_identification:_identify(calibration) by extension 'cmake'
[2.093s] Level 1:colcon.colcon_core.package_identification:_identify(calibration) by extension 'python'
[2.093s] Level 1:colcon.colcon_core.package_identification:_identify(calibration) by extensions ['python_setup_py']
[2.093s] Level 1:colcon.colcon_core.package_identification:_identify(calibration) by extension 'python_setup_py'
[2.093s] Level 1:colcon.colcon_core.package_identification:_identify(calibration_phone) by extensions ['ignore', 'ignore_ament_install']
[2.093s] Level 1:colcon.colcon_core.package_identification:_identify(calibration_phone) by extension 'ignore'
[2.093s] Level 1:colcon.colcon_core.package_identification:_identify(calibration_phone) by extension 'ignore_ament_install'
[2.093s] Level 1:colcon.colcon_core.package_identification:_identify(calibration_phone) by extensions ['colcon_pkg']
[2.093s] Level 1:colcon.colcon_core.package_identification:_identify(calibration_phone) by extension 'colcon_pkg'
[2.093s] Level 1:colcon.colcon_core.package_identification:_identify(calibration_phone) by extensions ['colcon_meta']
[2.093s] Level 1:colcon.colcon_core.package_identification:_identify(calibration_phone) by extension 'colcon_meta'
[2.093s] Level 1:colcon.colcon_core.package_identification:_identify(calibration_phone) by extensions ['ros']
[2.093s] Level 1:colcon.colcon_core.package_identification:_identify(calibration_phone) by extension 'ros'
[2.094s] Level 1:colcon.colcon_core.package_identification:_identify(calibration_phone) by extensions ['cmake', 'python']
[2.094s] Level 1:colcon.colcon_core.package_identification:_identify(calibration_phone) by extension 'cmake'
[2.094s] Level 1:colcon.colcon_core.package_identification:_identify(calibration_phone) by extension 'python'
[2.094s] Level 1:colcon.colcon_core.package_identification:_identify(calibration_phone) by extensions ['python_setup_py']
[2.094s] Level 1:colcon.colcon_core.package_identification:_identify(calibration_phone) by extension 'python_setup_py'
[2.094s] Level 1:colcon.colcon_core.package_identification:_identify(detect) by extensions ['ignore', 'ignore_ament_install']
[2.094s] Level 1:colcon.colcon_core.package_identification:_identify(detect) by extension 'ignore'
[2.094s] Level 1:colcon.colcon_core.package_identification:_identify(detect) by extension 'ignore_ament_install'
[2.094s] Level 1:colcon.colcon_core.package_identification:_identify(detect) by extensions ['colcon_pkg']
[2.095s] Level 1:colcon.colcon_core.package_identification:_identify(detect) by extension 'colcon_pkg'
[2.095s] Level 1:colcon.colcon_core.package_identification:_identify(detect) by extensions ['colcon_meta']
[2.095s] Level 1:colcon.colcon_core.package_identification:_identify(detect) by extension 'colcon_meta'
[2.095s] Level 1:colcon.colcon_core.package_identification:_identify(detect) by extensions ['ros']
[2.095s] Level 1:colcon.colcon_core.package_identification:_identify(detect) by extension 'ros'
[2.096s] Level 1:colcon.colcon_core.package_identification:_identify(detect) by extensions ['cmake', 'python']
[2.096s] Level 1:colcon.colcon_core.package_identification:_identify(detect) by extension 'cmake'
[2.096s] Level 1:colcon.colcon_core.package_identification:_identify(detect) by extension 'python'
[2.096s] Level 1:colcon.colcon_core.package_identification:_identify(detect) by extensions ['python_setup_py']
[2.096s] Level 1:colcon.colcon_core.package_identification:_identify(detect) by extension 'python_setup_py'
[2.097s] Level 1:colcon.colcon_core.package_identification:_identify(detect_phone) by extensions ['ignore', 'ignore_ament_install']
[2.097s] Level 1:colcon.colcon_core.package_identification:_identify(detect_phone) by extension 'ignore'
[2.097s] Level 1:colcon.colcon_core.package_identification:_identify(detect_phone) by extension 'ignore_ament_install'
[2.097s] Level 1:colcon.colcon_core.package_identification:_identify(detect_phone) by extensions ['colcon_pkg']
[2.097s] Level 1:colcon.colcon_core.package_identification:_identify(detect_phone) by extension 'colcon_pkg'
[2.097s] Level 1:colcon.colcon_core.package_identification:_identify(detect_phone) by extensions ['colcon_meta']
[2.097s] Level 1:colcon.colcon_core.package_identification:_identify(detect_phone) by extension 'colcon_meta'
[2.097s] Level 1:colcon.colcon_core.package_identification:_identify(detect_phone) by extensions ['ros']
[2.097s] Level 1:colcon.colcon_core.package_identification:_identify(detect_phone) by extension 'ros'
[2.098s] Level 1:colcon.colcon_core.package_identification:_identify(detect_phone) by extensions ['cmake', 'python']
[2.098s] Level 1:colcon.colcon_core.package_identification:_identify(detect_phone) by extension 'cmake'
[2.098s] Level 1:colcon.colcon_core.package_identification:_identify(detect_phone) by extension 'python'
[2.098s] Level 1:colcon.colcon_core.package_identification:_identify(detect_phone) by extensions ['python_setup_py']
[2.098s] Level 1:colcon.colcon_core.package_identification:_identify(detect_phone) by extension 'python_setup_py'
[2.098s] Level 1:colcon.colcon_core.package_identification:_identify(install) by extensions ['ignore', 'ignore_ament_install']
[2.098s] Level 1:colcon.colcon_core.package_identification:_identify(install) by extension 'ignore'
[2.099s] Level 1:colcon.colcon_core.package_identification:_identify(install) ignored
[2.099s] Level 1:colcon.colcon_core.package_identification:_identify(log) by extensions ['ignore', 'ignore_ament_install']
[2.099s] Level 1:colcon.colcon_core.package_identification:_identify(log) by extension 'ignore'
[2.099s] Level 1:colcon.colcon_core.package_identification:_identify(log) ignored
[2.099s] Level 1:colcon.colcon_core.package_identification:_identify(src) by extensions ['ignore', 'ignore_ament_install']
[2.099s] Level 1:colcon.colcon_core.package_identification:_identify(src) by extension 'ignore'
[2.100s] Level 1:colcon.colcon_core.package_identification:_identify(src) by extension 'ignore_ament_install'
[2.100s] Level 1:colcon.colcon_core.package_identification:_identify(src) by extensions ['colcon_pkg']
[2.100s] Level 1:colcon.colcon_core.package_identification:_identify(src) by extension 'colcon_pkg'
[2.100s] Level 1:colcon.colcon_core.package_identification:_identify(src) by extensions ['colcon_meta']
[2.100s] Level 1:colcon.colcon_core.package_identification:_identify(src) by extension 'colcon_meta'
[2.100s] Level 1:colcon.colcon_core.package_identification:_identify(src) by extensions ['ros']
[2.100s] Level 1:colcon.colcon_core.package_identification:_identify(src) by extension 'ros'
[2.100s] Level 1:colcon.colcon_core.package_identification:_identify(src) by extensions ['cmake', 'python']
[2.100s] Level 1:colcon.colcon_core.package_identification:_identify(src) by extension 'cmake'
[2.101s] Level 1:colcon.colcon_core.package_identification:_identify(src) by extension 'python'
[2.101s] Level 1:colcon.colcon_core.package_identification:_identify(src) by extensions ['python_setup_py']
[2.101s] Level 1:colcon.colcon_core.package_identification:_identify(src) by extension 'python_setup_py'
[2.101s] Level 1:colcon.colcon_core.package_identification:_identify(src/ros2_aruco_interfaces) by extensions ['ignore', 'ignore_ament_install']
[2.101s] Level 1:colcon.colcon_core.package_identification:_identify(src/ros2_aruco_interfaces) by extension 'ignore'
[2.102s] Level 1:colcon.colcon_core.package_identification:_identify(src/ros2_aruco_interfaces) by extension 'ignore_ament_install'
[2.102s] Level 1:colcon.colcon_core.package_identification:_identify(src/ros2_aruco_interfaces) by extensions ['colcon_pkg']
[2.102s] Level 1:colcon.colcon_core.package_identification:_identify(src/ros2_aruco_interfaces) by extension 'colcon_pkg'
[2.102s] Level 1:colcon.colcon_core.package_identification:_identify(src/ros2_aruco_interfaces) by extensions ['colcon_meta']
[2.102s] Level 1:colcon.colcon_core.package_identification:_identify(src/ros2_aruco_interfaces) by extension 'colcon_meta'
[2.102s] Level 1:colcon.colcon_core.package_identification:_identify(src/ros2_aruco_interfaces) by extensions ['ros']
[2.102s] Level 1:colcon.colcon_core.package_identification:_identify(src/ros2_aruco_interfaces) by extension 'ros'
[2.123s] DEBUG:colcon.colcon_core.package_identification:Package 'src/ros2_aruco_interfaces' with type 'ros.ament_cmake' and name 'ros2_aruco_interfaces'
[2.124s] Level 1:colcon.colcon_core.package_identification:_identify(src/tello_pkg) by extensions ['ignore', 'ignore_ament_install']
[2.124s] Level 1:colcon.colcon_core.package_identification:_identify(src/tello_pkg) by extension 'ignore'
[2.124s] Level 1:colcon.colcon_core.package_identification:_identify(src/tello_pkg) by extension 'ignore_ament_install'
[2.124s] Level 1:colcon.colcon_core.package_identification:_identify(src/tello_pkg) by extensions ['colcon_pkg']
[2.124s] Level 1:colcon.colcon_core.package_identification:_identify(src/tello_pkg) by extension 'colcon_pkg'
[2.124s] Level 1:colcon.colcon_core.package_identification:_identify(src/tello_pkg) by extensions ['colcon_meta']
[2.125s] Level 1:colcon.colcon_core.package_identification:_identify(src/tello_pkg) by extension 'colcon_meta'
[2.125s] Level 1:colcon.colcon_core.package_identification:_identify(src/tello_pkg) by extensions ['ros']
[2.125s] Level 1:colcon.colcon_core.package_identification:_identify(src/tello_pkg) by extension 'ros'
[2.127s] DEBUG:colcon.colcon_core.package_identification:Package 'src/tello_pkg' with type 'ros.ament_python' and name 'tello_pkg'
[2.127s] Level 1:colcon.colcon_core.package_discovery:discover_packages(recursive) using defaults
[2.127s] Level 1:colcon.colcon_core.package_discovery:discover_packages(ignore) discover
[2.128s] Level 1:colcon.colcon_core.package_discovery:discover_packages(ignore) using defaults
[2.128s] Level 1:colcon.colcon_core.package_discovery:discover_packages(path) discover
[2.128s] Level 1:colcon.colcon_core.package_discovery:discover_packages(path) using defaults
[2.202s] Level 5:colcon.colcon_core.verb:set package 'ros2_aruco_interfaces' build argument 'cmake_args' from command line to 'None'
[2.202s] Level 5:colcon.colcon_core.verb:set package 'ros2_aruco_interfaces' build argument 'cmake_target' from command line to 'None'
[2.202s] Level 5:colcon.colcon_core.verb:set package 'ros2_aruco_interfaces' build argument 'cmake_target_skip_unavailable' from command line to 'False'
[2.202s] Level 5:colcon.colcon_core.verb:set package 'ros2_aruco_interfaces' build argument 'cmake_clean_cache' from command line to 'False'
[2.202s] Level 5:colcon.colcon_core.verb:set package 'ros2_aruco_interfaces' build argument 'cmake_clean_first' from command line to 'False'
[2.203s] Level 5:colcon.colcon_core.verb:set package 'ros2_aruco_interfaces' build argument 'cmake_force_configure' from command line to 'False'
[2.203s] Level 5:colcon.colcon_core.verb:set package 'ros2_aruco_interfaces' build argument 'ament_cmake_args' from command line to 'None'
[2.203s] Level 5:colcon.colcon_core.verb:set package 'ros2_aruco_interfaces' build argument 'catkin_cmake_args' from command line to 'None'
[2.203s] Level 5:colcon.colcon_core.verb:set package 'ros2_aruco_interfaces' build argument 'catkin_skip_building_tests' from command line to 'False'
[2.203s] DEBUG:colcon.colcon_core.verb:Building package 'ros2_aruco_interfaces' with the following arguments: {'ament_cmake_args': None, 'build_base': '/root/docker_tello_ros2/wrk_src/build/ros2_aruco_interfaces', 'catkin_cmake_args': None, 'catkin_skip_building_tests': False, 'cmake_args': None, 'cmake_clean_cache': False, 'cmake_clean_first': False, 'cmake_force_configure': False, 'cmake_target': None, 'cmake_target_skip_unavailable': False, 'install_base': '/root/docker_tello_ros2/wrk_src/install/ros2_aruco_interfaces', 'merge_install': False, 'path': '/root/docker_tello_ros2/wrk_src/src/ros2_aruco_interfaces', 'symlink_install': False, 'test_result_base': None}
[2.204s] Level 5:colcon.colcon_core.verb:set package 'tello_pkg' build argument 'cmake_args' from command line to 'None'
[2.204s] Level 5:colcon.colcon_core.verb:set package 'tello_pkg' build argument 'cmake_target' from command line to 'None'
[2.204s] Level 5:colcon.colcon_core.verb:set package 'tello_pkg' build argument 'cmake_target_skip_unavailable' from command line to 'False'
[2.204s] Level 5:colcon.colcon_core.verb:set package 'tello_pkg' build argument 'cmake_clean_cache' from command line to 'False'
[2.204s] Level 5:colcon.colcon_core.verb:set package 'tello_pkg' build argument 'cmake_clean_first' from command line to 'False'
[2.204s] Level 5:colcon.colcon_core.verb:set package 'tello_pkg' build argument 'cmake_force_configure' from command line to 'False'
[2.204s] Level 5:colcon.colcon_core.verb:set package 'tello_pkg' build argument 'ament_cmake_args' from command line to 'None'
[2.204s] Level 5:colcon.colcon_core.verb:set package 'tello_pkg' build argument 'catkin_cmake_args' from command line to 'None'
[2.204s] Level 5:colcon.colcon_core.verb:set package 'tello_pkg' build argument 'catkin_skip_building_tests' from command line to 'False'
[2.204s] DEBUG:colcon.colcon_core.verb:Building package 'tello_pkg' with the following arguments: {'ament_cmake_args': None, 'build_base': '/root/docker_tello_ros2/wrk_src/build/tello_pkg', 'catkin_cmake_args': None, 'catkin_skip_building_tests': False, 'cmake_args': None, 'cmake_clean_cache': False, 'cmake_clean_first': False, 'cmake_force_configure': False, 'cmake_target': None, 'cmake_target_skip_unavailable': False, 'install_base': '/root/docker_tello_ros2/wrk_src/install/tello_pkg', 'merge_install': False, 'path': '/root/docker_tello_ros2/wrk_src/src/tello_pkg', 'symlink_install': False, 'test_result_base': None}
[2.205s] INFO:colcon.colcon_core.executor:Executing jobs using 'parallel' executor
[2.210s] DEBUG:colcon.colcon_parallel_executor.executor.parallel:run_until_complete
[2.210s] INFO:colcon.colcon_ros.task.ament_cmake.build:Building ROS package in '/root/docker_tello_ros2/wrk_src/src/ros2_aruco_interfaces' with build type 'ament_cmake'
[2.211s] INFO:colcon.colcon_cmake.task.cmake.build:Building CMake package in '/root/docker_tello_ros2/wrk_src/src/ros2_aruco_interfaces'
[2.238s] INFO:colcon.colcon_core.plugin_system:Skipping extension 'colcon_core.shell.bat': Not used on non-Windows systems
[2.239s] INFO:colcon.colcon_core.shell:Skip shell extension 'powershell' for command environment: Not usable outside of PowerShell
[2.239s] DEBUG:colcon.colcon_core.shell:Skip shell extension 'dsv' for command environment
[2.272s] INFO:colcon.colcon_ros.task.ament_python.build:Building ROS package in '/root/docker_tello_ros2/wrk_src/src/tello_pkg' with build type 'ament_python'
[2.273s] Level 1:colcon.colcon_core.shell:create_environment_hook('tello_pkg', 'ament_prefix_path')
[2.274s] INFO:colcon.colcon_core.shell:Creating environment hook '/root/docker_tello_ros2/wrk_src/install/tello_pkg/share/tello_pkg/hook/ament_prefix_path.ps1'
[2.278s] INFO:colcon.colcon_core.shell:Creating environment descriptor '/root/docker_tello_ros2/wrk_src/install/tello_pkg/share/tello_pkg/hook/ament_prefix_path.dsv'
[2.280s] INFO:colcon.colcon_core.shell:Creating environment hook '/root/docker_tello_ros2/wrk_src/install/tello_pkg/share/tello_pkg/hook/ament_prefix_path.sh'
[2.283s] INFO:colcon.colcon_core.shell:Skip shell extension 'powershell' for command environment: Not usable outside of PowerShell
[2.283s] DEBUG:colcon.colcon_core.shell:Skip shell extension 'dsv' for command environment
[2.308s] DEBUG:colcon.colcon_core.event_handler.log_command:Invoking command in '/root/docker_tello_ros2/wrk_src/build/ros2_aruco_interfaces': CMAKE_PREFIX_PATH=/opt/ros/foxy /usr/bin/cmake --build /root/docker_tello_ros2/wrk_src/build/ros2_aruco_interfaces -- -j8 -l8
[2.669s] INFO:colcon.colcon_core.task.python.build:Building Python package in '/root/docker_tello_ros2/wrk_src/src/tello_pkg'
[2.670s] INFO:colcon.colcon_core.shell:Skip shell extension 'powershell' for command environment: Not usable outside of PowerShell
[2.670s] DEBUG:colcon.colcon_core.shell:Skip shell extension 'dsv' for command environment
[3.225s] DEBUG:colcon.colcon_core.event_handler.log_command:Invoked command in '/root/docker_tello_ros2/wrk_src/build/ros2_aruco_interfaces' returned '0': CMAKE_PREFIX_PATH=/opt/ros/foxy /usr/bin/cmake --build /root/docker_tello_ros2/wrk_src/build/ros2_aruco_interfaces -- -j8 -l8
[3.366s] DEBUG:colcon.colcon_core.event_handler.log_command:Invoking command in '/root/docker_tello_ros2/wrk_src/build/ros2_aruco_interfaces': CMAKE_PREFIX_PATH=/opt/ros/foxy /usr/bin/cmake --install /root/docker_tello_ros2/wrk_src/build/ros2_aruco_interfaces
[3.487s] Level 1:colcon.colcon_core.environment:create_environment_scripts_only(ros2_aruco_interfaces)
[3.488s] DEBUG:colcon.colcon_core.event_handler.log_command:Invoked command in '/root/docker_tello_ros2/wrk_src/build/ros2_aruco_interfaces' returned '0': CMAKE_PREFIX_PATH=/opt/ros/foxy /usr/bin/cmake --install /root/docker_tello_ros2/wrk_src/build/ros2_aruco_interfaces
[3.505s] Level 1:colcon.colcon_core.environment:checking '/root/docker_tello_ros2/wrk_src/install/ros2_aruco_interfaces' for CMake module files
[3.506s] Level 1:colcon.colcon_core.environment:checking '/root/docker_tello_ros2/wrk_src/install/ros2_aruco_interfaces' for CMake config files
[3.506s] Level 1:colcon.colcon_core.shell:create_environment_hook('ros2_aruco_interfaces', 'cmake_prefix_path')
[3.506s] INFO:colcon.colcon_core.shell:Creating environment hook '/root/docker_tello_ros2/wrk_src/install/ros2_aruco_interfaces/share/ros2_aruco_interfaces/hook/cmake_prefix_path.ps1'
[3.507s] INFO:colcon.colcon_core.shell:Creating environment descriptor '/root/docker_tello_ros2/wrk_src/install/ros2_aruco_interfaces/share/ros2_aruco_interfaces/hook/cmake_prefix_path.dsv'
[3.508s] INFO:colcon.colcon_core.shell:Creating environment hook '/root/docker_tello_ros2/wrk_src/install/ros2_aruco_interfaces/share/ros2_aruco_interfaces/hook/cmake_prefix_path.sh'
[3.509s] Level 1:colcon.colcon_core.environment:checking '/root/docker_tello_ros2/wrk_src/install/ros2_aruco_interfaces/lib'
[3.509s] Level 1:colcon.colcon_core.shell:create_environment_hook('ros2_aruco_interfaces', 'ld_library_path_lib')
[3.510s] INFO:colcon.colcon_core.shell:Creating environment hook '/root/docker_tello_ros2/wrk_src/install/ros2_aruco_interfaces/share/ros2_aruco_interfaces/hook/ld_library_path_lib.ps1'
[3.510s] INFO:colcon.colcon_core.shell:Creating environment descriptor '/root/docker_tello_ros2/wrk_src/install/ros2_aruco_interfaces/share/ros2_aruco_interfaces/hook/ld_library_path_lib.dsv'
[3.511s] INFO:colcon.colcon_core.shell:Creating environment hook '/root/docker_tello_ros2/wrk_src/install/ros2_aruco_interfaces/share/ros2_aruco_interfaces/hook/ld_library_path_lib.sh'
[3.511s] Level 1:colcon.colcon_core.environment:checking '/root/docker_tello_ros2/wrk_src/install/ros2_aruco_interfaces/bin'
[3.511s] Level 1:colcon.colcon_core.environment:checking '/root/docker_tello_ros2/wrk_src/install/ros2_aruco_interfaces/lib/pkgconfig/ros2_aruco_interfaces.pc'
[3.511s] Level 1:colcon.colcon_core.environment:checking '/root/docker_tello_ros2/wrk_src/install/ros2_aruco_interfaces/lib/python3.8/site-packages'
[3.512s] Level 1:colcon.colcon_core.shell:create_environment_hook('ros2_aruco_interfaces', 'pythonpath')
[3.512s] INFO:colcon.colcon_core.shell:Creating environment hook '/root/docker_tello_ros2/wrk_src/install/ros2_aruco_interfaces/share/ros2_aruco_interfaces/hook/pythonpath.ps1'
[3.512s] INFO:colcon.colcon_core.shell:Creating environment descriptor '/root/docker_tello_ros2/wrk_src/install/ros2_aruco_interfaces/share/ros2_aruco_interfaces/hook/pythonpath.dsv'
[3.513s] INFO:colcon.colcon_core.shell:Creating environment hook '/root/docker_tello_ros2/wrk_src/install/ros2_aruco_interfaces/share/ros2_aruco_interfaces/hook/pythonpath.sh'
[3.514s] Level 1:colcon.colcon_core.environment:checking '/root/docker_tello_ros2/wrk_src/install/ros2_aruco_interfaces/bin'
[3.514s] INFO:colcon.colcon_core.shell:Creating package script '/root/docker_tello_ros2/wrk_src/install/ros2_aruco_interfaces/share/ros2_aruco_interfaces/package.ps1'
[3.516s] INFO:colcon.colcon_core.shell:Creating package descriptor '/root/docker_tello_ros2/wrk_src/install/ros2_aruco_interfaces/share/ros2_aruco_interfaces/package.dsv'
[3.517s] INFO:colcon.colcon_core.shell:Creating package script '/root/docker_tello_ros2/wrk_src/install/ros2_aruco_interfaces/share/ros2_aruco_interfaces/package.sh'
[3.519s] INFO:colcon.colcon_core.shell:Creating package script '/root/docker_tello_ros2/wrk_src/install/ros2_aruco_interfaces/share/ros2_aruco_interfaces/package.bash'
[3.521s] INFO:colcon.colcon_core.shell:Creating package script '/root/docker_tello_ros2/wrk_src/install/ros2_aruco_interfaces/share/ros2_aruco_interfaces/package.zsh'
[3.523s] Level 1:colcon.colcon_core.environment:create_file_with_runtime_dependencies(/root/docker_tello_ros2/wrk_src/install/ros2_aruco_interfaces/share/colcon-core/packages/ros2_aruco_interfaces)
[3.620s] DEBUG:colcon.colcon_core.event_handler.log_command:Invoking command in '/root/docker_tello_ros2/wrk_src/src/tello_pkg': PYTHONPATH=/root/docker_tello_ros2/wrk_src/build/tello_pkg/prefix_override:/root/docker_tello_ros2/wrk_src/install/tello_pkg/lib/python3.8/site-packages:${PYTHONPATH} /usr/bin/python3 -W ignore:setup.py install is deprecated setup.py egg_info --egg-base ../../build/tello_pkg build --build-base /root/docker_tello_ros2/wrk_src/build/tello_pkg/build install --record /root/docker_tello_ros2/wrk_src/build/tello_pkg/install.log --install-scripts $base/lib/tello_pkg --single-version-externally-managed install_data
[3.622s] Level 1:colcon.colcon_core.environment:create_environment_scripts_only(ros2_aruco_interfaces)
[3.623s] Level 1:colcon.colcon_core.environment:checking '/root/docker_tello_ros2/wrk_src/install/ros2_aruco_interfaces' for CMake module files
[3.625s] Level 1:colcon.colcon_core.environment:checking '/root/docker_tello_ros2/wrk_src/install/ros2_aruco_interfaces' for CMake config files
[3.625s] Level 1:colcon.colcon_core.shell:create_environment_hook('ros2_aruco_interfaces', 'cmake_prefix_path')
[3.625s] INFO:colcon.colcon_core.shell:Creating environment hook '/root/docker_tello_ros2/wrk_src/install/ros2_aruco_interfaces/share/ros2_aruco_interfaces/hook/cmake_prefix_path.ps1'
[3.626s] INFO:colcon.colcon_core.shell:Creating environment descriptor '/root/docker_tello_ros2/wrk_src/install/ros2_aruco_interfaces/share/ros2_aruco_interfaces/hook/cmake_prefix_path.dsv'
[3.627s] INFO:colcon.colcon_core.shell:Creating environment hook '/root/docker_tello_ros2/wrk_src/install/ros2_aruco_interfaces/share/ros2_aruco_interfaces/hook/cmake_prefix_path.sh'
[3.628s] Level 1:colcon.colcon_core.environment:checking '/root/docker_tello_ros2/wrk_src/install/ros2_aruco_interfaces/lib'
[3.628s] Level 1:colcon.colcon_core.shell:create_environment_hook('ros2_aruco_interfaces', 'ld_library_path_lib')
[3.629s] INFO:colcon.colcon_core.shell:Creating environment hook '/root/docker_tello_ros2/wrk_src/install/ros2_aruco_interfaces/share/ros2_aruco_interfaces/hook/ld_library_path_lib.ps1'
[3.629s] INFO:colcon.colcon_core.shell:Creating environment descriptor '/root/docker_tello_ros2/wrk_src/install/ros2_aruco_interfaces/share/ros2_aruco_interfaces/hook/ld_library_path_lib.dsv'
[3.630s] INFO:colcon.colcon_core.shell:Creating environment hook '/root/docker_tello_ros2/wrk_src/install/ros2_aruco_interfaces/share/ros2_aruco_interfaces/hook/ld_library_path_lib.sh'
[3.630s] Level 1:colcon.colcon_core.environment:checking '/root/docker_tello_ros2/wrk_src/install/ros2_aruco_interfaces/bin'
[3.630s] Level 1:colcon.colcon_core.environment:checking '/root/docker_tello_ros2/wrk_src/install/ros2_aruco_interfaces/lib/pkgconfig/ros2_aruco_interfaces.pc'
[3.631s] Level 1:colcon.colcon_core.environment:checking '/root/docker_tello_ros2/wrk_src/install/ros2_aruco_interfaces/lib/python3.8/site-packages'
[3.631s] Level 1:colcon.colcon_core.shell:create_environment_hook('ros2_aruco_interfaces', 'pythonpath')
[3.631s] INFO:colcon.colcon_core.shell:Creating environment hook '/root/docker_tello_ros2/wrk_src/install/ros2_aruco_interfaces/share/ros2_aruco_interfaces/hook/pythonpath.ps1'
[3.632s] INFO:colcon.colcon_core.shell:Creating environment descriptor '/root/docker_tello_ros2/wrk_src/install/ros2_aruco_interfaces/share/ros2_aruco_interfaces/hook/pythonpath.dsv'
[3.632s] INFO:colcon.colcon_core.shell:Creating environment hook '/root/docker_tello_ros2/wrk_src/install/ros2_aruco_interfaces/share/ros2_aruco_interfaces/hook/pythonpath.sh'
[3.633s] Level 1:colcon.colcon_core.environment:checking '/root/docker_tello_ros2/wrk_src/install/ros2_aruco_interfaces/bin'
[3.633s] INFO:colcon.colcon_core.shell:Creating package script '/root/docker_tello_ros2/wrk_src/install/ros2_aruco_interfaces/share/ros2_aruco_interfaces/package.ps1'
[3.634s] INFO:colcon.colcon_core.shell:Creating package descriptor '/root/docker_tello_ros2/wrk_src/install/ros2_aruco_interfaces/share/ros2_aruco_interfaces/package.dsv'
[3.636s] INFO:colcon.colcon_core.shell:Creating package script '/root/docker_tello_ros2/wrk_src/install/ros2_aruco_interfaces/share/ros2_aruco_interfaces/package.sh'
[3.637s] INFO:colcon.colcon_core.shell:Creating package script '/root/docker_tello_ros2/wrk_src/install/ros2_aruco_interfaces/share/ros2_aruco_interfaces/package.bash'
[3.637s] INFO:colcon.colcon_core.shell:Creating package script '/root/docker_tello_ros2/wrk_src/install/ros2_aruco_interfaces/share/ros2_aruco_interfaces/package.zsh'
[3.638s] Level 1:colcon.colcon_core.environment:create_file_with_runtime_dependencies(/root/docker_tello_ros2/wrk_src/install/ros2_aruco_interfaces/share/colcon-core/packages/ros2_aruco_interfaces)
[4.105s] Level 1:colcon.colcon_core.environment:checking '/root/docker_tello_ros2/wrk_src/install/tello_pkg' for CMake module files
[4.108s] DEBUG:colcon.colcon_core.event_handler.log_command:Invoked command in '/root/docker_tello_ros2/wrk_src/src/tello_pkg' returned '0': PYTHONPATH=/root/docker_tello_ros2/wrk_src/build/tello_pkg/prefix_override:/root/docker_tello_ros2/wrk_src/install/tello_pkg/lib/python3.8/site-packages:${PYTHONPATH} /usr/bin/python3 -W ignore:setup.py install is deprecated setup.py egg_info --egg-base ../../build/tello_pkg build --build-base /root/docker_tello_ros2/wrk_src/build/tello_pkg/build install --record /root/docker_tello_ros2/wrk_src/build/tello_pkg/install.log --install-scripts $base/lib/tello_pkg --single-version-externally-managed install_data
[4.110s] Level 1:colcon.colcon_core.environment:checking '/root/docker_tello_ros2/wrk_src/install/tello_pkg' for CMake config files
[4.111s] Level 1:colcon.colcon_core.environment:checking '/root/docker_tello_ros2/wrk_src/install/tello_pkg/lib'
[4.111s] Level 1:colcon.colcon_core.environment:checking '/root/docker_tello_ros2/wrk_src/install/tello_pkg/bin'
[4.112s] Level 1:colcon.colcon_core.environment:checking '/root/docker_tello_ros2/wrk_src/install/tello_pkg/lib/pkgconfig/tello_pkg.pc'
[4.112s] Level 1:colcon.colcon_core.environment:checking '/root/docker_tello_ros2/wrk_src/install/tello_pkg/lib/python3.8/site-packages'
[4.112s] Level 1:colcon.colcon_core.shell:create_environment_hook('tello_pkg', 'pythonpath')
[4.113s] INFO:colcon.colcon_core.shell:Creating environment hook '/root/docker_tello_ros2/wrk_src/install/tello_pkg/share/tello_pkg/hook/pythonpath.ps1'
[4.114s] INFO:colcon.colcon_core.shell:Creating environment descriptor '/root/docker_tello_ros2/wrk_src/install/tello_pkg/share/tello_pkg/hook/pythonpath.dsv'
[4.115s] INFO:colcon.colcon_core.shell:Creating environment hook '/root/docker_tello_ros2/wrk_src/install/tello_pkg/share/tello_pkg/hook/pythonpath.sh'
[4.116s] Level 1:colcon.colcon_core.environment:checking '/root/docker_tello_ros2/wrk_src/install/tello_pkg/bin'
[4.116s] Level 1:colcon.colcon_core.environment:create_environment_scripts_only(tello_pkg)
[4.117s] INFO:colcon.colcon_core.shell:Creating package script '/root/docker_tello_ros2/wrk_src/install/tello_pkg/share/tello_pkg/package.ps1'
[4.118s] INFO:colcon.colcon_core.shell:Creating package descriptor '/root/docker_tello_ros2/wrk_src/install/tello_pkg/share/tello_pkg/package.dsv'
[4.119s] INFO:colcon.colcon_core.shell:Creating package script '/root/docker_tello_ros2/wrk_src/install/tello_pkg/share/tello_pkg/package.sh'
[4.120s] INFO:colcon.colcon_core.shell:Creating package script '/root/docker_tello_ros2/wrk_src/install/tello_pkg/share/tello_pkg/package.bash'
[4.121s] INFO:colcon.colcon_core.shell:Creating package script '/root/docker_tello_ros2/wrk_src/install/tello_pkg/share/tello_pkg/package.zsh'
[4.121s] Level 1:colcon.colcon_core.environment:create_file_with_runtime_dependencies(/root/docker_tello_ros2/wrk_src/install/tello_pkg/share/colcon-core/packages/tello_pkg)
[4.122s] DEBUG:colcon.colcon_parallel_executor.executor.parallel:closing loop
[4.124s] DEBUG:colcon.colcon_parallel_executor.executor.parallel:loop closed
[4.124s] DEBUG:colcon.colcon_parallel_executor.executor.parallel:run_until_complete finished with '0'
[4.124s] DEBUG:colcon.colcon_core.event_reactor:joining thread
[4.302s] INFO:colcon.colcon_core.plugin_system:Skipping extension 'colcon_notification.desktop_notification.notify_send': Could not find 'notify-send'
[4.303s] INFO:colcon.colcon_core.plugin_system:Skipping extension 'colcon_notification.desktop_notification.terminal_notifier': Not used on non-Darwin systems
[4.303s] INFO:colcon.colcon_core.plugin_system:Skipping extension 'colcon_notification.desktop_notification.win32': Not used on non-Windows systems
[4.304s] INFO:colcon.colcon_notification.desktop_notification:Sending desktop notification using 'notify2'
[4.318s] DEBUG:colcon.colcon_notification.desktop_notification.notify2:Failed to initialize notify2: org.freedesktop.DBus.Error.Spawn.ExecFailed: /usr/bin/dbus-launch terminated abnormally without any error message
[4.319s] DEBUG:colcon.colcon_core.event_reactor:joined thread
[4.320s] INFO:colcon.colcon_core.shell:Creating prefix script '/root/docker_tello_ros2/wrk_src/install/local_setup.ps1'
[4.324s] INFO:colcon.colcon_core.shell:Creating prefix util module '/root/docker_tello_ros2/wrk_src/install/_local_setup_util_ps1.py'
[4.328s] INFO:colcon.colcon_core.shell:Creating prefix chain script '/root/docker_tello_ros2/wrk_src/install/setup.ps1'
[4.331s] INFO:colcon.colcon_core.shell:Creating prefix script '/root/docker_tello_ros2/wrk_src/install/local_setup.sh'
[4.334s] INFO:colcon.colcon_core.shell:Creating prefix util module '/root/docker_tello_ros2/wrk_src/install/_local_setup_util_sh.py'
[4.335s] INFO:colcon.colcon_core.shell:Creating prefix chain script '/root/docker_tello_ros2/wrk_src/install/setup.sh'
[4.338s] INFO:colcon.colcon_core.shell:Creating prefix script '/root/docker_tello_ros2/wrk_src/install/local_setup.bash'
[4.341s] INFO:colcon.colcon_core.shell:Creating prefix chain script '/root/docker_tello_ros2/wrk_src/install/setup.bash'
[4.345s] INFO:colcon.colcon_core.shell:Creating prefix script '/root/docker_tello_ros2/wrk_src/install/local_setup.zsh'
[4.347s] INFO:colcon.colcon_core.shell:Creating prefix chain script '/root/docker_tello_ros2/wrk_src/install/setup.zsh'
