[0.498s] Invoking command in '/root/tello_MD/wrk_src/ros2_aruco/ros2_aruco': PYTHONPATH=/root/tello_MD/wrk_src/build/ros2_aruco/prefix_override:/root/tello_MD/wrk_src/install/ros2_aruco/lib/python3.8/site-packages:${PYTHONPATH} /usr/bin/python3 setup.py egg_info --egg-base ../../build/ros2_aruco build --build-base /root/tello_MD/wrk_src/build/ros2_aruco/build install --record /root/tello_MD/wrk_src/build/ros2_aruco/install.log --single-version-externally-managed
[0.633s] running egg_info
[0.633s] writing ../../build/ros2_aruco/ros2_aruco.egg-info/PKG-INFO
[0.633s] writing dependency_links to ../../build/ros2_aruco/ros2_aruco.egg-info/dependency_links.txt
[0.634s] writing entry points to ../../build/ros2_aruco/ros2_aruco.egg-info/entry_points.txt
[0.634s] writing requirements to ../../build/ros2_aruco/ros2_aruco.egg-info/requires.txt
[0.634s] writing top-level names to ../../build/ros2_aruco/ros2_aruco.egg-info/top_level.txt
[0.660s] reading manifest file '../../build/ros2_aruco/ros2_aruco.egg-info/SOURCES.txt'
[0.661s] writing manifest file '../../build/ros2_aruco/ros2_aruco.egg-info/SOURCES.txt'
[0.661s] running build
[0.661s] running build_py
[0.661s] running install
[0.662s] running install_lib
[0.663s] running install_data
[0.663s] running install_egg_info
[0.665s] removing '/root/tello_MD/wrk_src/install/ros2_aruco/lib/python3.8/site-packages/ros2_aruco-0.1.0-py3.8.egg-info' (and everything under it)
[0.665s] Copying ../../build/ros2_aruco/ros2_aruco.egg-info to /root/tello_MD/wrk_src/install/ros2_aruco/lib/python3.8/site-packages/ros2_aruco-0.1.0-py3.8.egg-info
[0.666s] running install_scripts
[0.677s] Installing aruco_generate_marker script to /root/tello_MD/wrk_src/install/ros2_aruco/lib/ros2_aruco
[0.678s] Installing aruco_node script to /root/tello_MD/wrk_src/install/ros2_aruco/lib/ros2_aruco
[0.678s] writing list of installed files to '/root/tello_MD/wrk_src/build/ros2_aruco/install.log'
[0.692s] Invoked command in '/root/tello_MD/wrk_src/ros2_aruco/ros2_aruco' returned '0': PYTHONPATH=/root/tello_MD/wrk_src/build/ros2_aruco/prefix_override:/root/tello_MD/wrk_src/install/ros2_aruco/lib/python3.8/site-packages:${PYTHONPATH} /usr/bin/python3 setup.py egg_info --egg-base ../../build/ros2_aruco build --build-base /root/tello_MD/wrk_src/build/ros2_aruco/build install --record /root/tello_MD/wrk_src/build/ros2_aruco/install.log --single-version-externally-managed
