[0.055s] Invoking command in '/root/docker_tello_ros2/wrk_src/build/ros2_aruco_interfaces': CMAKE_PREFIX_PATH=${CMAKE_PREFIX_PATH}:/root/docker_tello_ros2/wrk_src/install/tello_pkg:/opt/ros/foxy /usr/bin/cmake --build /root/docker_tello_ros2/wrk_src/build/ros2_aruco_interfaces -- -j8 -l8
[0.287s] [  3%] Built target ros2_aruco_interfaces__cpp
[0.305s] [ 12%] Built target ros2_aruco_interfaces__rosidl_generator_c
[0.334s] [ 25%] Built target ros2_aruco_interfaces__rosidl_typesupport_introspection_cpp
[0.335s] [ 32%] Built target ros2_aruco_interfaces__rosidl_typesupport_cpp
[0.350s] [ 41%] Built target ros2_aruco_interfaces__rosidl_typesupport_c
[0.352s] [ 51%] Built target ros2_aruco_interfaces__rosidl_typesupport_fastrtps_cpp
[0.355s] [ 61%] Built target ros2_aruco_interfaces__rosidl_typesupport_introspection_c
[0.406s] [ 70%] Built target ros2_aruco_interfaces__rosidl_typesupport_fastrtps_c
[0.439s] [ 70%] Built target ros2_aruco_interfaces
[0.474s] [ 74%] Built target ros2_aruco_interfaces__py
[0.520s] [ 80%] Built target ros2_aruco_interfaces__python
[0.564s] [ 93%] Built target ros2_aruco_interfaces__rosidl_typesupport_introspection_c__pyext
[0.564s] [ 93%] Built target ros2_aruco_interfaces__rosidl_typesupport_fastrtps_c__pyext
[0.565s] [100%] Built target ros2_aruco_interfaces__rosidl_typesupport_c__pyext
[0.584s] Invoked command in '/root/docker_tello_ros2/wrk_src/build/ros2_aruco_interfaces' returned '0': CMAKE_PREFIX_PATH=${CMAKE_PREFIX_PATH}:/root/docker_tello_ros2/wrk_src/install/tello_pkg:/opt/ros/foxy /usr/bin/cmake --build /root/docker_tello_ros2/wrk_src/build/ros2_aruco_interfaces -- -j8 -l8
[0.686s] Invoking command in '/root/docker_tello_ros2/wrk_src/build/ros2_aruco_interfaces': CMAKE_PREFIX_PATH=${CMAKE_PREFIX_PATH}:/root/docker_tello_ros2/wrk_src/install/tello_pkg:/opt/ros/foxy /usr/bin/cmake --install /root/docker_tello_ros2/wrk_src/build/ros2_aruco_interfaces
[0.701s] -- Install configuration: ""
[0.702s] -- Up-to-date: /root/docker_tello_ros2/wrk_src/install/ros2_aruco_interfaces/share/ament_index/resource_index/rosidl_interfaces/ros2_aruco_interfaces
[0.702s] -- Up-to-date: /root/docker_tello_ros2/wrk_src/install/ros2_aruco_interfaces/include/ros2_aruco_interfaces
[0.703s] -- Up-to-date: /root/docker_tello_ros2/wrk_src/install/ros2_aruco_interfaces/include/ros2_aruco_interfaces/msg
[0.703s] -- Up-to-date: /root/docker_tello_ros2/wrk_src/install/ros2_aruco_interfaces/include/ros2_aruco_interfaces/msg/rosidl_generator_c__visibility_control.h
[0.703s] -- Up-to-date: /root/docker_tello_ros2/wrk_src/install/ros2_aruco_interfaces/include/ros2_aruco_interfaces/msg/aruco_markers.h
[0.703s] -- Up-to-date: /root/docker_tello_ros2/wrk_src/install/ros2_aruco_interfaces/include/ros2_aruco_interfaces/msg/detail
[0.703s] -- Up-to-date: /root/docker_tello_ros2/wrk_src/install/ros2_aruco_interfaces/include/ros2_aruco_interfaces/msg/detail/aruco_markers__functions.c
[0.704s] -- Up-to-date: /root/docker_tello_ros2/wrk_src/install/ros2_aruco_interfaces/include/ros2_aruco_interfaces/msg/detail/aruco_markers__struct.h
[0.704s] -- Up-to-date: /root/docker_tello_ros2/wrk_src/install/ros2_aruco_interfaces/include/ros2_aruco_interfaces/msg/detail/aruco_markers__functions.h
[0.704s] -- Up-to-date: /root/docker_tello_ros2/wrk_src/install/ros2_aruco_interfaces/include/ros2_aruco_interfaces/msg/detail/aruco_markers__type_support.h
[0.704s] -- Up-to-date: /root/docker_tello_ros2/wrk_src/install/ros2_aruco_interfaces/share/ros2_aruco_interfaces/environment/library_path.sh
[0.704s] -- Up-to-date: /root/docker_tello_ros2/wrk_src/install/ros2_aruco_interfaces/share/ros2_aruco_interfaces/environment/library_path.dsv
[0.705s] -- Up-to-date: /root/docker_tello_ros2/wrk_src/install/ros2_aruco_interfaces/lib/libros2_aruco_interfaces__rosidl_generator_c.so
[0.705s] -- Up-to-date: /root/docker_tello_ros2/wrk_src/install/ros2_aruco_interfaces/include/ros2_aruco_interfaces
[0.705s] -- Up-to-date: /root/docker_tello_ros2/wrk_src/install/ros2_aruco_interfaces/include/ros2_aruco_interfaces/msg
[0.705s] -- Up-to-date: /root/docker_tello_ros2/wrk_src/install/ros2_aruco_interfaces/include/ros2_aruco_interfaces/msg/rosidl_typesupport_fastrtps_c__visibility_control.h
[0.706s] -- Up-to-date: /root/docker_tello_ros2/wrk_src/install/ros2_aruco_interfaces/include/ros2_aruco_interfaces/msg/detail
[0.706s] -- Up-to-date: /root/docker_tello_ros2/wrk_src/install/ros2_aruco_interfaces/include/ros2_aruco_interfaces/msg/detail/aruco_markers__rosidl_typesupport_fastrtps_c.h
[0.706s] -- Up-to-date: /root/docker_tello_ros2/wrk_src/install/ros2_aruco_interfaces/lib/libros2_aruco_interfaces__rosidl_typesupport_fastrtps_c.so
[0.706s] -- Up-to-date: /root/docker_tello_ros2/wrk_src/install/ros2_aruco_interfaces/include/ros2_aruco_interfaces
[0.707s] -- Up-to-date: /root/docker_tello_ros2/wrk_src/install/ros2_aruco_interfaces/include/ros2_aruco_interfaces/msg
[0.707s] -- Up-to-date: /root/docker_tello_ros2/wrk_src/install/ros2_aruco_interfaces/include/ros2_aruco_interfaces/msg/rosidl_typesupport_fastrtps_cpp__visibility_control.h
[0.707s] -- Up-to-date: /root/docker_tello_ros2/wrk_src/install/ros2_aruco_interfaces/include/ros2_aruco_interfaces/msg/detail
[0.707s] -- Up-to-date: /root/docker_tello_ros2/wrk_src/install/ros2_aruco_interfaces/include/ros2_aruco_interfaces/msg/detail/dds_fastrtps
[0.707s] -- Up-to-date: /root/docker_tello_ros2/wrk_src/install/ros2_aruco_interfaces/include/ros2_aruco_interfaces/msg/detail/aruco_markers__rosidl_typesupport_fastrtps_cpp.hpp
[0.708s] -- Up-to-date: /root/docker_tello_ros2/wrk_src/install/ros2_aruco_interfaces/lib/libros2_aruco_interfaces__rosidl_typesupport_fastrtps_cpp.so
[0.709s] -- Up-to-date: /root/docker_tello_ros2/wrk_src/install/ros2_aruco_interfaces/include/ros2_aruco_interfaces
[0.709s] -- Up-to-date: /root/docker_tello_ros2/wrk_src/install/ros2_aruco_interfaces/include/ros2_aruco_interfaces/msg
[0.709s] -- Up-to-date: /root/docker_tello_ros2/wrk_src/install/ros2_aruco_interfaces/include/ros2_aruco_interfaces/msg/rosidl_typesupport_introspection_c__visibility_control.h
[0.709s] -- Up-to-date: /root/docker_tello_ros2/wrk_src/install/ros2_aruco_interfaces/include/ros2_aruco_interfaces/msg/detail
[0.709s] -- Up-to-date: /root/docker_tello_ros2/wrk_src/install/ros2_aruco_interfaces/include/ros2_aruco_interfaces/msg/detail/aruco_markers__type_support.c
[0.709s] -- Up-to-date: /root/docker_tello_ros2/wrk_src/install/ros2_aruco_interfaces/include/ros2_aruco_interfaces/msg/detail/aruco_markers__rosidl_typesupport_introspection_c.h
[0.710s] -- Up-to-date: /root/docker_tello_ros2/wrk_src/install/ros2_aruco_interfaces/lib/libros2_aruco_interfaces__rosidl_typesupport_introspection_c.so
[0.711s] -- Up-to-date: /root/docker_tello_ros2/wrk_src/install/ros2_aruco_interfaces/lib/libros2_aruco_interfaces__rosidl_typesupport_c.so
[0.711s] -- Up-to-date: /root/docker_tello_ros2/wrk_src/install/ros2_aruco_interfaces/include/ros2_aruco_interfaces
[0.712s] -- Up-to-date: /root/docker_tello_ros2/wrk_src/install/ros2_aruco_interfaces/include/ros2_aruco_interfaces/msg
[0.712s] -- Up-to-date: /root/docker_tello_ros2/wrk_src/install/ros2_aruco_interfaces/include/ros2_aruco_interfaces/msg/aruco_markers.hpp
[0.712s] -- Up-to-date: /root/docker_tello_ros2/wrk_src/install/ros2_aruco_interfaces/include/ros2_aruco_interfaces/msg/rosidl_generator_cpp__visibility_control.hpp
[0.712s] -- Up-to-date: /root/docker_tello_ros2/wrk_src/install/ros2_aruco_interfaces/include/ros2_aruco_interfaces/msg/detail
[0.712s] -- Up-to-date: /root/docker_tello_ros2/wrk_src/install/ros2_aruco_interfaces/include/ros2_aruco_interfaces/msg/detail/aruco_markers__struct.hpp
[0.712s] -- Up-to-date: /root/docker_tello_ros2/wrk_src/install/ros2_aruco_interfaces/include/ros2_aruco_interfaces/msg/detail/aruco_markers__traits.hpp
[0.712s] -- Up-to-date: /root/docker_tello_ros2/wrk_src/install/ros2_aruco_interfaces/include/ros2_aruco_interfaces/msg/detail/aruco_markers__builder.hpp
[0.713s] -- Up-to-date: /root/docker_tello_ros2/wrk_src/install/ros2_aruco_interfaces/include/ros2_aruco_interfaces/msg/detail/aruco_markers__type_support.hpp
[0.713s] -- Up-to-date: /root/docker_tello_ros2/wrk_src/install/ros2_aruco_interfaces/include/ros2_aruco_interfaces
[0.713s] -- Up-to-date: /root/docker_tello_ros2/wrk_src/install/ros2_aruco_interfaces/include/ros2_aruco_interfaces/msg
[0.713s] -- Up-to-date: /root/docker_tello_ros2/wrk_src/install/ros2_aruco_interfaces/include/ros2_aruco_interfaces/msg/detail
[0.713s] -- Up-to-date: /root/docker_tello_ros2/wrk_src/install/ros2_aruco_interfaces/include/ros2_aruco_interfaces/msg/detail/aruco_markers__rosidl_typesupport_introspection_cpp.hpp
[0.713s] -- Up-to-date: /root/docker_tello_ros2/wrk_src/install/ros2_aruco_interfaces/include/ros2_aruco_interfaces/msg/detail/aruco_markers__type_support.cpp
[0.713s] -- Up-to-date: /root/docker_tello_ros2/wrk_src/install/ros2_aruco_interfaces/lib/libros2_aruco_interfaces__rosidl_typesupport_introspection_cpp.so
[0.714s] -- Up-to-date: /root/docker_tello_ros2/wrk_src/install/ros2_aruco_interfaces/lib/libros2_aruco_interfaces__rosidl_typesupport_cpp.so
[0.715s] -- Up-to-date: /root/docker_tello_ros2/wrk_src/install/ros2_aruco_interfaces/share/ros2_aruco_interfaces/environment/pythonpath.sh
[0.715s] -- Up-to-date: /root/docker_tello_ros2/wrk_src/install/ros2_aruco_interfaces/share/ros2_aruco_interfaces/environment/pythonpath.dsv
[0.715s] -- Up-to-date: /root/docker_tello_ros2/wrk_src/install/ros2_aruco_interfaces/lib/python3.8/site-packages/ros2_aruco_interfaces/__init__.py
[0.765s] -- Up-to-date: /root/docker_tello_ros2/wrk_src/install/ros2_aruco_interfaces/lib/python3.8/site-packages/ros2_aruco_interfaces/msg
[0.765s] -- Up-to-date: /root/docker_tello_ros2/wrk_src/install/ros2_aruco_interfaces/lib/python3.8/site-packages/ros2_aruco_interfaces/msg/_aruco_markers_s.c
[0.766s] -- Up-to-date: /root/docker_tello_ros2/wrk_src/install/ros2_aruco_interfaces/lib/python3.8/site-packages/ros2_aruco_interfaces/msg/_aruco_markers.py
[0.766s] -- Up-to-date: /root/docker_tello_ros2/wrk_src/install/ros2_aruco_interfaces/lib/python3.8/site-packages/ros2_aruco_interfaces/msg/__init__.py
[0.766s] -- Up-to-date: /root/docker_tello_ros2/wrk_src/install/ros2_aruco_interfaces/lib/python3.8/site-packages/ros2_aruco_interfaces/ros2_aruco_interfaces_s__rosidl_typesupport_fastrtps_c.cpython-38-x86_64-linux-gnu.so
[0.768s] -- Up-to-date: /root/docker_tello_ros2/wrk_src/install/ros2_aruco_interfaces/lib/python3.8/site-packages/ros2_aruco_interfaces/ros2_aruco_interfaces_s__rosidl_typesupport_introspection_c.cpython-38-x86_64-linux-gnu.so
[0.770s] -- Up-to-date: /root/docker_tello_ros2/wrk_src/install/ros2_aruco_interfaces/lib/python3.8/site-packages/ros2_aruco_interfaces/ros2_aruco_interfaces_s__rosidl_typesupport_c.cpython-38-x86_64-linux-gnu.so
[0.771s] -- Up-to-date: /root/docker_tello_ros2/wrk_src/install/ros2_aruco_interfaces/lib/libros2_aruco_interfaces__python.so
[0.772s] -- Up-to-date: /root/docker_tello_ros2/wrk_src/install/ros2_aruco_interfaces/share/ros2_aruco_interfaces/msg/ArucoMarkers.idl
[0.772s] -- Up-to-date: /root/docker_tello_ros2/wrk_src/install/ros2_aruco_interfaces/share/ros2_aruco_interfaces/msg/ArucoMarkers.msg
[0.772s] -- Up-to-date: /root/docker_tello_ros2/wrk_src/install/ros2_aruco_interfaces/share/ament_index/resource_index/package_run_dependencies/ros2_aruco_interfaces
[0.772s] -- Up-to-date: /root/docker_tello_ros2/wrk_src/install/ros2_aruco_interfaces/share/ament_index/resource_index/parent_prefix_path/ros2_aruco_interfaces
[0.773s] -- Up-to-date: /root/docker_tello_ros2/wrk_src/install/ros2_aruco_interfaces/share/ros2_aruco_interfaces/environment/ament_prefix_path.sh
[0.773s] -- Up-to-date: /root/docker_tello_ros2/wrk_src/install/ros2_aruco_interfaces/share/ros2_aruco_interfaces/environment/ament_prefix_path.dsv
[0.773s] -- Up-to-date: /root/docker_tello_ros2/wrk_src/install/ros2_aruco_interfaces/share/ros2_aruco_interfaces/environment/path.sh
[0.773s] -- Up-to-date: /root/docker_tello_ros2/wrk_src/install/ros2_aruco_interfaces/share/ros2_aruco_interfaces/environment/path.dsv
[0.773s] -- Up-to-date: /root/docker_tello_ros2/wrk_src/install/ros2_aruco_interfaces/share/ros2_aruco_interfaces/local_setup.bash
[0.773s] -- Up-to-date: /root/docker_tello_ros2/wrk_src/install/ros2_aruco_interfaces/share/ros2_aruco_interfaces/local_setup.sh
[0.773s] -- Up-to-date: /root/docker_tello_ros2/wrk_src/install/ros2_aruco_interfaces/share/ros2_aruco_interfaces/local_setup.zsh
[0.773s] -- Up-to-date: /root/docker_tello_ros2/wrk_src/install/ros2_aruco_interfaces/share/ros2_aruco_interfaces/local_setup.dsv
[0.774s] -- Installing: /root/docker_tello_ros2/wrk_src/install/ros2_aruco_interfaces/share/ros2_aruco_interfaces/package.dsv
[0.774s] -- Up-to-date: /root/docker_tello_ros2/wrk_src/install/ros2_aruco_interfaces/share/ament_index/resource_index/packages/ros2_aruco_interfaces
[0.774s] -- Up-to-date: /root/docker_tello_ros2/wrk_src/install/ros2_aruco_interfaces/share/ros2_aruco_interfaces/cmake/ros2_aruco_interfaces__rosidl_generator_cExport.cmake
[0.774s] -- Up-to-date: /root/docker_tello_ros2/wrk_src/install/ros2_aruco_interfaces/share/ros2_aruco_interfaces/cmake/ros2_aruco_interfaces__rosidl_generator_cExport-noconfig.cmake
[0.775s] -- Up-to-date: /root/docker_tello_ros2/wrk_src/install/ros2_aruco_interfaces/share/ros2_aruco_interfaces/cmake/ros2_aruco_interfaces__rosidl_typesupport_introspection_cExport.cmake
[0.775s] -- Up-to-date: /root/docker_tello_ros2/wrk_src/install/ros2_aruco_interfaces/share/ros2_aruco_interfaces/cmake/ros2_aruco_interfaces__rosidl_typesupport_introspection_cExport-noconfig.cmake
[0.776s] -- Up-to-date: /root/docker_tello_ros2/wrk_src/install/ros2_aruco_interfaces/share/ros2_aruco_interfaces/cmake/ros2_aruco_interfaces__rosidl_typesupport_cExport.cmake
[0.777s] -- Up-to-date: /root/docker_tello_ros2/wrk_src/install/ros2_aruco_interfaces/share/ros2_aruco_interfaces/cmake/ros2_aruco_interfaces__rosidl_typesupport_cExport-noconfig.cmake
[0.777s] -- Up-to-date: /root/docker_tello_ros2/wrk_src/install/ros2_aruco_interfaces/share/ros2_aruco_interfaces/cmake/ros2_aruco_interfaces__rosidl_generator_cppExport.cmake
[0.778s] -- Up-to-date: /root/docker_tello_ros2/wrk_src/install/ros2_aruco_interfaces/share/ros2_aruco_interfaces/cmake/ros2_aruco_interfaces__rosidl_typesupport_introspection_cppExport.cmake
[0.778s] -- Up-to-date: /root/docker_tello_ros2/wrk_src/install/ros2_aruco_interfaces/share/ros2_aruco_interfaces/cmake/ros2_aruco_interfaces__rosidl_typesupport_introspection_cppExport-noconfig.cmake
[0.779s] -- Up-to-date: /root/docker_tello_ros2/wrk_src/install/ros2_aruco_interfaces/share/ros2_aruco_interfaces/cmake/ros2_aruco_interfaces__rosidl_typesupport_cppExport.cmake
[0.780s] -- Up-to-date: /root/docker_tello_ros2/wrk_src/install/ros2_aruco_interfaces/share/ros2_aruco_interfaces/cmake/ros2_aruco_interfaces__rosidl_typesupport_cppExport-noconfig.cmake
[0.780s] -- Up-to-date: /root/docker_tello_ros2/wrk_src/install/ros2_aruco_interfaces/share/ros2_aruco_interfaces/cmake/rosidl_cmake-extras.cmake
[0.780s] -- Up-to-date: /root/docker_tello_ros2/wrk_src/install/ros2_aruco_interfaces/share/ros2_aruco_interfaces/cmake/ament_cmake_export_dependencies-extras.cmake
[0.780s] -- Up-to-date: /root/docker_tello_ros2/wrk_src/install/ros2_aruco_interfaces/share/ros2_aruco_interfaces/cmake/ament_cmake_export_libraries-extras.cmake
[0.781s] -- Up-to-date: /root/docker_tello_ros2/wrk_src/install/ros2_aruco_interfaces/share/ros2_aruco_interfaces/cmake/ament_cmake_export_targets-extras.cmake
[0.781s] -- Up-to-date: /root/docker_tello_ros2/wrk_src/install/ros2_aruco_interfaces/share/ros2_aruco_interfaces/cmake/ament_cmake_export_include_directories-extras.cmake
[0.781s] -- Up-to-date: /root/docker_tello_ros2/wrk_src/install/ros2_aruco_interfaces/share/ros2_aruco_interfaces/cmake/rosidl_cmake_export_typesupport_libraries-extras.cmake
[0.781s] -- Up-to-date: /root/docker_tello_ros2/wrk_src/install/ros2_aruco_interfaces/share/ros2_aruco_interfaces/cmake/rosidl_cmake_export_typesupport_targets-extras.cmake
[0.781s] -- Up-to-date: /root/docker_tello_ros2/wrk_src/install/ros2_aruco_interfaces/share/ros2_aruco_interfaces/cmake/ros2_aruco_interfacesConfig.cmake
[0.782s] -- Up-to-date: /root/docker_tello_ros2/wrk_src/install/ros2_aruco_interfaces/share/ros2_aruco_interfaces/cmake/ros2_aruco_interfacesConfig-version.cmake
[0.782s] -- Up-to-date: /root/docker_tello_ros2/wrk_src/install/ros2_aruco_interfaces/share/ros2_aruco_interfaces/package.xml
[0.785s] Invoked command in '/root/docker_tello_ros2/wrk_src/build/ros2_aruco_interfaces' returned '0': CMAKE_PREFIX_PATH=${CMAKE_PREFIX_PATH}:/root/docker_tello_ros2/wrk_src/install/tello_pkg:/opt/ros/foxy /usr/bin/cmake --install /root/docker_tello_ros2/wrk_src/build/ros2_aruco_interfaces
