running egg_info
writing ../../../build/tello_pkg/tello_pkg.egg-info/PKG-INFO
writing dependency_links to ../../../build/tello_pkg/tello_pkg.egg-info/dependency_links.txt
writing entry points to ../../../build/tello_pkg/tello_pkg.egg-info/entry_points.txt
writing requirements to ../../../build/tello_pkg/tello_pkg.egg-info/requires.txt
writing top-level names to ../../../build/tello_pkg/tello_pkg.egg-info/top_level.txt
reading manifest file '../../../build/tello_pkg/tello_pkg.egg-info/SOURCES.txt'
writing manifest file '../../../build/tello_pkg/tello_pkg.egg-info/SOURCES.txt'
running build
running build_py
copying tello_pkg/camera.py -> /root/tello_MD/wrk_src/build/tello_pkg/build/lib/tello_pkg
copying tello_pkg/aruco_node.py -> /root/tello_MD/wrk_src/build/tello_pkg/build/lib/tello_pkg
copying tello_pkg/video_frame_pub.py -> /root/tello_MD/wrk_src/build/tello_pkg/build/lib/tello_pkg
running install
running install_lib
copying /root/tello_MD/wrk_src/build/tello_pkg/build/lib/tello_pkg/camera.py -> /root/tello_MD/wrk_src/install/tello_pkg/lib/python3.8/site-packages/tello_pkg
copying /root/tello_MD/wrk_src/build/tello_pkg/build/lib/tello_pkg/aruco_node.py -> /root/tello_MD/wrk_src/install/tello_pkg/lib/python3.8/site-packages/tello_pkg
copying /root/tello_MD/wrk_src/build/tello_pkg/build/lib/tello_pkg/video_frame_pub.py -> /root/tello_MD/wrk_src/install/tello_pkg/lib/python3.8/site-packages/tello_pkg
byte-compiling /root/tello_MD/wrk_src/install/tello_pkg/lib/python3.8/site-packages/tello_pkg/camera.py to camera.cpython-38.pyc
byte-compiling /root/tello_MD/wrk_src/install/tello_pkg/lib/python3.8/site-packages/tello_pkg/aruco_node.py to aruco_node.cpython-38.pyc
Sorry: IndentationError: unexpected indent (camera.py, line 21)
byte-compiling /root/tello_MD/wrk_src/install/tello_pkg/lib/python3.8/site-packages/tello_pkg/video_frame_pub.py to video_frame_pub.cpython-38.pyc
running install_data
running install_egg_info
removing '/root/tello_MD/wrk_src/install/tello_pkg/lib/python3.8/site-packages/tello_pkg-0.0.0-py3.8.egg-info' (and everything under it)
Copying ../../../build/tello_pkg/tello_pkg.egg-info to /root/tello_MD/wrk_src/install/tello_pkg/lib/python3.8/site-packages/tello_pkg-0.0.0-py3.8.egg-info
running install_scripts
Installing aruco_node script to /root/tello_MD/wrk_src/install/tello_pkg/lib/tello_pkg
Installing camera script to /root/tello_MD/wrk_src/install/tello_pkg/lib/tello_pkg
Installing camera_usb script to /root/tello_MD/wrk_src/install/tello_pkg/lib/tello_pkg
Installing detect_marker script to /root/tello_MD/wrk_src/install/tello_pkg/lib/tello_pkg
Installing frame_pub script to /root/tello_MD/wrk_src/install/tello_pkg/lib/tello_pkg
writing list of installed files to '/root/tello_MD/wrk_src/build/tello_pkg/install.log'
