[0.475s] Invoking command in '/root/tello_MD/wrk_src/tello_ws/src/tello_pkg': PYTHONPATH=/root/tello_MD/wrk_src/build/tello_pkg/prefix_override:/root/tello_MD/wrk_src/install/tello_pkg/lib/python3.8/site-packages:${PYTHONPATH} /usr/bin/python3 setup.py egg_info --egg-base ../../../build/tello_pkg build --build-base /root/tello_MD/wrk_src/build/tello_pkg/build install --record /root/tello_MD/wrk_src/build/tello_pkg/install.log --install-scripts $base/lib/tello_pkg --single-version-externally-managed
[0.621s] running egg_info
[0.621s] writing ../../../build/tello_pkg/tello_pkg.egg-info/PKG-INFO
[0.621s] writing dependency_links to ../../../build/tello_pkg/tello_pkg.egg-info/dependency_links.txt
[0.621s] writing entry points to ../../../build/tello_pkg/tello_pkg.egg-info/entry_points.txt
[0.622s] writing requirements to ../../../build/tello_pkg/tello_pkg.egg-info/requires.txt
[0.622s] writing top-level names to ../../../build/tello_pkg/tello_pkg.egg-info/top_level.txt
[0.649s] reading manifest file '../../../build/tello_pkg/tello_pkg.egg-info/SOURCES.txt'
[0.650s] writing manifest file '../../../build/tello_pkg/tello_pkg.egg-info/SOURCES.txt'
[0.650s] running build
[0.650s] running build_py
[0.650s] copying tello_pkg/camera.py -> /root/tello_MD/wrk_src/build/tello_pkg/build/lib/tello_pkg
[0.650s] copying tello_pkg/aruco_node.py -> /root/tello_MD/wrk_src/build/tello_pkg/build/lib/tello_pkg
[0.650s] copying tello_pkg/video_frame_pub.py -> /root/tello_MD/wrk_src/build/tello_pkg/build/lib/tello_pkg
[0.651s] running install
[0.652s] running install_lib
[0.652s] copying /root/tello_MD/wrk_src/build/tello_pkg/build/lib/tello_pkg/camera.py -> /root/tello_MD/wrk_src/install/tello_pkg/lib/python3.8/site-packages/tello_pkg
[0.652s] copying /root/tello_MD/wrk_src/build/tello_pkg/build/lib/tello_pkg/aruco_node.py -> /root/tello_MD/wrk_src/install/tello_pkg/lib/python3.8/site-packages/tello_pkg
[0.652s] copying /root/tello_MD/wrk_src/build/tello_pkg/build/lib/tello_pkg/video_frame_pub.py -> /root/tello_MD/wrk_src/install/tello_pkg/lib/python3.8/site-packages/tello_pkg
[0.653s] byte-compiling /root/tello_MD/wrk_src/install/tello_pkg/lib/python3.8/site-packages/tello_pkg/camera.py to camera.cpython-38.pyc
[0.654s] byte-compiling /root/tello_MD/wrk_src/install/tello_pkg/lib/python3.8/site-packages/tello_pkg/aruco_node.py to aruco_node.cpython-38.pyc
[0.654s] Sorry: IndentationError: unexpected indent (camera.py, line 21)
[0.655s] byte-compiling /root/tello_MD/wrk_src/install/tello_pkg/lib/python3.8/site-packages/tello_pkg/video_frame_pub.py to video_frame_pub.cpython-38.pyc
[0.655s] running install_data
[0.656s] running install_egg_info
[0.657s] removing '/root/tello_MD/wrk_src/install/tello_pkg/lib/python3.8/site-packages/tello_pkg-0.0.0-py3.8.egg-info' (and everything under it)
[0.657s] Copying ../../../build/tello_pkg/tello_pkg.egg-info to /root/tello_MD/wrk_src/install/tello_pkg/lib/python3.8/site-packages/tello_pkg-0.0.0-py3.8.egg-info
[0.658s] running install_scripts
[0.669s] Installing aruco_node script to /root/tello_MD/wrk_src/install/tello_pkg/lib/tello_pkg
[0.670s] Installing camera script to /root/tello_MD/wrk_src/install/tello_pkg/lib/tello_pkg
[0.670s] Installing camera_usb script to /root/tello_MD/wrk_src/install/tello_pkg/lib/tello_pkg
[0.670s] Installing detect_marker script to /root/tello_MD/wrk_src/install/tello_pkg/lib/tello_pkg
[0.670s] Installing frame_pub script to /root/tello_MD/wrk_src/install/tello_pkg/lib/tello_pkg
[0.670s] writing list of installed files to '/root/tello_MD/wrk_src/build/tello_pkg/install.log'
[0.685s] Invoked command in '/root/tello_MD/wrk_src/tello_ws/src/tello_pkg' returned '0': PYTHONPATH=/root/tello_MD/wrk_src/build/tello_pkg/prefix_override:/root/tello_MD/wrk_src/install/tello_pkg/lib/python3.8/site-packages:${PYTHONPATH} /usr/bin/python3 setup.py egg_info --egg-base ../../../build/tello_pkg build --build-base /root/tello_MD/wrk_src/build/tello_pkg/build install --record /root/tello_MD/wrk_src/build/tello_pkg/install.log --install-scripts $base/lib/tello_pkg --single-version-externally-managed
