[0.230s] DEBUG:colcon:Command line arguments: ['/usr/bin/colcon', 'build']
[0.230s] DEBUG:colcon:Parsed command line arguments: Namespace(ament_cmake_args=None, base_paths=['.'], build_base='build', catkin_cmake_args=None, catkin_skip_building_tests=False, cmake_args=None, cmake_clean_cache=False, cmake_clean_first=False, cmake_force_configure=False, cmake_target=None, cmake_target_skip_unavailable=False, continue_on_error=False, event_handlers=None, executor='parallel', ignore_user_meta=False, install_base='install', log_base=None, log_level=None, main=<bound method BuildVerb.main of <colcon_core.verb.build.BuildVerb object at 0x7f13d1bc7160>>, merge_install=False, metas=['./colcon.meta'], mixin=None, mixin_files=None, mixin_verb=('build',), packages_above=None, packages_above_and_dependencies=None, packages_above_depth=None, packages_end=None, packages_ignore=None, packages_ignore_regex=None, packages_select=None, packages_select_build_failed=False, packages_select_by_dep=None, packages_select_regex=None, packages_select_test_failures=False, packages_skip=None, packages_skip_build_finished=False, packages_skip_by_dep=None, packages_skip_regex=None, packages_skip_test_passed=False, packages_skip_up_to=None, packages_start=None, packages_up_to=None, packages_up_to_regex=None, parallel_workers=8, paths=None, symlink_install=False, test_result_base=None, verb_extension=<colcon_core.verb.build.BuildVerb object at 0x7f13d1bc7160>, verb_name='build', verb_parser=<colcon_mixin.mixin.mixin_argument.MixinArgumentDecorator object at 0x7f13d1bc7d00>)
[0.394s] Level 1:colcon.colcon_core.package_discovery:discover_packages(colcon_meta) check parameters
[0.395s] INFO:colcon.colcon_metadata.package_discovery.colcon_meta:Using configuration from '/root/.colcon/metadata/default/Gazebo.meta'
[0.396s] INFO:colcon.colcon_metadata.package_discovery.colcon_meta:Using configuration from '/root/.colcon/metadata/default/fastrtps.meta'
[0.396s] Level 1:colcon.colcon_core.package_discovery:discover_packages(recursive) check parameters
[0.396s] Level 1:colcon.colcon_core.package_discovery:discover_packages(ignore) check parameters
[0.396s] Level 1:colcon.colcon_core.package_discovery:discover_packages(path) check parameters
[0.396s] Level 1:colcon.colcon_core.package_discovery:discover_packages(colcon_meta) discover
[0.396s] Level 1:colcon.colcon_core.package_discovery:discover_packages(recursive) discover
[0.396s] INFO:colcon.colcon_core.package_discovery:Crawling recursively for packages in '/root/docker_tello_ros2/wrk_src'
[0.396s] Level 1:colcon.colcon_core.package_identification:_identify(.) by extensions ['ignore', 'ignore_ament_install']
[0.397s] Level 1:colcon.colcon_core.package_identification:_identify(.) by extension 'ignore'
[0.397s] Level 1:colcon.colcon_core.package_identification:_identify(.) by extension 'ignore_ament_install'
[0.397s] Level 1:colcon.colcon_core.package_identification:_identify(.) by extensions ['colcon_pkg']
[0.397s] Level 1:colcon.colcon_core.package_identification:_identify(.) by extension 'colcon_pkg'
[0.397s] Level 1:colcon.colcon_core.package_identification:_identify(.) by extensions ['colcon_meta']
[0.397s] Level 1:colcon.colcon_core.package_identification:_identify(.) by extension 'colcon_meta'
[0.397s] Level 1:colcon.colcon_core.package_identification:_identify(.) by extensions ['ros']
[0.397s] Level 1:colcon.colcon_core.package_identification:_identify(.) by extension 'ros'
[0.415s] Level 1:colcon.colcon_core.package_identification:_identify(.) by extensions ['cmake', 'python']
[0.415s] Level 1:colcon.colcon_core.package_identification:_identify(.) by extension 'cmake'
[0.415s] Level 1:colcon.colcon_core.package_identification:_identify(.) by extension 'python'
[0.416s] Level 1:colcon.colcon_core.package_identification:_identify(.) by extensions ['python_setup_py']
[0.416s] Level 1:colcon.colcon_core.package_identification:_identify(.) by extension 'python_setup_py'
[0.416s] Level 1:colcon.colcon_core.package_identification:_identify(build) by extensions ['ignore', 'ignore_ament_install']
[0.416s] Level 1:colcon.colcon_core.package_identification:_identify(build) by extension 'ignore'
[0.416s] Level 1:colcon.colcon_core.package_identification:_identify(build) ignored
[0.416s] Level 1:colcon.colcon_core.package_identification:_identify(calibration) by extensions ['ignore', 'ignore_ament_install']
[0.416s] Level 1:colcon.colcon_core.package_identification:_identify(calibration) by extension 'ignore'
[0.417s] Level 1:colcon.colcon_core.package_identification:_identify(calibration) by extension 'ignore_ament_install'
[0.417s] Level 1:colcon.colcon_core.package_identification:_identify(calibration) by extensions ['colcon_pkg']
[0.417s] Level 1:colcon.colcon_core.package_identification:_identify(calibration) by extension 'colcon_pkg'
[0.417s] Level 1:colcon.colcon_core.package_identification:_identify(calibration) by extensions ['colcon_meta']
[0.417s] Level 1:colcon.colcon_core.package_identification:_identify(calibration) by extension 'colcon_meta'
[0.417s] Level 1:colcon.colcon_core.package_identification:_identify(calibration) by extensions ['ros']
[0.417s] Level 1:colcon.colcon_core.package_identification:_identify(calibration) by extension 'ros'
[0.417s] Level 1:colcon.colcon_core.package_identification:_identify(calibration) by extensions ['cmake', 'python']
[0.417s] Level 1:colcon.colcon_core.package_identification:_identify(calibration) by extension 'cmake'
[0.417s] Level 1:colcon.colcon_core.package_identification:_identify(calibration) by extension 'python'
[0.417s] Level 1:colcon.colcon_core.package_identification:_identify(calibration) by extensions ['python_setup_py']
[0.417s] Level 1:colcon.colcon_core.package_identification:_identify(calibration) by extension 'python_setup_py'
[0.418s] Level 1:colcon.colcon_core.package_identification:_identify(calibration_phone) by extensions ['ignore', 'ignore_ament_install']
[0.418s] Level 1:colcon.colcon_core.package_identification:_identify(calibration_phone) by extension 'ignore'
[0.418s] Level 1:colcon.colcon_core.package_identification:_identify(calibration_phone) by extension 'ignore_ament_install'
[0.418s] Level 1:colcon.colcon_core.package_identification:_identify(calibration_phone) by extensions ['colcon_pkg']
[0.418s] Level 1:colcon.colcon_core.package_identification:_identify(calibration_phone) by extension 'colcon_pkg'
[0.418s] Level 1:colcon.colcon_core.package_identification:_identify(calibration_phone) by extensions ['colcon_meta']
[0.418s] Level 1:colcon.colcon_core.package_identification:_identify(calibration_phone) by extension 'colcon_meta'
[0.418s] Level 1:colcon.colcon_core.package_identification:_identify(calibration_phone) by extensions ['ros']
[0.418s] Level 1:colcon.colcon_core.package_identification:_identify(calibration_phone) by extension 'ros'
[0.418s] Level 1:colcon.colcon_core.package_identification:_identify(calibration_phone) by extensions ['cmake', 'python']
[0.418s] Level 1:colcon.colcon_core.package_identification:_identify(calibration_phone) by extension 'cmake'
[0.418s] Level 1:colcon.colcon_core.package_identification:_identify(calibration_phone) by extension 'python'
[0.418s] Level 1:colcon.colcon_core.package_identification:_identify(calibration_phone) by extensions ['python_setup_py']
[0.418s] Level 1:colcon.colcon_core.package_identification:_identify(calibration_phone) by extension 'python_setup_py'
[0.419s] Level 1:colcon.colcon_core.package_identification:_identify(detect) by extensions ['ignore', 'ignore_ament_install']
[0.419s] Level 1:colcon.colcon_core.package_identification:_identify(detect) by extension 'ignore'
[0.419s] Level 1:colcon.colcon_core.package_identification:_identify(detect) by extension 'ignore_ament_install'
[0.419s] Level 1:colcon.colcon_core.package_identification:_identify(detect) by extensions ['colcon_pkg']
[0.419s] Level 1:colcon.colcon_core.package_identification:_identify(detect) by extension 'colcon_pkg'
[0.419s] Level 1:colcon.colcon_core.package_identification:_identify(detect) by extensions ['colcon_meta']
[0.419s] Level 1:colcon.colcon_core.package_identification:_identify(detect) by extension 'colcon_meta'
[0.419s] Level 1:colcon.colcon_core.package_identification:_identify(detect) by extensions ['ros']
[0.419s] Level 1:colcon.colcon_core.package_identification:_identify(detect) by extension 'ros'
[0.419s] Level 1:colcon.colcon_core.package_identification:_identify(detect) by extensions ['cmake', 'python']
[0.419s] Level 1:colcon.colcon_core.package_identification:_identify(detect) by extension 'cmake'
[0.419s] Level 1:colcon.colcon_core.package_identification:_identify(detect) by extension 'python'
[0.419s] Level 1:colcon.colcon_core.package_identification:_identify(detect) by extensions ['python_setup_py']
[0.419s] Level 1:colcon.colcon_core.package_identification:_identify(detect) by extension 'python_setup_py'
[0.419s] Level 1:colcon.colcon_core.package_identification:_identify(detect_phone) by extensions ['ignore', 'ignore_ament_install']
[0.420s] Level 1:colcon.colcon_core.package_identification:_identify(detect_phone) by extension 'ignore'
[0.420s] Level 1:colcon.colcon_core.package_identification:_identify(detect_phone) by extension 'ignore_ament_install'
[0.420s] Level 1:colcon.colcon_core.package_identification:_identify(detect_phone) by extensions ['colcon_pkg']
[0.420s] Level 1:colcon.colcon_core.package_identification:_identify(detect_phone) by extension 'colcon_pkg'
[0.420s] Level 1:colcon.colcon_core.package_identification:_identify(detect_phone) by extensions ['colcon_meta']
[0.420s] Level 1:colcon.colcon_core.package_identification:_identify(detect_phone) by extension 'colcon_meta'
[0.420s] Level 1:colcon.colcon_core.package_identification:_identify(detect_phone) by extensions ['ros']
[0.420s] Level 1:colcon.colcon_core.package_identification:_identify(detect_phone) by extension 'ros'
[0.420s] Level 1:colcon.colcon_core.package_identification:_identify(detect_phone) by extensions ['cmake', 'python']
[0.420s] Level 1:colcon.colcon_core.package_identification:_identify(detect_phone) by extension 'cmake'
[0.420s] Level 1:colcon.colcon_core.package_identification:_identify(detect_phone) by extension 'python'
[0.420s] Level 1:colcon.colcon_core.package_identification:_identify(detect_phone) by extensions ['python_setup_py']
[0.420s] Level 1:colcon.colcon_core.package_identification:_identify(detect_phone) by extension 'python_setup_py'
[0.420s] Level 1:colcon.colcon_core.package_identification:_identify(install) by extensions ['ignore', 'ignore_ament_install']
[0.421s] Level 1:colcon.colcon_core.package_identification:_identify(install) by extension 'ignore'
[0.421s] Level 1:colcon.colcon_core.package_identification:_identify(install) ignored
[0.421s] Level 1:colcon.colcon_core.package_identification:_identify(log) by extensions ['ignore', 'ignore_ament_install']
[0.421s] Level 1:colcon.colcon_core.package_identification:_identify(log) by extension 'ignore'
[0.421s] Level 1:colcon.colcon_core.package_identification:_identify(log) ignored
[0.421s] Level 1:colcon.colcon_core.package_identification:_identify(src) by extensions ['ignore', 'ignore_ament_install']
[0.421s] Level 1:colcon.colcon_core.package_identification:_identify(src) by extension 'ignore'
[0.421s] Level 1:colcon.colcon_core.package_identification:_identify(src) by extension 'ignore_ament_install'
[0.421s] Level 1:colcon.colcon_core.package_identification:_identify(src) by extensions ['colcon_pkg']
[0.421s] Level 1:colcon.colcon_core.package_identification:_identify(src) by extension 'colcon_pkg'
[0.421s] Level 1:colcon.colcon_core.package_identification:_identify(src) by extensions ['colcon_meta']
[0.421s] Level 1:colcon.colcon_core.package_identification:_identify(src) by extension 'colcon_meta'
[0.421s] Level 1:colcon.colcon_core.package_identification:_identify(src) by extensions ['ros']
[0.422s] Level 1:colcon.colcon_core.package_identification:_identify(src) by extension 'ros'
[0.422s] Level 1:colcon.colcon_core.package_identification:_identify(src) by extensions ['cmake', 'python']
[0.422s] Level 1:colcon.colcon_core.package_identification:_identify(src) by extension 'cmake'
[0.422s] Level 1:colcon.colcon_core.package_identification:_identify(src) by extension 'python'
[0.422s] Level 1:colcon.colcon_core.package_identification:_identify(src) by extensions ['python_setup_py']
[0.422s] Level 1:colcon.colcon_core.package_identification:_identify(src) by extension 'python_setup_py'
[0.422s] Level 1:colcon.colcon_core.package_identification:_identify(src/ros2_aruco_interfaces) by extensions ['ignore', 'ignore_ament_install']
[0.422s] Level 1:colcon.colcon_core.package_identification:_identify(src/ros2_aruco_interfaces) by extension 'ignore'
[0.422s] Level 1:colcon.colcon_core.package_identification:_identify(src/ros2_aruco_interfaces) by extension 'ignore_ament_install'
[0.422s] Level 1:colcon.colcon_core.package_identification:_identify(src/ros2_aruco_interfaces) by extensions ['colcon_pkg']
[0.422s] Level 1:colcon.colcon_core.package_identification:_identify(src/ros2_aruco_interfaces) by extension 'colcon_pkg'
[0.422s] Level 1:colcon.colcon_core.package_identification:_identify(src/ros2_aruco_interfaces) by extensions ['colcon_meta']
[0.422s] Level 1:colcon.colcon_core.package_identification:_identify(src/ros2_aruco_interfaces) by extension 'colcon_meta'
[0.422s] Level 1:colcon.colcon_core.package_identification:_identify(src/ros2_aruco_interfaces) by extensions ['ros']
[0.422s] Level 1:colcon.colcon_core.package_identification:_identify(src/ros2_aruco_interfaces) by extension 'ros'
[0.426s] DEBUG:colcon.colcon_core.package_identification:Package 'src/ros2_aruco_interfaces' with type 'ros.ament_cmake' and name 'ros2_aruco_interfaces'
[0.426s] Level 1:colcon.colcon_core.package_identification:_identify(src/tello_pkg) by extensions ['ignore', 'ignore_ament_install']
[0.426s] Level 1:colcon.colcon_core.package_identification:_identify(src/tello_pkg) by extension 'ignore'
[0.426s] Level 1:colcon.colcon_core.package_identification:_identify(src/tello_pkg) by extension 'ignore_ament_install'
[0.426s] Level 1:colcon.colcon_core.package_identification:_identify(src/tello_pkg) by extensions ['colcon_pkg']
[0.426s] Level 1:colcon.colcon_core.package_identification:_identify(src/tello_pkg) by extension 'colcon_pkg'
[0.426s] Level 1:colcon.colcon_core.package_identification:_identify(src/tello_pkg) by extensions ['colcon_meta']
[0.426s] Level 1:colcon.colcon_core.package_identification:_identify(src/tello_pkg) by extension 'colcon_meta'
[0.426s] Level 1:colcon.colcon_core.package_identification:_identify(src/tello_pkg) by extensions ['ros']
[0.426s] Level 1:colcon.colcon_core.package_identification:_identify(src/tello_pkg) by extension 'ros'
[0.427s] DEBUG:colcon.colcon_core.package_identification:Package 'src/tello_pkg' with type 'ros.ament_python' and name 'tello_pkg'
[0.428s] Level 1:colcon.colcon_core.package_discovery:discover_packages(recursive) using defaults
[0.428s] Level 1:colcon.colcon_core.package_discovery:discover_packages(ignore) discover
[0.428s] Level 1:colcon.colcon_core.package_discovery:discover_packages(ignore) using defaults
[0.428s] Level 1:colcon.colcon_core.package_discovery:discover_packages(path) discover
[0.428s] Level 1:colcon.colcon_core.package_discovery:discover_packages(path) using defaults
[0.455s] Level 5:colcon.colcon_core.verb:set package 'ros2_aruco_interfaces' build argument 'cmake_args' from command line to 'None'
[0.455s] Level 5:colcon.colcon_core.verb:set package 'ros2_aruco_interfaces' build argument 'cmake_target' from command line to 'None'
[0.456s] Level 5:colcon.colcon_core.verb:set package 'ros2_aruco_interfaces' build argument 'cmake_target_skip_unavailable' from command line to 'False'
[0.456s] Level 5:colcon.colcon_core.verb:set package 'ros2_aruco_interfaces' build argument 'cmake_clean_cache' from command line to 'False'
[0.456s] Level 5:colcon.colcon_core.verb:set package 'ros2_aruco_interfaces' build argument 'cmake_clean_first' from command line to 'False'
[0.456s] Level 5:colcon.colcon_core.verb:set package 'ros2_aruco_interfaces' build argument 'cmake_force_configure' from command line to 'False'
[0.456s] Level 5:colcon.colcon_core.verb:set package 'ros2_aruco_interfaces' build argument 'ament_cmake_args' from command line to 'None'
[0.456s] Level 5:colcon.colcon_core.verb:set package 'ros2_aruco_interfaces' build argument 'catkin_cmake_args' from command line to 'None'
[0.456s] Level 5:colcon.colcon_core.verb:set package 'ros2_aruco_interfaces' build argument 'catkin_skip_building_tests' from command line to 'False'
[0.456s] DEBUG:colcon.colcon_core.verb:Building package 'ros2_aruco_interfaces' with the following arguments: {'ament_cmake_args': None, 'build_base': '/root/docker_tello_ros2/wrk_src/build/ros2_aruco_interfaces', 'catkin_cmake_args': None, 'catkin_skip_building_tests': False, 'cmake_args': None, 'cmake_clean_cache': False, 'cmake_clean_first': False, 'cmake_force_configure': False, 'cmake_target': None, 'cmake_target_skip_unavailable': False, 'install_base': '/root/docker_tello_ros2/wrk_src/install/ros2_aruco_interfaces', 'merge_install': False, 'path': '/root/docker_tello_ros2/wrk_src/src/ros2_aruco_interfaces', 'symlink_install': False, 'test_result_base': None}
[0.457s] Level 5:colcon.colcon_core.verb:set package 'tello_pkg' build argument 'cmake_args' from command line to 'None'
[0.457s] Level 5:colcon.colcon_core.verb:set package 'tello_pkg' build argument 'cmake_target' from command line to 'None'
[0.457s] Level 5:colcon.colcon_core.verb:set package 'tello_pkg' build argument 'cmake_target_skip_unavailable' from command line to 'False'
[0.457s] Level 5:colcon.colcon_core.verb:set package 'tello_pkg' build argument 'cmake_clean_cache' from command line to 'False'
[0.457s] Level 5:colcon.colcon_core.verb:set package 'tello_pkg' build argument 'cmake_clean_first' from command line to 'False'
[0.457s] Level 5:colcon.colcon_core.verb:set package 'tello_pkg' build argument 'cmake_force_configure' from command line to 'False'
[0.457s] Level 5:colcon.colcon_core.verb:set package 'tello_pkg' build argument 'ament_cmake_args' from command line to 'None'
[0.457s] Level 5:colcon.colcon_core.verb:set package 'tello_pkg' build argument 'catkin_cmake_args' from command line to 'None'
[0.457s] Level 5:colcon.colcon_core.verb:set package 'tello_pkg' build argument 'catkin_skip_building_tests' from command line to 'False'
[0.457s] DEBUG:colcon.colcon_core.verb:Building package 'tello_pkg' with the following arguments: {'ament_cmake_args': None, 'build_base': '/root/docker_tello_ros2/wrk_src/build/tello_pkg', 'catkin_cmake_args': None, 'catkin_skip_building_tests': False, 'cmake_args': None, 'cmake_clean_cache': False, 'cmake_clean_first': False, 'cmake_force_configure': False, 'cmake_target': None, 'cmake_target_skip_unavailable': False, 'install_base': '/root/docker_tello_ros2/wrk_src/install/tello_pkg', 'merge_install': False, 'path': '/root/docker_tello_ros2/wrk_src/src/tello_pkg', 'symlink_install': False, 'test_result_base': None}
[0.457s] INFO:colcon.colcon_core.executor:Executing jobs using 'parallel' executor
[0.460s] DEBUG:colcon.colcon_parallel_executor.executor.parallel:run_until_complete
[0.460s] INFO:colcon.colcon_ros.task.ament_cmake.build:Building ROS package in '/root/docker_tello_ros2/wrk_src/src/ros2_aruco_interfaces' with build type 'ament_cmake'
[0.461s] INFO:colcon.colcon_cmake.task.cmake.build:Building CMake package in '/root/docker_tello_ros2/wrk_src/src/ros2_aruco_interfaces'
[0.464s] INFO:colcon.colcon_core.plugin_system:Skipping extension 'colcon_core.shell.bat': Not used on non-Windows systems
[0.465s] INFO:colcon.colcon_core.shell:Skip shell extension 'powershell' for command environment: Not usable outside of PowerShell
[0.465s] DEBUG:colcon.colcon_core.shell:Skip shell extension 'dsv' for command environment
[0.475s] INFO:colcon.colcon_ros.task.ament_python.build:Building ROS package in '/root/docker_tello_ros2/wrk_src/src/tello_pkg' with build type 'ament_python'
[0.475s] Level 1:colcon.colcon_core.shell:create_environment_hook('tello_pkg', 'ament_prefix_path')
[0.476s] INFO:colcon.colcon_core.shell:Creating environment hook '/root/docker_tello_ros2/wrk_src/install/tello_pkg/share/tello_pkg/hook/ament_prefix_path.ps1'
[0.479s] INFO:colcon.colcon_core.shell:Creating environment descriptor '/root/docker_tello_ros2/wrk_src/install/tello_pkg/share/tello_pkg/hook/ament_prefix_path.dsv'
[0.480s] INFO:colcon.colcon_core.shell:Creating environment hook '/root/docker_tello_ros2/wrk_src/install/tello_pkg/share/tello_pkg/hook/ament_prefix_path.sh'
[0.481s] INFO:colcon.colcon_core.shell:Skip shell extension 'powershell' for command environment: Not usable outside of PowerShell
[0.481s] DEBUG:colcon.colcon_core.shell:Skip shell extension 'dsv' for command environment
[0.502s] DEBUG:colcon.colcon_core.event_handler.log_command:Invoking command in '/root/docker_tello_ros2/wrk_src/build/ros2_aruco_interfaces': CMAKE_PREFIX_PATH=${CMAKE_PREFIX_PATH}:/root/docker_tello_ros2/wrk_src/install/tello_pkg:/opt/ros/foxy /usr/bin/cmake --build /root/docker_tello_ros2/wrk_src/build/ros2_aruco_interfaces -- -j8 -l8
[0.909s] INFO:colcon.colcon_core.task.python.build:Building Python package in '/root/docker_tello_ros2/wrk_src/src/tello_pkg'
[0.910s] INFO:colcon.colcon_core.shell:Skip shell extension 'powershell' for command environment: Not usable outside of PowerShell
[0.910s] DEBUG:colcon.colcon_core.shell:Skip shell extension 'dsv' for command environment
[0.943s] DEBUG:colcon.colcon_core.event_handler.log_command:Invoked command in '/root/docker_tello_ros2/wrk_src/build/ros2_aruco_interfaces' returned '0': CMAKE_PREFIX_PATH=${CMAKE_PREFIX_PATH}:/root/docker_tello_ros2/wrk_src/install/tello_pkg:/opt/ros/foxy /usr/bin/cmake --build /root/docker_tello_ros2/wrk_src/build/ros2_aruco_interfaces -- -j8 -l8
[1.106s] DEBUG:colcon.colcon_core.event_handler.log_command:Invoking command in '/root/docker_tello_ros2/wrk_src/build/ros2_aruco_interfaces': CMAKE_PREFIX_PATH=${CMAKE_PREFIX_PATH}:/root/docker_tello_ros2/wrk_src/install/tello_pkg:/opt/ros/foxy /usr/bin/cmake --install /root/docker_tello_ros2/wrk_src/build/ros2_aruco_interfaces
[1.210s] Level 1:colcon.colcon_core.environment:create_environment_scripts_only(ros2_aruco_interfaces)
[1.210s] DEBUG:colcon.colcon_core.event_handler.log_command:Invoked command in '/root/docker_tello_ros2/wrk_src/build/ros2_aruco_interfaces' returned '0': CMAKE_PREFIX_PATH=${CMAKE_PREFIX_PATH}:/root/docker_tello_ros2/wrk_src/install/tello_pkg:/opt/ros/foxy /usr/bin/cmake --install /root/docker_tello_ros2/wrk_src/build/ros2_aruco_interfaces
[1.213s] Level 1:colcon.colcon_core.environment:checking '/root/docker_tello_ros2/wrk_src/install/ros2_aruco_interfaces' for CMake module files
[1.214s] Level 1:colcon.colcon_core.environment:checking '/root/docker_tello_ros2/wrk_src/install/ros2_aruco_interfaces' for CMake config files
[1.214s] Level 1:colcon.colcon_core.shell:create_environment_hook('ros2_aruco_interfaces', 'cmake_prefix_path')
[1.215s] INFO:colcon.colcon_core.shell:Creating environment hook '/root/docker_tello_ros2/wrk_src/install/ros2_aruco_interfaces/share/ros2_aruco_interfaces/hook/cmake_prefix_path.ps1'
[1.215s] INFO:colcon.colcon_core.shell:Creating environment descriptor '/root/docker_tello_ros2/wrk_src/install/ros2_aruco_interfaces/share/ros2_aruco_interfaces/hook/cmake_prefix_path.dsv'
[1.216s] INFO:colcon.colcon_core.shell:Creating environment hook '/root/docker_tello_ros2/wrk_src/install/ros2_aruco_interfaces/share/ros2_aruco_interfaces/hook/cmake_prefix_path.sh'
[1.216s] Level 1:colcon.colcon_core.environment:checking '/root/docker_tello_ros2/wrk_src/install/ros2_aruco_interfaces/lib'
[1.217s] Level 1:colcon.colcon_core.shell:create_environment_hook('ros2_aruco_interfaces', 'ld_library_path_lib')
[1.217s] INFO:colcon.colcon_core.shell:Creating environment hook '/root/docker_tello_ros2/wrk_src/install/ros2_aruco_interfaces/share/ros2_aruco_interfaces/hook/ld_library_path_lib.ps1'
[1.217s] INFO:colcon.colcon_core.shell:Creating environment descriptor '/root/docker_tello_ros2/wrk_src/install/ros2_aruco_interfaces/share/ros2_aruco_interfaces/hook/ld_library_path_lib.dsv'
[1.218s] INFO:colcon.colcon_core.shell:Creating environment hook '/root/docker_tello_ros2/wrk_src/install/ros2_aruco_interfaces/share/ros2_aruco_interfaces/hook/ld_library_path_lib.sh'
[1.218s] Level 1:colcon.colcon_core.environment:checking '/root/docker_tello_ros2/wrk_src/install/ros2_aruco_interfaces/bin'
[1.218s] Level 1:colcon.colcon_core.environment:checking '/root/docker_tello_ros2/wrk_src/install/ros2_aruco_interfaces/lib/pkgconfig/ros2_aruco_interfaces.pc'
[1.218s] Level 1:colcon.colcon_core.environment:checking '/root/docker_tello_ros2/wrk_src/install/ros2_aruco_interfaces/lib/python3.8/site-packages'
[1.218s] Level 1:colcon.colcon_core.shell:create_environment_hook('ros2_aruco_interfaces', 'pythonpath')
[1.219s] INFO:colcon.colcon_core.shell:Creating environment hook '/root/docker_tello_ros2/wrk_src/install/ros2_aruco_interfaces/share/ros2_aruco_interfaces/hook/pythonpath.ps1'
[1.219s] INFO:colcon.colcon_core.shell:Creating environment descriptor '/root/docker_tello_ros2/wrk_src/install/ros2_aruco_interfaces/share/ros2_aruco_interfaces/hook/pythonpath.dsv'
[1.219s] INFO:colcon.colcon_core.shell:Creating environment hook '/root/docker_tello_ros2/wrk_src/install/ros2_aruco_interfaces/share/ros2_aruco_interfaces/hook/pythonpath.sh'
[1.220s] Level 1:colcon.colcon_core.environment:checking '/root/docker_tello_ros2/wrk_src/install/ros2_aruco_interfaces/bin'
[1.220s] INFO:colcon.colcon_core.shell:Creating package script '/root/docker_tello_ros2/wrk_src/install/ros2_aruco_interfaces/share/ros2_aruco_interfaces/package.ps1'
[1.221s] INFO:colcon.colcon_core.shell:Creating package descriptor '/root/docker_tello_ros2/wrk_src/install/ros2_aruco_interfaces/share/ros2_aruco_interfaces/package.dsv'
[1.222s] INFO:colcon.colcon_core.shell:Creating package script '/root/docker_tello_ros2/wrk_src/install/ros2_aruco_interfaces/share/ros2_aruco_interfaces/package.sh'
[1.223s] INFO:colcon.colcon_core.shell:Creating package script '/root/docker_tello_ros2/wrk_src/install/ros2_aruco_interfaces/share/ros2_aruco_interfaces/package.bash'
[1.223s] INFO:colcon.colcon_core.shell:Creating package script '/root/docker_tello_ros2/wrk_src/install/ros2_aruco_interfaces/share/ros2_aruco_interfaces/package.zsh'
[1.224s] Level 1:colcon.colcon_core.environment:create_file_with_runtime_dependencies(/root/docker_tello_ros2/wrk_src/install/ros2_aruco_interfaces/share/colcon-core/packages/ros2_aruco_interfaces)
[1.316s] Level 1:colcon.colcon_core.environment:create_environment_scripts_only(ros2_aruco_interfaces)
[1.317s] Level 1:colcon.colcon_core.environment:checking '/root/docker_tello_ros2/wrk_src/install/ros2_aruco_interfaces' for CMake module files
[1.318s] Level 1:colcon.colcon_core.environment:checking '/root/docker_tello_ros2/wrk_src/install/ros2_aruco_interfaces' for CMake config files
[1.319s] Level 1:colcon.colcon_core.shell:create_environment_hook('ros2_aruco_interfaces', 'cmake_prefix_path')
[1.319s] INFO:colcon.colcon_core.shell:Creating environment hook '/root/docker_tello_ros2/wrk_src/install/ros2_aruco_interfaces/share/ros2_aruco_interfaces/hook/cmake_prefix_path.ps1'
[1.320s] INFO:colcon.colcon_core.shell:Creating environment descriptor '/root/docker_tello_ros2/wrk_src/install/ros2_aruco_interfaces/share/ros2_aruco_interfaces/hook/cmake_prefix_path.dsv'
[1.321s] INFO:colcon.colcon_core.shell:Creating environment hook '/root/docker_tello_ros2/wrk_src/install/ros2_aruco_interfaces/share/ros2_aruco_interfaces/hook/cmake_prefix_path.sh'
[1.322s] Level 1:colcon.colcon_core.environment:checking '/root/docker_tello_ros2/wrk_src/install/ros2_aruco_interfaces/lib'
[1.322s] Level 1:colcon.colcon_core.shell:create_environment_hook('ros2_aruco_interfaces', 'ld_library_path_lib')
[1.322s] INFO:colcon.colcon_core.shell:Creating environment hook '/root/docker_tello_ros2/wrk_src/install/ros2_aruco_interfaces/share/ros2_aruco_interfaces/hook/ld_library_path_lib.ps1'
[1.323s] INFO:colcon.colcon_core.shell:Creating environment descriptor '/root/docker_tello_ros2/wrk_src/install/ros2_aruco_interfaces/share/ros2_aruco_interfaces/hook/ld_library_path_lib.dsv'
[1.323s] INFO:colcon.colcon_core.shell:Creating environment hook '/root/docker_tello_ros2/wrk_src/install/ros2_aruco_interfaces/share/ros2_aruco_interfaces/hook/ld_library_path_lib.sh'
[1.324s] Level 1:colcon.colcon_core.environment:checking '/root/docker_tello_ros2/wrk_src/install/ros2_aruco_interfaces/bin'
[1.324s] Level 1:colcon.colcon_core.environment:checking '/root/docker_tello_ros2/wrk_src/install/ros2_aruco_interfaces/lib/pkgconfig/ros2_aruco_interfaces.pc'
[1.325s] Level 1:colcon.colcon_core.environment:checking '/root/docker_tello_ros2/wrk_src/install/ros2_aruco_interfaces/lib/python3.8/site-packages'
[1.325s] Level 1:colcon.colcon_core.shell:create_environment_hook('ros2_aruco_interfaces', 'pythonpath')
[1.325s] INFO:colcon.colcon_core.shell:Creating environment hook '/root/docker_tello_ros2/wrk_src/install/ros2_aruco_interfaces/share/ros2_aruco_interfaces/hook/pythonpath.ps1'
[1.326s] INFO:colcon.colcon_core.shell:Creating environment descriptor '/root/docker_tello_ros2/wrk_src/install/ros2_aruco_interfaces/share/ros2_aruco_interfaces/hook/pythonpath.dsv'
[1.326s] INFO:colcon.colcon_core.shell:Creating environment hook '/root/docker_tello_ros2/wrk_src/install/ros2_aruco_interfaces/share/ros2_aruco_interfaces/hook/pythonpath.sh'
[1.328s] Level 1:colcon.colcon_core.environment:checking '/root/docker_tello_ros2/wrk_src/install/ros2_aruco_interfaces/bin'
[1.329s] INFO:colcon.colcon_core.shell:Creating package script '/root/docker_tello_ros2/wrk_src/install/ros2_aruco_interfaces/share/ros2_aruco_interfaces/package.ps1'
[1.330s] INFO:colcon.colcon_core.shell:Creating package descriptor '/root/docker_tello_ros2/wrk_src/install/ros2_aruco_interfaces/share/ros2_aruco_interfaces/package.dsv'
[1.331s] INFO:colcon.colcon_core.shell:Creating package script '/root/docker_tello_ros2/wrk_src/install/ros2_aruco_interfaces/share/ros2_aruco_interfaces/package.sh'
[1.332s] INFO:colcon.colcon_core.shell:Creating package script '/root/docker_tello_ros2/wrk_src/install/ros2_aruco_interfaces/share/ros2_aruco_interfaces/package.bash'
[1.332s] INFO:colcon.colcon_core.shell:Creating package script '/root/docker_tello_ros2/wrk_src/install/ros2_aruco_interfaces/share/ros2_aruco_interfaces/package.zsh'
[1.333s] Level 1:colcon.colcon_core.environment:create_file_with_runtime_dependencies(/root/docker_tello_ros2/wrk_src/install/ros2_aruco_interfaces/share/colcon-core/packages/ros2_aruco_interfaces)
[1.612s] DEBUG:colcon.colcon_core.event_handler.log_command:Invoking command in '/root/docker_tello_ros2/wrk_src/src/tello_pkg': PYTHONPATH=/root/docker_tello_ros2/wrk_src/build/tello_pkg/prefix_override:/root/docker_tello_ros2/wrk_src/install/tello_pkg/lib/python3.8/site-packages:${PYTHONPATH} /usr/bin/python3 -W ignore:setup.py install is deprecated setup.py egg_info --egg-base ../../build/tello_pkg build --build-base /root/docker_tello_ros2/wrk_src/build/tello_pkg/build install --record /root/docker_tello_ros2/wrk_src/build/tello_pkg/install.log --install-scripts $base/lib/tello_pkg --single-version-externally-managed install_data
[1.976s] Level 1:colcon.colcon_core.environment:checking '/root/docker_tello_ros2/wrk_src/install/tello_pkg' for CMake module files
[1.977s] DEBUG:colcon.colcon_core.event_handler.log_command:Invoked command in '/root/docker_tello_ros2/wrk_src/src/tello_pkg' returned '0': PYTHONPATH=/root/docker_tello_ros2/wrk_src/build/tello_pkg/prefix_override:/root/docker_tello_ros2/wrk_src/install/tello_pkg/lib/python3.8/site-packages:${PYTHONPATH} /usr/bin/python3 -W ignore:setup.py install is deprecated setup.py egg_info --egg-base ../../build/tello_pkg build --build-base /root/docker_tello_ros2/wrk_src/build/tello_pkg/build install --record /root/docker_tello_ros2/wrk_src/build/tello_pkg/install.log --install-scripts $base/lib/tello_pkg --single-version-externally-managed install_data
[1.978s] Level 1:colcon.colcon_core.environment:checking '/root/docker_tello_ros2/wrk_src/install/tello_pkg' for CMake config files
[1.978s] Level 1:colcon.colcon_core.environment:checking '/root/docker_tello_ros2/wrk_src/install/tello_pkg/lib'
[1.978s] Level 1:colcon.colcon_core.environment:checking '/root/docker_tello_ros2/wrk_src/install/tello_pkg/bin'
[1.978s] Level 1:colcon.colcon_core.environment:checking '/root/docker_tello_ros2/wrk_src/install/tello_pkg/lib/pkgconfig/tello_pkg.pc'
[1.979s] Level 1:colcon.colcon_core.environment:checking '/root/docker_tello_ros2/wrk_src/install/tello_pkg/lib/python3.8/site-packages'
[1.979s] Level 1:colcon.colcon_core.shell:create_environment_hook('tello_pkg', 'pythonpath')
[1.979s] INFO:colcon.colcon_core.shell:Creating environment hook '/root/docker_tello_ros2/wrk_src/install/tello_pkg/share/tello_pkg/hook/pythonpath.ps1'
[1.980s] INFO:colcon.colcon_core.shell:Creating environment descriptor '/root/docker_tello_ros2/wrk_src/install/tello_pkg/share/tello_pkg/hook/pythonpath.dsv'
[1.980s] INFO:colcon.colcon_core.shell:Creating environment hook '/root/docker_tello_ros2/wrk_src/install/tello_pkg/share/tello_pkg/hook/pythonpath.sh'
[1.981s] Level 1:colcon.colcon_core.environment:checking '/root/docker_tello_ros2/wrk_src/install/tello_pkg/bin'
[1.981s] Level 1:colcon.colcon_core.environment:create_environment_scripts_only(tello_pkg)
[1.981s] INFO:colcon.colcon_core.shell:Creating package script '/root/docker_tello_ros2/wrk_src/install/tello_pkg/share/tello_pkg/package.ps1'
[1.982s] INFO:colcon.colcon_core.shell:Creating package descriptor '/root/docker_tello_ros2/wrk_src/install/tello_pkg/share/tello_pkg/package.dsv'
[1.982s] INFO:colcon.colcon_core.shell:Creating package script '/root/docker_tello_ros2/wrk_src/install/tello_pkg/share/tello_pkg/package.sh'
[1.983s] INFO:colcon.colcon_core.shell:Creating package script '/root/docker_tello_ros2/wrk_src/install/tello_pkg/share/tello_pkg/package.bash'
[1.983s] INFO:colcon.colcon_core.shell:Creating package script '/root/docker_tello_ros2/wrk_src/install/tello_pkg/share/tello_pkg/package.zsh'
[1.984s] Level 1:colcon.colcon_core.environment:create_file_with_runtime_dependencies(/root/docker_tello_ros2/wrk_src/install/tello_pkg/share/colcon-core/packages/tello_pkg)
[1.984s] DEBUG:colcon.colcon_parallel_executor.executor.parallel:closing loop
[1.985s] DEBUG:colcon.colcon_parallel_executor.executor.parallel:loop closed
[1.985s] DEBUG:colcon.colcon_parallel_executor.executor.parallel:run_until_complete finished with '0'
[1.985s] DEBUG:colcon.colcon_core.event_reactor:joining thread
[1.992s] INFO:colcon.colcon_core.plugin_system:Skipping extension 'colcon_notification.desktop_notification.notify_send': Could not find 'notify-send'
[1.993s] INFO:colcon.colcon_core.plugin_system:Skipping extension 'colcon_notification.desktop_notification.terminal_notifier': Not used on non-Darwin systems
[1.993s] INFO:colcon.colcon_core.plugin_system:Skipping extension 'colcon_notification.desktop_notification.win32': Not used on non-Windows systems
[1.993s] INFO:colcon.colcon_notification.desktop_notification:Sending desktop notification using 'notify2'
[1.995s] DEBUG:colcon.colcon_notification.desktop_notification.notify2:Failed to initialize notify2: org.freedesktop.DBus.Error.Spawn.ExecFailed: /usr/bin/dbus-launch terminated abnormally without any error message
[1.996s] DEBUG:colcon.colcon_core.event_reactor:joined thread
[1.996s] INFO:colcon.colcon_core.shell:Creating prefix script '/root/docker_tello_ros2/wrk_src/install/local_setup.ps1'
[1.998s] INFO:colcon.colcon_core.shell:Creating prefix util module '/root/docker_tello_ros2/wrk_src/install/_local_setup_util_ps1.py'
[2.001s] INFO:colcon.colcon_core.shell:Creating prefix chain script '/root/docker_tello_ros2/wrk_src/install/setup.ps1'
[2.002s] INFO:colcon.colcon_core.shell:Creating prefix script '/root/docker_tello_ros2/wrk_src/install/local_setup.sh'
[2.003s] INFO:colcon.colcon_core.shell:Creating prefix util module '/root/docker_tello_ros2/wrk_src/install/_local_setup_util_sh.py'
[2.004s] INFO:colcon.colcon_core.shell:Creating prefix chain script '/root/docker_tello_ros2/wrk_src/install/setup.sh'
[2.006s] INFO:colcon.colcon_core.shell:Creating prefix script '/root/docker_tello_ros2/wrk_src/install/local_setup.bash'
[2.006s] INFO:colcon.colcon_core.shell:Creating prefix chain script '/root/docker_tello_ros2/wrk_src/install/setup.bash'
[2.008s] INFO:colcon.colcon_core.shell:Creating prefix script '/root/docker_tello_ros2/wrk_src/install/local_setup.zsh'
[2.009s] INFO:colcon.colcon_core.shell:Creating prefix chain script '/root/docker_tello_ros2/wrk_src/install/setup.zsh'
