[0.098s] Invoking command in '/root/docker_tello_ros2/wrk_src/build/ros2_aruco_interfaces': CMAKE_PREFIX_PATH=/opt/ros/foxy /usr/bin/cmake --build /root/docker_tello_ros2/wrk_src/build/ros2_aruco_interfaces -- -j8 -l8
[0.652s] [  3%] Built target ros2_aruco_interfaces__cpp
[0.716s] [ 12%] Built target ros2_aruco_interfaces__rosidl_typesupport_cpp
[0.720s] [ 32%] Built target ros2_aruco_interfaces__rosidl_typesupport_introspection_cpp
[0.720s] [ 32%] Built target ros2_aruco_interfaces__rosidl_generator_c
[0.741s] [ 41%] Built target ros2_aruco_interfaces__rosidl_typesupport_fastrtps_cpp
[0.764s] [ 51%] Built target ros2_aruco_interfaces__rosidl_typesupport_introspection_c
[0.768s] [ 61%] Built target ros2_aruco_interfaces__rosidl_typesupport_c
[0.789s] [ 70%] Built target ros2_aruco_interfaces__rosidl_typesupport_fastrtps_c
[0.817s] [ 70%] Built target ros2_aruco_interfaces
[0.852s] [ 74%] Built target ros2_aruco_interfaces__py
[0.930s] [ 80%] Built target ros2_aruco_interfaces__python
[0.997s] [ 87%] Built target ros2_aruco_interfaces__rosidl_typesupport_fastrtps_c__pyext
[0.997s] [ 93%] Built target ros2_aruco_interfaces__rosidl_typesupport_introspection_c__pyext
[0.999s] [100%] Built target ros2_aruco_interfaces__rosidl_typesupport_c__pyext
[1.014s] Invoked command in '/root/docker_tello_ros2/wrk_src/build/ros2_aruco_interfaces' returned '0': CMAKE_PREFIX_PATH=/opt/ros/foxy /usr/bin/cmake --build /root/docker_tello_ros2/wrk_src/build/ros2_aruco_interfaces -- -j8 -l8
[1.154s] Invoking command in '/root/docker_tello_ros2/wrk_src/build/ros2_aruco_interfaces': CMAKE_PREFIX_PATH=/opt/ros/foxy /usr/bin/cmake --install /root/docker_tello_ros2/wrk_src/build/ros2_aruco_interfaces
[1.168s] -- Install configuration: ""
[1.168s] -- Up-to-date: /root/docker_tello_ros2/wrk_src/install/ros2_aruco_interfaces/share/ament_index/resource_index/rosidl_interfaces/ros2_aruco_interfaces
[1.169s] -- Up-to-date: /root/docker_tello_ros2/wrk_src/install/ros2_aruco_interfaces/include/ros2_aruco_interfaces
[1.170s] -- Up-to-date: /root/docker_tello_ros2/wrk_src/install/ros2_aruco_interfaces/include/ros2_aruco_interfaces/msg
[1.170s] -- Up-to-date: /root/docker_tello_ros2/wrk_src/install/ros2_aruco_interfaces/include/ros2_aruco_interfaces/msg/rosidl_generator_c__visibility_control.h
[1.171s] -- Up-to-date: /root/docker_tello_ros2/wrk_src/install/ros2_aruco_interfaces/include/ros2_aruco_interfaces/msg/aruco_markers.h
[1.171s] -- Up-to-date: /root/docker_tello_ros2/wrk_src/install/ros2_aruco_interfaces/include/ros2_aruco_interfaces/msg/detail
[1.171s] -- Up-to-date: /root/docker_tello_ros2/wrk_src/install/ros2_aruco_interfaces/include/ros2_aruco_interfaces/msg/detail/aruco_markers__functions.c
[1.171s] -- Up-to-date: /root/docker_tello_ros2/wrk_src/install/ros2_aruco_interfaces/include/ros2_aruco_interfaces/msg/detail/aruco_markers__struct.h
[1.171s] -- Up-to-date: /root/docker_tello_ros2/wrk_src/install/ros2_aruco_interfaces/include/ros2_aruco_interfaces/msg/detail/aruco_markers__functions.h
[1.171s] -- Up-to-date: /root/docker_tello_ros2/wrk_src/install/ros2_aruco_interfaces/include/ros2_aruco_interfaces/msg/detail/aruco_markers__type_support.h
[1.171s] -- Up-to-date: /root/docker_tello_ros2/wrk_src/install/ros2_aruco_interfaces/share/ros2_aruco_interfaces/environment/library_path.sh
[1.171s] -- Up-to-date: /root/docker_tello_ros2/wrk_src/install/ros2_aruco_interfaces/share/ros2_aruco_interfaces/environment/library_path.dsv
[1.172s] -- Up-to-date: /root/docker_tello_ros2/wrk_src/install/ros2_aruco_interfaces/lib/libros2_aruco_interfaces__rosidl_generator_c.so
[1.172s] -- Up-to-date: /root/docker_tello_ros2/wrk_src/install/ros2_aruco_interfaces/include/ros2_aruco_interfaces
[1.172s] -- Up-to-date: /root/docker_tello_ros2/wrk_src/install/ros2_aruco_interfaces/include/ros2_aruco_interfaces/msg
[1.173s] -- Up-to-date: /root/docker_tello_ros2/wrk_src/install/ros2_aruco_interfaces/include/ros2_aruco_interfaces/msg/rosidl_typesupport_fastrtps_c__visibility_control.h
[1.173s] -- Up-to-date: /root/docker_tello_ros2/wrk_src/install/ros2_aruco_interfaces/include/ros2_aruco_interfaces/msg/detail
[1.173s] -- Up-to-date: /root/docker_tello_ros2/wrk_src/install/ros2_aruco_interfaces/include/ros2_aruco_interfaces/msg/detail/aruco_markers__rosidl_typesupport_fastrtps_c.h
[1.174s] -- Up-to-date: /root/docker_tello_ros2/wrk_src/install/ros2_aruco_interfaces/lib/libros2_aruco_interfaces__rosidl_typesupport_fastrtps_c.so
[1.174s] -- Up-to-date: /root/docker_tello_ros2/wrk_src/install/ros2_aruco_interfaces/include/ros2_aruco_interfaces
[1.174s] -- Up-to-date: /root/docker_tello_ros2/wrk_src/install/ros2_aruco_interfaces/include/ros2_aruco_interfaces/msg
[1.175s] -- Up-to-date: /root/docker_tello_ros2/wrk_src/install/ros2_aruco_interfaces/include/ros2_aruco_interfaces/msg/rosidl_typesupport_fastrtps_cpp__visibility_control.h
[1.175s] -- Up-to-date: /root/docker_tello_ros2/wrk_src/install/ros2_aruco_interfaces/include/ros2_aruco_interfaces/msg/detail
[1.175s] -- Up-to-date: /root/docker_tello_ros2/wrk_src/install/ros2_aruco_interfaces/include/ros2_aruco_interfaces/msg/detail/dds_fastrtps
[1.175s] -- Up-to-date: /root/docker_tello_ros2/wrk_src/install/ros2_aruco_interfaces/include/ros2_aruco_interfaces/msg/detail/aruco_markers__rosidl_typesupport_fastrtps_cpp.hpp
[1.176s] -- Up-to-date: /root/docker_tello_ros2/wrk_src/install/ros2_aruco_interfaces/lib/libros2_aruco_interfaces__rosidl_typesupport_fastrtps_cpp.so
[1.176s] -- Up-to-date: /root/docker_tello_ros2/wrk_src/install/ros2_aruco_interfaces/include/ros2_aruco_interfaces
[1.177s] -- Up-to-date: /root/docker_tello_ros2/wrk_src/install/ros2_aruco_interfaces/include/ros2_aruco_interfaces/msg
[1.177s] -- Up-to-date: /root/docker_tello_ros2/wrk_src/install/ros2_aruco_interfaces/include/ros2_aruco_interfaces/msg/rosidl_typesupport_introspection_c__visibility_control.h
[1.177s] -- Up-to-date: /root/docker_tello_ros2/wrk_src/install/ros2_aruco_interfaces/include/ros2_aruco_interfaces/msg/detail
[1.178s] -- Up-to-date: /root/docker_tello_ros2/wrk_src/install/ros2_aruco_interfaces/include/ros2_aruco_interfaces/msg/detail/aruco_markers__type_support.c
[1.178s] -- Up-to-date: /root/docker_tello_ros2/wrk_src/install/ros2_aruco_interfaces/include/ros2_aruco_interfaces/msg/detail/aruco_markers__rosidl_typesupport_introspection_c.h
[1.180s] -- Up-to-date: /root/docker_tello_ros2/wrk_src/install/ros2_aruco_interfaces/lib/libros2_aruco_interfaces__rosidl_typesupport_introspection_c.so
[1.181s] -- Up-to-date: /root/docker_tello_ros2/wrk_src/install/ros2_aruco_interfaces/lib/libros2_aruco_interfaces__rosidl_typesupport_c.so
[1.181s] -- Up-to-date: /root/docker_tello_ros2/wrk_src/install/ros2_aruco_interfaces/include/ros2_aruco_interfaces
[1.181s] -- Up-to-date: /root/docker_tello_ros2/wrk_src/install/ros2_aruco_interfaces/include/ros2_aruco_interfaces/msg
[1.182s] -- Up-to-date: /root/docker_tello_ros2/wrk_src/install/ros2_aruco_interfaces/include/ros2_aruco_interfaces/msg/aruco_markers.hpp
[1.182s] -- Up-to-date: /root/docker_tello_ros2/wrk_src/install/ros2_aruco_interfaces/include/ros2_aruco_interfaces/msg/rosidl_generator_cpp__visibility_control.hpp
[1.182s] -- Up-to-date: /root/docker_tello_ros2/wrk_src/install/ros2_aruco_interfaces/include/ros2_aruco_interfaces/msg/detail
[1.183s] -- Up-to-date: /root/docker_tello_ros2/wrk_src/install/ros2_aruco_interfaces/include/ros2_aruco_interfaces/msg/detail/aruco_markers__struct.hpp
[1.183s] -- Up-to-date: /root/docker_tello_ros2/wrk_src/install/ros2_aruco_interfaces/include/ros2_aruco_interfaces/msg/detail/aruco_markers__traits.hpp
[1.183s] -- Up-to-date: /root/docker_tello_ros2/wrk_src/install/ros2_aruco_interfaces/include/ros2_aruco_interfaces/msg/detail/aruco_markers__builder.hpp
[1.183s] -- Up-to-date: /root/docker_tello_ros2/wrk_src/install/ros2_aruco_interfaces/include/ros2_aruco_interfaces/msg/detail/aruco_markers__type_support.hpp
[1.183s] -- Up-to-date: /root/docker_tello_ros2/wrk_src/install/ros2_aruco_interfaces/include/ros2_aruco_interfaces
[1.184s] -- Up-to-date: /root/docker_tello_ros2/wrk_src/install/ros2_aruco_interfaces/include/ros2_aruco_interfaces/msg
[1.184s] -- Up-to-date: /root/docker_tello_ros2/wrk_src/install/ros2_aruco_interfaces/include/ros2_aruco_interfaces/msg/detail
[1.184s] -- Up-to-date: /root/docker_tello_ros2/wrk_src/install/ros2_aruco_interfaces/include/ros2_aruco_interfaces/msg/detail/aruco_markers__rosidl_typesupport_introspection_cpp.hpp
[1.184s] -- Up-to-date: /root/docker_tello_ros2/wrk_src/install/ros2_aruco_interfaces/include/ros2_aruco_interfaces/msg/detail/aruco_markers__type_support.cpp
[1.185s] -- Up-to-date: /root/docker_tello_ros2/wrk_src/install/ros2_aruco_interfaces/lib/libros2_aruco_interfaces__rosidl_typesupport_introspection_cpp.so
[1.187s] -- Up-to-date: /root/docker_tello_ros2/wrk_src/install/ros2_aruco_interfaces/lib/libros2_aruco_interfaces__rosidl_typesupport_cpp.so
[1.187s] -- Up-to-date: /root/docker_tello_ros2/wrk_src/install/ros2_aruco_interfaces/share/ros2_aruco_interfaces/environment/pythonpath.sh
[1.187s] -- Up-to-date: /root/docker_tello_ros2/wrk_src/install/ros2_aruco_interfaces/share/ros2_aruco_interfaces/environment/pythonpath.dsv
[1.188s] -- Up-to-date: /root/docker_tello_ros2/wrk_src/install/ros2_aruco_interfaces/lib/python3.8/site-packages/ros2_aruco_interfaces/__init__.py
[1.247s] -- Up-to-date: /root/docker_tello_ros2/wrk_src/install/ros2_aruco_interfaces/lib/python3.8/site-packages/ros2_aruco_interfaces/msg
[1.247s] -- Up-to-date: /root/docker_tello_ros2/wrk_src/install/ros2_aruco_interfaces/lib/python3.8/site-packages/ros2_aruco_interfaces/msg/_aruco_markers_s.c
[1.247s] -- Up-to-date: /root/docker_tello_ros2/wrk_src/install/ros2_aruco_interfaces/lib/python3.8/site-packages/ros2_aruco_interfaces/msg/_aruco_markers.py
[1.247s] -- Up-to-date: /root/docker_tello_ros2/wrk_src/install/ros2_aruco_interfaces/lib/python3.8/site-packages/ros2_aruco_interfaces/msg/__init__.py
[1.248s] -- Up-to-date: /root/docker_tello_ros2/wrk_src/install/ros2_aruco_interfaces/lib/python3.8/site-packages/ros2_aruco_interfaces/ros2_aruco_interfaces_s__rosidl_typesupport_fastrtps_c.cpython-38-x86_64-linux-gnu.so
[1.250s] -- Up-to-date: /root/docker_tello_ros2/wrk_src/install/ros2_aruco_interfaces/lib/python3.8/site-packages/ros2_aruco_interfaces/ros2_aruco_interfaces_s__rosidl_typesupport_introspection_c.cpython-38-x86_64-linux-gnu.so
[1.252s] -- Up-to-date: /root/docker_tello_ros2/wrk_src/install/ros2_aruco_interfaces/lib/python3.8/site-packages/ros2_aruco_interfaces/ros2_aruco_interfaces_s__rosidl_typesupport_c.cpython-38-x86_64-linux-gnu.so
[1.254s] -- Up-to-date: /root/docker_tello_ros2/wrk_src/install/ros2_aruco_interfaces/lib/libros2_aruco_interfaces__python.so
[1.255s] -- Up-to-date: /root/docker_tello_ros2/wrk_src/install/ros2_aruco_interfaces/share/ros2_aruco_interfaces/msg/ArucoMarkers.idl
[1.255s] -- Up-to-date: /root/docker_tello_ros2/wrk_src/install/ros2_aruco_interfaces/share/ros2_aruco_interfaces/msg/ArucoMarkers.msg
[1.255s] -- Up-to-date: /root/docker_tello_ros2/wrk_src/install/ros2_aruco_interfaces/share/ament_index/resource_index/package_run_dependencies/ros2_aruco_interfaces
[1.256s] -- Up-to-date: /root/docker_tello_ros2/wrk_src/install/ros2_aruco_interfaces/share/ament_index/resource_index/parent_prefix_path/ros2_aruco_interfaces
[1.256s] -- Up-to-date: /root/docker_tello_ros2/wrk_src/install/ros2_aruco_interfaces/share/ros2_aruco_interfaces/environment/ament_prefix_path.sh
[1.256s] -- Up-to-date: /root/docker_tello_ros2/wrk_src/install/ros2_aruco_interfaces/share/ros2_aruco_interfaces/environment/ament_prefix_path.dsv
[1.256s] -- Up-to-date: /root/docker_tello_ros2/wrk_src/install/ros2_aruco_interfaces/share/ros2_aruco_interfaces/environment/path.sh
[1.257s] -- Up-to-date: /root/docker_tello_ros2/wrk_src/install/ros2_aruco_interfaces/share/ros2_aruco_interfaces/environment/path.dsv
[1.257s] -- Up-to-date: /root/docker_tello_ros2/wrk_src/install/ros2_aruco_interfaces/share/ros2_aruco_interfaces/local_setup.bash
[1.257s] -- Up-to-date: /root/docker_tello_ros2/wrk_src/install/ros2_aruco_interfaces/share/ros2_aruco_interfaces/local_setup.sh
[1.257s] -- Up-to-date: /root/docker_tello_ros2/wrk_src/install/ros2_aruco_interfaces/share/ros2_aruco_interfaces/local_setup.zsh
[1.258s] -- Up-to-date: /root/docker_tello_ros2/wrk_src/install/ros2_aruco_interfaces/share/ros2_aruco_interfaces/local_setup.dsv
[1.258s] -- Installing: /root/docker_tello_ros2/wrk_src/install/ros2_aruco_interfaces/share/ros2_aruco_interfaces/package.dsv
[1.260s] -- Up-to-date: /root/docker_tello_ros2/wrk_src/install/ros2_aruco_interfaces/share/ament_index/resource_index/packages/ros2_aruco_interfaces
[1.261s] -- Up-to-date: /root/docker_tello_ros2/wrk_src/install/ros2_aruco_interfaces/share/ros2_aruco_interfaces/cmake/ros2_aruco_interfaces__rosidl_generator_cExport.cmake
[1.261s] -- Up-to-date: /root/docker_tello_ros2/wrk_src/install/ros2_aruco_interfaces/share/ros2_aruco_interfaces/cmake/ros2_aruco_interfaces__rosidl_generator_cExport-noconfig.cmake
[1.263s] -- Up-to-date: /root/docker_tello_ros2/wrk_src/install/ros2_aruco_interfaces/share/ros2_aruco_interfaces/cmake/ros2_aruco_interfaces__rosidl_typesupport_introspection_cExport.cmake
[1.263s] -- Up-to-date: /root/docker_tello_ros2/wrk_src/install/ros2_aruco_interfaces/share/ros2_aruco_interfaces/cmake/ros2_aruco_interfaces__rosidl_typesupport_introspection_cExport-noconfig.cmake
[1.264s] -- Up-to-date: /root/docker_tello_ros2/wrk_src/install/ros2_aruco_interfaces/share/ros2_aruco_interfaces/cmake/ros2_aruco_interfaces__rosidl_typesupport_cExport.cmake
[1.265s] -- Up-to-date: /root/docker_tello_ros2/wrk_src/install/ros2_aruco_interfaces/share/ros2_aruco_interfaces/cmake/ros2_aruco_interfaces__rosidl_typesupport_cExport-noconfig.cmake
[1.265s] -- Up-to-date: /root/docker_tello_ros2/wrk_src/install/ros2_aruco_interfaces/share/ros2_aruco_interfaces/cmake/ros2_aruco_interfaces__rosidl_generator_cppExport.cmake
[1.266s] -- Up-to-date: /root/docker_tello_ros2/wrk_src/install/ros2_aruco_interfaces/share/ros2_aruco_interfaces/cmake/ros2_aruco_interfaces__rosidl_typesupport_introspection_cppExport.cmake
[1.266s] -- Up-to-date: /root/docker_tello_ros2/wrk_src/install/ros2_aruco_interfaces/share/ros2_aruco_interfaces/cmake/ros2_aruco_interfaces__rosidl_typesupport_introspection_cppExport-noconfig.cmake
[1.267s] -- Up-to-date: /root/docker_tello_ros2/wrk_src/install/ros2_aruco_interfaces/share/ros2_aruco_interfaces/cmake/ros2_aruco_interfaces__rosidl_typesupport_cppExport.cmake
[1.267s] -- Up-to-date: /root/docker_tello_ros2/wrk_src/install/ros2_aruco_interfaces/share/ros2_aruco_interfaces/cmake/ros2_aruco_interfaces__rosidl_typesupport_cppExport-noconfig.cmake
[1.268s] -- Up-to-date: /root/docker_tello_ros2/wrk_src/install/ros2_aruco_interfaces/share/ros2_aruco_interfaces/cmake/rosidl_cmake-extras.cmake
[1.268s] -- Up-to-date: /root/docker_tello_ros2/wrk_src/install/ros2_aruco_interfaces/share/ros2_aruco_interfaces/cmake/ament_cmake_export_dependencies-extras.cmake
[1.268s] -- Up-to-date: /root/docker_tello_ros2/wrk_src/install/ros2_aruco_interfaces/share/ros2_aruco_interfaces/cmake/ament_cmake_export_libraries-extras.cmake
[1.268s] -- Up-to-date: /root/docker_tello_ros2/wrk_src/install/ros2_aruco_interfaces/share/ros2_aruco_interfaces/cmake/ament_cmake_export_targets-extras.cmake
[1.268s] -- Up-to-date: /root/docker_tello_ros2/wrk_src/install/ros2_aruco_interfaces/share/ros2_aruco_interfaces/cmake/ament_cmake_export_include_directories-extras.cmake
[1.271s] -- Up-to-date: /root/docker_tello_ros2/wrk_src/install/ros2_aruco_interfaces/share/ros2_aruco_interfaces/cmake/rosidl_cmake_export_typesupport_libraries-extras.cmake
[1.271s] -- Up-to-date: /root/docker_tello_ros2/wrk_src/install/ros2_aruco_interfaces/share/ros2_aruco_interfaces/cmake/rosidl_cmake_export_typesupport_targets-extras.cmake
[1.271s] -- Up-to-date: /root/docker_tello_ros2/wrk_src/install/ros2_aruco_interfaces/share/ros2_aruco_interfaces/cmake/ros2_aruco_interfacesConfig.cmake
[1.272s] -- Up-to-date: /root/docker_tello_ros2/wrk_src/install/ros2_aruco_interfaces/share/ros2_aruco_interfaces/cmake/ros2_aruco_interfacesConfig-version.cmake
[1.272s] -- Up-to-date: /root/docker_tello_ros2/wrk_src/install/ros2_aruco_interfaces/share/ros2_aruco_interfaces/package.xml
[1.277s] Invoked command in '/root/docker_tello_ros2/wrk_src/build/ros2_aruco_interfaces' returned '0': CMAKE_PREFIX_PATH=/opt/ros/foxy /usr/bin/cmake --install /root/docker_tello_ros2/wrk_src/build/ros2_aruco_interfaces
