[0.038s] Invoking command in '/root/docker_tello_ros2/tello_ws/build/tello_msg': CMAKE_PREFIX_PATH=/opt/ros/foxy /usr/bin/cmake --build /root/docker_tello_ros2/tello_ws/build/tello_msg -- -j8 -l8
[0.103s] [  2%] [34m[1mGenerating C code for ROS interfaces[0m
[0.103s] [35m[1mScanning dependencies of target tello_msg__cpp[0m
[0.117s] [  4%] [34m[1mGenerating C++ code for ROS interfaces[0m
[0.936s] [  4%] Built target tello_msg__cpp
[0.955s] [  6%] [34m[1mGenerating C++ type support for eProsima Fast-RTPS[0m
[0.957s] [  8%] [34m[1mGenerating C++ introspection for ROS interfaces[0m
[0.968s] [ 10%] [34m[1mGenerating C++ type support dispatch for ROS interfaces[0m
[0.983s] [35m[1mScanning dependencies of target tello_msg__rosidl_generator_c[0m
[1.016s] [ 12%] [32mBuilding C object CMakeFiles/tello_msg__rosidl_generator_c.dir/rosidl_generator_c/tello_msg/msg/detail/tello_wifi_config__functions.c.o[0m
[1.028s] [ 14%] [32mBuilding C object CMakeFiles/tello_msg__rosidl_generator_c.dir/rosidl_generator_c/tello_msg/msg/detail/tello_status__functions.c.o[0m
[1.032s] [ 17%] [32mBuilding C object CMakeFiles/tello_msg__rosidl_generator_c.dir/rosidl_generator_c/tello_msg/msg/detail/tello_id__functions.c.o[0m
[1.227s] [ 19%] [32m[1mLinking C shared library libtello_msg__rosidl_generator_c.so[0m
[1.332s] [ 19%] Built target tello_msg__rosidl_generator_c
[1.348s] [ 21%] [34m[1mGenerating C introspection for ROS interfaces[0m
[1.357s] [ 23%] [34m[1mGenerating C type support dispatch for ROS interfaces[0m
[1.817s] [35m[1mScanning dependencies of target tello_msg__rosidl_typesupport_introspection_cpp[0m
[1.821s] [35m[1mScanning dependencies of target tello_msg__rosidl_typesupport_cpp[0m
[1.831s] [35m[1mScanning dependencies of target tello_msg__rosidl_typesupport_fastrtps_cpp[0m
[1.840s] [ 25%] [32mBuilding CXX object CMakeFiles/tello_msg__rosidl_typesupport_introspection_cpp.dir/rosidl_typesupport_introspection_cpp/tello_msg/msg/detail/tello_id__type_support.cpp.o[0m
[1.841s] [ 27%] [32mBuilding CXX object CMakeFiles/tello_msg__rosidl_typesupport_introspection_cpp.dir/rosidl_typesupport_introspection_cpp/tello_msg/msg/detail/tello_status__type_support.cpp.o[0m
[1.845s] [ 29%] [32mBuilding CXX object CMakeFiles/tello_msg__rosidl_typesupport_introspection_cpp.dir/rosidl_typesupport_introspection_cpp/tello_msg/msg/detail/tello_wifi_config__type_support.cpp.o[0m
[1.850s] [ 31%] [32mBuilding CXX object CMakeFiles/tello_msg__rosidl_typesupport_cpp.dir/rosidl_typesupport_cpp/tello_msg/msg/tello_status__type_support.cpp.o[0m
[1.862s] [ 34%] [32mBuilding CXX object CMakeFiles/tello_msg__rosidl_typesupport_cpp.dir/rosidl_typesupport_cpp/tello_msg/msg/tello_id__type_support.cpp.o[0m
[2.040s] [ 36%] [32mBuilding CXX object CMakeFiles/tello_msg__rosidl_typesupport_fastrtps_cpp.dir/rosidl_typesupport_fastrtps_cpp/tello_msg/msg/detail/dds_fastrtps/tello_status__type_support.cpp.o[0m
[2.326s] [35m[1mScanning dependencies of target tello_msg__rosidl_typesupport_c[0m
[2.387s] [35m[1mScanning dependencies of target tello_msg__rosidl_typesupport_introspection_c[0m
[2.456s] [ 38%] [32mBuilding CXX object CMakeFiles/tello_msg__rosidl_typesupport_c.dir/rosidl_typesupport_c/tello_msg/msg/tello_status__type_support.cpp.o[0m
[2.482s] [ 40%] [32mBuilding C object CMakeFiles/tello_msg__rosidl_typesupport_introspection_c.dir/rosidl_typesupport_introspection_c/tello_msg/msg/detail/tello_status__type_support.c.o[0m
[2.804s] [ 42%] [32mBuilding C object CMakeFiles/tello_msg__rosidl_typesupport_introspection_c.dir/rosidl_typesupport_introspection_c/tello_msg/msg/detail/tello_id__type_support.c.o[0m
[2.829s] [ 44%] [32mBuilding CXX object CMakeFiles/tello_msg__rosidl_typesupport_cpp.dir/rosidl_typesupport_cpp/tello_msg/msg/tello_wifi_config__type_support.cpp.o[0m
[2.831s] [ 46%] [32mBuilding CXX object CMakeFiles/tello_msg__rosidl_typesupport_c.dir/rosidl_typesupport_c/tello_msg/msg/tello_id__type_support.cpp.o[0m
[2.858s] [ 48%] [32mBuilding CXX object CMakeFiles/tello_msg__rosidl_typesupport_c.dir/rosidl_typesupport_c/tello_msg/msg/tello_wifi_config__type_support.cpp.o[0m
[2.869s] [ 51%] [32mBuilding CXX object CMakeFiles/tello_msg__rosidl_typesupport_fastrtps_cpp.dir/rosidl_typesupport_fastrtps_cpp/tello_msg/msg/detail/dds_fastrtps/tello_id__type_support.cpp.o[0m
[2.873s] [ 53%] [32mBuilding C object CMakeFiles/tello_msg__rosidl_typesupport_introspection_c.dir/rosidl_typesupport_introspection_c/tello_msg/msg/detail/tello_wifi_config__type_support.c.o[0m
[2.908s] [ 57%] [32m[1mLinking CXX shared library libtello_msg__rosidl_typesupport_c.so[0m
[2.908s] [ 57%] [32mBuilding CXX object CMakeFiles/tello_msg__rosidl_typesupport_fastrtps_cpp.dir/rosidl_typesupport_fastrtps_cpp/tello_msg/msg/detail/dds_fastrtps/tello_wifi_config__type_support.cpp.o[0m
[2.913s] [ 59%] [32m[1mLinking CXX shared library libtello_msg__rosidl_typesupport_introspection_cpp.so[0m
[2.932s] [ 61%] [32m[1mLinking C shared library libtello_msg__rosidl_typesupport_introspection_c.so[0m
[2.991s] [ 61%] Built target tello_msg__rosidl_typesupport_introspection_c
[2.991s] [ 61%] Built target tello_msg__rosidl_typesupport_c
[3.045s] [ 61%] Built target tello_msg__rosidl_typesupport_introspection_cpp
[3.256s] [ 63%] [32m[1mLinking CXX shared library libtello_msg__rosidl_typesupport_cpp.so[0m
[3.315s] [ 63%] Built target tello_msg__rosidl_typesupport_cpp
[3.457s] [ 65%] [32m[1mLinking CXX shared library libtello_msg__rosidl_typesupport_fastrtps_cpp.so[0m
[3.579s] [ 65%] Built target tello_msg__rosidl_typesupport_fastrtps_cpp
[3.593s] [ 68%] [34m[1mGenerating C type support for eProsima Fast-RTPS[0m
[4.179s] [35m[1mScanning dependencies of target tello_msg__rosidl_typesupport_fastrtps_c[0m
[4.201s] [ 74%] [32mBuilding CXX object CMakeFiles/tello_msg__rosidl_typesupport_fastrtps_c.dir/rosidl_typesupport_fastrtps_c/tello_msg/msg/detail/tello_status__type_support_c.cpp.o[0m
[4.201s] [ 74%] [32mBuilding CXX object CMakeFiles/tello_msg__rosidl_typesupport_fastrtps_c.dir/rosidl_typesupport_fastrtps_c/tello_msg/msg/detail/tello_id__type_support_c.cpp.o[0m
[4.202s] [ 74%] [32mBuilding CXX object CMakeFiles/tello_msg__rosidl_typesupport_fastrtps_c.dir/rosidl_typesupport_fastrtps_c/tello_msg/msg/detail/tello_wifi_config__type_support_c.cpp.o[0m
[4.956s] [ 76%] [32m[1mLinking CXX shared library libtello_msg__rosidl_typesupport_fastrtps_c.so[0m
[5.064s] [ 76%] Built target tello_msg__rosidl_typesupport_fastrtps_c
[5.077s] [35m[1mScanning dependencies of target tello_msg[0m
[5.088s] [ 76%] Built target tello_msg
[5.101s] [35m[1mScanning dependencies of target tello_msg__py[0m
[5.115s] [ 78%] [34m[1mGenerating Python code for ROS interfaces[0m
[6.389s] [ 78%] Built target tello_msg__py
[6.404s] [35m[1mScanning dependencies of target tello_msg__python[0m
[6.473s] [ 85%] [32mBuilding C object CMakeFiles/tello_msg__python.dir/rosidl_generator_py/tello_msg/msg/_tello_wifi_config_s.c.o[0m
[6.473s] [ 85%] [32mBuilding C object CMakeFiles/tello_msg__python.dir/rosidl_generator_py/tello_msg/msg/_tello_status_s.c.o[0m
[6.473s] [ 85%] [32mBuilding C object CMakeFiles/tello_msg__python.dir/rosidl_generator_py/tello_msg/msg/_tello_id_s.c.o[0m
[6.659s] [ 87%] [32m[1mLinking C shared library rosidl_generator_py/tello_msg/libtello_msg__python.so[0m
[6.704s] [ 87%] Built target tello_msg__python
[6.717s] [35m[1mScanning dependencies of target tello_msg__rosidl_typesupport_introspection_c__pyext[0m
[6.717s] [35m[1mScanning dependencies of target tello_msg__rosidl_typesupport_fastrtps_c__pyext[0m
[6.718s] [35m[1mScanning dependencies of target tello_msg__rosidl_typesupport_c__pyext[0m
[6.737s] [ 89%] [32mBuilding C object CMakeFiles/tello_msg__rosidl_typesupport_introspection_c__pyext.dir/rosidl_generator_py/tello_msg/_tello_msg_s.ep.rosidl_typesupport_introspection_c.c.o[0m
[6.742s] [ 91%] [32mBuilding C object CMakeFiles/tello_msg__rosidl_typesupport_fastrtps_c__pyext.dir/rosidl_generator_py/tello_msg/_tello_msg_s.ep.rosidl_typesupport_fastrtps_c.c.o[0m
[6.742s] [ 93%] [32mBuilding C object CMakeFiles/tello_msg__rosidl_typesupport_c__pyext.dir/rosidl_generator_py/tello_msg/_tello_msg_s.ep.rosidl_typesupport_c.c.o[0m
[6.864s] [ 95%] [32m[1mLinking C shared library rosidl_generator_py/tello_msg/tello_msg_s__rosidl_typesupport_introspection_c.cpython-38-x86_64-linux-gnu.so[0m
[6.874s] [ 97%] [32m[1mLinking CXX shared library rosidl_generator_py/tello_msg/tello_msg_s__rosidl_typesupport_fastrtps_c.cpython-38-x86_64-linux-gnu.so[0m
[6.877s] [100%] [32m[1mLinking C shared library rosidl_generator_py/tello_msg/tello_msg_s__rosidl_typesupport_c.cpython-38-x86_64-linux-gnu.so[0m
[6.907s] [100%] Built target tello_msg__rosidl_typesupport_introspection_c__pyext
[6.923s] [100%] Built target tello_msg__rosidl_typesupport_c__pyext
[6.951s] [100%] Built target tello_msg__rosidl_typesupport_fastrtps_c__pyext
