[0.059s] Invoking command in '/root/docker_tello_ros2/tello_ws/build/tello_control': CMAKE_PREFIX_PATH=/opt/ros/foxy /usr/bin/cmake /root/docker_tello_ros2/tello_ws/tentone/tello-ros2/workspace/src/tello_control -DCMAKE_INSTALL_PREFIX=/root/docker_tello_ros2/tello_ws/install/tello_control
[0.469s] -- The C compiler identification is GNU 9.4.0
[0.672s] -- The CXX compiler identification is GNU 9.4.0
[0.689s] -- Check for working C compiler: /usr/bin/cc
[0.816s] -- Check for working C compiler: /usr/bin/cc -- works
[0.817s] -- Detecting C compiler ABI info
[0.960s] -- Detecting C compiler ABI info - done
[0.979s] -- Detecting C compile features
[0.979s] -- Detecting C compile features - done
[0.983s] -- Check for working CXX compiler: /usr/bin/c++
[1.093s] -- Check for working CXX compiler: /usr/bin/c++ -- works
[1.094s] -- Detecting CXX compiler ABI info
[1.190s] -- Detecting CXX compiler ABI info - done
[1.205s] -- Detecting CXX compile features
[1.206s] -- Detecting CXX compile features - done
[1.240s] -- Found OpenCV version 4.2.0
[1.254s] -- Found ament_cmake: 0.9.12 (/opt/ros/foxy/share/ament_cmake/cmake)
[1.289s] -- Found PythonInterp: /usr/bin/python3 (found suitable version "3.8.10", minimum required is "3") 
[1.289s] -- Using PYTHON_EXECUTABLE: /usr/bin/python3
[1.570s] -- Found rclcpp: 2.4.3 (/opt/ros/foxy/share/rclcpp/cmake)
[1.636s] -- Using all available rosidl_typesupport_c: rosidl_typesupport_fastrtps_c;rosidl_typesupport_introspection_c
[1.642s] -- Found rosidl_adapter: 1.3.1 (/opt/ros/foxy/share/rosidl_adapter/cmake)
[1.830s] -- Found OpenSSL: /usr/lib/x86_64-linux-gnu/libcrypto.so (found version "1.1.1f")  
[1.875s] -- Found FastRTPS: /opt/ros/foxy/include  
[2.001s] -- Using all available rosidl_typesupport_cpp: rosidl_typesupport_fastrtps_cpp;rosidl_typesupport_introspection_cpp
[2.094s] -- Found rmw_implementation_cmake: 1.0.4 (/opt/ros/foxy/share/rmw_implementation_cmake/cmake)
[2.097s] -- Using RMW implementation 'rmw_fastrtps_cpp' as default
[2.100s] -- Looking for pthread.h
[2.227s] -- Looking for pthread.h - found
[2.228s] -- Performing Test CMAKE_HAVE_LIBC_PTHREAD
[2.365s] -- Performing Test CMAKE_HAVE_LIBC_PTHREAD - Failed
[2.365s] -- Looking for pthread_create in pthreads
[2.446s] -- Looking for pthread_create in pthreads - not found
[2.446s] -- Looking for pthread_create in pthread
[2.518s] -- Looking for pthread_create in pthread - found
[2.519s] -- Found Threads: TRUE  
[2.714s] -- Found geometry_msgs: 2.0.5 (/opt/ros/foxy/share/geometry_msgs/cmake)
[2.823s] -- Configuring done
[2.842s] -- Generating done
[2.845s] -- Build files have been written to: /root/docker_tello_ros2/tello_ws/build/tello_control
