running egg_info
creating ../../build/ros2_aruco/ros2_aruco.egg-info
writing ../../build/ros2_aruco/ros2_aruco.egg-info/PKG-INFO
writing dependency_links to ../../build/ros2_aruco/ros2_aruco.egg-info/dependency_links.txt
writing entry points to ../../build/ros2_aruco/ros2_aruco.egg-info/entry_points.txt
writing requirements to ../../build/ros2_aruco/ros2_aruco.egg-info/requires.txt
writing top-level names to ../../build/ros2_aruco/ros2_aruco.egg-info/top_level.txt
writing manifest file '../../build/ros2_aruco/ros2_aruco.egg-info/SOURCES.txt'
reading manifest file '../../build/ros2_aruco/ros2_aruco.egg-info/SOURCES.txt'
writing manifest file '../../build/ros2_aruco/ros2_aruco.egg-info/SOURCES.txt'
running build
running build_py
creating /root/dtello_MD/wrk_src/build/ros2_aruco/build
creating /root/dtello_MD/wrk_src/build/ros2_aruco/build/lib
creating /root/dtello_MD/wrk_src/build/ros2_aruco/build/lib/ros2_aruco
copying ros2_aruco/aruco_node.py -> /root/dtello_MD/wrk_src/build/ros2_aruco/build/lib/ros2_aruco
copying ros2_aruco/__init__.py -> /root/dtello_MD/wrk_src/build/ros2_aruco/build/lib/ros2_aruco
copying ros2_aruco/aruco_generate_marker.py -> /root/dtello_MD/wrk_src/build/ros2_aruco/build/lib/ros2_aruco
running install
running install_lib
creating /root/dtello_MD/wrk_src/install/ros2_aruco/lib/python3.8/site-packages/ros2_aruco
copying /root/dtello_MD/wrk_src/build/ros2_aruco/build/lib/ros2_aruco/aruco_node.py -> /root/dtello_MD/wrk_src/install/ros2_aruco/lib/python3.8/site-packages/ros2_aruco
copying /root/dtello_MD/wrk_src/build/ros2_aruco/build/lib/ros2_aruco/__init__.py -> /root/dtello_MD/wrk_src/install/ros2_aruco/lib/python3.8/site-packages/ros2_aruco
copying /root/dtello_MD/wrk_src/build/ros2_aruco/build/lib/ros2_aruco/aruco_generate_marker.py -> /root/dtello_MD/wrk_src/install/ros2_aruco/lib/python3.8/site-packages/ros2_aruco
byte-compiling /root/dtello_MD/wrk_src/install/ros2_aruco/lib/python3.8/site-packages/ros2_aruco/aruco_node.py to aruco_node.cpython-38.pyc
byte-compiling /root/dtello_MD/wrk_src/install/ros2_aruco/lib/python3.8/site-packages/ros2_aruco/__init__.py to __init__.cpython-38.pyc
byte-compiling /root/dtello_MD/wrk_src/install/ros2_aruco/lib/python3.8/site-packages/ros2_aruco/aruco_generate_marker.py to aruco_generate_marker.cpython-38.pyc
running install_data
creating /root/dtello_MD/wrk_src/install/ros2_aruco/share/ament_index
creating /root/dtello_MD/wrk_src/install/ros2_aruco/share/ament_index/resource_index
creating /root/dtello_MD/wrk_src/install/ros2_aruco/share/ament_index/resource_index/packages
copying resource/ros2_aruco -> /root/dtello_MD/wrk_src/install/ros2_aruco/share/ament_index/resource_index/packages
copying package.xml -> /root/dtello_MD/wrk_src/install/ros2_aruco/share/ros2_aruco
creating /root/dtello_MD/wrk_src/install/ros2_aruco/share/ros2_aruco/launch
copying launch/aruco_recognition.launch.py -> /root/dtello_MD/wrk_src/install/ros2_aruco/share/ros2_aruco/launch
creating /root/dtello_MD/wrk_src/install/ros2_aruco/share/ros2_aruco/config
copying config/aruco_parameters.yaml -> /root/dtello_MD/wrk_src/install/ros2_aruco/share/ros2_aruco/config
running install_egg_info
Copying ../../build/ros2_aruco/ros2_aruco.egg-info to /root/dtello_MD/wrk_src/install/ros2_aruco/lib/python3.8/site-packages/ros2_aruco-0.1.0-py3.8.egg-info
running install_scripts
Installing aruco_generate_marker script to /root/dtello_MD/wrk_src/install/ros2_aruco/lib/ros2_aruco
Installing aruco_node script to /root/dtello_MD/wrk_src/install/ros2_aruco/lib/ros2_aruco
writing list of installed files to '/root/dtello_MD/wrk_src/build/ros2_aruco/install.log'
