[0.973s] Invoking command in '/root/dtello_MD/wrk_src/ros2_aruco/ros2_aruco': PYTHONPATH=/root/dtello_MD/wrk_src/build/ros2_aruco/prefix_override:/usr/lib/python3/dist-packages/colcon_core/task/python/colcon_distutils_commands:/root/dtello_MD/wrk_src/install/ros2_aruco/lib/python3.8/site-packages:${PYTHONPATH} /usr/bin/python3 -W ignore:setup.py install is deprecated setup.py egg_info --egg-base ../../build/ros2_aruco build --build-base /root/dtello_MD/wrk_src/build/ros2_aruco/build install --record /root/dtello_MD/wrk_src/build/ros2_aruco/install.log --single-version-externally-managed install_data
[1.230s] running egg_info
[1.232s] creating ../../build/ros2_aruco/ros2_aruco.egg-info
[1.232s] writing ../../build/ros2_aruco/ros2_aruco.egg-info/PKG-INFO
[1.234s] writing dependency_links to ../../build/ros2_aruco/ros2_aruco.egg-info/dependency_links.txt
[1.234s] writing entry points to ../../build/ros2_aruco/ros2_aruco.egg-info/entry_points.txt
[1.234s] writing requirements to ../../build/ros2_aruco/ros2_aruco.egg-info/requires.txt
[1.234s] writing top-level names to ../../build/ros2_aruco/ros2_aruco.egg-info/top_level.txt
[1.234s] writing manifest file '../../build/ros2_aruco/ros2_aruco.egg-info/SOURCES.txt'
[1.296s] reading manifest file '../../build/ros2_aruco/ros2_aruco.egg-info/SOURCES.txt'
[1.298s] writing manifest file '../../build/ros2_aruco/ros2_aruco.egg-info/SOURCES.txt'
[1.298s] running build
[1.298s] running build_py
[1.298s] creating /root/dtello_MD/wrk_src/build/ros2_aruco/build
[1.298s] creating /root/dtello_MD/wrk_src/build/ros2_aruco/build/lib
[1.298s] creating /root/dtello_MD/wrk_src/build/ros2_aruco/build/lib/ros2_aruco
[1.298s] copying ros2_aruco/aruco_node.py -> /root/dtello_MD/wrk_src/build/ros2_aruco/build/lib/ros2_aruco
[1.298s] copying ros2_aruco/__init__.py -> /root/dtello_MD/wrk_src/build/ros2_aruco/build/lib/ros2_aruco
[1.298s] copying ros2_aruco/aruco_generate_marker.py -> /root/dtello_MD/wrk_src/build/ros2_aruco/build/lib/ros2_aruco
[1.299s] running install
[1.300s] running install_lib
[1.301s] creating /root/dtello_MD/wrk_src/install/ros2_aruco/lib/python3.8/site-packages/ros2_aruco
[1.301s] copying /root/dtello_MD/wrk_src/build/ros2_aruco/build/lib/ros2_aruco/aruco_node.py -> /root/dtello_MD/wrk_src/install/ros2_aruco/lib/python3.8/site-packages/ros2_aruco
[1.302s] copying /root/dtello_MD/wrk_src/build/ros2_aruco/build/lib/ros2_aruco/__init__.py -> /root/dtello_MD/wrk_src/install/ros2_aruco/lib/python3.8/site-packages/ros2_aruco
[1.302s] copying /root/dtello_MD/wrk_src/build/ros2_aruco/build/lib/ros2_aruco/aruco_generate_marker.py -> /root/dtello_MD/wrk_src/install/ros2_aruco/lib/python3.8/site-packages/ros2_aruco
[1.303s] byte-compiling /root/dtello_MD/wrk_src/install/ros2_aruco/lib/python3.8/site-packages/ros2_aruco/aruco_node.py to aruco_node.cpython-38.pyc
[1.306s] byte-compiling /root/dtello_MD/wrk_src/install/ros2_aruco/lib/python3.8/site-packages/ros2_aruco/__init__.py to __init__.cpython-38.pyc
[1.306s] byte-compiling /root/dtello_MD/wrk_src/install/ros2_aruco/lib/python3.8/site-packages/ros2_aruco/aruco_generate_marker.py to aruco_generate_marker.cpython-38.pyc
[1.307s] running install_data
[1.307s] creating /root/dtello_MD/wrk_src/install/ros2_aruco/share/ament_index
[1.307s] creating /root/dtello_MD/wrk_src/install/ros2_aruco/share/ament_index/resource_index
[1.307s] creating /root/dtello_MD/wrk_src/install/ros2_aruco/share/ament_index/resource_index/packages
[1.307s] copying resource/ros2_aruco -> /root/dtello_MD/wrk_src/install/ros2_aruco/share/ament_index/resource_index/packages
[1.307s] copying package.xml -> /root/dtello_MD/wrk_src/install/ros2_aruco/share/ros2_aruco
[1.307s] creating /root/dtello_MD/wrk_src/install/ros2_aruco/share/ros2_aruco/launch
[1.308s] copying launch/aruco_recognition.launch.py -> /root/dtello_MD/wrk_src/install/ros2_aruco/share/ros2_aruco/launch
[1.308s] creating /root/dtello_MD/wrk_src/install/ros2_aruco/share/ros2_aruco/config
[1.308s] copying config/aruco_parameters.yaml -> /root/dtello_MD/wrk_src/install/ros2_aruco/share/ros2_aruco/config
[1.308s] running install_egg_info
[1.311s] Copying ../../build/ros2_aruco/ros2_aruco.egg-info to /root/dtello_MD/wrk_src/install/ros2_aruco/lib/python3.8/site-packages/ros2_aruco-0.1.0-py3.8.egg-info
[1.312s] running install_scripts
[1.343s] Installing aruco_generate_marker script to /root/dtello_MD/wrk_src/install/ros2_aruco/lib/ros2_aruco
[1.344s] Installing aruco_node script to /root/dtello_MD/wrk_src/install/ros2_aruco/lib/ros2_aruco
[1.344s] writing list of installed files to '/root/dtello_MD/wrk_src/build/ros2_aruco/install.log'
[1.371s] Invoked command in '/root/dtello_MD/wrk_src/ros2_aruco/ros2_aruco' returned '0': PYTHONPATH=/root/dtello_MD/wrk_src/build/ros2_aruco/prefix_override:/usr/lib/python3/dist-packages/colcon_core/task/python/colcon_distutils_commands:/root/dtello_MD/wrk_src/install/ros2_aruco/lib/python3.8/site-packages:${PYTHONPATH} /usr/bin/python3 -W ignore:setup.py install is deprecated setup.py egg_info --egg-base ../../build/ros2_aruco build --build-base /root/dtello_MD/wrk_src/build/ros2_aruco/build install --record /root/dtello_MD/wrk_src/build/ros2_aruco/install.log --single-version-externally-managed install_data
