[0.501s] Invoking command in '/root/tello_MD/wrk_src/tello_ws/src/tello_pkg': PYTHONPATH=/root/tello_MD/wrk_src/build/tello_pkg/prefix_override:/root/tello_MD/wrk_src/install/tello_pkg/lib/python3.8/site-packages:${PYTHONPATH} /usr/bin/python3 setup.py egg_info --egg-base ../../../build/tello_pkg build --build-base /root/tello_MD/wrk_src/build/tello_pkg/build install --record /root/tello_MD/wrk_src/build/tello_pkg/install.log --install-scripts $base/lib/tello_pkg --single-version-externally-managed
[0.662s] running egg_info
[0.662s] writing ../../../build/tello_pkg/tello_pkg.egg-info/PKG-INFO
[0.663s] writing dependency_links to ../../../build/tello_pkg/tello_pkg.egg-info/dependency_links.txt
[0.663s] writing entry points to ../../../build/tello_pkg/tello_pkg.egg-info/entry_points.txt
[0.663s] writing requirements to ../../../build/tello_pkg/tello_pkg.egg-info/requires.txt
[0.663s] writing top-level names to ../../../build/tello_pkg/tello_pkg.egg-info/top_level.txt
[0.689s] reading manifest file '../../../build/tello_pkg/tello_pkg.egg-info/SOURCES.txt'
[0.689s] writing manifest file '../../../build/tello_pkg/tello_pkg.egg-info/SOURCES.txt'
[0.689s] running build
[0.689s] running build_py
[0.690s] copying tello_pkg/aruco_node.py -> /root/tello_MD/wrk_src/build/tello_pkg/build/lib/tello_pkg
[0.690s] running install
[0.691s] running install_lib
[0.691s] copying /root/tello_MD/wrk_src/build/tello_pkg/build/lib/tello_pkg/aruco_node.py -> /root/tello_MD/wrk_src/install/tello_pkg/lib/python3.8/site-packages/tello_pkg
[0.692s] byte-compiling /root/tello_MD/wrk_src/install/tello_pkg/lib/python3.8/site-packages/tello_pkg/aruco_node.py to aruco_node.cpython-38.pyc
[0.694s] running install_data
[0.694s] running install_egg_info
[0.695s] removing '/root/tello_MD/wrk_src/install/tello_pkg/lib/python3.8/site-packages/tello_pkg-0.0.0-py3.8.egg-info' (and everything under it)
[0.696s] Copying ../../../build/tello_pkg/tello_pkg.egg-info to /root/tello_MD/wrk_src/install/tello_pkg/lib/python3.8/site-packages/tello_pkg-0.0.0-py3.8.egg-info
[0.696s] running install_scripts
[0.709s] Installing aruco_node script to /root/tello_MD/wrk_src/install/tello_pkg/lib/tello_pkg
[0.709s] Installing camera script to /root/tello_MD/wrk_src/install/tello_pkg/lib/tello_pkg
[0.709s] Installing camera_usb script to /root/tello_MD/wrk_src/install/tello_pkg/lib/tello_pkg
[0.710s] Installing detect_marker script to /root/tello_MD/wrk_src/install/tello_pkg/lib/tello_pkg
[0.710s] Installing frame_pub script to /root/tello_MD/wrk_src/install/tello_pkg/lib/tello_pkg
[0.710s] writing list of installed files to '/root/tello_MD/wrk_src/build/tello_pkg/install.log'
[0.726s] Invoked command in '/root/tello_MD/wrk_src/tello_ws/src/tello_pkg' returned '0': PYTHONPATH=/root/tello_MD/wrk_src/build/tello_pkg/prefix_override:/root/tello_MD/wrk_src/install/tello_pkg/lib/python3.8/site-packages:${PYTHONPATH} /usr/bin/python3 setup.py egg_info --egg-base ../../../build/tello_pkg build --build-base /root/tello_MD/wrk_src/build/tello_pkg/build install --record /root/tello_MD/wrk_src/build/tello_pkg/install.log --install-scripts $base/lib/tello_pkg --single-version-externally-managed
