[0.234s] Invoking command in '/root/dtello_MD/wrk_src/build/tello_control': CMAKE_PREFIX_PATH=/root/dtello_MD/wrk_src/install/tello_pkg:/root/dtello_MD/wrk_src/install/ros2_aruco:/opt/ros/foxy /usr/bin/cmake --build /root/dtello_MD/wrk_src/build/tello_control -- -j8 -l8
[0.317s] [100%] Built target tello_control
[0.457s] Invoked command in '/root/dtello_MD/wrk_src/build/tello_control' returned '0': CMAKE_PREFIX_PATH=/root/dtello_MD/wrk_src/install/tello_pkg:/root/dtello_MD/wrk_src/install/ros2_aruco:/opt/ros/foxy /usr/bin/cmake --build /root/dtello_MD/wrk_src/build/tello_control -- -j8 -l8
[0.504s] Invoking command in '/root/dtello_MD/wrk_src/build/tello_control': CMAKE_PREFIX_PATH=/root/dtello_MD/wrk_src/install/tello_pkg:/root/dtello_MD/wrk_src/install/ros2_aruco:/opt/ros/foxy /usr/bin/cmake --install /root/dtello_MD/wrk_src/build/tello_control
[0.516s] -- Install configuration: ""
[0.516s] -- Up-to-date: /root/dtello_MD/wrk_src/install/tello_control/lib/tello_control/tello_control
[0.517s] -- Up-to-date: /root/dtello_MD/wrk_src/install/tello_control/share/ament_index/resource_index/package_run_dependencies/tello_control
[0.517s] -- Up-to-date: /root/dtello_MD/wrk_src/install/tello_control/share/ament_index/resource_index/parent_prefix_path/tello_control
[0.517s] -- Up-to-date: /root/dtello_MD/wrk_src/install/tello_control/share/tello_control/environment/ament_prefix_path.sh
[0.517s] -- Up-to-date: /root/dtello_MD/wrk_src/install/tello_control/share/tello_control/environment/ament_prefix_path.dsv
[0.517s] -- Up-to-date: /root/dtello_MD/wrk_src/install/tello_control/share/tello_control/environment/path.sh
[0.517s] -- Up-to-date: /root/dtello_MD/wrk_src/install/tello_control/share/tello_control/environment/path.dsv
[0.518s] -- Up-to-date: /root/dtello_MD/wrk_src/install/tello_control/share/tello_control/local_setup.bash
[0.518s] -- Up-to-date: /root/dtello_MD/wrk_src/install/tello_control/share/tello_control/local_setup.sh
[0.518s] -- Up-to-date: /root/dtello_MD/wrk_src/install/tello_control/share/tello_control/local_setup.zsh
[0.518s] -- Up-to-date: /root/dtello_MD/wrk_src/install/tello_control/share/tello_control/local_setup.dsv
[0.519s] -- Installing: /root/dtello_MD/wrk_src/install/tello_control/share/tello_control/package.dsv
[0.519s] -- Up-to-date: /root/dtello_MD/wrk_src/install/tello_control/share/ament_index/resource_index/packages/tello_control
[0.519s] -- Up-to-date: /root/dtello_MD/wrk_src/install/tello_control/share/tello_control/cmake/tello_controlConfig.cmake
[0.519s] -- Up-to-date: /root/dtello_MD/wrk_src/install/tello_control/share/tello_control/cmake/tello_controlConfig-version.cmake
[0.519s] -- Up-to-date: /root/dtello_MD/wrk_src/install/tello_control/share/tello_control/package.xml
[0.521s] Invoked command in '/root/dtello_MD/wrk_src/build/tello_control' returned '0': CMAKE_PREFIX_PATH=/root/dtello_MD/wrk_src/install/tello_pkg:/root/dtello_MD/wrk_src/install/ros2_aruco:/opt/ros/foxy /usr/bin/cmake --install /root/dtello_MD/wrk_src/build/tello_control
