[0.057s] Invoking command in '/root/docker_tello_ros2/tello_ws/build/my_video_package': /usr/bin/cmake /root/docker_tello_ros2/tello_ws/src/tello_pkg -DCMAKE_INSTALL_PREFIX=/root/docker_tello_ros2/tello_ws/install/my_video_package
[0.489s] -- The C compiler identification is GNU 9.4.0
[0.695s] -- The CXX compiler identification is GNU 9.4.0
[0.709s] -- Check for working C compiler: /usr/bin/cc
[0.821s] -- Check for working C compiler: /usr/bin/cc -- works
[0.826s] -- Detecting C compiler ABI info
[0.946s] -- Detecting C compiler ABI info - done
[0.964s] -- Detecting C compile features
[0.964s] -- Detecting C compile features - done
[0.971s] -- Check for working CXX compiler: /usr/bin/c++
[1.130s] -- Check for working CXX compiler: /usr/bin/c++ -- works
[1.131s] -- Detecting CXX compiler ABI info
[1.274s] -- Detecting CXX compiler ABI info - done
[1.285s] -- Detecting CXX compile features
[1.286s] -- Detecting CXX compile features - done
[1.288s] -- Found ament_cmake: 0.9.12 (/opt/ros/foxy/share/ament_cmake/cmake)
[1.314s] -- Found PythonInterp: /usr/bin/python3 (found suitable version "3.8.10", minimum required is "3") 
[1.314s] -- Using PYTHON_EXECUTABLE: /usr/bin/python3
[1.588s] -- Found rclpy: 1.0.13 (/opt/ros/foxy/share/rclpy/cmake)
[1.592s] -- Found sensor_msgs: 2.0.5 (/opt/ros/foxy/share/sensor_msgs/cmake)
[1.643s] -- Using all available rosidl_typesupport_c: rosidl_typesupport_fastrtps_c;rosidl_typesupport_introspection_c
[1.649s] -- Found rosidl_adapter: 1.3.1 (/opt/ros/foxy/share/rosidl_adapter/cmake)
[1.849s] -- Found OpenSSL: /usr/lib/x86_64-linux-gnu/libcrypto.so (found version "1.1.1f")  
[1.894s] -- Found FastRTPS: /opt/ros/foxy/include  
[2.021s] -- Using all available rosidl_typesupport_cpp: rosidl_typesupport_fastrtps_cpp;rosidl_typesupport_introspection_cpp
[2.277s] -- Found cv_bridge: 3.0.7 (/opt/ros/foxy/share/cv_bridge/cmake)
[2.408s] Error parsing '/root/docker_tello_ros2/tello_ws/src/tello_pkg/package.xml':
[2.409s] Traceback (most recent call last):
[2.409s]   File "/opt/ros/foxy/share/ament_cmake_core/cmake/core/package_xml_2_cmake.py", line 143, in <module>
[2.410s]     main()
[2.410s]   File "/opt/ros/foxy/share/ament_cmake_core/cmake/core/package_xml_2_cmake.py", line 52, in main
[2.410s]     raise e
[2.410s]   File "/opt/ros/foxy/share/ament_cmake_core/cmake/core/package_xml_2_cmake.py", line 48, in main
[2.410s]     package = parse_package_string(
[2.410s]   File "/usr/local/lib/python3.8/dist-packages/catkin_pkg/package.py", line 786, in parse_package_string
[2.410s]     raise InvalidPackage('Error(s):%s' % (''.join(['\n- %s' % e for e in errors])), filename)
[2.410s] catkin_pkg.package.InvalidPackage: Error(s) in package '/root/docker_tello_ros2/tello_ws/src/tello_pkg/package.xml':
[2.410s] Error(s):
[2.410s] - The generic dependency on 'rclpy' is redundant with: exec_depend
[2.410s] - The generic dependency on 'sensor_msgs' is redundant with: exec_depend
[2.410s] - The generic dependency on 'cv_bridge' is redundant with: exec_depend
[2.418s] CMake Error at /opt/ros/foxy/share/ament_cmake_core/cmake/core/ament_package_xml.cmake:94 (message):
[2.419s]   execute_process(/usr/bin/python3
[2.419s]   /opt/ros/foxy/share/ament_cmake_core/cmake/core/package_xml_2_cmake.py
[2.419s]   /root/docker_tello_ros2/tello_ws/src/tello_pkg/package.xml
[2.419s]   /root/docker_tello_ros2/tello_ws/build/my_video_package/ament_cmake_core/package.cmake)
[2.419s]   returned error code 1
[2.419s] Call Stack (most recent call first):
[2.419s]   /opt/ros/foxy/share/ament_cmake_core/cmake/core/ament_package_xml.cmake:49 (_ament_package_xml)
[2.419s]   /opt/ros/foxy/share/ament_cmake_core/cmake/core/ament_package.cmake:63 (ament_package_xml)
[2.419s]   CMakeLists.txt:20 (ament_package)
[2.419s] 
[2.419s] 
[2.421s] -- Configuring incomplete, errors occurred!
[2.421s] See also "/root/docker_tello_ros2/tello_ws/build/my_video_package/CMakeFiles/CMakeOutput.log".
[2.431s] Invoked command in '/root/docker_tello_ros2/tello_ws/build/my_video_package' returned '1': /usr/bin/cmake /root/docker_tello_ros2/tello_ws/src/tello_pkg -DCMAKE_INSTALL_PREFIX=/root/docker_tello_ros2/tello_ws/install/my_video_package
