[0.736s] DEBUG:colcon:Command line arguments: ['/usr/bin/colcon', 'build', '--packages-select', 'tello_pkg']
[0.736s] DEBUG:colcon:Parsed command line arguments: Namespace(ament_cmake_args=None, base_paths=['.'], build_base='build', catkin_cmake_args=None, catkin_skip_building_tests=False, cmake_args=None, cmake_clean_cache=False, cmake_clean_first=False, cmake_force_configure=False, cmake_target=None, cmake_target_skip_unavailable=False, continue_on_error=False, event_handlers=None, executor='parallel', ignore_user_meta=False, install_base='install', log_base=None, log_level=None, main=<bound method BuildVerb.main of <colcon_core.verb.build.BuildVerb object at 0x7f6d4eb0b8b0>>, merge_install=False, metas=['./colcon.meta'], mixin=None, mixin_files=None, mixin_verb=('build',), packages_above=None, packages_above_and_dependencies=None, packages_above_depth=None, packages_end=None, packages_ignore=None, packages_ignore_regex=None, packages_select=['tello_pkg'], packages_select_build_failed=False, packages_select_by_dep=None, packages_select_regex=None, packages_select_test_failures=False, packages_skip=None, packages_skip_build_finished=False, packages_skip_by_dep=None, packages_skip_regex=None, packages_skip_test_passed=False, packages_skip_up_to=None, packages_start=None, packages_up_to=None, packages_up_to_regex=None, parallel_workers=8, paths=None, symlink_install=False, test_result_base=None, verb_extension=<colcon_core.verb.build.BuildVerb object at 0x7f6d4eb0b8b0>, verb_name='build', verb_parser=<colcon_mixin.mixin.mixin_argument.MixinArgumentDecorator object at 0x7f6d4eb1e1c0>)
[0.948s] Level 1:colcon.colcon_core.package_discovery:discover_packages(colcon_meta) check parameters
[0.951s] INFO:colcon.colcon_metadata.package_discovery.colcon_meta:Using configuration from '/root/.colcon/metadata/default/Gazebo.meta'
[0.952s] INFO:colcon.colcon_metadata.package_discovery.colcon_meta:Using configuration from '/root/.colcon/metadata/default/fastrtps.meta'
[0.952s] Level 1:colcon.colcon_core.package_discovery:discover_packages(recursive) check parameters
[0.952s] Level 1:colcon.colcon_core.package_discovery:discover_packages(ignore) check parameters
[0.952s] Level 1:colcon.colcon_core.package_discovery:discover_packages(path) check parameters
[0.952s] Level 1:colcon.colcon_core.package_discovery:discover_packages(colcon_meta) discover
[0.952s] Level 1:colcon.colcon_core.package_discovery:discover_packages(recursive) discover
[0.952s] INFO:colcon.colcon_core.package_discovery:Crawling recursively for packages in '/root/docker_tello_ros2/tello_ws'
[0.952s] Level 1:colcon.colcon_core.package_identification:_identify(.) by extensions ['ignore', 'ignore_ament_install']
[0.953s] Level 1:colcon.colcon_core.package_identification:_identify(.) by extension 'ignore'
[0.953s] Level 1:colcon.colcon_core.package_identification:_identify(.) by extension 'ignore_ament_install'
[0.953s] Level 1:colcon.colcon_core.package_identification:_identify(.) by extensions ['colcon_pkg']
[0.953s] Level 1:colcon.colcon_core.package_identification:_identify(.) by extension 'colcon_pkg'
[0.953s] Level 1:colcon.colcon_core.package_identification:_identify(.) by extensions ['colcon_meta']
[0.953s] Level 1:colcon.colcon_core.package_identification:_identify(.) by extension 'colcon_meta'
[0.953s] Level 1:colcon.colcon_core.package_identification:_identify(.) by extensions ['ros']
[0.953s] Level 1:colcon.colcon_core.package_identification:_identify(.) by extension 'ros'
[0.977s] Level 1:colcon.colcon_core.package_identification:_identify(.) by extensions ['cmake', 'python']
[0.977s] Level 1:colcon.colcon_core.package_identification:_identify(.) by extension 'cmake'
[0.977s] Level 1:colcon.colcon_core.package_identification:_identify(.) by extension 'python'
[0.977s] Level 1:colcon.colcon_core.package_identification:_identify(.) by extensions ['python_setup_py']
[0.977s] Level 1:colcon.colcon_core.package_identification:_identify(.) by extension 'python_setup_py'
[0.977s] Level 1:colcon.colcon_core.package_identification:_identify(build) by extensions ['ignore', 'ignore_ament_install']
[0.977s] Level 1:colcon.colcon_core.package_identification:_identify(build) by extension 'ignore'
[0.978s] Level 1:colcon.colcon_core.package_identification:_identify(build) ignored
[0.978s] Level 1:colcon.colcon_core.package_identification:_identify(calibration) by extensions ['ignore', 'ignore_ament_install']
[0.978s] Level 1:colcon.colcon_core.package_identification:_identify(calibration) by extension 'ignore'
[0.978s] Level 1:colcon.colcon_core.package_identification:_identify(calibration) by extension 'ignore_ament_install'
[0.978s] Level 1:colcon.colcon_core.package_identification:_identify(calibration) by extensions ['colcon_pkg']
[0.978s] Level 1:colcon.colcon_core.package_identification:_identify(calibration) by extension 'colcon_pkg'
[0.978s] Level 1:colcon.colcon_core.package_identification:_identify(calibration) by extensions ['colcon_meta']
[0.978s] Level 1:colcon.colcon_core.package_identification:_identify(calibration) by extension 'colcon_meta'
[0.978s] Level 1:colcon.colcon_core.package_identification:_identify(calibration) by extensions ['ros']
[0.978s] Level 1:colcon.colcon_core.package_identification:_identify(calibration) by extension 'ros'
[0.978s] Level 1:colcon.colcon_core.package_identification:_identify(calibration) by extensions ['cmake', 'python']
[0.978s] Level 1:colcon.colcon_core.package_identification:_identify(calibration) by extension 'cmake'
[0.978s] Level 1:colcon.colcon_core.package_identification:_identify(calibration) by extension 'python'
[0.978s] Level 1:colcon.colcon_core.package_identification:_identify(calibration) by extensions ['python_setup_py']
[0.978s] Level 1:colcon.colcon_core.package_identification:_identify(calibration) by extension 'python_setup_py'
[0.978s] Level 1:colcon.colcon_core.package_identification:_identify(calibration_phone) by extensions ['ignore', 'ignore_ament_install']
[0.979s] Level 1:colcon.colcon_core.package_identification:_identify(calibration_phone) by extension 'ignore'
[0.979s] Level 1:colcon.colcon_core.package_identification:_identify(calibration_phone) by extension 'ignore_ament_install'
[0.979s] Level 1:colcon.colcon_core.package_identification:_identify(calibration_phone) by extensions ['colcon_pkg']
[0.979s] Level 1:colcon.colcon_core.package_identification:_identify(calibration_phone) by extension 'colcon_pkg'
[0.979s] Level 1:colcon.colcon_core.package_identification:_identify(calibration_phone) by extensions ['colcon_meta']
[0.979s] Level 1:colcon.colcon_core.package_identification:_identify(calibration_phone) by extension 'colcon_meta'
[0.979s] Level 1:colcon.colcon_core.package_identification:_identify(calibration_phone) by extensions ['ros']
[0.979s] Level 1:colcon.colcon_core.package_identification:_identify(calibration_phone) by extension 'ros'
[0.979s] Level 1:colcon.colcon_core.package_identification:_identify(calibration_phone) by extensions ['cmake', 'python']
[0.979s] Level 1:colcon.colcon_core.package_identification:_identify(calibration_phone) by extension 'cmake'
[0.979s] Level 1:colcon.colcon_core.package_identification:_identify(calibration_phone) by extension 'python'
[0.979s] Level 1:colcon.colcon_core.package_identification:_identify(calibration_phone) by extensions ['python_setup_py']
[0.979s] Level 1:colcon.colcon_core.package_identification:_identify(calibration_phone) by extension 'python_setup_py'
[0.979s] Level 1:colcon.colcon_core.package_identification:_identify(detect) by extensions ['ignore', 'ignore_ament_install']
[0.979s] Level 1:colcon.colcon_core.package_identification:_identify(detect) by extension 'ignore'
[0.979s] Level 1:colcon.colcon_core.package_identification:_identify(detect) by extension 'ignore_ament_install'
[0.979s] Level 1:colcon.colcon_core.package_identification:_identify(detect) by extensions ['colcon_pkg']
[0.979s] Level 1:colcon.colcon_core.package_identification:_identify(detect) by extension 'colcon_pkg'
[0.979s] Level 1:colcon.colcon_core.package_identification:_identify(detect) by extensions ['colcon_meta']
[0.979s] Level 1:colcon.colcon_core.package_identification:_identify(detect) by extension 'colcon_meta'
[0.979s] Level 1:colcon.colcon_core.package_identification:_identify(detect) by extensions ['ros']
[0.980s] Level 1:colcon.colcon_core.package_identification:_identify(detect) by extension 'ros'
[0.980s] Level 1:colcon.colcon_core.package_identification:_identify(detect) by extensions ['cmake', 'python']
[0.980s] Level 1:colcon.colcon_core.package_identification:_identify(detect) by extension 'cmake'
[0.980s] Level 1:colcon.colcon_core.package_identification:_identify(detect) by extension 'python'
[0.980s] Level 1:colcon.colcon_core.package_identification:_identify(detect) by extensions ['python_setup_py']
[0.980s] Level 1:colcon.colcon_core.package_identification:_identify(detect) by extension 'python_setup_py'
[0.980s] Level 1:colcon.colcon_core.package_identification:_identify(detect_phone) by extensions ['ignore', 'ignore_ament_install']
[0.980s] Level 1:colcon.colcon_core.package_identification:_identify(detect_phone) by extension 'ignore'
[0.980s] Level 1:colcon.colcon_core.package_identification:_identify(detect_phone) by extension 'ignore_ament_install'
[0.980s] Level 1:colcon.colcon_core.package_identification:_identify(detect_phone) by extensions ['colcon_pkg']
[0.980s] Level 1:colcon.colcon_core.package_identification:_identify(detect_phone) by extension 'colcon_pkg'
[0.980s] Level 1:colcon.colcon_core.package_identification:_identify(detect_phone) by extensions ['colcon_meta']
[0.980s] Level 1:colcon.colcon_core.package_identification:_identify(detect_phone) by extension 'colcon_meta'
[0.980s] Level 1:colcon.colcon_core.package_identification:_identify(detect_phone) by extensions ['ros']
[0.980s] Level 1:colcon.colcon_core.package_identification:_identify(detect_phone) by extension 'ros'
[0.980s] Level 1:colcon.colcon_core.package_identification:_identify(detect_phone) by extensions ['cmake', 'python']
[0.981s] Level 1:colcon.colcon_core.package_identification:_identify(detect_phone) by extension 'cmake'
[0.981s] Level 1:colcon.colcon_core.package_identification:_identify(detect_phone) by extension 'python'
[0.981s] Level 1:colcon.colcon_core.package_identification:_identify(detect_phone) by extensions ['python_setup_py']
[0.981s] Level 1:colcon.colcon_core.package_identification:_identify(detect_phone) by extension 'python_setup_py'
[0.981s] Level 1:colcon.colcon_core.package_identification:_identify(install) by extensions ['ignore', 'ignore_ament_install']
[0.981s] Level 1:colcon.colcon_core.package_identification:_identify(install) by extension 'ignore'
[0.981s] Level 1:colcon.colcon_core.package_identification:_identify(install) ignored
[0.981s] Level 1:colcon.colcon_core.package_identification:_identify(log) by extensions ['ignore', 'ignore_ament_install']
[0.981s] Level 1:colcon.colcon_core.package_identification:_identify(log) by extension 'ignore'
[0.981s] Level 1:colcon.colcon_core.package_identification:_identify(log) ignored
[0.981s] Level 1:colcon.colcon_core.package_identification:_identify(src) by extensions ['ignore', 'ignore_ament_install']
[0.982s] Level 1:colcon.colcon_core.package_identification:_identify(src) by extension 'ignore'
[0.982s] Level 1:colcon.colcon_core.package_identification:_identify(src) by extension 'ignore_ament_install'
[0.982s] Level 1:colcon.colcon_core.package_identification:_identify(src) by extensions ['colcon_pkg']
[0.982s] Level 1:colcon.colcon_core.package_identification:_identify(src) by extension 'colcon_pkg'
[0.982s] Level 1:colcon.colcon_core.package_identification:_identify(src) by extensions ['colcon_meta']
[0.982s] Level 1:colcon.colcon_core.package_identification:_identify(src) by extension 'colcon_meta'
[0.982s] Level 1:colcon.colcon_core.package_identification:_identify(src) by extensions ['ros']
[0.982s] Level 1:colcon.colcon_core.package_identification:_identify(src) by extension 'ros'
[0.982s] Level 1:colcon.colcon_core.package_identification:_identify(src) by extensions ['cmake', 'python']
[0.982s] Level 1:colcon.colcon_core.package_identification:_identify(src) by extension 'cmake'
[0.982s] Level 1:colcon.colcon_core.package_identification:_identify(src) by extension 'python'
[0.982s] Level 1:colcon.colcon_core.package_identification:_identify(src) by extensions ['python_setup_py']
[0.982s] Level 1:colcon.colcon_core.package_identification:_identify(src) by extension 'python_setup_py'
[0.982s] Level 1:colcon.colcon_core.package_identification:_identify(src/tello_pkg) by extensions ['ignore', 'ignore_ament_install']
[0.982s] Level 1:colcon.colcon_core.package_identification:_identify(src/tello_pkg) by extension 'ignore'
[0.982s] Level 1:colcon.colcon_core.package_identification:_identify(src/tello_pkg) by extension 'ignore_ament_install'
[0.982s] Level 1:colcon.colcon_core.package_identification:_identify(src/tello_pkg) by extensions ['colcon_pkg']
[0.982s] Level 1:colcon.colcon_core.package_identification:_identify(src/tello_pkg) by extension 'colcon_pkg'
[0.983s] Level 1:colcon.colcon_core.package_identification:_identify(src/tello_pkg) by extensions ['colcon_meta']
[0.983s] Level 1:colcon.colcon_core.package_identification:_identify(src/tello_pkg) by extension 'colcon_meta'
[0.983s] Level 1:colcon.colcon_core.package_identification:_identify(src/tello_pkg) by extensions ['ros']
[0.983s] Level 1:colcon.colcon_core.package_identification:_identify(src/tello_pkg) by extension 'ros'
[0.990s] DEBUG:colcon.colcon_core.package_identification:Package 'src/tello_pkg' with type 'ros.ament_python' and name 'tello_pkg'
[0.990s] Level 1:colcon.colcon_core.package_identification:_identify(tentone) by extensions ['ignore', 'ignore_ament_install']
[0.991s] Level 1:colcon.colcon_core.package_identification:_identify(tentone) by extension 'ignore'
[0.991s] Level 1:colcon.colcon_core.package_identification:_identify(tentone) by extension 'ignore_ament_install'
[0.991s] Level 1:colcon.colcon_core.package_identification:_identify(tentone) by extensions ['colcon_pkg']
[0.991s] Level 1:colcon.colcon_core.package_identification:_identify(tentone) by extension 'colcon_pkg'
[0.991s] Level 1:colcon.colcon_core.package_identification:_identify(tentone) by extensions ['colcon_meta']
[0.991s] Level 1:colcon.colcon_core.package_identification:_identify(tentone) by extension 'colcon_meta'
[0.991s] Level 1:colcon.colcon_core.package_identification:_identify(tentone) by extensions ['ros']
[0.991s] Level 1:colcon.colcon_core.package_identification:_identify(tentone) by extension 'ros'
[0.991s] Level 1:colcon.colcon_core.package_identification:_identify(tentone) by extensions ['cmake', 'python']
[0.991s] Level 1:colcon.colcon_core.package_identification:_identify(tentone) by extension 'cmake'
[0.991s] Level 1:colcon.colcon_core.package_identification:_identify(tentone) by extension 'python'
[0.991s] Level 1:colcon.colcon_core.package_identification:_identify(tentone) by extensions ['python_setup_py']
[0.991s] Level 1:colcon.colcon_core.package_identification:_identify(tentone) by extension 'python_setup_py'
[0.992s] Level 1:colcon.colcon_core.package_identification:_identify(tentone/tello-ros2) by extensions ['ignore', 'ignore_ament_install']
[0.992s] Level 1:colcon.colcon_core.package_identification:_identify(tentone/tello-ros2) by extension 'ignore'
[0.992s] Level 1:colcon.colcon_core.package_identification:_identify(tentone/tello-ros2) by extension 'ignore_ament_install'
[0.992s] Level 1:colcon.colcon_core.package_identification:_identify(tentone/tello-ros2) by extensions ['colcon_pkg']
[0.992s] Level 1:colcon.colcon_core.package_identification:_identify(tentone/tello-ros2) by extension 'colcon_pkg'
[0.992s] Level 1:colcon.colcon_core.package_identification:_identify(tentone/tello-ros2) by extensions ['colcon_meta']
[0.992s] Level 1:colcon.colcon_core.package_identification:_identify(tentone/tello-ros2) by extension 'colcon_meta'
[0.992s] Level 1:colcon.colcon_core.package_identification:_identify(tentone/tello-ros2) by extensions ['ros']
[0.992s] Level 1:colcon.colcon_core.package_identification:_identify(tentone/tello-ros2) by extension 'ros'
[0.992s] Level 1:colcon.colcon_core.package_identification:_identify(tentone/tello-ros2) by extensions ['cmake', 'python']
[0.992s] Level 1:colcon.colcon_core.package_identification:_identify(tentone/tello-ros2) by extension 'cmake'
[0.992s] Level 1:colcon.colcon_core.package_identification:_identify(tentone/tello-ros2) by extension 'python'
[0.992s] Level 1:colcon.colcon_core.package_identification:_identify(tentone/tello-ros2) by extensions ['python_setup_py']
[0.992s] Level 1:colcon.colcon_core.package_identification:_identify(tentone/tello-ros2) by extension 'python_setup_py'
[0.993s] Level 1:colcon.colcon_core.package_identification:_identify(tentone/tello-ros2/readme) by extensions ['ignore', 'ignore_ament_install']
[0.993s] Level 1:colcon.colcon_core.package_identification:_identify(tentone/tello-ros2/readme) by extension 'ignore'
[0.993s] Level 1:colcon.colcon_core.package_identification:_identify(tentone/tello-ros2/readme) by extension 'ignore_ament_install'
[0.993s] Level 1:colcon.colcon_core.package_identification:_identify(tentone/tello-ros2/readme) by extensions ['colcon_pkg']
[0.993s] Level 1:colcon.colcon_core.package_identification:_identify(tentone/tello-ros2/readme) by extension 'colcon_pkg'
[0.993s] Level 1:colcon.colcon_core.package_identification:_identify(tentone/tello-ros2/readme) by extensions ['colcon_meta']
[0.993s] Level 1:colcon.colcon_core.package_identification:_identify(tentone/tello-ros2/readme) by extension 'colcon_meta'
[0.993s] Level 1:colcon.colcon_core.package_identification:_identify(tentone/tello-ros2/readme) by extensions ['ros']
[0.993s] Level 1:colcon.colcon_core.package_identification:_identify(tentone/tello-ros2/readme) by extension 'ros'
[0.993s] Level 1:colcon.colcon_core.package_identification:_identify(tentone/tello-ros2/readme) by extensions ['cmake', 'python']
[0.993s] Level 1:colcon.colcon_core.package_identification:_identify(tentone/tello-ros2/readme) by extension 'cmake'
[0.993s] Level 1:colcon.colcon_core.package_identification:_identify(tentone/tello-ros2/readme) by extension 'python'
[0.993s] Level 1:colcon.colcon_core.package_identification:_identify(tentone/tello-ros2/readme) by extensions ['python_setup_py']
[0.993s] Level 1:colcon.colcon_core.package_identification:_identify(tentone/tello-ros2/readme) by extension 'python_setup_py'
[0.994s] Level 1:colcon.colcon_core.package_identification:_identify(tentone/tello-ros2/scripts) by extensions ['ignore', 'ignore_ament_install']
[0.994s] Level 1:colcon.colcon_core.package_identification:_identify(tentone/tello-ros2/scripts) by extension 'ignore'
[0.994s] Level 1:colcon.colcon_core.package_identification:_identify(tentone/tello-ros2/scripts) by extension 'ignore_ament_install'
[0.994s] Level 1:colcon.colcon_core.package_identification:_identify(tentone/tello-ros2/scripts) by extensions ['colcon_pkg']
[0.994s] Level 1:colcon.colcon_core.package_identification:_identify(tentone/tello-ros2/scripts) by extension 'colcon_pkg'
[0.994s] Level 1:colcon.colcon_core.package_identification:_identify(tentone/tello-ros2/scripts) by extensions ['colcon_meta']
[0.994s] Level 1:colcon.colcon_core.package_identification:_identify(tentone/tello-ros2/scripts) by extension 'colcon_meta'
[0.994s] Level 1:colcon.colcon_core.package_identification:_identify(tentone/tello-ros2/scripts) by extensions ['ros']
[0.994s] Level 1:colcon.colcon_core.package_identification:_identify(tentone/tello-ros2/scripts) by extension 'ros'
[0.994s] Level 1:colcon.colcon_core.package_identification:_identify(tentone/tello-ros2/scripts) by extensions ['cmake', 'python']
[0.994s] Level 1:colcon.colcon_core.package_identification:_identify(tentone/tello-ros2/scripts) by extension 'cmake'
[0.994s] Level 1:colcon.colcon_core.package_identification:_identify(tentone/tello-ros2/scripts) by extension 'python'
[0.994s] Level 1:colcon.colcon_core.package_identification:_identify(tentone/tello-ros2/scripts) by extensions ['python_setup_py']
[0.994s] Level 1:colcon.colcon_core.package_identification:_identify(tentone/tello-ros2/scripts) by extension 'python_setup_py'
[0.995s] Level 1:colcon.colcon_core.package_identification:_identify(tentone/tello-ros2/slam) by extensions ['ignore', 'ignore_ament_install']
[0.995s] Level 1:colcon.colcon_core.package_identification:_identify(tentone/tello-ros2/slam) by extension 'ignore'
[0.996s] Level 1:colcon.colcon_core.package_identification:_identify(tentone/tello-ros2/slam) by extension 'ignore_ament_install'
[0.996s] Level 1:colcon.colcon_core.package_identification:_identify(tentone/tello-ros2/slam) by extensions ['colcon_pkg']
[0.996s] Level 1:colcon.colcon_core.package_identification:_identify(tentone/tello-ros2/slam) by extension 'colcon_pkg'
[0.996s] Level 1:colcon.colcon_core.package_identification:_identify(tentone/tello-ros2/slam) by extensions ['colcon_meta']
[0.996s] Level 1:colcon.colcon_core.package_identification:_identify(tentone/tello-ros2/slam) by extension 'colcon_meta'
[0.997s] Level 1:colcon.colcon_core.package_identification:_identify(tentone/tello-ros2/slam) by extensions ['ros']
[0.997s] Level 1:colcon.colcon_core.package_identification:_identify(tentone/tello-ros2/slam) by extension 'ros'
[0.997s] Level 1:colcon.colcon_core.package_identification:_identify(tentone/tello-ros2/slam) by extensions ['cmake', 'python']
[0.997s] Level 1:colcon.colcon_core.package_identification:_identify(tentone/tello-ros2/slam) by extension 'cmake'
[0.997s] Level 1:colcon.colcon_core.package_identification:_identify(tentone/tello-ros2/slam) by extension 'python'
[0.997s] Level 1:colcon.colcon_core.package_identification:_identify(tentone/tello-ros2/slam) by extensions ['python_setup_py']
[0.997s] Level 1:colcon.colcon_core.package_identification:_identify(tentone/tello-ros2/slam) by extension 'python_setup_py'
[0.997s] Level 1:colcon.colcon_core.package_identification:_identify(tentone/tello-ros2/slam/src) by extensions ['ignore', 'ignore_ament_install']
[0.997s] Level 1:colcon.colcon_core.package_identification:_identify(tentone/tello-ros2/slam/src) by extension 'ignore'
[0.997s] Level 1:colcon.colcon_core.package_identification:_identify(tentone/tello-ros2/slam/src) by extension 'ignore_ament_install'
[0.998s] Level 1:colcon.colcon_core.package_identification:_identify(tentone/tello-ros2/slam/src) by extensions ['colcon_pkg']
[0.998s] Level 1:colcon.colcon_core.package_identification:_identify(tentone/tello-ros2/slam/src) by extension 'colcon_pkg'
[0.998s] Level 1:colcon.colcon_core.package_identification:_identify(tentone/tello-ros2/slam/src) by extensions ['colcon_meta']
[0.998s] Level 1:colcon.colcon_core.package_identification:_identify(tentone/tello-ros2/slam/src) by extension 'colcon_meta'
[0.998s] Level 1:colcon.colcon_core.package_identification:_identify(tentone/tello-ros2/slam/src) by extensions ['ros']
[0.998s] Level 1:colcon.colcon_core.package_identification:_identify(tentone/tello-ros2/slam/src) by extension 'ros'
[0.998s] Level 1:colcon.colcon_core.package_identification:_identify(tentone/tello-ros2/slam/src) by extensions ['cmake', 'python']
[0.998s] Level 1:colcon.colcon_core.package_identification:_identify(tentone/tello-ros2/slam/src) by extension 'cmake'
[0.998s] Level 1:colcon.colcon_core.package_identification:_identify(tentone/tello-ros2/slam/src) by extension 'python'
[0.998s] Level 1:colcon.colcon_core.package_identification:_identify(tentone/tello-ros2/slam/src) by extensions ['python_setup_py']
[0.998s] Level 1:colcon.colcon_core.package_identification:_identify(tentone/tello-ros2/slam/src) by extension 'python_setup_py'
[0.998s] Level 1:colcon.colcon_core.package_identification:_identify(tentone/tello-ros2/slam/src/orbslam2) by extensions ['ignore', 'ignore_ament_install']
[0.998s] Level 1:colcon.colcon_core.package_identification:_identify(tentone/tello-ros2/slam/src/orbslam2) by extension 'ignore'
[0.999s] Level 1:colcon.colcon_core.package_identification:_identify(tentone/tello-ros2/slam/src/orbslam2) by extension 'ignore_ament_install'
[0.999s] Level 1:colcon.colcon_core.package_identification:_identify(tentone/tello-ros2/slam/src/orbslam2) by extensions ['colcon_pkg']
[0.999s] Level 1:colcon.colcon_core.package_identification:_identify(tentone/tello-ros2/slam/src/orbslam2) by extension 'colcon_pkg'
[0.999s] Level 1:colcon.colcon_core.package_identification:_identify(tentone/tello-ros2/slam/src/orbslam2) by extensions ['colcon_meta']
[0.999s] Level 1:colcon.colcon_core.package_identification:_identify(tentone/tello-ros2/slam/src/orbslam2) by extension 'colcon_meta'
[0.999s] Level 1:colcon.colcon_core.package_identification:_identify(tentone/tello-ros2/slam/src/orbslam2) by extensions ['ros']
[0.999s] Level 1:colcon.colcon_core.package_identification:_identify(tentone/tello-ros2/slam/src/orbslam2) by extension 'ros'
[1.000s] DEBUG:colcon.colcon_core.package_identification:Package 'tentone/tello-ros2/slam/src/orbslam2' with type 'ros.ament_cmake' and name 'orbslam2'
[1.001s] Level 1:colcon.colcon_core.package_identification:_identify(tentone/tello-ros2/workspace) by extensions ['ignore', 'ignore_ament_install']
[1.001s] Level 1:colcon.colcon_core.package_identification:_identify(tentone/tello-ros2/workspace) by extension 'ignore'
[1.002s] Level 1:colcon.colcon_core.package_identification:_identify(tentone/tello-ros2/workspace) by extension 'ignore_ament_install'
[1.002s] Level 1:colcon.colcon_core.package_identification:_identify(tentone/tello-ros2/workspace) by extensions ['colcon_pkg']
[1.002s] Level 1:colcon.colcon_core.package_identification:_identify(tentone/tello-ros2/workspace) by extension 'colcon_pkg'
[1.002s] Level 1:colcon.colcon_core.package_identification:_identify(tentone/tello-ros2/workspace) by extensions ['colcon_meta']
[1.002s] Level 1:colcon.colcon_core.package_identification:_identify(tentone/tello-ros2/workspace) by extension 'colcon_meta'
[1.002s] Level 1:colcon.colcon_core.package_identification:_identify(tentone/tello-ros2/workspace) by extensions ['ros']
[1.002s] Level 1:colcon.colcon_core.package_identification:_identify(tentone/tello-ros2/workspace) by extension 'ros'
[1.002s] Level 1:colcon.colcon_core.package_identification:_identify(tentone/tello-ros2/workspace) by extensions ['cmake', 'python']
[1.002s] Level 1:colcon.colcon_core.package_identification:_identify(tentone/tello-ros2/workspace) by extension 'cmake'
[1.002s] Level 1:colcon.colcon_core.package_identification:_identify(tentone/tello-ros2/workspace) by extension 'python'
[1.002s] Level 1:colcon.colcon_core.package_identification:_identify(tentone/tello-ros2/workspace) by extensions ['python_setup_py']
[1.002s] Level 1:colcon.colcon_core.package_identification:_identify(tentone/tello-ros2/workspace) by extension 'python_setup_py'
[1.003s] Level 1:colcon.colcon_core.package_identification:_identify(tentone/tello-ros2/workspace/src) by extensions ['ignore', 'ignore_ament_install']
[1.003s] Level 1:colcon.colcon_core.package_identification:_identify(tentone/tello-ros2/workspace/src) by extension 'ignore'
[1.003s] Level 1:colcon.colcon_core.package_identification:_identify(tentone/tello-ros2/workspace/src) by extension 'ignore_ament_install'
[1.003s] Level 1:colcon.colcon_core.package_identification:_identify(tentone/tello-ros2/workspace/src) by extensions ['colcon_pkg']
[1.003s] Level 1:colcon.colcon_core.package_identification:_identify(tentone/tello-ros2/workspace/src) by extension 'colcon_pkg'
[1.003s] Level 1:colcon.colcon_core.package_identification:_identify(tentone/tello-ros2/workspace/src) by extensions ['colcon_meta']
[1.003s] Level 1:colcon.colcon_core.package_identification:_identify(tentone/tello-ros2/workspace/src) by extension 'colcon_meta'
[1.003s] Level 1:colcon.colcon_core.package_identification:_identify(tentone/tello-ros2/workspace/src) by extensions ['ros']
[1.003s] Level 1:colcon.colcon_core.package_identification:_identify(tentone/tello-ros2/workspace/src) by extension 'ros'
[1.003s] Level 1:colcon.colcon_core.package_identification:_identify(tentone/tello-ros2/workspace/src) by extensions ['cmake', 'python']
[1.003s] Level 1:colcon.colcon_core.package_identification:_identify(tentone/tello-ros2/workspace/src) by extension 'cmake'
[1.003s] Level 1:colcon.colcon_core.package_identification:_identify(tentone/tello-ros2/workspace/src) by extension 'python'
[1.003s] Level 1:colcon.colcon_core.package_identification:_identify(tentone/tello-ros2/workspace/src) by extensions ['python_setup_py']
[1.003s] Level 1:colcon.colcon_core.package_identification:_identify(tentone/tello-ros2/workspace/src) by extension 'python_setup_py'
[1.003s] Level 1:colcon.colcon_core.package_identification:_identify(tentone/tello-ros2/workspace/src/tello) by extensions ['ignore', 'ignore_ament_install']
[1.004s] Level 1:colcon.colcon_core.package_identification:_identify(tentone/tello-ros2/workspace/src/tello) by extension 'ignore'
[1.004s] Level 1:colcon.colcon_core.package_identification:_identify(tentone/tello-ros2/workspace/src/tello) by extension 'ignore_ament_install'
[1.004s] Level 1:colcon.colcon_core.package_identification:_identify(tentone/tello-ros2/workspace/src/tello) by extensions ['colcon_pkg']
[1.004s] Level 1:colcon.colcon_core.package_identification:_identify(tentone/tello-ros2/workspace/src/tello) by extension 'colcon_pkg'
[1.004s] Level 1:colcon.colcon_core.package_identification:_identify(tentone/tello-ros2/workspace/src/tello) by extensions ['colcon_meta']
[1.004s] Level 1:colcon.colcon_core.package_identification:_identify(tentone/tello-ros2/workspace/src/tello) by extension 'colcon_meta'
[1.004s] Level 1:colcon.colcon_core.package_identification:_identify(tentone/tello-ros2/workspace/src/tello) by extensions ['ros']
[1.004s] Level 1:colcon.colcon_core.package_identification:_identify(tentone/tello-ros2/workspace/src/tello) by extension 'ros'
[1.006s] DEBUG:colcon.colcon_core.package_identification:Package 'tentone/tello-ros2/workspace/src/tello' with type 'ros.ament_python' and name 'tello'
[1.006s] Level 1:colcon.colcon_core.package_identification:_identify(tentone/tello-ros2/workspace/src/tello_control) by extensions ['ignore', 'ignore_ament_install']
[1.006s] Level 1:colcon.colcon_core.package_identification:_identify(tentone/tello-ros2/workspace/src/tello_control) by extension 'ignore'
[1.006s] Level 1:colcon.colcon_core.package_identification:_identify(tentone/tello-ros2/workspace/src/tello_control) by extension 'ignore_ament_install'
[1.006s] Level 1:colcon.colcon_core.package_identification:_identify(tentone/tello-ros2/workspace/src/tello_control) by extensions ['colcon_pkg']
[1.006s] Level 1:colcon.colcon_core.package_identification:_identify(tentone/tello-ros2/workspace/src/tello_control) by extension 'colcon_pkg'
[1.006s] Level 1:colcon.colcon_core.package_identification:_identify(tentone/tello-ros2/workspace/src/tello_control) by extensions ['colcon_meta']
[1.006s] Level 1:colcon.colcon_core.package_identification:_identify(tentone/tello-ros2/workspace/src/tello_control) by extension 'colcon_meta'
[1.006s] Level 1:colcon.colcon_core.package_identification:_identify(tentone/tello-ros2/workspace/src/tello_control) by extensions ['ros']
[1.006s] Level 1:colcon.colcon_core.package_identification:_identify(tentone/tello-ros2/workspace/src/tello_control) by extension 'ros'
[1.007s] DEBUG:colcon.colcon_core.package_identification:Package 'tentone/tello-ros2/workspace/src/tello_control' with type 'ros.ament_cmake' and name 'tello_control'
[1.008s] Level 1:colcon.colcon_core.package_identification:_identify(tentone/tello-ros2/workspace/src/tello_msg) by extensions ['ignore', 'ignore_ament_install']
[1.008s] Level 1:colcon.colcon_core.package_identification:_identify(tentone/tello-ros2/workspace/src/tello_msg) by extension 'ignore'
[1.008s] Level 1:colcon.colcon_core.package_identification:_identify(tentone/tello-ros2/workspace/src/tello_msg) by extension 'ignore_ament_install'
[1.008s] Level 1:colcon.colcon_core.package_identification:_identify(tentone/tello-ros2/workspace/src/tello_msg) by extensions ['colcon_pkg']
[1.008s] Level 1:colcon.colcon_core.package_identification:_identify(tentone/tello-ros2/workspace/src/tello_msg) by extension 'colcon_pkg'
[1.008s] Level 1:colcon.colcon_core.package_identification:_identify(tentone/tello-ros2/workspace/src/tello_msg) by extensions ['colcon_meta']
[1.008s] Level 1:colcon.colcon_core.package_identification:_identify(tentone/tello-ros2/workspace/src/tello_msg) by extension 'colcon_meta'
[1.008s] Level 1:colcon.colcon_core.package_identification:_identify(tentone/tello-ros2/workspace/src/tello_msg) by extensions ['ros']
[1.008s] Level 1:colcon.colcon_core.package_identification:_identify(tentone/tello-ros2/workspace/src/tello_msg) by extension 'ros'
[1.009s] DEBUG:colcon.colcon_core.package_identification:Package 'tentone/tello-ros2/workspace/src/tello_msg' with type 'ros.ament_cmake' and name 'tello_msg'
[1.009s] Level 1:colcon.colcon_core.package_discovery:discover_packages(recursive) using defaults
[1.009s] Level 1:colcon.colcon_core.package_discovery:discover_packages(ignore) discover
[1.009s] Level 1:colcon.colcon_core.package_discovery:discover_packages(ignore) using defaults
[1.009s] Level 1:colcon.colcon_core.package_discovery:discover_packages(path) discover
[1.009s] Level 1:colcon.colcon_core.package_discovery:discover_packages(path) using defaults
[1.052s] INFO:colcon.colcon_core.package_selection:Skipping not selected package 'orbslam2' in 'tentone/tello-ros2/slam/src/orbslam2'
[1.052s] INFO:colcon.colcon_core.package_selection:Skipping not selected package 'tello_control' in 'tentone/tello-ros2/workspace/src/tello_control'
[1.052s] INFO:colcon.colcon_core.package_selection:Skipping not selected package 'tello_msg' in 'tentone/tello-ros2/workspace/src/tello_msg'
[1.052s] INFO:colcon.colcon_core.package_selection:Skipping not selected package 'tello' in 'tentone/tello-ros2/workspace/src/tello'
[1.052s] Level 5:colcon.colcon_core.verb:set package 'tello_pkg' build argument 'cmake_args' from command line to 'None'
[1.052s] Level 5:colcon.colcon_core.verb:set package 'tello_pkg' build argument 'cmake_target' from command line to 'None'
[1.052s] Level 5:colcon.colcon_core.verb:set package 'tello_pkg' build argument 'cmake_target_skip_unavailable' from command line to 'False'
[1.053s] Level 5:colcon.colcon_core.verb:set package 'tello_pkg' build argument 'cmake_clean_cache' from command line to 'False'
[1.053s] Level 5:colcon.colcon_core.verb:set package 'tello_pkg' build argument 'cmake_clean_first' from command line to 'False'
[1.053s] Level 5:colcon.colcon_core.verb:set package 'tello_pkg' build argument 'cmake_force_configure' from command line to 'False'
[1.053s] Level 5:colcon.colcon_core.verb:set package 'tello_pkg' build argument 'ament_cmake_args' from command line to 'None'
[1.053s] Level 5:colcon.colcon_core.verb:set package 'tello_pkg' build argument 'catkin_cmake_args' from command line to 'None'
[1.053s] Level 5:colcon.colcon_core.verb:set package 'tello_pkg' build argument 'catkin_skip_building_tests' from command line to 'False'
[1.053s] DEBUG:colcon.colcon_core.verb:Building package 'tello_pkg' with the following arguments: {'ament_cmake_args': None, 'build_base': '/root/docker_tello_ros2/tello_ws/build/tello_pkg', 'catkin_cmake_args': None, 'catkin_skip_building_tests': False, 'cmake_args': None, 'cmake_clean_cache': False, 'cmake_clean_first': False, 'cmake_force_configure': False, 'cmake_target': None, 'cmake_target_skip_unavailable': False, 'install_base': '/root/docker_tello_ros2/tello_ws/install/tello_pkg', 'merge_install': False, 'path': '/root/docker_tello_ros2/tello_ws/src/tello_pkg', 'symlink_install': False, 'test_result_base': None}
[1.053s] INFO:colcon.colcon_core.executor:Executing jobs using 'parallel' executor
[1.055s] DEBUG:colcon.colcon_parallel_executor.executor.parallel:run_until_complete
[1.055s] INFO:colcon.colcon_ros.task.ament_python.build:Building ROS package in '/root/docker_tello_ros2/tello_ws/src/tello_pkg' with build type 'ament_python'
[1.055s] Level 1:colcon.colcon_core.shell:create_environment_hook('tello_pkg', 'ament_prefix_path')
[1.068s] INFO:colcon.colcon_core.plugin_system:Skipping extension 'colcon_core.shell.bat': Not used on non-Windows systems
[1.068s] INFO:colcon.colcon_core.shell:Creating environment hook '/root/docker_tello_ros2/tello_ws/install/tello_pkg/share/tello_pkg/hook/ament_prefix_path.ps1'
[1.069s] INFO:colcon.colcon_core.shell:Creating environment descriptor '/root/docker_tello_ros2/tello_ws/install/tello_pkg/share/tello_pkg/hook/ament_prefix_path.dsv'
[1.071s] INFO:colcon.colcon_core.shell:Creating environment hook '/root/docker_tello_ros2/tello_ws/install/tello_pkg/share/tello_pkg/hook/ament_prefix_path.sh'
[1.072s] INFO:colcon.colcon_core.shell:Skip shell extension 'powershell' for command environment: Not usable outside of PowerShell
[1.072s] DEBUG:colcon.colcon_core.shell:Skip shell extension 'dsv' for command environment
[1.319s] INFO:colcon.colcon_core.task.python.build:Building Python package in '/root/docker_tello_ros2/tello_ws/src/tello_pkg'
[1.319s] INFO:colcon.colcon_core.shell:Skip shell extension 'powershell' for command environment: Not usable outside of PowerShell
[1.319s] DEBUG:colcon.colcon_core.shell:Skip shell extension 'dsv' for command environment
[2.055s] DEBUG:colcon.colcon_core.event_handler.log_command:Invoking command in '/root/docker_tello_ros2/tello_ws/src/tello_pkg': PYTHONPATH=/root/docker_tello_ros2/tello_ws/build/tello_pkg/prefix_override:/root/docker_tello_ros2/tello_ws/install/tello_pkg/lib/python3.8/site-packages:${PYTHONPATH} /usr/bin/python3 -W ignore:setup.py install is deprecated setup.py egg_info --egg-base ../../build/tello_pkg build --build-base /root/docker_tello_ros2/tello_ws/build/tello_pkg/build install --record /root/docker_tello_ros2/tello_ws/build/tello_pkg/install.log --install-scripts $base/lib/tello_pkg --single-version-externally-managed install_data
[2.402s] DEBUG:colcon.colcon_core.event_handler.log_command:Invoked command in '/root/docker_tello_ros2/tello_ws/src/tello_pkg' returned '0': PYTHONPATH=/root/docker_tello_ros2/tello_ws/build/tello_pkg/prefix_override:/root/docker_tello_ros2/tello_ws/install/tello_pkg/lib/python3.8/site-packages:${PYTHONPATH} /usr/bin/python3 -W ignore:setup.py install is deprecated setup.py egg_info --egg-base ../../build/tello_pkg build --build-base /root/docker_tello_ros2/tello_ws/build/tello_pkg/build install --record /root/docker_tello_ros2/tello_ws/build/tello_pkg/install.log --install-scripts $base/lib/tello_pkg --single-version-externally-managed install_data
[2.412s] Level 1:colcon.colcon_core.environment:checking '/root/docker_tello_ros2/tello_ws/install/tello_pkg' for CMake module files
[2.413s] Level 1:colcon.colcon_core.environment:checking '/root/docker_tello_ros2/tello_ws/install/tello_pkg' for CMake config files
[2.414s] Level 1:colcon.colcon_core.environment:checking '/root/docker_tello_ros2/tello_ws/install/tello_pkg/lib'
[2.414s] Level 1:colcon.colcon_core.environment:checking '/root/docker_tello_ros2/tello_ws/install/tello_pkg/bin'
[2.414s] Level 1:colcon.colcon_core.environment:checking '/root/docker_tello_ros2/tello_ws/install/tello_pkg/lib/pkgconfig/tello_pkg.pc'
[2.414s] Level 1:colcon.colcon_core.environment:checking '/root/docker_tello_ros2/tello_ws/install/tello_pkg/lib/python3.8/site-packages'
[2.414s] Level 1:colcon.colcon_core.shell:create_environment_hook('tello_pkg', 'pythonpath')
[2.415s] INFO:colcon.colcon_core.shell:Creating environment hook '/root/docker_tello_ros2/tello_ws/install/tello_pkg/share/tello_pkg/hook/pythonpath.ps1'
[2.415s] INFO:colcon.colcon_core.shell:Creating environment descriptor '/root/docker_tello_ros2/tello_ws/install/tello_pkg/share/tello_pkg/hook/pythonpath.dsv'
[2.416s] INFO:colcon.colcon_core.shell:Creating environment hook '/root/docker_tello_ros2/tello_ws/install/tello_pkg/share/tello_pkg/hook/pythonpath.sh'
[2.418s] Level 1:colcon.colcon_core.environment:checking '/root/docker_tello_ros2/tello_ws/install/tello_pkg/bin'
[2.418s] Level 1:colcon.colcon_core.environment:create_environment_scripts_only(tello_pkg)
[2.419s] INFO:colcon.colcon_core.shell:Creating package script '/root/docker_tello_ros2/tello_ws/install/tello_pkg/share/tello_pkg/package.ps1'
[2.420s] INFO:colcon.colcon_core.shell:Creating package descriptor '/root/docker_tello_ros2/tello_ws/install/tello_pkg/share/tello_pkg/package.dsv'
[2.422s] INFO:colcon.colcon_core.shell:Creating package script '/root/docker_tello_ros2/tello_ws/install/tello_pkg/share/tello_pkg/package.sh'
[2.423s] INFO:colcon.colcon_core.shell:Creating package script '/root/docker_tello_ros2/tello_ws/install/tello_pkg/share/tello_pkg/package.bash'
[2.425s] INFO:colcon.colcon_core.shell:Creating package script '/root/docker_tello_ros2/tello_ws/install/tello_pkg/share/tello_pkg/package.zsh'
[2.427s] Level 1:colcon.colcon_core.environment:create_file_with_runtime_dependencies(/root/docker_tello_ros2/tello_ws/install/tello_pkg/share/colcon-core/packages/tello_pkg)
[2.427s] DEBUG:colcon.colcon_parallel_executor.executor.parallel:closing loop
[2.428s] DEBUG:colcon.colcon_parallel_executor.executor.parallel:loop closed
[2.428s] DEBUG:colcon.colcon_parallel_executor.executor.parallel:run_until_complete finished with '0'
[2.428s] DEBUG:colcon.colcon_core.event_reactor:joining thread
[2.464s] INFO:colcon.colcon_core.plugin_system:Skipping extension 'colcon_notification.desktop_notification.notify_send': Could not find 'notify-send'
[2.464s] INFO:colcon.colcon_core.plugin_system:Skipping extension 'colcon_notification.desktop_notification.terminal_notifier': Not used on non-Darwin systems
[2.464s] INFO:colcon.colcon_core.plugin_system:Skipping extension 'colcon_notification.desktop_notification.win32': Not used on non-Windows systems
[2.464s] INFO:colcon.colcon_notification.desktop_notification:Sending desktop notification using 'notify2'
[2.478s] DEBUG:colcon.colcon_notification.desktop_notification.notify2:Failed to initialize notify2: org.freedesktop.DBus.Error.Spawn.ExecFailed: /usr/bin/dbus-launch terminated abnormally without any error message
[2.479s] DEBUG:colcon.colcon_core.event_reactor:joined thread
[2.480s] INFO:colcon.colcon_core.shell:Creating prefix script '/root/docker_tello_ros2/tello_ws/install/local_setup.ps1'
[2.484s] INFO:colcon.colcon_core.shell:Creating prefix util module '/root/docker_tello_ros2/tello_ws/install/_local_setup_util_ps1.py'
[2.488s] INFO:colcon.colcon_core.shell:Creating prefix chain script '/root/docker_tello_ros2/tello_ws/install/setup.ps1'
[2.491s] INFO:colcon.colcon_core.shell:Creating prefix script '/root/docker_tello_ros2/tello_ws/install/local_setup.sh'
[2.494s] INFO:colcon.colcon_core.shell:Creating prefix util module '/root/docker_tello_ros2/tello_ws/install/_local_setup_util_sh.py'
[2.495s] INFO:colcon.colcon_core.shell:Creating prefix chain script '/root/docker_tello_ros2/tello_ws/install/setup.sh'
[2.498s] INFO:colcon.colcon_core.shell:Creating prefix script '/root/docker_tello_ros2/tello_ws/install/local_setup.bash'
[2.501s] INFO:colcon.colcon_core.shell:Creating prefix chain script '/root/docker_tello_ros2/tello_ws/install/setup.bash'
[2.504s] INFO:colcon.colcon_core.shell:Creating prefix script '/root/docker_tello_ros2/tello_ws/install/local_setup.zsh'
[2.506s] INFO:colcon.colcon_core.shell:Creating prefix chain script '/root/docker_tello_ros2/tello_ws/install/setup.zsh'
